#
# There is insufficient memory for the Java Runtime Environment to continue.
# Native memory allocation (malloc) failed to allocate 1409616 bytes for Chunk::new
# Possible reasons:
#   The system is out of physical RAM or swap space
#   The process is running with CompressedOops enabled, and the Java Heap may be blocking the growth of the native heap
# Possible solutions:
#   Reduce memory load on the system
#   Increase physical memory or swap space
#   Check if swap backing store is full
#   Decrease Java heap size (-Xmx/-Xms)
#   Decrease number of Java threads
#   Decrease Java thread stack sizes (-Xss)
#   Set larger code cache with -XX:ReservedCodeCacheSize=
#   JVM is running with Unscaled Compressed Oops mode in which the Java heap is
#     placed in the first 4GB address space. The Java Heap base address is the
#     maximum limit for the native heap growth. Please use -XX:HeapBaseMinAddress
#     to set the Java Heap base and to place the Java Heap above 4GB virtual address.
# This output file may be truncated or incomplete.
#
#  Out of Memory Error (arena.cpp:189), pid=7536, tid=26508
#
# JRE version: Java(TM) SE Runtime Environment (17.0.11+7) (build 17.0.11+7-LTS-207)
# Java VM: Java HotSpot(TM) 64-Bit Server VM (17.0.11+7-LTS-207, mixed mode, sharing, tiered, compressed oops, compressed class ptrs, g1 gc, windows-amd64)
# No core dump will be written. Minidumps are not enabled by default on client versions of Windows
#

---------------  S U M M A R Y ------------

Command Line: --add-opens=java.base/java.util=ALL-UNNAMED --add-opens=java.base/java.lang=ALL-UNNAMED --add-opens=java.base/java.lang.invoke=ALL-UNNAMED --add-opens=java.prefs/java.util.prefs=ALL-UNNAMED --add-exports=jdk.compiler/com.sun.tools.javac.api=ALL-UNNAMED --add-exports=jdk.compiler/com.sun.tools.javac.util=ALL-UNNAMED --add-opens=java.base/java.nio.charset=ALL-UNNAMED --add-opens=java.base/java.net=ALL-UNNAMED --add-opens=java.base/java.util.concurrent.atomic=ALL-UNNAMED -XX:MaxMetaspaceSize=384m -XX:+HeapDumpOnOutOfMemoryError -Xms256m -Xmx512m -Dfile.encoding=UTF-8 -Duser.country=KR -Duser.language=ko -Duser.variant -javaagent:C:\Users\ICT01-21\.gradle\wrapper\dists\gradle-8.10.1-bin\e90i968nv55tch01zkse4avv3\gradle-8.10.1\lib\agents\gradle-instrumentation-agent-8.10.1.jar org.gradle.launcher.daemon.bootstrap.GradleDaemon 8.10.1

Host: 13th Gen Intel(R) Core(TM) i7-13700, 24 cores, 15G,  Windows 11 , 64 bit Build 22621 (10.0.22621.3672)
Time: Mon Sep 30 17:03:18 2024  Windows 11 , 64 bit Build 22621 (10.0.22621.3672) elapsed time: 3.764084 seconds (0d 0h 0m 3s)

---------------  T H R E A D  ---------------

Current thread (0x0000024575016570):  JavaThread "C2 CompilerThread0" daemon [_thread_in_native, id=26508, stack(0x0000004d1c600000,0x0000004d1c700000)]


Current CompileTask:
C2:   3764 6565 %     4       org.gradle.internal.instantiation.generator.AbstractClassGenerator::inspectType @ 77 (560 bytes)

Stack: [0x0000004d1c600000,0x0000004d1c700000]
Native frames: (J=compiled Java code, j=interpreted, Vv=VM code, C=native code)
V  [jvm.dll+0x679cca]
V  [jvm.dll+0x7da13d]
V  [jvm.dll+0x7dba83]
V  [jvm.dll+0x7dc0f3]
V  [jvm.dll+0x2449af]
V  [jvm.dll+0xab83b]
V  [jvm.dll+0xabe1c]
V  [jvm.dll+0x36155f]
V  [jvm.dll+0x32bd61]
V  [jvm.dll+0x32b1fa]
V  [jvm.dll+0x2161df]
V  [jvm.dll+0x21560f]
V  [jvm.dll+0x1a2040]
V  [jvm.dll+0x225a2b]
V  [jvm.dll+0x223bcb]
V  [jvm.dll+0x7903ec]
V  [jvm.dll+0x78a85a]
V  [jvm.dll+0x678bb5]
C  [ucrtbase.dll+0x29333]
C  [KERNEL32.DLL+0x1257d]
C  [ntdll.dll+0x5af28]


---------------  P R O C E S S  ---------------

Threads class SMR info:
_java_thread_list=0x000002457d989ce0, length=125, elements={
0x0000024554de7920, 0x0000024570c98c90, 0x0000024570c99760, 0x0000024575011910,
0x0000024575011df0, 0x00000245750127c0, 0x00000245750158c0, 0x0000024575016570,
0x0000024575016f30, 0x0000024575017840, 0x00000245750d2e30, 0x0000024570c82c30,
0x0000024575159bd0, 0x000002457517e050, 0x00000245752dfca0, 0x000002457543a640,
0x00000245753cd7b0, 0x0000024575515a20, 0x00000245755164c0, 0x0000024576a59440,
0x0000024575fde5a0, 0x00000245775ece70, 0x00000245758a9a30, 0x00000245772a8bb0,
0x0000024576bc86c0, 0x0000024576bcaa30, 0x0000024576bc7790, 0x0000024576bc7280,
0x0000024576bc7ca0, 0x0000024576bc81b0, 0x0000024576bca520, 0x0000024576bc8bd0,
0x0000024576bc90e0, 0x0000024576bc95f0, 0x0000024576bc9b00, 0x0000024576bca010,
0x0000024579422de0, 0x000002457941f630, 0x0000024579420560, 0x0000024579420f80,
0x0000024579420050, 0x000002457941c8a0, 0x0000024575516f60, 0x00000245755174b0,
0x000002457941d7d0, 0x0000024579421490, 0x000002457941fb40, 0x000002457941b970,
0x000002457941d2c0, 0x00000245794223c0, 0x000002457941c390, 0x0000024579421eb0,
0x000002457941dce0, 0x000002457941ec10, 0x00000245794228d0, 0x000002457941cdb0,
0x000002457941e1f0, 0x000002457941e700, 0x000002457941be80, 0x000002457941f120,
0x000002457789e5e0, 0x000002457789a920, 0x000002457789ae30, 0x000002457789b850,
0x000002457789dbc0, 0x000002457789e0d0, 0x000002457789eaf0, 0x000002457789cc90,
0x000002457789b340, 0x000002457789bd60, 0x0000024577899f00, 0x000002457789c270,
0x000002457789f000, 0x000002457789fa20, 0x000002457789f510, 0x000002457789c780,
0x0000024577898fd0, 0x000002457789ff30, 0x00000245778a0440, 0x00000245778994e0,
0x00000245778a0950, 0x00000245778999f0, 0x000002457789d1a0, 0x000002457789d6b0,
0x000002457789a410, 0x000002457b0e28e0, 0x000002457b0e4230, 0x000002457b0e2df0,
0x000002457b0e23d0, 0x000002457b0e3810, 0x000002457b0e65a0, 0x000002457b0e4740,
0x000002457b0e5b80, 0x000002457b0e6ab0, 0x000002457b0e4c50, 0x000002457b0e6090,
0x000002457b0e3d20, 0x000002457b0e74d0, 0x000002457b0e5160, 0x000002457b0e5670,
0x000002457b0e0060, 0x000002457b0e6fc0, 0x000002457b0e19b0, 0x000002457b0e79e0,
0x000002457b0e0570, 0x000002457b0e0f90, 0x000002457b0e0a80, 0x000002457b0e14a0,
0x000002457b0e1ec0, 0x000002457b0e3300, 0x000002457d8457c0, 0x000002457d847110,
0x000002457d844da0, 0x000002457d84b2e0, 0x000002457d84add0, 0x000002457d8466f0,
0x000002457d844380, 0x000002457d84a8c0, 0x000002457d84a3b0, 0x000002457d845cd0,
0x000002457d848040, 0x000002457d848f70, 0x000002457d846c00, 0x000002457d847620,
0x000002457d843e70
}

Java Threads: ( => current thread )
  0x0000024554de7920 JavaThread "main" [_thread_blocked, id=23048, stack(0x0000004d1b900000,0x0000004d1ba00000)]
  0x0000024570c98c90 JavaThread "Reference Handler" daemon [_thread_blocked, id=24180, stack(0x0000004d1c000000,0x0000004d1c100000)]
  0x0000024570c99760 JavaThread "Finalizer" daemon [_thread_blocked, id=7308, stack(0x0000004d1c100000,0x0000004d1c200000)]
  0x0000024575011910 JavaThread "Signal Dispatcher" daemon [_thread_blocked, id=13532, stack(0x0000004d1c200000,0x0000004d1c300000)]
  0x0000024575011df0 JavaThread "Attach Listener" daemon [_thread_blocked, id=6664, stack(0x0000004d1c300000,0x0000004d1c400000)]
  0x00000245750127c0 JavaThread "Service Thread" daemon [_thread_blocked, id=6828, stack(0x0000004d1c400000,0x0000004d1c500000)]
  0x00000245750158c0 JavaThread "Monitor Deflation Thread" daemon [_thread_blocked, id=7048, stack(0x0000004d1c500000,0x0000004d1c600000)]
=>0x0000024575016570 JavaThread "C2 CompilerThread0" daemon [_thread_in_native, id=26508, stack(0x0000004d1c600000,0x0000004d1c700000)]
  0x0000024575016f30 JavaThread "C1 CompilerThread0" daemon [_thread_blocked, id=2260, stack(0x0000004d1c700000,0x0000004d1c800000)]
  0x0000024575017840 JavaThread "Sweeper thread" daemon [_thread_blocked, id=22876, stack(0x0000004d1c800000,0x0000004d1c900000)]
  0x00000245750d2e30 JavaThread "C1 CompilerThread1" daemon [_thread_blocked, id=9104, stack(0x0000004d1c900000,0x0000004d1ca00000)]
  0x0000024570c82c30 JavaThread "Common-Cleaner" daemon [_thread_blocked, id=25092, stack(0x0000004d1ca00000,0x0000004d1cb00000)]
  0x0000024575159bd0 JavaThread "C2 CompilerThread1" daemon [_thread_blocked, id=23624, stack(0x0000004d1cb00000,0x0000004d1cc00000)]
  0x000002457517e050 JavaThread "Notification Thread" daemon [_thread_blocked, id=6116, stack(0x0000004d1cc00000,0x0000004d1cd00000)]
  0x00000245752dfca0 JavaThread "C2 CompilerThread2" daemon [_thread_blocked, id=18796, stack(0x0000004d1ce00000,0x0000004d1cf00000)]
  0x000002457543a640 JavaThread "C2 CompilerThread3" daemon [_thread_blocked, id=26576, stack(0x0000004d1cf00000,0x0000004d1d000000)]
  0x00000245753cd7b0 JavaThread "C2 CompilerThread4" daemon [_thread_blocked, id=19824, stack(0x0000004d1d000000,0x0000004d1d100000)]
  0x0000024575515a20 JavaThread "C1 CompilerThread2" daemon [_thread_blocked, id=13196, stack(0x0000004d1d600000,0x0000004d1d700000)]
  0x00000245755164c0 JavaThread "C1 CompilerThread3" daemon [_thread_blocked, id=18780, stack(0x0000004d1d700000,0x0000004d1d800000)]
  0x0000024576a59440 JavaThread "Daemon health stats" [_thread_blocked, id=6456, stack(0x0000004d1d800000,0x0000004d1d900000)]
  0x0000024575fde5a0 JavaThread "Incoming local TCP Connector on port 60797" [_thread_in_native, id=19024, stack(0x0000004d1dc00000,0x0000004d1dd00000)]
  0x00000245775ece70 JavaThread "Daemon periodic checks" [_thread_blocked, id=4728, stack(0x0000004d1dd00000,0x0000004d1de00000)]
  0x00000245758a9a30 JavaThread "Daemon" [_thread_blocked, id=6636, stack(0x0000004d1de00000,0x0000004d1df00000)]
  0x00000245772a8bb0 JavaThread "Handler for socket connection from /127.0.0.1:60797 to /127.0.0.1:60798" [_thread_in_native, id=21208, stack(0x0000004d1df00000,0x0000004d1e000000)]
  0x0000024576bc86c0 JavaThread "Cancel handler" [_thread_blocked, id=21668, stack(0x0000004d1e000000,0x0000004d1e100000)]
  0x0000024576bcaa30 JavaThread "Daemon worker" [_thread_blocked, id=1812, stack(0x0000004d1e100000,0x0000004d1e200000)]
  0x0000024576bc7790 JavaThread "Asynchronous log dispatcher for DefaultDaemonConnection: socket connection from /127.0.0.1:60797 to /127.0.0.1:60798" [_thread_blocked, id=22972, stack(0x0000004d1e200000,0x0000004d1e300000)]
  0x0000024576bc7280 JavaThread "Stdin handler" [_thread_blocked, id=3920, stack(0x0000004d1e300000,0x0000004d1e400000)]
  0x0000024576bc7ca0 JavaThread "Daemon client event forwarder" [_thread_blocked, id=16808, stack(0x0000004d1e400000,0x0000004d1e500000)]
  0x0000024576bc81b0 JavaThread "Cache worker for journal cache (C:\Users\ICT01-21\.gradle\caches\journal-1)" [_thread_blocked, id=14388, stack(0x0000004d1e500000,0x0000004d1e600000)]
  0x0000024576bca520 JavaThread "File lock request listener" [_thread_in_native, id=21796, stack(0x0000004d1e600000,0x0000004d1e700000)]
  0x0000024576bc8bd0 JavaThread "Cache worker for file hash cache (C:\Users\ICT01-21\.gradle\caches\8.10.1\fileHashes)" [_thread_blocked, id=18900, stack(0x0000004d1e700000,0x0000004d1e800000)]
  0x0000024576bc90e0 JavaThread "Cache worker for file hash cache (C:\Users\ICT01-21\Desktop\JWTtest\.gradle\8.10.1\fileHashes)" [_thread_blocked, id=26348, stack(0x0000004d1e800000,0x0000004d1e900000)]
  0x0000024576bc95f0 JavaThread "Cache worker for Build Output Cleanup Cache (C:\Users\ICT01-21\Desktop\JWTtest\.gradle\buildOutputCleanup)" [_thread_blocked, id=14944, stack(0x0000004d1e900000,0x0000004d1ea00000)]
  0x0000024576bc9b00 JavaThread "File watcher server" daemon [_thread_in_native, id=14556, stack(0x0000004d1f700000,0x0000004d1f800000)]
  0x0000024576bca010 JavaThread "File watcher consumer" daemon [_thread_blocked, id=20688, stack(0x0000004d1f800000,0x0000004d1f900000)]
  0x0000024579422de0 JavaThread "Cache worker for checksums cache (C:\Users\ICT01-21\Desktop\JWTtest\.gradle\8.10.1\checksums)" [_thread_blocked, id=5744, stack(0x0000004d1f900000,0x0000004d1fa00000)]
  0x000002457941f630 JavaThread "Cache worker for file content cache (C:\Users\ICT01-21\.gradle\caches\8.10.1\fileContent)" [_thread_blocked, id=8296, stack(0x0000004d1fa00000,0x0000004d1fb00000)]
  0x0000024579420560 JavaThread "Cache worker for cache directory md-rule (C:\Users\ICT01-21\.gradle\caches\8.10.1\md-rule)" [_thread_blocked, id=19000, stack(0x0000004d1fb00000,0x0000004d1fc00000)]
  0x0000024579420f80 JavaThread "Cache worker for cache directory md-supplier (C:\Users\ICT01-21\.gradle\caches\8.10.1\md-supplier)" [_thread_blocked, id=26512, stack(0x0000004d1fc00000,0x0000004d1fd00000)]
  0x0000024579420050 JavaThread "jar transforms" [_thread_blocked, id=16440, stack(0x0000004d1fd00000,0x0000004d1fe00000)]
  0x000002457941c8a0 JavaThread "jar transforms Thread 2" [_thread_blocked, id=19308, stack(0x0000004d1fe00000,0x0000004d1ff00000)]
  0x0000024575516f60 JavaThread "C2 CompilerThread5" daemon [_thread_blocked, id=7548, stack(0x0000004d1ff00000,0x0000004d20000000)]
  0x00000245755174b0 JavaThread "C2 CompilerThread6" daemon [_thread_in_native, id=26008, stack(0x0000004d20000000,0x0000004d20100000)]
  0x000002457941d7d0 JavaThread "jar transforms Thread 3" [_thread_blocked, id=12856, stack(0x0000004d20100000,0x0000004d20200000)]
  0x0000024579421490 JavaThread "jar transforms Thread 4" [_thread_blocked, id=12888, stack(0x0000004d20200000,0x0000004d20300000)]
  0x000002457941fb40 JavaThread "jar transforms Thread 5" [_thread_blocked, id=25880, stack(0x0000004d20300000,0x0000004d20400000)]
  0x000002457941b970 JavaThread "jar transforms Thread 6" [_thread_blocked, id=22884, stack(0x0000004d20400000,0x0000004d20500000)]
  0x000002457941d2c0 JavaThread "jar transforms Thread 7" [_thread_blocked, id=24592, stack(0x0000004d20500000,0x0000004d20600000)]
  0x00000245794223c0 JavaThread "jar transforms Thread 8" [_thread_blocked, id=25196, stack(0x0000004d20600000,0x0000004d20700000)]
  0x000002457941c390 JavaThread "jar transforms Thread 9" [_thread_blocked, id=17620, stack(0x0000004d20700000,0x0000004d20800000)]
  0x0000024579421eb0 JavaThread "Unconstrained build operations" [_thread_blocked, id=7700, stack(0x0000004d20800000,0x0000004d20900000)]
  0x000002457941dce0 JavaThread "Unconstrained build operations Thread 2" [_thread_blocked, id=2644, stack(0x0000004d20900000,0x0000004d20a00000)]
  0x000002457941ec10 JavaThread "Unconstrained build operations Thread 3" [_thread_blocked, id=23936, stack(0x0000004d20a00000,0x0000004d20b00000)]
  0x00000245794228d0 JavaThread "Unconstrained build operations Thread 4" [_thread_blocked, id=19524, stack(0x0000004d20b00000,0x0000004d20c00000)]
  0x000002457941cdb0 JavaThread "Unconstrained build operations Thread 5" [_thread_blocked, id=14784, stack(0x0000004d20c00000,0x0000004d20d00000)]
  0x000002457941e1f0 JavaThread "Unconstrained build operations Thread 6" [_thread_blocked, id=21640, stack(0x0000004d20d00000,0x0000004d20e00000)]
  0x000002457941e700 JavaThread "Unconstrained build operations Thread 7" [_thread_blocked, id=14376, stack(0x0000004d20e00000,0x0000004d20f00000)]
  0x000002457941be80 JavaThread "Unconstrained build operations Thread 8" [_thread_blocked, id=16704, stack(0x0000004d20f00000,0x0000004d21000000)]
  0x000002457941f120 JavaThread "Unconstrained build operations Thread 9" [_thread_blocked, id=22388, stack(0x0000004d21000000,0x0000004d21100000)]
  0x000002457789e5e0 JavaThread "Unconstrained build operations Thread 10" [_thread_blocked, id=12768, stack(0x0000004d21100000,0x0000004d21200000)]
  0x000002457789a920 JavaThread "Unconstrained build operations Thread 11" [_thread_blocked, id=6452, stack(0x0000004d21200000,0x0000004d21300000)]
  0x000002457789ae30 JavaThread "Unconstrained build operations Thread 12" [_thread_blocked, id=13132, stack(0x0000004d21300000,0x0000004d21400000)]
  0x000002457789b850 JavaThread "Unconstrained build operations Thread 13" [_thread_blocked, id=8848, stack(0x0000004d21400000,0x0000004d21500000)]
  0x000002457789dbc0 JavaThread "Unconstrained build operations Thread 14" [_thread_blocked, id=7124, stack(0x0000004d21500000,0x0000004d21600000)]
  0x000002457789e0d0 JavaThread "Unconstrained build operations Thread 15" [_thread_blocked, id=10812, stack(0x0000004d21600000,0x0000004d21700000)]
  0x000002457789eaf0 JavaThread "Unconstrained build operations Thread 16" [_thread_blocked, id=8892, stack(0x0000004d21700000,0x0000004d21800000)]
  0x000002457789cc90 JavaThread "Unconstrained build operations Thread 17" [_thread_blocked, id=23324, stack(0x0000004d21800000,0x0000004d21900000)]
  0x000002457789b340 JavaThread "Unconstrained build operations Thread 18" [_thread_blocked, id=20840, stack(0x0000004d21900000,0x0000004d21a00000)]
  0x000002457789bd60 JavaThread "Unconstrained build operations Thread 19" [_thread_blocked, id=9848, stack(0x0000004d21a00000,0x0000004d21b00000)]
  0x0000024577899f00 JavaThread "Unconstrained build operations Thread 20" [_thread_blocked, id=19476, stack(0x0000004d21b00000,0x0000004d21c00000)]
  0x000002457789c270 JavaThread "Unconstrained build operations Thread 21" [_thread_blocked, id=16552, stack(0x0000004d21c00000,0x0000004d21d00000)]
  0x000002457789f000 JavaThread "Unconstrained build operations Thread 22" [_thread_blocked, id=5364, stack(0x0000004d21d00000,0x0000004d21e00000)]
  0x000002457789fa20 JavaThread "Unconstrained build operations Thread 23" [_thread_blocked, id=18544, stack(0x0000004d21e00000,0x0000004d21f00000)]
  0x000002457789f510 JavaThread "Unconstrained build operations Thread 24" [_thread_blocked, id=16844, stack(0x0000004d21f00000,0x0000004d22000000)]
  0x000002457789c780 JavaThread "Unconstrained build operations Thread 25" [_thread_blocked, id=9052, stack(0x0000004d22000000,0x0000004d22100000)]
  0x0000024577898fd0 JavaThread "Unconstrained build operations Thread 26" [_thread_blocked, id=12908, stack(0x0000004d22100000,0x0000004d22200000)]
  0x000002457789ff30 JavaThread "Unconstrained build operations Thread 27" [_thread_blocked, id=4180, stack(0x0000004d22200000,0x0000004d22300000)]
  0x00000245778a0440 JavaThread "Unconstrained build operations Thread 28" [_thread_blocked, id=26112, stack(0x0000004d22300000,0x0000004d22400000)]
  0x00000245778994e0 JavaThread "Unconstrained build operations Thread 29" [_thread_blocked, id=25720, stack(0x0000004d22400000,0x0000004d22500000)]
  0x00000245778a0950 JavaThread "Unconstrained build operations Thread 30" [_thread_blocked, id=15844, stack(0x0000004d22500000,0x0000004d22600000)]
  0x00000245778999f0 JavaThread "Unconstrained build operations Thread 31" [_thread_blocked, id=19936, stack(0x0000004d22600000,0x0000004d22700000)]
  0x000002457789d1a0 JavaThread "Unconstrained build operations Thread 32" [_thread_blocked, id=6732, stack(0x0000004d22700000,0x0000004d22800000)]
  0x000002457789d6b0 JavaThread "Unconstrained build operations Thread 33" [_thread_blocked, id=4880, stack(0x0000004d22800000,0x0000004d22900000)]
  0x000002457789a410 JavaThread "Unconstrained build operations Thread 34" [_thread_blocked, id=19748, stack(0x0000004d22900000,0x0000004d22a00000)]
  0x000002457b0e28e0 JavaThread "Unconstrained build operations Thread 35" [_thread_blocked, id=16776, stack(0x0000004d22a00000,0x0000004d22b00000)]
  0x000002457b0e4230 JavaThread "Unconstrained build operations Thread 36" [_thread_blocked, id=16888, stack(0x0000004d22b00000,0x0000004d22c00000)]
  0x000002457b0e2df0 JavaThread "Unconstrained build operations Thread 37" [_thread_blocked, id=15560, stack(0x0000004d22c00000,0x0000004d22d00000)]
  0x000002457b0e23d0 JavaThread "Unconstrained build operations Thread 38" [_thread_blocked, id=11516, stack(0x0000004d22d00000,0x0000004d22e00000)]
  0x000002457b0e3810 JavaThread "Unconstrained build operations Thread 39" [_thread_blocked, id=23480, stack(0x0000004d22e00000,0x0000004d22f00000)]
  0x000002457b0e65a0 JavaThread "Unconstrained build operations Thread 40" [_thread_blocked, id=3640, stack(0x0000004d22f00000,0x0000004d23000000)]
  0x000002457b0e4740 JavaThread "Unconstrained build operations Thread 41" [_thread_blocked, id=21260, stack(0x0000004d23000000,0x0000004d23100000)]
  0x000002457b0e5b80 JavaThread "Unconstrained build operations Thread 42" [_thread_blocked, id=9816, stack(0x0000004d23100000,0x0000004d23200000)]
  0x000002457b0e6ab0 JavaThread "Unconstrained build operations Thread 43" [_thread_blocked, id=17320, stack(0x0000004d23200000,0x0000004d23300000)]
  0x000002457b0e4c50 JavaThread "Unconstrained build operations Thread 44" [_thread_blocked, id=2248, stack(0x0000004d23300000,0x0000004d23400000)]
  0x000002457b0e6090 JavaThread "Unconstrained build operations Thread 45" [_thread_blocked, id=6768, stack(0x0000004d23400000,0x0000004d23500000)]
  0x000002457b0e3d20 JavaThread "Unconstrained build operations Thread 46" [_thread_blocked, id=9636, stack(0x0000004d23500000,0x0000004d23600000)]
  0x000002457b0e74d0 JavaThread "Unconstrained build operations Thread 47" [_thread_blocked, id=15452, stack(0x0000004d23600000,0x0000004d23700000)]
  0x000002457b0e5160 JavaThread "Unconstrained build operations Thread 48" [_thread_blocked, id=8244, stack(0x0000004d23700000,0x0000004d23800000)]
  0x000002457b0e5670 JavaThread "Unconstrained build operations Thread 49" [_thread_blocked, id=8040, stack(0x0000004d23800000,0x0000004d23900000)]
  0x000002457b0e0060 JavaThread "Unconstrained build operations Thread 50" [_thread_blocked, id=9188, stack(0x0000004d23900000,0x0000004d23a00000)]
  0x000002457b0e6fc0 JavaThread "Unconstrained build operations Thread 51" [_thread_blocked, id=19948, stack(0x0000004d23a00000,0x0000004d23b00000)]
  0x000002457b0e19b0 JavaThread "Unconstrained build operations Thread 52" [_thread_blocked, id=17040, stack(0x0000004d23b00000,0x0000004d23c00000)]
  0x000002457b0e79e0 JavaThread "Unconstrained build operations Thread 53" [_thread_blocked, id=26620, stack(0x0000004d23c00000,0x0000004d23d00000)]
  0x000002457b0e0570 JavaThread "Unconstrained build operations Thread 54" [_thread_blocked, id=22220, stack(0x0000004d23d00000,0x0000004d23e00000)]
  0x000002457b0e0f90 JavaThread "Unconstrained build operations Thread 55" [_thread_blocked, id=3308, stack(0x0000004d23e00000,0x0000004d23f00000)]
  0x000002457b0e0a80 JavaThread "Unconstrained build operations Thread 56" [_thread_blocked, id=3424, stack(0x0000004d23f00000,0x0000004d24000000)]
  0x000002457b0e14a0 JavaThread "Unconstrained build operations Thread 57" [_thread_blocked, id=12040, stack(0x0000004d24000000,0x0000004d24100000)]
  0x000002457b0e1ec0 JavaThread "Unconstrained build operations Thread 58" [_thread_blocked, id=16356, stack(0x0000004d24100000,0x0000004d24200000)]
  0x000002457b0e3300 JavaThread "Unconstrained build operations Thread 59" [_thread_blocked, id=25852, stack(0x0000004d24200000,0x0000004d24300000)]
  0x000002457d8457c0 JavaThread "Memory manager" [_thread_blocked, id=22828, stack(0x0000004d24300000,0x0000004d24400000)]
  0x000002457d847110 JavaThread "jar transforms Thread 10" [_thread_blocked, id=23692, stack(0x0000004d24400000,0x0000004d24500000)]
  0x000002457d844da0 JavaThread "ForkJoinPool.commonPool-worker-1" daemon [_thread_blocked, id=10184, stack(0x0000004d24500000,0x0000004d24600000)]
  0x000002457d84b2e0 JavaThread "ForkJoinPool.commonPool-worker-2" daemon [_thread_blocked, id=18784, stack(0x0000004d24600000,0x0000004d24700000)]
  0x000002457d84add0 JavaThread "ForkJoinPool.commonPool-worker-3" daemon [_thread_blocked, id=19260, stack(0x0000004d24700000,0x0000004d24800000)]
  0x000002457d8466f0 JavaThread "ForkJoinPool.commonPool-worker-4" daemon [_thread_blocked, id=17776, stack(0x0000004d24800000,0x0000004d24900000)]
  0x000002457d844380 JavaThread "ForkJoinPool.commonPool-worker-5" daemon [_thread_blocked, id=10324, stack(0x0000004d24900000,0x0000004d24a00000)]
  0x000002457d84a8c0 JavaThread "ForkJoinPool.commonPool-worker-6" daemon [_thread_blocked, id=6056, stack(0x0000004d24a00000,0x0000004d24b00000)]
  0x000002457d84a3b0 JavaThread "ForkJoinPool.commonPool-worker-7" daemon [_thread_blocked, id=25468, stack(0x0000004d24b00000,0x0000004d24c00000)]
  0x000002457d845cd0 JavaThread "ForkJoinPool.commonPool-worker-8" daemon [_thread_blocked, id=6712, stack(0x0000004d24c00000,0x0000004d24d00000)]
  0x000002457d848040 JavaThread "ForkJoinPool.commonPool-worker-9" daemon [_thread_blocked, id=6472, stack(0x0000004d24d00000,0x0000004d24e00000)]
  0x000002457d848f70 JavaThread "ForkJoinPool.commonPool-worker-10" daemon [_thread_blocked, id=11572, stack(0x0000004d24e00000,0x0000004d24f00000)]
  0x000002457d846c00 JavaThread "Exec process" [_thread_in_native, id=19756, stack(0x0000004d24f00000,0x0000004d25000000)]
  0x000002457d847620 JavaThread "Exec process Thread 2" [_thread_in_native, id=16468, stack(0x0000004d25000000,0x0000004d25100000)]
  0x000002457d843e70 JavaThread "Exec process Thread 3" [_thread_in_native, id=23356, stack(0x0000004d25100000,0x0000004d25200000)]

Other Threads:
  0x0000024570c8e710 VMThread "VM Thread" [stack: 0x0000004d1bf00000,0x0000004d1c000000] [id=20408]
  0x0000024554e4ee10 WatcherThread [stack: 0x0000004d1cd00000,0x0000004d1ce00000] [id=15632]
  0x0000024554e17100 GCTaskThread "GC Thread#0" [stack: 0x0000004d1ba00000,0x0000004d1bb00000] [id=5308]
  0x0000024575d67bc0 GCTaskThread "GC Thread#1" [stack: 0x0000004d1d100000,0x0000004d1d200000] [id=24092]
  0x00000245753bc480 GCTaskThread "GC Thread#2" [stack: 0x0000004d1d200000,0x0000004d1d300000] [id=22284]
  0x00000245753bc740 GCTaskThread "GC Thread#3" [stack: 0x0000004d1d300000,0x0000004d1d400000] [id=23056]
  0x0000024575cb20a0 GCTaskThread "GC Thread#4" [stack: 0x0000004d1d400000,0x0000004d1d500000] [id=25352]
  0x0000024575cb2360 GCTaskThread "GC Thread#5" [stack: 0x0000004d1d500000,0x0000004d1d600000] [id=21160]
  0x0000024576beed30 GCTaskThread "GC Thread#6" [stack: 0x0000004d1d900000,0x0000004d1da00000] [id=8348]
  0x00000245770b1250 GCTaskThread "GC Thread#7" [stack: 0x0000004d1da00000,0x0000004d1db00000] [id=19788]
  0x00000245770b1510 GCTaskThread "GC Thread#8" [stack: 0x0000004d1db00000,0x0000004d1dc00000] [id=1432]
  0x0000024577b9c5b0 GCTaskThread "GC Thread#9" [stack: 0x0000004d1ea00000,0x0000004d1eb00000] [id=23756]
  0x0000024577b9afb0 GCTaskThread "GC Thread#10" [stack: 0x0000004d1eb00000,0x0000004d1ec00000] [id=1632]
  0x0000024577b9c2f0 GCTaskThread "GC Thread#11" [stack: 0x0000004d1ec00000,0x0000004d1ed00000] [id=8800]
  0x0000024577b9b7f0 GCTaskThread "GC Thread#12" [stack: 0x0000004d1ed00000,0x0000004d1ee00000] [id=17628]
  0x0000024577b9b530 GCTaskThread "GC Thread#13" [stack: 0x0000004d1ee00000,0x0000004d1ef00000] [id=19384]
  0x0000024577b9b270 GCTaskThread "GC Thread#14" [stack: 0x0000004d1ef00000,0x0000004d1f000000] [id=11512]
  0x0000024577b9c870 GCTaskThread "GC Thread#15" [stack: 0x0000004d1f000000,0x0000004d1f100000] [id=12380]
  0x0000024577b9acf0 GCTaskThread "GC Thread#16" [stack: 0x0000004d1f100000,0x0000004d1f200000] [id=10656]
  0x0000024577b9bab0 GCTaskThread "GC Thread#17" [stack: 0x0000004d1f200000,0x0000004d1f300000] [id=14432]
  0x0000024554e02cf0 ConcurrentGCThread "G1 Main Marker" [stack: 0x0000004d1bb00000,0x0000004d1bc00000] [id=9548]
  0x0000024554e1d3a0 ConcurrentGCThread "G1 Conc#0" [stack: 0x0000004d1bc00000,0x0000004d1bd00000] [id=21684]
  0x0000024577b9bd70 ConcurrentGCThread "G1 Conc#1" [stack: 0x0000004d1f300000,0x0000004d1f400000] [id=19676]
  0x000002457c026f40 ConcurrentGCThread "G1 Conc#2" [stack: 0x0000004d1f400000,0x0000004d1f500000] [id=2300]
  0x000002457c0274c0 ConcurrentGCThread "G1 Conc#3" [stack: 0x0000004d1f500000,0x0000004d1f600000] [id=25564]
  0x000002457c027200 ConcurrentGCThread "G1 Conc#4" [stack: 0x0000004d1f600000,0x0000004d1f700000] [id=7164]
  0x0000024570b542f0 ConcurrentGCThread "G1 Refine#0" [stack: 0x0000004d1bd00000,0x0000004d1be00000] [id=14584]
  0x0000024570b549d0 ConcurrentGCThread "G1 Service" [stack: 0x0000004d1be00000,0x0000004d1bf00000] [id=4380]

Threads with active compile tasks:
C2 CompilerThread0     3781 6565 %     4       org.gradle.internal.instantiation.generator.AbstractClassGenerator::inspectType @ 77 (560 bytes)
C2 CompilerThread6     3781 6571       4       org.gradle.internal.reflect.ClassInspector::inspectClass (179 bytes)

VM state: not at safepoint (normal execution)

VM Mutex/Monitor currently owned by a thread: None

Heap address: 0x00000000e0000000, size: 512 MB, Compressed Oops mode: 32-bit

CDS archive(s) mapped at: [0x0000024500000000-0x0000024500bd0000-0x0000024500bd0000), size 12386304, SharedBaseAddress: 0x0000024500000000, ArchiveRelocationMode: 1.
Compressed class space mapped at: 0x0000024501000000-0x0000024515000000, reserved size: 335544320
Narrow klass base: 0x0000024500000000, Narrow klass shift: 0, Narrow klass range: 0x100000000

GC Precious Log:
 CPUs: 24 total, 24 available
 Memory: 16060M
 Large Page Support: Disabled
 NUMA Support: Disabled
 Compressed Oops: Enabled (32-bit)
 Heap Region Size: 1M
 Heap Min Capacity: 256M
 Heap Initial Capacity: 256M
 Heap Max Capacity: 512M
 Pre-touch: Disabled
 Parallel Workers: 18
 Concurrent Workers: 5
 Concurrent Refinement Workers: 18
 Periodic GC: Disabled

Heap:
 garbage-first heap   total 262144K, used 85332K [0x00000000e0000000, 0x0000000100000000)
  region size 1024K, 61 young (62464K), 15 survivors (15360K)
 Metaspace       used 51239K, committed 51776K, reserved 393216K
  class space    used 7427K, committed 7680K, reserved 327680K

Heap Regions: E=young(eden), S=young(survivor), O=old, HS=humongous(starts), HC=humongous(continues), CS=collection set, F=free, OA=open archive, CA=closed archive, TAMS=top-at-mark-start (previous, next)
|   0|0x00000000e0000000, 0x00000000e0100000, 0x00000000e0100000|100%| O|  |TAMS 0x00000000e0100000, 0x00000000e0000000| Untracked 
|   1|0x00000000e0100000, 0x00000000e0200000, 0x00000000e0200000|100%| O|  |TAMS 0x00000000e0200000, 0x00000000e0100000| Untracked 
|   2|0x00000000e0200000, 0x00000000e0300000, 0x00000000e0300000|100%|HS|  |TAMS 0x00000000e0300000, 0x00000000e0200000| Complete 
|   3|0x00000000e0300000, 0x00000000e0400000, 0x00000000e0400000|100%|HC|  |TAMS 0x00000000e0400000, 0x00000000e0300000| Complete 
|   4|0x00000000e0400000, 0x00000000e0500000, 0x00000000e0500000|100%|HC|  |TAMS 0x00000000e0500000, 0x00000000e0400000| Complete 
|   5|0x00000000e0500000, 0x00000000e0600000, 0x00000000e0600000|100%|HC|  |TAMS 0x00000000e0600000, 0x00000000e0500000| Complete 
|   6|0x00000000e0600000, 0x00000000e0700000, 0x00000000e0700000|100%| O|  |TAMS 0x00000000e0700000, 0x00000000e0600000| Untracked 
|   7|0x00000000e0700000, 0x00000000e0800000, 0x00000000e0800000|100%| O|  |TAMS 0x00000000e0800000, 0x00000000e0700000| Untracked 
|   8|0x00000000e0800000, 0x00000000e0900000, 0x00000000e0900000|100%| O|  |TAMS 0x00000000e0900000, 0x00000000e0800000| Untracked 
|   9|0x00000000e0900000, 0x00000000e0a00000, 0x00000000e0a00000|100%|HS|  |TAMS 0x00000000e0a00000, 0x00000000e0900000| Complete 
|  10|0x00000000e0a00000, 0x00000000e0a00000, 0x00000000e0b00000|  0%| F|  |TAMS 0x00000000e0a00000, 0x00000000e0a00000| Untracked 
|  11|0x00000000e0b00000, 0x00000000e0c00000, 0x00000000e0c00000|100%| O|  |TAMS 0x00000000e0bd6400, 0x00000000e0b00000| Untracked 
|  12|0x00000000e0c00000, 0x00000000e0c00000, 0x00000000e0d00000|  0%| F|  |TAMS 0x00000000e0c00000, 0x00000000e0c00000| Untracked 
|  13|0x00000000e0d00000, 0x00000000e0e00000, 0x00000000e0e00000|100%| O|  |TAMS 0x00000000e0d00000, 0x00000000e0d00000| Untracked 
|  14|0x00000000e0e00000, 0x00000000e0f00000, 0x00000000e0f00000|100%| O|  |TAMS 0x00000000e0e00000, 0x00000000e0e00000| Untracked 
|  15|0x00000000e0f00000, 0x00000000e1000000, 0x00000000e1000000|100%| O|  |TAMS 0x00000000e0f00000, 0x00000000e0f00000| Untracked 
|  16|0x00000000e1000000, 0x00000000e1100000, 0x00000000e1100000|100%| O|  |TAMS 0x00000000e1000000, 0x00000000e1000000| Untracked 
|  17|0x00000000e1100000, 0x00000000e1200000, 0x00000000e1200000|100%| O|  |TAMS 0x00000000e1100000, 0x00000000e1100000| Untracked 
|  18|0x00000000e1200000, 0x00000000e1300000, 0x00000000e1300000|100%| O|  |TAMS 0x00000000e1200000, 0x00000000e1200000| Untracked 
|  19|0x00000000e1300000, 0x00000000e1400000, 0x00000000e1400000|100%| O|  |TAMS 0x00000000e1300000, 0x00000000e1300000| Untracked 
|  20|0x00000000e1400000, 0x00000000e1500000, 0x00000000e1500000|100%| O|  |TAMS 0x00000000e1400000, 0x00000000e1400000| Untracked 
|  21|0x00000000e1500000, 0x00000000e1600000, 0x00000000e1600000|100%| O|  |TAMS 0x00000000e1500000, 0x00000000e1500000| Untracked 
|  22|0x00000000e1600000, 0x00000000e1700000, 0x00000000e1700000|100%| O|  |TAMS 0x00000000e1600000, 0x00000000e1600000| Untracked 
|  23|0x00000000e1700000, 0x00000000e1800000, 0x00000000e1800000|100%| O|  |TAMS 0x00000000e1700000, 0x00000000e1700000| Untracked 
|  24|0x00000000e1800000, 0x00000000e1900000, 0x00000000e1900000|100%| O|  |TAMS 0x00000000e1800000, 0x00000000e1800000| Untracked 
|  25|0x00000000e1900000, 0x00000000e19e0000, 0x00000000e1a00000| 87%| O|  |TAMS 0x00000000e1900000, 0x00000000e1900000| Untracked 
|  26|0x00000000e1a00000, 0x00000000e1a00000, 0x00000000e1b00000|  0%| F|  |TAMS 0x00000000e1a00000, 0x00000000e1a00000| Untracked 
|  27|0x00000000e1b00000, 0x00000000e1b00000, 0x00000000e1c00000|  0%| F|  |TAMS 0x00000000e1b00000, 0x00000000e1b00000| Untracked 
|  28|0x00000000e1c00000, 0x00000000e1c00000, 0x00000000e1d00000|  0%| F|  |TAMS 0x00000000e1c00000, 0x00000000e1c00000| Untracked 
|  29|0x00000000e1d00000, 0x00000000e1d00000, 0x00000000e1e00000|  0%| F|  |TAMS 0x00000000e1d00000, 0x00000000e1d00000| Untracked 
|  30|0x00000000e1e00000, 0x00000000e1e00000, 0x00000000e1f00000|  0%| F|  |TAMS 0x00000000e1e00000, 0x00000000e1e00000| Untracked 
|  31|0x00000000e1f00000, 0x00000000e1f00000, 0x00000000e2000000|  0%| F|  |TAMS 0x00000000e1f00000, 0x00000000e1f00000| Untracked 
|  32|0x00000000e2000000, 0x00000000e2000000, 0x00000000e2100000|  0%| F|  |TAMS 0x00000000e2000000, 0x00000000e2000000| Untracked 
|  33|0x00000000e2100000, 0x00000000e2100000, 0x00000000e2200000|  0%| F|  |TAMS 0x00000000e2100000, 0x00000000e2100000| Untracked 
|  34|0x00000000e2200000, 0x00000000e2200000, 0x00000000e2300000|  0%| F|  |TAMS 0x00000000e2200000, 0x00000000e2200000| Untracked 
|  35|0x00000000e2300000, 0x00000000e2300000, 0x00000000e2400000|  0%| F|  |TAMS 0x00000000e2300000, 0x00000000e2300000| Untracked 
|  36|0x00000000e2400000, 0x00000000e2400000, 0x00000000e2500000|  0%| F|  |TAMS 0x00000000e2400000, 0x00000000e2400000| Untracked 
|  37|0x00000000e2500000, 0x00000000e2500000, 0x00000000e2600000|  0%| F|  |TAMS 0x00000000e2500000, 0x00000000e2500000| Untracked 
|  38|0x00000000e2600000, 0x00000000e2600000, 0x00000000e2700000|  0%| F|  |TAMS 0x00000000e2600000, 0x00000000e2600000| Untracked 
|  39|0x00000000e2700000, 0x00000000e2700000, 0x00000000e2800000|  0%| F|  |TAMS 0x00000000e2700000, 0x00000000e2700000| Untracked 
|  40|0x00000000e2800000, 0x00000000e2800000, 0x00000000e2900000|  0%| F|  |TAMS 0x00000000e2800000, 0x00000000e2800000| Untracked 
|  41|0x00000000e2900000, 0x00000000e2900000, 0x00000000e2a00000|  0%| F|  |TAMS 0x00000000e2900000, 0x00000000e2900000| Untracked 
|  42|0x00000000e2a00000, 0x00000000e2a00000, 0x00000000e2b00000|  0%| F|  |TAMS 0x00000000e2a00000, 0x00000000e2a00000| Untracked 
|  43|0x00000000e2b00000, 0x00000000e2b00000, 0x00000000e2c00000|  0%| F|  |TAMS 0x00000000e2b00000, 0x00000000e2b00000| Untracked 
|  44|0x00000000e2c00000, 0x00000000e2c00000, 0x00000000e2d00000|  0%| F|  |TAMS 0x00000000e2c00000, 0x00000000e2c00000| Untracked 
|  45|0x00000000e2d00000, 0x00000000e2d00000, 0x00000000e2e00000|  0%| F|  |TAMS 0x00000000e2d00000, 0x00000000e2d00000| Untracked 
|  46|0x00000000e2e00000, 0x00000000e2e00000, 0x00000000e2f00000|  0%| F|  |TAMS 0x00000000e2e00000, 0x00000000e2e00000| Untracked 
|  47|0x00000000e2f00000, 0x00000000e2f00000, 0x00000000e3000000|  0%| F|  |TAMS 0x00000000e2f00000, 0x00000000e2f00000| Untracked 
|  48|0x00000000e3000000, 0x00000000e3000000, 0x00000000e3100000|  0%| F|  |TAMS 0x00000000e3000000, 0x00000000e3000000| Untracked 
|  49|0x00000000e3100000, 0x00000000e3100000, 0x00000000e3200000|  0%| F|  |TAMS 0x00000000e3100000, 0x00000000e3100000| Untracked 
|  50|0x00000000e3200000, 0x00000000e3200000, 0x00000000e3300000|  0%| F|  |TAMS 0x00000000e3200000, 0x00000000e3200000| Untracked 
|  51|0x00000000e3300000, 0x00000000e3300000, 0x00000000e3400000|  0%| F|  |TAMS 0x00000000e3300000, 0x00000000e3300000| Untracked 
|  52|0x00000000e3400000, 0x00000000e3400000, 0x00000000e3500000|  0%| F|  |TAMS 0x00000000e3400000, 0x00000000e3400000| Untracked 
|  53|0x00000000e3500000, 0x00000000e3500000, 0x00000000e3600000|  0%| F|  |TAMS 0x00000000e3500000, 0x00000000e3500000| Untracked 
|  54|0x00000000e3600000, 0x00000000e3600000, 0x00000000e3700000|  0%| F|  |TAMS 0x00000000e3600000, 0x00000000e3600000| Untracked 
|  55|0x00000000e3700000, 0x00000000e3700000, 0x00000000e3800000|  0%| F|  |TAMS 0x00000000e3700000, 0x00000000e3700000| Untracked 
|  56|0x00000000e3800000, 0x00000000e3800000, 0x00000000e3900000|  0%| F|  |TAMS 0x00000000e3800000, 0x00000000e3800000| Untracked 
|  57|0x00000000e3900000, 0x00000000e3900000, 0x00000000e3a00000|  0%| F|  |TAMS 0x00000000e3900000, 0x00000000e3900000| Untracked 
|  58|0x00000000e3a00000, 0x00000000e3a00000, 0x00000000e3b00000|  0%| F|  |TAMS 0x00000000e3a00000, 0x00000000e3a00000| Untracked 
|  59|0x00000000e3b00000, 0x00000000e3b00000, 0x00000000e3c00000|  0%| F|  |TAMS 0x00000000e3b00000, 0x00000000e3b00000| Untracked 
|  60|0x00000000e3c00000, 0x00000000e3c00000, 0x00000000e3d00000|  0%| F|  |TAMS 0x00000000e3c00000, 0x00000000e3c00000| Untracked 
|  61|0x00000000e3d00000, 0x00000000e3d00000, 0x00000000e3e00000|  0%| F|  |TAMS 0x00000000e3d00000, 0x00000000e3d00000| Untracked 
|  62|0x00000000e3e00000, 0x00000000e3e00000, 0x00000000e3f00000|  0%| F|  |TAMS 0x00000000e3e00000, 0x00000000e3e00000| Untracked 
|  63|0x00000000e3f00000, 0x00000000e3f00000, 0x00000000e4000000|  0%| F|  |TAMS 0x00000000e3f00000, 0x00000000e3f00000| Untracked 
|  64|0x00000000e4000000, 0x00000000e4000000, 0x00000000e4100000|  0%| F|  |TAMS 0x00000000e4000000, 0x00000000e4000000| Untracked 
|  65|0x00000000e4100000, 0x00000000e4100000, 0x00000000e4200000|  0%| F|  |TAMS 0x00000000e4100000, 0x00000000e4100000| Untracked 
|  66|0x00000000e4200000, 0x00000000e4200000, 0x00000000e4300000|  0%| F|  |TAMS 0x00000000e4200000, 0x00000000e4200000| Untracked 
|  67|0x00000000e4300000, 0x00000000e4300000, 0x00000000e4400000|  0%| F|  |TAMS 0x00000000e4300000, 0x00000000e4300000| Untracked 
|  68|0x00000000e4400000, 0x00000000e4400000, 0x00000000e4500000|  0%| F|  |TAMS 0x00000000e4400000, 0x00000000e4400000| Untracked 
|  69|0x00000000e4500000, 0x00000000e4500000, 0x00000000e4600000|  0%| F|  |TAMS 0x00000000e4500000, 0x00000000e4500000| Untracked 
|  70|0x00000000e4600000, 0x00000000e4600000, 0x00000000e4700000|  0%| F|  |TAMS 0x00000000e4600000, 0x00000000e4600000| Untracked 
|  71|0x00000000e4700000, 0x00000000e4700000, 0x00000000e4800000|  0%| F|  |TAMS 0x00000000e4700000, 0x00000000e4700000| Untracked 
|  72|0x00000000e4800000, 0x00000000e4800000, 0x00000000e4900000|  0%| F|  |TAMS 0x00000000e4800000, 0x00000000e4800000| Untracked 
|  73|0x00000000e4900000, 0x00000000e4900000, 0x00000000e4a00000|  0%| F|  |TAMS 0x00000000e4900000, 0x00000000e4900000| Untracked 
|  74|0x00000000e4a00000, 0x00000000e4a00000, 0x00000000e4b00000|  0%| F|  |TAMS 0x00000000e4a00000, 0x00000000e4a00000| Untracked 
|  75|0x00000000e4b00000, 0x00000000e4b00000, 0x00000000e4c00000|  0%| F|  |TAMS 0x00000000e4b00000, 0x00000000e4b00000| Untracked 
|  76|0x00000000e4c00000, 0x00000000e4c00000, 0x00000000e4d00000|  0%| F|  |TAMS 0x00000000e4c00000, 0x00000000e4c00000| Untracked 
|  77|0x00000000e4d00000, 0x00000000e4d00000, 0x00000000e4e00000|  0%| F|  |TAMS 0x00000000e4d00000, 0x00000000e4d00000| Untracked 
|  78|0x00000000e4e00000, 0x00000000e4e00000, 0x00000000e4f00000|  0%| F|  |TAMS 0x00000000e4e00000, 0x00000000e4e00000| Untracked 
|  79|0x00000000e4f00000, 0x00000000e4f00000, 0x00000000e5000000|  0%| F|  |TAMS 0x00000000e4f00000, 0x00000000e4f00000| Untracked 
|  80|0x00000000e5000000, 0x00000000e5000000, 0x00000000e5100000|  0%| F|  |TAMS 0x00000000e5000000, 0x00000000e5000000| Untracked 
|  81|0x00000000e5100000, 0x00000000e5100000, 0x00000000e5200000|  0%| F|  |TAMS 0x00000000e5100000, 0x00000000e5100000| Untracked 
|  82|0x00000000e5200000, 0x00000000e5200000, 0x00000000e5300000|  0%| F|  |TAMS 0x00000000e5200000, 0x00000000e5200000| Untracked 
|  83|0x00000000e5300000, 0x00000000e5300000, 0x00000000e5400000|  0%| F|  |TAMS 0x00000000e5300000, 0x00000000e5300000| Untracked 
|  84|0x00000000e5400000, 0x00000000e5400000, 0x00000000e5500000|  0%| F|  |TAMS 0x00000000e5400000, 0x00000000e5400000| Untracked 
|  85|0x00000000e5500000, 0x00000000e5500000, 0x00000000e5600000|  0%| F|  |TAMS 0x00000000e5500000, 0x00000000e5500000| Untracked 
|  86|0x00000000e5600000, 0x00000000e5600000, 0x00000000e5700000|  0%| F|  |TAMS 0x00000000e5600000, 0x00000000e5600000| Untracked 
|  87|0x00000000e5700000, 0x00000000e5700000, 0x00000000e5800000|  0%| F|  |TAMS 0x00000000e5700000, 0x00000000e5700000| Untracked 
|  88|0x00000000e5800000, 0x00000000e5875348, 0x00000000e5900000| 45%| S|CS|TAMS 0x00000000e5800000, 0x00000000e5800000| Complete 
|  89|0x00000000e5900000, 0x00000000e5a00000, 0x00000000e5a00000|100%| S|CS|TAMS 0x00000000e5900000, 0x00000000e5900000| Complete 
|  90|0x00000000e5a00000, 0x00000000e5b00000, 0x00000000e5b00000|100%| S|CS|TAMS 0x00000000e5a00000, 0x00000000e5a00000| Complete 
|  91|0x00000000e5b00000, 0x00000000e5c00000, 0x00000000e5c00000|100%| S|CS|TAMS 0x00000000e5b00000, 0x00000000e5b00000| Complete 
|  92|0x00000000e5c00000, 0x00000000e5d00000, 0x00000000e5d00000|100%| S|CS|TAMS 0x00000000e5c00000, 0x00000000e5c00000| Complete 
|  93|0x00000000e5d00000, 0x00000000e5e00000, 0x00000000e5e00000|100%| S|CS|TAMS 0x00000000e5d00000, 0x00000000e5d00000| Complete 
|  94|0x00000000e5e00000, 0x00000000e5f00000, 0x00000000e5f00000|100%| S|CS|TAMS 0x00000000e5e00000, 0x00000000e5e00000| Complete 
|  95|0x00000000e5f00000, 0x00000000e6000000, 0x00000000e6000000|100%| S|CS|TAMS 0x00000000e5f00000, 0x00000000e5f00000| Complete 
|  96|0x00000000e6000000, 0x00000000e6100000, 0x00000000e6100000|100%| S|CS|TAMS 0x00000000e6000000, 0x00000000e6000000| Complete 
|  97|0x00000000e6100000, 0x00000000e6200000, 0x00000000e6200000|100%| S|CS|TAMS 0x00000000e6100000, 0x00000000e6100000| Complete 
|  98|0x00000000e6200000, 0x00000000e6300000, 0x00000000e6300000|100%| S|CS|TAMS 0x00000000e6200000, 0x00000000e6200000| Complete 
|  99|0x00000000e6300000, 0x00000000e6400000, 0x00000000e6400000|100%| S|CS|TAMS 0x00000000e6300000, 0x00000000e6300000| Complete 
| 100|0x00000000e6400000, 0x00000000e6500000, 0x00000000e6500000|100%| S|CS|TAMS 0x00000000e6400000, 0x00000000e6400000| Complete 
| 101|0x00000000e6500000, 0x00000000e6600000, 0x00000000e6600000|100%| S|CS|TAMS 0x00000000e6500000, 0x00000000e6500000| Complete 
| 102|0x00000000e6600000, 0x00000000e6700000, 0x00000000e6700000|100%| S|CS|TAMS 0x00000000e6600000, 0x00000000e6600000| Complete 
| 103|0x00000000e6700000, 0x00000000e6700000, 0x00000000e6800000|  0%| F|  |TAMS 0x00000000e6700000, 0x00000000e6700000| Untracked 
| 104|0x00000000e6800000, 0x00000000e6800000, 0x00000000e6900000|  0%| F|  |TAMS 0x00000000e6800000, 0x00000000e6800000| Untracked 
| 105|0x00000000e6900000, 0x00000000e6900000, 0x00000000e6a00000|  0%| F|  |TAMS 0x00000000e6900000, 0x00000000e6900000| Untracked 
| 106|0x00000000e6a00000, 0x00000000e6a00000, 0x00000000e6b00000|  0%| F|  |TAMS 0x00000000e6a00000, 0x00000000e6a00000| Untracked 
| 107|0x00000000e6b00000, 0x00000000e6b00000, 0x00000000e6c00000|  0%| F|  |TAMS 0x00000000e6b00000, 0x00000000e6b00000| Untracked 
| 108|0x00000000e6c00000, 0x00000000e6c00000, 0x00000000e6d00000|  0%| F|  |TAMS 0x00000000e6c00000, 0x00000000e6c00000| Untracked 
| 109|0x00000000e6d00000, 0x00000000e6d00000, 0x00000000e6e00000|  0%| F|  |TAMS 0x00000000e6d00000, 0x00000000e6d00000| Untracked 
| 110|0x00000000e6e00000, 0x00000000e6e00000, 0x00000000e6f00000|  0%| F|  |TAMS 0x00000000e6e00000, 0x00000000e6e00000| Untracked 
| 111|0x00000000e6f00000, 0x00000000e6f00000, 0x00000000e7000000|  0%| F|  |TAMS 0x00000000e6f00000, 0x00000000e6f00000| Untracked 
| 112|0x00000000e7000000, 0x00000000e7000000, 0x00000000e7100000|  0%| F|  |TAMS 0x00000000e7000000, 0x00000000e7000000| Untracked 
| 113|0x00000000e7100000, 0x00000000e7100000, 0x00000000e7200000|  0%| F|  |TAMS 0x00000000e7100000, 0x00000000e7100000| Untracked 
| 114|0x00000000e7200000, 0x00000000e7200000, 0x00000000e7300000|  0%| F|  |TAMS 0x00000000e7200000, 0x00000000e7200000| Untracked 
| 115|0x00000000e7300000, 0x00000000e7300000, 0x00000000e7400000|  0%| F|  |TAMS 0x00000000e7300000, 0x00000000e7300000| Untracked 
| 116|0x00000000e7400000, 0x00000000e7400000, 0x00000000e7500000|  0%| F|  |TAMS 0x00000000e7400000, 0x00000000e7400000| Untracked 
| 117|0x00000000e7500000, 0x00000000e7500000, 0x00000000e7600000|  0%| F|  |TAMS 0x00000000e7500000, 0x00000000e7500000| Untracked 
| 118|0x00000000e7600000, 0x00000000e7600000, 0x00000000e7700000|  0%| F|  |TAMS 0x00000000e7600000, 0x00000000e7600000| Untracked 
| 119|0x00000000e7700000, 0x00000000e7700000, 0x00000000e7800000|  0%| F|  |TAMS 0x00000000e7700000, 0x00000000e7700000| Untracked 
| 120|0x00000000e7800000, 0x00000000e7800000, 0x00000000e7900000|  0%| F|  |TAMS 0x00000000e7800000, 0x00000000e7800000| Untracked 
| 121|0x00000000e7900000, 0x00000000e7900000, 0x00000000e7a00000|  0%| F|  |TAMS 0x00000000e7900000, 0x00000000e7900000| Untracked 
| 122|0x00000000e7a00000, 0x00000000e7a00000, 0x00000000e7b00000|  0%| F|  |TAMS 0x00000000e7a00000, 0x00000000e7a00000| Untracked 
| 123|0x00000000e7b00000, 0x00000000e7b00000, 0x00000000e7c00000|  0%| F|  |TAMS 0x00000000e7b00000, 0x00000000e7b00000| Untracked 
| 124|0x00000000e7c00000, 0x00000000e7c00000, 0x00000000e7d00000|  0%| F|  |TAMS 0x00000000e7c00000, 0x00000000e7c00000| Untracked 
| 125|0x00000000e7d00000, 0x00000000e7d00000, 0x00000000e7e00000|  0%| F|  |TAMS 0x00000000e7d00000, 0x00000000e7d00000| Untracked 
| 126|0x00000000e7e00000, 0x00000000e7e00000, 0x00000000e7f00000|  0%| F|  |TAMS 0x00000000e7e00000, 0x00000000e7e00000| Untracked 
| 127|0x00000000e7f00000, 0x00000000e7f00000, 0x00000000e8000000|  0%| F|  |TAMS 0x00000000e7f00000, 0x00000000e7f00000| Untracked 
| 128|0x00000000e8000000, 0x00000000e8000000, 0x00000000e8100000|  0%| F|  |TAMS 0x00000000e8000000, 0x00000000e8000000| Untracked 
| 129|0x00000000e8100000, 0x00000000e8100000, 0x00000000e8200000|  0%| F|  |TAMS 0x00000000e8100000, 0x00000000e8100000| Untracked 
| 130|0x00000000e8200000, 0x00000000e8200000, 0x00000000e8300000|  0%| F|  |TAMS 0x00000000e8200000, 0x00000000e8200000| Untracked 
| 131|0x00000000e8300000, 0x00000000e8300000, 0x00000000e8400000|  0%| F|  |TAMS 0x00000000e8300000, 0x00000000e8300000| Untracked 
| 132|0x00000000e8400000, 0x00000000e8400000, 0x00000000e8500000|  0%| F|  |TAMS 0x00000000e8400000, 0x00000000e8400000| Untracked 
| 133|0x00000000e8500000, 0x00000000e8500000, 0x00000000e8600000|  0%| F|  |TAMS 0x00000000e8500000, 0x00000000e8500000| Untracked 
| 134|0x00000000e8600000, 0x00000000e8600000, 0x00000000e8700000|  0%| F|  |TAMS 0x00000000e8600000, 0x00000000e8600000| Untracked 
| 135|0x00000000e8700000, 0x00000000e8700000, 0x00000000e8800000|  0%| F|  |TAMS 0x00000000e8700000, 0x00000000e8700000| Untracked 
| 136|0x00000000e8800000, 0x00000000e8800000, 0x00000000e8900000|  0%| F|  |TAMS 0x00000000e8800000, 0x00000000e8800000| Untracked 
| 137|0x00000000e8900000, 0x00000000e8900000, 0x00000000e8a00000|  0%| F|  |TAMS 0x00000000e8900000, 0x00000000e8900000| Untracked 
| 138|0x00000000e8a00000, 0x00000000e8a00000, 0x00000000e8b00000|  0%| F|  |TAMS 0x00000000e8a00000, 0x00000000e8a00000| Untracked 
| 139|0x00000000e8b00000, 0x00000000e8b00000, 0x00000000e8c00000|  0%| F|  |TAMS 0x00000000e8b00000, 0x00000000e8b00000| Untracked 
| 140|0x00000000e8c00000, 0x00000000e8c00000, 0x00000000e8d00000|  0%| F|  |TAMS 0x00000000e8c00000, 0x00000000e8c00000| Untracked 
| 141|0x00000000e8d00000, 0x00000000e8d00000, 0x00000000e8e00000|  0%| F|  |TAMS 0x00000000e8d00000, 0x00000000e8d00000| Untracked 
| 142|0x00000000e8e00000, 0x00000000e8e00000, 0x00000000e8f00000|  0%| F|  |TAMS 0x00000000e8e00000, 0x00000000e8e00000| Untracked 
| 143|0x00000000e8f00000, 0x00000000e8f00000, 0x00000000e9000000|  0%| F|  |TAMS 0x00000000e8f00000, 0x00000000e8f00000| Untracked 
| 144|0x00000000e9000000, 0x00000000e9000000, 0x00000000e9100000|  0%| F|  |TAMS 0x00000000e9000000, 0x00000000e9000000| Untracked 
| 145|0x00000000e9100000, 0x00000000e9100000, 0x00000000e9200000|  0%| F|  |TAMS 0x00000000e9100000, 0x00000000e9100000| Untracked 
| 146|0x00000000e9200000, 0x00000000e9200000, 0x00000000e9300000|  0%| F|  |TAMS 0x00000000e9200000, 0x00000000e9200000| Untracked 
| 147|0x00000000e9300000, 0x00000000e9300000, 0x00000000e9400000|  0%| F|  |TAMS 0x00000000e9300000, 0x00000000e9300000| Untracked 
| 148|0x00000000e9400000, 0x00000000e9400000, 0x00000000e9500000|  0%| F|  |TAMS 0x00000000e9400000, 0x00000000e9400000| Untracked 
| 149|0x00000000e9500000, 0x00000000e9500000, 0x00000000e9600000|  0%| F|  |TAMS 0x00000000e9500000, 0x00000000e9500000| Untracked 
| 150|0x00000000e9600000, 0x00000000e9600000, 0x00000000e9700000|  0%| F|  |TAMS 0x00000000e9600000, 0x00000000e9600000| Untracked 
| 151|0x00000000e9700000, 0x00000000e9700000, 0x00000000e9800000|  0%| F|  |TAMS 0x00000000e9700000, 0x00000000e9700000| Untracked 
| 152|0x00000000e9800000, 0x00000000e9800000, 0x00000000e9900000|  0%| F|  |TAMS 0x00000000e9800000, 0x00000000e9800000| Untracked 
| 153|0x00000000e9900000, 0x00000000e9900000, 0x00000000e9a00000|  0%| F|  |TAMS 0x00000000e9900000, 0x00000000e9900000| Untracked 
| 154|0x00000000e9a00000, 0x00000000e9a00000, 0x00000000e9b00000|  0%| F|  |TAMS 0x00000000e9a00000, 0x00000000e9a00000| Untracked 
| 155|0x00000000e9b00000, 0x00000000e9b00000, 0x00000000e9c00000|  0%| F|  |TAMS 0x00000000e9b00000, 0x00000000e9b00000| Untracked 
| 156|0x00000000e9c00000, 0x00000000e9c00000, 0x00000000e9d00000|  0%| F|  |TAMS 0x00000000e9c00000, 0x00000000e9c00000| Untracked 
| 157|0x00000000e9d00000, 0x00000000e9d00000, 0x00000000e9e00000|  0%| F|  |TAMS 0x00000000e9d00000, 0x00000000e9d00000| Untracked 
| 158|0x00000000e9e00000, 0x00000000e9e00000, 0x00000000e9f00000|  0%| F|  |TAMS 0x00000000e9e00000, 0x00000000e9e00000| Untracked 
| 159|0x00000000e9f00000, 0x00000000e9f00000, 0x00000000ea000000|  0%| F|  |TAMS 0x00000000e9f00000, 0x00000000e9f00000| Untracked 
| 160|0x00000000ea000000, 0x00000000ea000000, 0x00000000ea100000|  0%| F|  |TAMS 0x00000000ea000000, 0x00000000ea000000| Untracked 
| 161|0x00000000ea100000, 0x00000000ea100000, 0x00000000ea200000|  0%| F|  |TAMS 0x00000000ea100000, 0x00000000ea100000| Untracked 
| 162|0x00000000ea200000, 0x00000000ea200000, 0x00000000ea300000|  0%| F|  |TAMS 0x00000000ea200000, 0x00000000ea200000| Untracked 
| 163|0x00000000ea300000, 0x00000000ea300000, 0x00000000ea400000|  0%| F|  |TAMS 0x00000000ea300000, 0x00000000ea300000| Untracked 
| 164|0x00000000ea400000, 0x00000000ea400000, 0x00000000ea500000|  0%| F|  |TAMS 0x00000000ea400000, 0x00000000ea400000| Untracked 
| 165|0x00000000ea500000, 0x00000000ea500000, 0x00000000ea600000|  0%| F|  |TAMS 0x00000000ea500000, 0x00000000ea500000| Untracked 
| 166|0x00000000ea600000, 0x00000000ea600000, 0x00000000ea700000|  0%| F|  |TAMS 0x00000000ea600000, 0x00000000ea600000| Untracked 
| 167|0x00000000ea700000, 0x00000000ea700000, 0x00000000ea800000|  0%| F|  |TAMS 0x00000000ea700000, 0x00000000ea700000| Untracked 
| 168|0x00000000ea800000, 0x00000000ea800000, 0x00000000ea900000|  0%| F|  |TAMS 0x00000000ea800000, 0x00000000ea800000| Untracked 
| 169|0x00000000ea900000, 0x00000000ea900000, 0x00000000eaa00000|  0%| F|  |TAMS 0x00000000ea900000, 0x00000000ea900000| Untracked 
| 170|0x00000000eaa00000, 0x00000000eaa00000, 0x00000000eab00000|  0%| F|  |TAMS 0x00000000eaa00000, 0x00000000eaa00000| Untracked 
| 171|0x00000000eab00000, 0x00000000eab00000, 0x00000000eac00000|  0%| F|  |TAMS 0x00000000eab00000, 0x00000000eab00000| Untracked 
| 172|0x00000000eac00000, 0x00000000eac00000, 0x00000000ead00000|  0%| F|  |TAMS 0x00000000eac00000, 0x00000000eac00000| Untracked 
| 173|0x00000000ead00000, 0x00000000ead00000, 0x00000000eae00000|  0%| F|  |TAMS 0x00000000ead00000, 0x00000000ead00000| Untracked 
| 174|0x00000000eae00000, 0x00000000eae00000, 0x00000000eaf00000|  0%| F|  |TAMS 0x00000000eae00000, 0x00000000eae00000| Untracked 
| 175|0x00000000eaf00000, 0x00000000eaf00000, 0x00000000eb000000|  0%| F|  |TAMS 0x00000000eaf00000, 0x00000000eaf00000| Untracked 
| 176|0x00000000eb000000, 0x00000000eb000000, 0x00000000eb100000|  0%| F|  |TAMS 0x00000000eb000000, 0x00000000eb000000| Untracked 
| 177|0x00000000eb100000, 0x00000000eb100000, 0x00000000eb200000|  0%| F|  |TAMS 0x00000000eb100000, 0x00000000eb100000| Untracked 
| 178|0x00000000eb200000, 0x00000000eb200000, 0x00000000eb300000|  0%| F|  |TAMS 0x00000000eb200000, 0x00000000eb200000| Untracked 
| 179|0x00000000eb300000, 0x00000000eb300000, 0x00000000eb400000|  0%| F|  |TAMS 0x00000000eb300000, 0x00000000eb300000| Untracked 
| 180|0x00000000eb400000, 0x00000000eb400000, 0x00000000eb500000|  0%| F|  |TAMS 0x00000000eb400000, 0x00000000eb400000| Untracked 
| 181|0x00000000eb500000, 0x00000000eb500000, 0x00000000eb600000|  0%| F|  |TAMS 0x00000000eb500000, 0x00000000eb500000| Untracked 
| 182|0x00000000eb600000, 0x00000000eb600000, 0x00000000eb700000|  0%| F|  |TAMS 0x00000000eb600000, 0x00000000eb600000| Untracked 
| 183|0x00000000eb700000, 0x00000000eb700000, 0x00000000eb800000|  0%| F|  |TAMS 0x00000000eb700000, 0x00000000eb700000| Untracked 
| 184|0x00000000eb800000, 0x00000000eb800000, 0x00000000eb900000|  0%| F|  |TAMS 0x00000000eb800000, 0x00000000eb800000| Untracked 
| 185|0x00000000eb900000, 0x00000000eb900000, 0x00000000eba00000|  0%| F|  |TAMS 0x00000000eb900000, 0x00000000eb900000| Untracked 
| 186|0x00000000eba00000, 0x00000000eba00000, 0x00000000ebb00000|  0%| F|  |TAMS 0x00000000eba00000, 0x00000000eba00000| Untracked 
| 187|0x00000000ebb00000, 0x00000000ebb00000, 0x00000000ebc00000|  0%| F|  |TAMS 0x00000000ebb00000, 0x00000000ebb00000| Untracked 
| 188|0x00000000ebc00000, 0x00000000ebc00000, 0x00000000ebd00000|  0%| F|  |TAMS 0x00000000ebc00000, 0x00000000ebc00000| Untracked 
| 189|0x00000000ebd00000, 0x00000000ebd00000, 0x00000000ebe00000|  0%| F|  |TAMS 0x00000000ebd00000, 0x00000000ebd00000| Untracked 
| 190|0x00000000ebe00000, 0x00000000ebe00000, 0x00000000ebf00000|  0%| F|  |TAMS 0x00000000ebe00000, 0x00000000ebe00000| Untracked 
| 191|0x00000000ebf00000, 0x00000000ebf00000, 0x00000000ec000000|  0%| F|  |TAMS 0x00000000ebf00000, 0x00000000ebf00000| Untracked 
| 192|0x00000000ec000000, 0x00000000ec000000, 0x00000000ec100000|  0%| F|  |TAMS 0x00000000ec000000, 0x00000000ec000000| Untracked 
| 193|0x00000000ec100000, 0x00000000ec100000, 0x00000000ec200000|  0%| F|  |TAMS 0x00000000ec100000, 0x00000000ec100000| Untracked 
| 194|0x00000000ec200000, 0x00000000ec200000, 0x00000000ec300000|  0%| F|  |TAMS 0x00000000ec200000, 0x00000000ec200000| Untracked 
| 195|0x00000000ec300000, 0x00000000ec300000, 0x00000000ec400000|  0%| F|  |TAMS 0x00000000ec300000, 0x00000000ec300000| Untracked 
| 196|0x00000000ec400000, 0x00000000ec400000, 0x00000000ec500000|  0%| F|  |TAMS 0x00000000ec400000, 0x00000000ec400000| Untracked 
| 197|0x00000000ec500000, 0x00000000ec500000, 0x00000000ec600000|  0%| F|  |TAMS 0x00000000ec500000, 0x00000000ec500000| Untracked 
| 198|0x00000000ec600000, 0x00000000ec600000, 0x00000000ec700000|  0%| F|  |TAMS 0x00000000ec600000, 0x00000000ec600000| Untracked 
| 199|0x00000000ec700000, 0x00000000ec700000, 0x00000000ec800000|  0%| F|  |TAMS 0x00000000ec700000, 0x00000000ec700000| Untracked 
| 200|0x00000000ec800000, 0x00000000ec800000, 0x00000000ec900000|  0%| F|  |TAMS 0x00000000ec800000, 0x00000000ec800000| Untracked 
| 201|0x00000000ec900000, 0x00000000ec900000, 0x00000000eca00000|  0%| F|  |TAMS 0x00000000ec900000, 0x00000000ec900000| Untracked 
| 202|0x00000000eca00000, 0x00000000eca00000, 0x00000000ecb00000|  0%| F|  |TAMS 0x00000000eca00000, 0x00000000eca00000| Untracked 
| 203|0x00000000ecb00000, 0x00000000ecb00000, 0x00000000ecc00000|  0%| F|  |TAMS 0x00000000ecb00000, 0x00000000ecb00000| Untracked 
| 204|0x00000000ecc00000, 0x00000000ecc00000, 0x00000000ecd00000|  0%| F|  |TAMS 0x00000000ecc00000, 0x00000000ecc00000| Untracked 
| 205|0x00000000ecd00000, 0x00000000ecd00000, 0x00000000ece00000|  0%| F|  |TAMS 0x00000000ecd00000, 0x00000000ecd00000| Untracked 
| 206|0x00000000ece00000, 0x00000000ece00000, 0x00000000ecf00000|  0%| F|  |TAMS 0x00000000ece00000, 0x00000000ece00000| Untracked 
| 207|0x00000000ecf00000, 0x00000000ecf00000, 0x00000000ed000000|  0%| F|  |TAMS 0x00000000ecf00000, 0x00000000ecf00000| Untracked 
| 208|0x00000000ed000000, 0x00000000ed000000, 0x00000000ed100000|  0%| F|  |TAMS 0x00000000ed000000, 0x00000000ed000000| Untracked 
| 209|0x00000000ed100000, 0x00000000ed100000, 0x00000000ed200000|  0%| F|  |TAMS 0x00000000ed100000, 0x00000000ed100000| Untracked 
| 210|0x00000000ed200000, 0x00000000ed300000, 0x00000000ed300000|100%| E|  |TAMS 0x00000000ed200000, 0x00000000ed200000| Complete 
| 211|0x00000000ed300000, 0x00000000ed400000, 0x00000000ed400000|100%| E|CS|TAMS 0x00000000ed300000, 0x00000000ed300000| Complete 
| 212|0x00000000ed400000, 0x00000000ed500000, 0x00000000ed500000|100%| E|CS|TAMS 0x00000000ed400000, 0x00000000ed400000| Complete 
| 213|0x00000000ed500000, 0x00000000ed600000, 0x00000000ed600000|100%| E|CS|TAMS 0x00000000ed500000, 0x00000000ed500000| Complete 
| 214|0x00000000ed600000, 0x00000000ed700000, 0x00000000ed700000|100%| E|CS|TAMS 0x00000000ed600000, 0x00000000ed600000| Complete 
| 215|0x00000000ed700000, 0x00000000ed800000, 0x00000000ed800000|100%| E|CS|TAMS 0x00000000ed700000, 0x00000000ed700000| Complete 
| 216|0x00000000ed800000, 0x00000000ed900000, 0x00000000ed900000|100%| E|CS|TAMS 0x00000000ed800000, 0x00000000ed800000| Complete 
| 217|0x00000000ed900000, 0x00000000eda00000, 0x00000000eda00000|100%| E|CS|TAMS 0x00000000ed900000, 0x00000000ed900000| Complete 
| 218|0x00000000eda00000, 0x00000000edb00000, 0x00000000edb00000|100%| E|CS|TAMS 0x00000000eda00000, 0x00000000eda00000| Complete 
| 219|0x00000000edb00000, 0x00000000edc00000, 0x00000000edc00000|100%| E|CS|TAMS 0x00000000edb00000, 0x00000000edb00000| Complete 
| 220|0x00000000edc00000, 0x00000000edd00000, 0x00000000edd00000|100%| E|CS|TAMS 0x00000000edc00000, 0x00000000edc00000| Complete 
| 221|0x00000000edd00000, 0x00000000ede00000, 0x00000000ede00000|100%| E|CS|TAMS 0x00000000edd00000, 0x00000000edd00000| Complete 
| 222|0x00000000ede00000, 0x00000000edf00000, 0x00000000edf00000|100%| E|CS|TAMS 0x00000000ede00000, 0x00000000ede00000| Complete 
| 223|0x00000000edf00000, 0x00000000ee000000, 0x00000000ee000000|100%| E|CS|TAMS 0x00000000edf00000, 0x00000000edf00000| Complete 
| 224|0x00000000ee000000, 0x00000000ee100000, 0x00000000ee100000|100%| E|CS|TAMS 0x00000000ee000000, 0x00000000ee000000| Complete 
| 225|0x00000000ee100000, 0x00000000ee200000, 0x00000000ee200000|100%| E|CS|TAMS 0x00000000ee100000, 0x00000000ee100000| Complete 
| 226|0x00000000ee200000, 0x00000000ee300000, 0x00000000ee300000|100%| E|CS|TAMS 0x00000000ee200000, 0x00000000ee200000| Complete 
| 227|0x00000000ee300000, 0x00000000ee400000, 0x00000000ee400000|100%| E|CS|TAMS 0x00000000ee300000, 0x00000000ee300000| Complete 
| 228|0x00000000ee400000, 0x00000000ee500000, 0x00000000ee500000|100%| E|CS|TAMS 0x00000000ee400000, 0x00000000ee400000| Complete 
| 229|0x00000000ee500000, 0x00000000ee600000, 0x00000000ee600000|100%| E|CS|TAMS 0x00000000ee500000, 0x00000000ee500000| Complete 
| 230|0x00000000ee600000, 0x00000000ee700000, 0x00000000ee700000|100%| E|CS|TAMS 0x00000000ee600000, 0x00000000ee600000| Complete 
| 231|0x00000000ee700000, 0x00000000ee800000, 0x00000000ee800000|100%| E|CS|TAMS 0x00000000ee700000, 0x00000000ee700000| Complete 
| 232|0x00000000ee800000, 0x00000000ee900000, 0x00000000ee900000|100%| E|CS|TAMS 0x00000000ee800000, 0x00000000ee800000| Complete 
| 233|0x00000000ee900000, 0x00000000eea00000, 0x00000000eea00000|100%| E|CS|TAMS 0x00000000ee900000, 0x00000000ee900000| Complete 
| 234|0x00000000eea00000, 0x00000000eeb00000, 0x00000000eeb00000|100%| E|CS|TAMS 0x00000000eea00000, 0x00000000eea00000| Complete 
| 235|0x00000000eeb00000, 0x00000000eec00000, 0x00000000eec00000|100%| E|CS|TAMS 0x00000000eeb00000, 0x00000000eeb00000| Complete 
| 236|0x00000000eec00000, 0x00000000eed00000, 0x00000000eed00000|100%| E|CS|TAMS 0x00000000eec00000, 0x00000000eec00000| Complete 
| 237|0x00000000eed00000, 0x00000000eee00000, 0x00000000eee00000|100%| E|CS|TAMS 0x00000000eed00000, 0x00000000eed00000| Complete 
| 238|0x00000000eee00000, 0x00000000eef00000, 0x00000000eef00000|100%| E|CS|TAMS 0x00000000eee00000, 0x00000000eee00000| Complete 
| 239|0x00000000eef00000, 0x00000000ef000000, 0x00000000ef000000|100%| E|CS|TAMS 0x00000000eef00000, 0x00000000eef00000| Complete 
| 240|0x00000000ef000000, 0x00000000ef100000, 0x00000000ef100000|100%| E|CS|TAMS 0x00000000ef000000, 0x00000000ef000000| Complete 
| 241|0x00000000ef100000, 0x00000000ef200000, 0x00000000ef200000|100%| E|CS|TAMS 0x00000000ef100000, 0x00000000ef100000| Complete 
| 242|0x00000000ef200000, 0x00000000ef300000, 0x00000000ef300000|100%| E|CS|TAMS 0x00000000ef200000, 0x00000000ef200000| Complete 
| 243|0x00000000ef300000, 0x00000000ef400000, 0x00000000ef400000|100%| E|CS|TAMS 0x00000000ef300000, 0x00000000ef300000| Complete 
| 244|0x00000000ef400000, 0x00000000ef500000, 0x00000000ef500000|100%| E|CS|TAMS 0x00000000ef400000, 0x00000000ef400000| Complete 
| 245|0x00000000ef500000, 0x00000000ef600000, 0x00000000ef600000|100%| E|CS|TAMS 0x00000000ef500000, 0x00000000ef500000| Complete 
| 246|0x00000000ef600000, 0x00000000ef700000, 0x00000000ef700000|100%| E|CS|TAMS 0x00000000ef600000, 0x00000000ef600000| Complete 
| 247|0x00000000ef700000, 0x00000000ef800000, 0x00000000ef800000|100%| E|CS|TAMS 0x00000000ef700000, 0x00000000ef700000| Complete 
| 248|0x00000000ef800000, 0x00000000ef900000, 0x00000000ef900000|100%| E|CS|TAMS 0x00000000ef800000, 0x00000000ef800000| Complete 
| 249|0x00000000ef900000, 0x00000000efa00000, 0x00000000efa00000|100%| E|CS|TAMS 0x00000000ef900000, 0x00000000ef900000| Complete 
| 250|0x00000000efa00000, 0x00000000efb00000, 0x00000000efb00000|100%| E|CS|TAMS 0x00000000efa00000, 0x00000000efa00000| Complete 
| 251|0x00000000efb00000, 0x00000000efc00000, 0x00000000efc00000|100%| E|CS|TAMS 0x00000000efb00000, 0x00000000efb00000| Complete 
| 252|0x00000000efc00000, 0x00000000efd00000, 0x00000000efd00000|100%| E|CS|TAMS 0x00000000efc00000, 0x00000000efc00000| Complete 
| 253|0x00000000efd00000, 0x00000000efe00000, 0x00000000efe00000|100%| E|CS|TAMS 0x00000000efd00000, 0x00000000efd00000| Complete 
| 254|0x00000000efe00000, 0x00000000eff00000, 0x00000000eff00000|100%| E|CS|TAMS 0x00000000efe00000, 0x00000000efe00000| Complete 
| 255|0x00000000eff00000, 0x00000000f0000000, 0x00000000f0000000|100%| E|CS|TAMS 0x00000000eff00000, 0x00000000eff00000| Complete 

Card table byte_map: [0x000002456c570000,0x000002456c670000] _byte_map_base: 0x000002456be70000

Marking Bits (Prev, Next): (CMBitMap*) 0x0000024554e184e0, (CMBitMap*) 0x0000024554e18520
 Prev Bits: [0x000002456c770000, 0x000002456cf70000)
 Next Bits: [0x000002456cf70000, 0x000002456d770000)

Polling page: 0x0000024552d10000

Metaspace:

Usage:
  Non-class:     42.87 MB used.
      Class:      7.26 MB used.
       Both:     50.13 MB used.

Virtual space:
  Non-class space:       64.00 MB reserved,      43.12 MB ( 67%) committed,  1 nodes.
      Class space:      320.00 MB reserved,       7.50 MB (  2%) committed,  1 nodes.
             Both:      384.00 MB reserved,      50.62 MB ( 13%) committed. 

Chunk freelists:
   Non-Class:  4.48 MB
       Class:  8.51 MB
        Both:  13.00 MB

MaxMetaspaceSize: 384.00 MB
CompressedClassSpaceSize: 320.00 MB
Initial GC threshold: 21.00 MB
Current GC threshold: 58.75 MB
CDS: on
MetaspaceReclaimPolicy: balanced
 - commit_granule_bytes: 65536.
 - commit_granule_words: 8192.
 - virtual_space_node_default_size: 8388608.
 - enlarge_chunks_in_place: 1.
 - new_chunks_are_fully_committed: 0.
 - uncommit_free_chunks: 1.
 - use_allocation_guard: 0.
 - handle_deallocations: 1.


Internal statistics:

num_allocs_failed_limit: 6.
num_arena_births: 600.
num_arena_deaths: 0.
num_vsnodes_births: 2.
num_vsnodes_deaths: 0.
num_space_committed: 811.
num_space_uncommitted: 0.
num_chunks_returned_to_freelist: 6.
num_chunks_taken_from_freelist: 2730.
num_chunk_merges: 6.
num_chunk_splits: 1747.
num_chunks_enlarged: 1159.
num_inconsistent_stats: 0.

CodeHeap 'non-profiled nmethods': size=119168Kb used=3842Kb max_used=3842Kb free=115325Kb
 bounds [0x0000024564240000, 0x0000024564610000, 0x000002456b6a0000]
CodeHeap 'profiled nmethods': size=119104Kb used=11509Kb max_used=11509Kb free=107594Kb
 bounds [0x000002455c6a0000, 0x000002455d1e0000, 0x0000024563af0000]
CodeHeap 'non-nmethods': size=7488Kb used=4024Kb max_used=4098Kb free=3463Kb
 bounds [0x0000024563af0000, 0x0000024563f00000, 0x0000024564240000]
 total_blobs=6787 nmethods=5936 adapters=760
 compilation: enabled
              stopped_count=0, restarted_count=0
 full_count=0

Compilation events (20 events):
Event: 3.724 Thread 0x00000245750d2e30 nmethod 6663 0x000002455d1da310 code [0x000002455d1da4c0, 0x000002455d1da688]
Event: 3.724 Thread 0x00000245750d2e30 6666       3       java.lang.ProcessEnvironment$CheckedEntry::<init> (10 bytes)
Event: 3.724 Thread 0x00000245750d2e30 nmethod 6666 0x000002455d1da790 code [0x000002455d1da920, 0x000002455d1daad8]
Event: 3.724 Thread 0x0000024575515a20 6667       3       java.lang.ProcessEnvironment$CheckedEntry::getKey (5 bytes)
Event: 3.724 Thread 0x00000245750d2e30 6668       3       java.lang.ProcessEnvironment$CheckedEntry::getKey (13 bytes)
Event: 3.724 Thread 0x00000245755164c0 nmethod 6664 0x000002455d1dab90 code [0x000002455d1dad60, 0x000002455d1db248]
Event: 3.724 Thread 0x00000245750d2e30 nmethod 6668 0x000002455d1db410 code [0x000002455d1db5c0, 0x000002455d1db888]
Event: 3.724 Thread 0x0000024575016f30 nmethod 6665 0x000002455d1db990 code [0x000002455d1dbb60, 0x000002455d1dbfc8]
Event: 3.724 Thread 0x0000024575515a20 nmethod 6667 0x000002455d1dc110 code [0x000002455d1dc2c0, 0x000002455d1dc5e8]
Event: 3.726 Thread 0x0000024575516f60 nmethod 6662 0x00000245645e4790 code [0x00000245645e4920, 0x00000245645e4cf8]
Event: 3.729 Thread 0x0000024575515a20 6671       3       jdk.internal.org.objectweb.asm.ClassWriter::visitSource (39 bytes)
Event: 3.730 Thread 0x0000024575515a20 nmethod 6671 0x000002455d1dc710 code [0x000002455d1dc8e0, 0x000002455d1dcd78]
Event: 3.731 Thread 0x0000024575515a20 6673       1       java.lang.Thread::getPriority (5 bytes)
Event: 3.731 Thread 0x00000245750d2e30 6672       1       java.lang.Thread::isDaemon (5 bytes)
Event: 3.731 Thread 0x0000024575515a20 nmethod 6673 0x00000245645e5490 code [0x00000245645e5620, 0x00000245645e56f8]
Event: 3.731 Thread 0x00000245750d2e30 nmethod 6672 0x00000245645e5790 code [0x00000245645e5920, 0x00000245645e59f8]
Event: 3.731 Thread 0x0000024575016f30 6674       3       java.util.concurrent.ThreadPoolExecutor::workerCountOf (5 bytes)
Event: 3.731 Thread 0x0000024575016f30 nmethod 6674 0x000002455d1dcf10 code [0x000002455d1dd0a0, 0x000002455d1dd198]
Event: 3.736 Thread 0x00000245752dfca0 nmethod 6564 0x00000245645e5a90 code [0x00000245645e5ee0, 0x00000245645e9410]
Event: 3.750 Thread 0x000002457543a640 nmethod 6447 0x00000245645eb690 code [0x00000245645ebd20, 0x00000245645f3f70]

GC Heap History (12 events):
Event: 0.196 GC heap before
{Heap before GC invocations=0 (full 0):
 garbage-first heap   total 262144K, used 22528K [0x00000000e0000000, 0x0000000100000000)
  region size 1024K, 23 young (23552K), 0 survivors (0K)
 Metaspace       used 1136K, committed 1280K, reserved 393216K
  class space    used 77K, committed 128K, reserved 327680K
}
Event: 0.198 GC heap after
{Heap after GC invocations=1 (full 0):
 garbage-first heap   total 262144K, used 4528K [0x00000000e0000000, 0x0000000100000000)
  region size 1024K, 3 young (3072K), 3 survivors (3072K)
 Metaspace       used 1136K, committed 1280K, reserved 393216K
  class space    used 77K, committed 128K, reserved 327680K
}
Event: 0.468 GC heap before
{Heap before GC invocations=1 (full 0):
 garbage-first heap   total 262144K, used 39344K [0x00000000e0000000, 0x0000000100000000)
  region size 1024K, 33 young (33792K), 3 survivors (3072K)
 Metaspace       used 4476K, committed 4672K, reserved 393216K
  class space    used 547K, committed 640K, reserved 327680K
}
Event: 0.470 GC heap after
{Heap after GC invocations=2 (full 0):
 garbage-first heap   total 262144K, used 12266K [0x00000000e0000000, 0x0000000100000000)
  region size 1024K, 4 young (4096K), 4 survivors (4096K)
 Metaspace       used 4476K, committed 4672K, reserved 393216K
  class space    used 547K, committed 640K, reserved 327680K
}
Event: 0.793 GC heap before
{Heap before GC invocations=2 (full 0):
 garbage-first heap   total 262144K, used 75754K [0x00000000e0000000, 0x0000000100000000)
  region size 1024K, 64 young (65536K), 4 survivors (4096K)
 Metaspace       used 7720K, committed 8000K, reserved 393216K
  class space    used 1033K, committed 1152K, reserved 327680K
}
Event: 0.796 GC heap after
{Heap after GC invocations=3 (full 0):
 garbage-first heap   total 262144K, used 19289K [0x00000000e0000000, 0x0000000100000000)
  region size 1024K, 8 young (8192K), 8 survivors (8192K)
 Metaspace       used 7720K, committed 8000K, reserved 393216K
  class space    used 1033K, committed 1152K, reserved 327680K
}
Event: 1.595 GC heap before
{Heap before GC invocations=3 (full 0):
 garbage-first heap   total 262144K, used 110425K [0x00000000e0000000, 0x0000000100000000)
  region size 1024K, 98 young (100352K), 8 survivors (8192K)
 Metaspace       used 21119K, committed 21504K, reserved 393216K
  class space    used 3061K, committed 3264K, reserved 327680K
}
Event: 1.600 GC heap after
{Heap after GC invocations=4 (full 0):
 garbage-first heap   total 262144K, used 25259K [0x00000000e0000000, 0x0000000100000000)
  region size 1024K, 14 young (14336K), 14 survivors (14336K)
 Metaspace       used 21119K, committed 21504K, reserved 393216K
  class space    used 3061K, committed 3264K, reserved 327680K
}
Event: 2.496 GC heap before
{Heap before GC invocations=5 (full 0):
 garbage-first heap   total 262144K, used 144043K [0x00000000e0000000, 0x0000000100000000)
  region size 1024K, 127 young (130048K), 14 survivors (14336K)
 Metaspace       used 35554K, committed 35968K, reserved 393216K
  class space    used 4938K, committed 5184K, reserved 327680K
}
Event: 2.502 GC heap after
{Heap after GC invocations=6 (full 0):
 garbage-first heap   total 262144K, used 33214K [0x00000000e0000000, 0x0000000100000000)
  region size 1024K, 19 young (19456K), 19 survivors (19456K)
 Metaspace       used 35554K, committed 35968K, reserved 393216K
  class space    used 4938K, committed 5184K, reserved 327680K
}
Event: 3.388 GC heap before
{Heap before GC invocations=7 (full 0):
 garbage-first heap   total 262144K, used 171454K [0x00000000e0000000, 0x0000000100000000)
  region size 1024K, 153 young (156672K), 19 survivors (19456K)
 Metaspace       used 48526K, committed 49024K, reserved 393216K
  class space    used 6984K, committed 7232K, reserved 327680K
}
Event: 3.395 GC heap after
{Heap after GC invocations=8 (full 0):
 garbage-first heap   total 262144K, used 39252K [0x00000000e0000000, 0x0000000100000000)
  region size 1024K, 15 young (15360K), 15 survivors (15360K)
 Metaspace       used 48526K, committed 49024K, reserved 393216K
  class space    used 6984K, committed 7232K, reserved 327680K
}

Deoptimization events (20 events):
Event: 3.702 Thread 0x000002457d84b2e0 Uncommon trap: trap_request=0xffffff45 fr.pc=0x000002456453880c relative=0x00000000000000ec
Event: 3.702 Thread 0x000002457d84b2e0 Uncommon trap: reason=unstable_if action=reinterpret pc=0x000002456453880c method=java.lang.ThreadLocal.get()Ljava/lang/Object; @ 11 c2
Event: 3.702 Thread 0x000002457d84b2e0 DEOPT PACKING pc=0x000002456453880c sp=0x0000004d246fe550
Event: 3.702 Thread 0x000002457d84b2e0 DEOPT UNPACKING pc=0x0000024563b423a3 sp=0x0000004d246fe4d8 mode 2
Event: 3.711 Thread 0x0000024576bcaa30 Uncommon trap: trap_request=0xffffff45 fr.pc=0x00000245644f6b60 relative=0x0000000000000060
Event: 3.711 Thread 0x0000024576bcaa30 Uncommon trap: reason=unstable_if action=reinterpret pc=0x00000245644f6b60 method=java.util.HashMap$KeySpliterator.characteristics()I @ 4 c2
Event: 3.711 Thread 0x0000024576bcaa30 DEOPT PACKING pc=0x00000245644f6b60 sp=0x0000004d1e1f87a0
Event: 3.711 Thread 0x0000024576bcaa30 DEOPT UNPACKING pc=0x0000024563b423a3 sp=0x0000004d1e1f8738 mode 2
Event: 3.731 Thread 0x000002457d843e70 Uncommon trap: trap_request=0xffffffde fr.pc=0x000002456452b8c8 relative=0x00000000000007c8
Event: 3.731 Thread 0x000002457d843e70 Uncommon trap: reason=class_check action=maybe_recompile pc=0x000002456452b8c8 method=java.io.BufferedInputStream.read1([BII)I @ 39 c2
Event: 3.731 Thread 0x000002457d843e70 DEOPT PACKING pc=0x000002456452b8c8 sp=0x0000004d251fee10
Event: 3.731 Thread 0x000002457d843e70 DEOPT UNPACKING pc=0x0000024563b423a3 sp=0x0000004d251fed28 mode 2
Event: 3.762 Thread 0x000002457d843e70 Uncommon trap: trap_request=0xffffffde fr.pc=0x000002456452b8c8 relative=0x00000000000007c8
Event: 3.762 Thread 0x000002457d843e70 Uncommon trap: reason=class_check action=maybe_recompile pc=0x000002456452b8c8 method=java.io.BufferedInputStream.read1([BII)I @ 39 c2
Event: 3.762 Thread 0x000002457d843e70 DEOPT PACKING pc=0x000002456452b8c8 sp=0x0000004d251fee10
Event: 3.762 Thread 0x000002457d843e70 DEOPT UNPACKING pc=0x0000024563b423a3 sp=0x0000004d251fed28 mode 2
Event: 3.762 Thread 0x000002457d843e70 Uncommon trap: trap_request=0xffffffde fr.pc=0x000002456452b8c8 relative=0x00000000000007c8
Event: 3.762 Thread 0x000002457d843e70 Uncommon trap: reason=class_check action=maybe_recompile pc=0x000002456452b8c8 method=java.io.BufferedInputStream.read1([BII)I @ 39 c2
Event: 3.762 Thread 0x000002457d843e70 DEOPT PACKING pc=0x000002456452b8c8 sp=0x0000004d251fee10
Event: 3.762 Thread 0x000002457d843e70 DEOPT UNPACKING pc=0x0000024563b423a3 sp=0x0000004d251fed28 mode 2

Classes unloaded (0 events):
No events

Classes redefined (0 events):
No events

Internal exceptions (20 events):
Event: 3.531 Thread 0x0000024576bcaa30 Exception <a 'java/lang/ClassNotFoundException'{0x00000000ee5aa788}: org/gradle/api/internal/artifacts/dsl/dependencies/DefaultDependencyHandlerBeanInfo> (0x00000000ee5aa788) 
thrown [s\open\src\hotspot\share\classfile\systemDictionary.cpp, line 256]
Event: 3.532 Thread 0x0000024576bcaa30 Exception <a 'java/lang/ClassNotFoundException'{0x00000000ee5c1ac8}: org/gradle/api/internal/artifacts/dsl/dependencies/DefaultDependencyHandlerCustomizer> (0x00000000ee5c1ac8) 
thrown [s\open\src\hotspot\share\classfile\systemDictionary.cpp, line 256]
Event: 3.533 Thread 0x0000024576bcaa30 Exception <a 'java/lang/ClassNotFoundException'{0x00000000ee4019a8}: org/gradle/api/internal/artifacts/dsl/dependencies/DefaultDependencyHandler_DecoratedCustomizer> (0x00000000ee4019a8) 
thrown [s\open\src\hotspot\share\classfile\systemDictionary.cpp, line 256]
Event: 3.540 Thread 0x0000024576bcaa30 Exception <a 'java/lang/ClassNotFoundException'{0x00000000ee1abad8}: org/gradle/api/internal/tasks/DefaultTaskContainer_DecoratedBeanInfo> (0x00000000ee1abad8) 
thrown [s\open\src\hotspot\share\classfile\systemDictionary.cpp, line 256]
Event: 3.541 Thread 0x0000024576bcaa30 Exception <a 'java/lang/ClassNotFoundException'{0x00000000ee1bd740}: org/gradle/api/internal/tasks/DefaultTaskContainerBeanInfo> (0x00000000ee1bd740) 
thrown [s\open\src\hotspot\share\classfile\systemDictionary.cpp, line 256]
Event: 3.541 Thread 0x0000024576bcaa30 Exception <a 'java/lang/ClassNotFoundException'{0x00000000ee1cf3c8}: org/gradle/api/internal/tasks/DefaultTaskCollectionBeanInfo> (0x00000000ee1cf3c8) 
thrown [s\open\src\hotspot\share\classfile\systemDictionary.cpp, line 256]
Event: 3.541 Thread 0x0000024576bcaa30 Exception <a 'java/lang/ClassNotFoundException'{0x00000000ee1e1148}: org/gradle/api/internal/DefaultNamedDomainObjectSetBeanInfo> (0x00000000ee1e1148) 
thrown [s\open\src\hotspot\share\classfile\systemDictionary.cpp, line 256]
Event: 3.541 Thread 0x0000024576bcaa30 Exception <a 'java/lang/ClassNotFoundException'{0x00000000ee1f2ea8}: org/gradle/api/internal/DefaultNamedDomainObjectSetCustomizer> (0x00000000ee1f2ea8) 
thrown [s\open\src\hotspot\share\classfile\systemDictionary.cpp, line 256]
Event: 3.542 Thread 0x0000024576bcaa30 Exception <a 'java/lang/ClassNotFoundException'{0x00000000ee020a48}: org/gradle/api/internal/tasks/DefaultTaskCollectionCustomizer> (0x00000000ee020a48) 
thrown [s\open\src\hotspot\share\classfile\systemDictionary.cpp, line 256]
Event: 3.544 Thread 0x0000024576bcaa30 Exception <a 'java/lang/ClassNotFoundException'{0x00000000ee066770}: org/gradle/api/internal/tasks/DefaultTaskContainerCustomizer> (0x00000000ee066770) 
thrown [s\open\src\hotspot\share\classfile\systemDictionary.cpp, line 256]
Event: 3.546 Thread 0x0000024576bcaa30 Exception <a 'java/lang/ClassNotFoundException'{0x00000000ee0cb528}: org/gradle/api/internal/tasks/DefaultTaskContainer_DecoratedCustomizer> (0x00000000ee0cb528) 
thrown [s\open\src\hotspot\share\classfile\systemDictionary.cpp, line 256]
Event: 3.561 Thread 0x0000024576bcaa30 Implicit null exception at 0x00000245644f64cb to 0x00000245644f64f0
Event: 3.653 Thread 0x0000024576bcaa30 Exception <a 'java/lang/NoSuchMethodError'{0x00000000ed9512a0}: 'int java.lang.invoke.DirectMethodHandle$Holder.invokeSpecialIFC(java.lang.Object, java.lang.Object, java.lang.Object, java.lang.Object, java.lang.Object)'> (0x00000000ed9512a0) 
thrown [s\open\src\hotspot\share\interpreter\linkResolver.cpp, line 759]
Event: 3.690 Thread 0x0000024576bcaa30 Exception <a 'java/lang/NoSuchMethodError'{0x00000000ed566350}: 'java.lang.Object java.lang.invoke.DirectMethodHandle$Holder.newInvokeSpecial(java.lang.Object, java.lang.Object, java.lang.Object, java.lang.Object, java.lang.Object, java.lang.Object, int)'> (0x00000000ed566350) 
thrown [s\open\src\hotspot\share\interpreter\linkResolver.cpp, line 759]
Event: 3.690 Thread 0x0000024576bcaa30 Exception <a 'java/lang/NoSuchMethodError'{0x00000000ed56bd58}: 'java.lang.Object java.lang.invoke.DirectMethodHandle$Holder.invokeSpecial(java.lang.Object, java.lang.Object, java.lang.Object, java.lang.Object, java.lang.Object, java.lang.Object, java.lang.Object, int)'> (0x00000000ed56bd58) 
thrown [s\open\src\hotspot\share\interpreter\linkResolver.cpp, line 759]
Event: 3.690 Thread 0x0000024576bcaa30 Exception <a 'java/lang/NoSuchMethodError'{0x00000000ed571130}: 'java.lang.Object java.lang.invoke.Invokers$Holder.linkToTargetMethod(java.lang.Object, java.lang.Object, java.lang.Object, java.lang.Object, java.lang.Object, int, java.lang.Object)'> (0x00000000ed571130) 
thrown [s\open\src\hotspot\share\interpreter\linkResolver.cpp, line 759]
Event: 3.702 Thread 0x000002457d84b2e0 Implicit null exception at 0x000002456453875d to 0x00000245645387f8
Event: 3.728 Thread 0x000002457d846c00 Exception <a 'java/lang/NoSuchMethodError'{0x00000000ed28efe0}: 'void java.lang.invoke.DirectMethodHandle$Holder.invokeStatic(java.lang.Object, long)'> (0x00000000ed28efe0) 
thrown [s\open\src\hotspot\share\interpreter\linkResolver.cpp, line 759]
Event: 3.729 Thread 0x000002457d846c00 Exception <a 'java/lang/NoSuchMethodError'{0x00000000ed29a0e0}: 'java.lang.Object java.lang.invoke.DirectMethodHandle$Holder.invokeStatic(java.lang.Object, java.lang.Object, long, java.lang.Object)'> (0x00000000ed29a0e0) 
thrown [s\open\src\hotspot\share\interpreter\linkResolver.cpp, line 759]
Event: 3.730 Thread 0x000002457d846c00 Exception <a 'java/lang/NoSuchMethodError'{0x00000000ed29d8b8}: 'java.lang.Object java.lang.invoke.DirectMethodHandle$Holder.invokeStaticInit(java.lang.Object, java.lang.Object, long, java.lang.Object)'> (0x00000000ed29d8b8) 
thrown [s\open\src\hotspot\share\interpreter\linkResolver.cpp, line 759]

VM Operations (20 events):
Event: 2.729 Executing VM operation: ICBufferFull
Event: 2.730 Executing VM operation: ICBufferFull done
Event: 2.946 Executing VM operation: ICBufferFull
Event: 2.946 Executing VM operation: ICBufferFull done
Event: 2.988 Executing VM operation: HandshakeAllThreads
Event: 2.988 Executing VM operation: HandshakeAllThreads done
Event: 2.991 Executing VM operation: HandshakeAllThreads
Event: 2.991 Executing VM operation: HandshakeAllThreads done
Event: 3.076 Executing VM operation: ICBufferFull
Event: 3.077 Executing VM operation: ICBufferFull done
Event: 3.086 Executing VM operation: HandshakeAllThreads
Event: 3.086 Executing VM operation: HandshakeAllThreads done
Event: 3.190 Executing VM operation: ICBufferFull
Event: 3.190 Executing VM operation: ICBufferFull done
Event: 3.381 Executing VM operation: ICBufferFull
Event: 3.381 Executing VM operation: ICBufferFull done
Event: 3.388 Executing VM operation: G1CollectForAllocation
Event: 3.395 Executing VM operation: G1CollectForAllocation done
Event: 3.527 Executing VM operation: ICBufferFull
Event: 3.528 Executing VM operation: ICBufferFull done

Events (20 events):
Event: 3.702 Thread 0x000002457d8466f0 Thread added: 0x000002457d8466f0
Event: 3.702 Thread 0x000002457d844380 Thread added: 0x000002457d844380
Event: 3.702 Thread 0x000002457d84a8c0 Thread added: 0x000002457d84a8c0
Event: 3.703 Thread 0x000002457d84a3b0 Thread added: 0x000002457d84a3b0
Event: 3.703 Thread 0x000002457d845cd0 Thread added: 0x000002457d845cd0
Event: 3.703 Thread 0x000002457d848040 Thread added: 0x000002457d848040
Event: 3.704 Thread 0x000002457d848f70 Thread added: 0x000002457d848f70
Event: 3.723 Thread 0x000002457d846c00 Thread added: 0x000002457d846c00
Event: 3.724 loading class java/lang/ProcessImpl
Event: 3.724 loading class java/lang/ProcessImpl done
Event: 3.728 loading class java/lang/ProcessHandleImpl
Event: 3.729 loading class java/lang/ProcessHandleImpl done
Event: 3.730 loading class java/lang/ProcessImpl$2
Event: 3.730 loading class java/lang/ProcessImpl$2 done
Event: 3.730 loading class java/lang/Process$PipeInputStream
Event: 3.730 loading class java/lang/Process$PipeInputStream done
Event: 3.730 loading class jdk/internal/event/ProcessStartEvent
Event: 3.730 loading class jdk/internal/event/ProcessStartEvent done
Event: 3.731 Thread 0x000002457d847620 Thread added: 0x000002457d847620
Event: 3.731 Thread 0x000002457d843e70 Thread added: 0x000002457d843e70


Dynamic libraries:
0x00007ff610050000 - 0x00007ff610060000 	C:\Program Files\Java\jdk-17\bin\java.exe
0x00007ffb23270000 - 0x00007ffb23487000 	C:\WINDOWS\SYSTEM32\ntdll.dll
0x00007ffb21850000 - 0x00007ffb21914000 	C:\WINDOWS\System32\KERNEL32.DLL
0x00007ffb206f0000 - 0x00007ffb20a9d000 	C:\WINDOWS\System32\KERNELBASE.dll
0x00007ffb20bc0000 - 0x00007ffb20cd1000 	C:\WINDOWS\System32\ucrtbase.dll
0x00007ffafa810000 - 0x00007ffafa82b000 	C:\Program Files\Java\jdk-17\bin\VCRUNTIME140.dll
0x00007ffaf8840000 - 0x00007ffaf8859000 	C:\Program Files\Java\jdk-17\bin\jli.dll
0x00007ffb21980000 - 0x00007ffb21a32000 	C:\WINDOWS\System32\ADVAPI32.dll
0x00007ffb21540000 - 0x00007ffb215e7000 	C:\WINDOWS\System32\msvcrt.dll
0x00007ffb21a40000 - 0x00007ffb21ae9000 	C:\WINDOWS\System32\sechost.dll
0x00007ffb205a0000 - 0x00007ffb205c8000 	C:\WINDOWS\System32\bcrypt.dll
0x00007ffb21180000 - 0x00007ffb21294000 	C:\WINDOWS\System32\RPCRT4.dll
0x00007ffb22eb0000 - 0x00007ffb2305e000 	C:\WINDOWS\System32\USER32.dll
0x00007ffb20d50000 - 0x00007ffb20d76000 	C:\WINDOWS\System32\win32u.dll
0x00007ffb22c50000 - 0x00007ffb22c79000 	C:\WINDOWS\System32\GDI32.dll
0x00007ffb20aa0000 - 0x00007ffb20bb9000 	C:\WINDOWS\System32\gdi32full.dll
0x00007ffb20650000 - 0x00007ffb206ea000 	C:\WINDOWS\System32\msvcp_win.dll
0x00007ffb05ee0000 - 0x00007ffb06173000 	C:\WINDOWS\WinSxS\amd64_microsoft.windows.common-controls_6595b64144ccf1df_6.0.22621.3672_none_2713b9d173822955\COMCTL32.dll
0x00007ffb14b80000 - 0x00007ffb14b8a000 	C:\WINDOWS\SYSTEM32\VERSION.dll
0x00007ffb21140000 - 0x00007ffb21171000 	C:\WINDOWS\System32\IMM32.DLL
0x00007ffb04710000 - 0x00007ffb0471c000 	C:\Program Files\Java\jdk-17\bin\vcruntime140_1.dll
0x00007ffaed220000 - 0x00007ffaed2ae000 	C:\Program Files\Java\jdk-17\bin\msvcp140.dll
0x00007ffab8970000 - 0x00007ffab9550000 	C:\Program Files\Java\jdk-17\bin\server\jvm.dll
0x00007ffb22ea0000 - 0x00007ffb22ea8000 	C:\WINDOWS\System32\PSAPI.DLL
0x00007ffb0f020000 - 0x00007ffb0f029000 	C:\WINDOWS\SYSTEM32\WSOCK32.dll
0x00007ffb210c0000 - 0x00007ffb21131000 	C:\WINDOWS\System32\WS2_32.dll
0x00007ffb10ae0000 - 0x00007ffb10b14000 	C:\WINDOWS\SYSTEM32\WINMM.dll
0x00007ffb1f5e0000 - 0x00007ffb1f5f8000 	C:\WINDOWS\SYSTEM32\kernel.appcore.dll
0x00007ffaff820000 - 0x00007ffaff82a000 	C:\Program Files\Java\jdk-17\bin\jimage.dll
0x00007ffb13fb0000 - 0x00007ffb141e2000 	C:\WINDOWS\SYSTEM32\DBGHELP.DLL
0x00007ffb21bd0000 - 0x00007ffb21f58000 	C:\WINDOWS\System32\combase.dll
0x00007ffb21af0000 - 0x00007ffb21bc7000 	C:\WINDOWS\System32\OLEAUT32.dll
0x00007ffb10170000 - 0x00007ffb101a2000 	C:\WINDOWS\SYSTEM32\dbgcore.DLL
0x00007ffb205d0000 - 0x00007ffb2064b000 	C:\WINDOWS\System32\bcryptPrimitives.dll
0x00007ffaff060000 - 0x00007ffaff06e000 	C:\Program Files\Java\jdk-17\bin\instrument.dll
0x00007ffaed1f0000 - 0x00007ffaed215000 	C:\Program Files\Java\jdk-17\bin\java.dll
0x00007ffae3da0000 - 0x00007ffae3e77000 	C:\Program Files\Java\jdk-17\bin\jsvml.dll
0x00007ffb223f0000 - 0x00007ffb22c4f000 	C:\WINDOWS\System32\SHELL32.dll
0x00007ffb1e4b0000 - 0x00007ffb1edac000 	C:\WINDOWS\SYSTEM32\windows.storage.dll
0x00007ffb1e370000 - 0x00007ffb1e4af000 	C:\WINDOWS\SYSTEM32\wintypes.dll
0x00007ffb20fb0000 - 0x00007ffb210a4000 	C:\WINDOWS\System32\SHCORE.dll
0x00007ffb21920000 - 0x00007ffb2197e000 	C:\WINDOWS\System32\shlwapi.dll
0x00007ffb204d0000 - 0x00007ffb204f1000 	C:\WINDOWS\SYSTEM32\profapi.dll
0x00007ffaf5380000 - 0x00007ffaf5398000 	C:\Program Files\Java\jdk-17\bin\zip.dll
0x00007ffaf3910000 - 0x00007ffaf3929000 	C:\Program Files\Java\jdk-17\bin\net.dll
0x00007ffb1b3b0000 - 0x00007ffb1b4e6000 	C:\WINDOWS\SYSTEM32\WINHTTP.dll
0x00007ffb1fae0000 - 0x00007ffb1fb49000 	C:\WINDOWS\system32\mswsock.dll
0x00007ffaf2690000 - 0x00007ffaf26a6000 	C:\Program Files\Java\jdk-17\bin\nio.dll
0x00007ffafece0000 - 0x00007ffafecf0000 	C:\Program Files\Java\jdk-17\bin\verify.dll
0x00007ffb172a0000 - 0x00007ffb172c7000 	C:\Users\ICT01-21\.gradle\native\c067742578af261105cb4f569cf0c3c89f3d7b1fecec35dd04571415982c5e48\windows-amd64\native-platform.dll
0x00007ffae3c50000 - 0x00007ffae3d94000 	C:\Users\ICT01-21\.gradle\native\100fb08df4bc3b14c8652ba06237920a3bd2aa13389f12d3474272988ae205f9\windows-amd64\native-platform-file-events.dll
0x00007ffafeb20000 - 0x00007ffafeb2a000 	C:\Program Files\Java\jdk-17\bin\management.dll
0x00007ffafe6c0000 - 0x00007ffafe6cb000 	C:\Program Files\Java\jdk-17\bin\management_ext.dll
0x00007ffb1fe30000 - 0x00007ffb1fe4b000 	C:\WINDOWS\SYSTEM32\CRYPTSP.dll
0x00007ffb1f600000 - 0x00007ffb1f635000 	C:\WINDOWS\system32\rsaenh.dll
0x00007ffb1fb80000 - 0x00007ffb1fba8000 	C:\WINDOWS\SYSTEM32\USERENV.dll
0x00007ffb1fe10000 - 0x00007ffb1fe1c000 	C:\WINDOWS\SYSTEM32\CRYPTBASE.dll
0x00007ffb1f080000 - 0x00007ffb1f0ad000 	C:\WINDOWS\SYSTEM32\IPHLPAPI.DLL
0x00007ffb210b0000 - 0x00007ffb210b9000 	C:\WINDOWS\System32\NSI.dll
0x00007ffb1b240000 - 0x00007ffb1b259000 	C:\WINDOWS\SYSTEM32\dhcpcsvc6.DLL
0x00007ffb1b220000 - 0x00007ffb1b23f000 	C:\WINDOWS\SYSTEM32\dhcpcsvc.DLL
0x00007ffb1f0f0000 - 0x00007ffb1f1e8000 	C:\WINDOWS\SYSTEM32\DNSAPI.dll
0x00007ffafa250000 - 0x00007ffafa25e000 	C:\Program Files\Java\jdk-17\bin\sunmscapi.dll
0x00007ffb20d80000 - 0x00007ffb20ee7000 	C:\WINDOWS\System32\CRYPT32.dll
0x00007ffb1ff50000 - 0x00007ffb1ff7e000 	C:\WINDOWS\SYSTEM32\ncrypt.dll
0x00007ffb1ff10000 - 0x00007ffb1ff47000 	C:\WINDOWS\SYSTEM32\NTASN1.dll
0x00007ffb0ff80000 - 0x00007ffb0ff88000 	C:\WINDOWS\system32\wshunix.dll

dbghelp: loaded successfully - version: 4.0.5 - missing functions: none
symbol engine: initialized successfully - sym options: 0x614 - pdb path: .;C:\Program Files\Java\jdk-17\bin;C:\WINDOWS\SYSTEM32;C:\WINDOWS\WinSxS\amd64_microsoft.windows.common-controls_6595b64144ccf1df_6.0.22621.3672_none_2713b9d173822955;C:\Program Files\Java\jdk-17\bin\server;C:\Users\ICT01-21\.gradle\native\c067742578af261105cb4f569cf0c3c89f3d7b1fecec35dd04571415982c5e48\windows-amd64;C:\Users\ICT01-21\.gradle\native\100fb08df4bc3b14c8652ba06237920a3bd2aa13389f12d3474272988ae205f9\windows-amd64

VM Arguments:
jvm_args: --add-opens=java.base/java.util=ALL-UNNAMED --add-opens=java.base/java.lang=ALL-UNNAMED --add-opens=java.base/java.lang.invoke=ALL-UNNAMED --add-opens=java.prefs/java.util.prefs=ALL-UNNAMED --add-exports=jdk.compiler/com.sun.tools.javac.api=ALL-UNNAMED --add-exports=jdk.compiler/com.sun.tools.javac.util=ALL-UNNAMED --add-opens=java.base/java.nio.charset=ALL-UNNAMED --add-opens=java.base/java.net=ALL-UNNAMED --add-opens=java.base/java.util.concurrent.atomic=ALL-UNNAMED -XX:MaxMetaspaceSize=384m -XX:+HeapDumpOnOutOfMemoryError -Xms256m -Xmx512m -Dfile.encoding=UTF-8 -Duser.country=KR -Duser.language=ko -Duser.variant -javaagent:C:\Users\ICT01-21\.gradle\wrapper\dists\gradle-8.10.1-bin\e90i968nv55tch01zkse4avv3\gradle-8.10.1\lib\agents\gradle-instrumentation-agent-8.10.1.jar 
java_command: org.gradle.launcher.daemon.bootstrap.GradleDaemon 8.10.1
java_class_path (initial): C:\Users\ICT01-21\.gradle\wrapper\dists\gradle-8.10.1-bin\e90i968nv55tch01zkse4avv3\gradle-8.10.1\lib\gradle-daemon-main-8.10.1.jar
Launcher Type: SUN_STANDARD

[Global flags]
     intx CICompilerCount                          = 12                                        {product} {ergonomic}
   size_t CompressedClassSpaceSize                 = 335544320                                 {product} {ergonomic}
     uint ConcGCThreads                            = 5                                         {product} {ergonomic}
     uint G1ConcRefinementThreads                  = 18                                        {product} {ergonomic}
   size_t G1HeapRegionSize                         = 1048576                                   {product} {ergonomic}
    uintx GCDrainStackTargetSize                   = 64                                        {product} {ergonomic}
     bool HeapDumpOnOutOfMemoryError               = true                                   {manageable} {command line}
   size_t InitialHeapSize                          = 268435456                                 {product} {command line}
   size_t MarkStackSize                            = 4194304                                   {product} {ergonomic}
   size_t MaxHeapSize                              = 536870912                                 {product} {command line}
   size_t MaxMetaspaceSize                         = 402653184                                 {product} {command line}
   size_t MaxNewSize                               = 321912832                                 {product} {ergonomic}
   size_t MinHeapDeltaBytes                        = 1048576                                   {product} {ergonomic}
   size_t MinHeapSize                              = 268435456                                 {product} {command line}
    uintx NonNMethodCodeHeapSize                   = 7602480                                {pd product} {ergonomic}
    uintx NonProfiledCodeHeapSize                  = 122027880                              {pd product} {ergonomic}
    uintx ProfiledCodeHeapSize                     = 122027880                              {pd product} {ergonomic}
    uintx ReservedCodeCacheSize                    = 251658240                              {pd product} {ergonomic}
     bool SegmentedCodeCache                       = true                                      {product} {ergonomic}
   size_t SoftMaxHeapSize                          = 536870912                              {manageable} {ergonomic}
     bool UseCompressedClassPointers               = true                           {product lp64_product} {ergonomic}
     bool UseCompressedOops                        = true                           {product lp64_product} {ergonomic}
     bool UseG1GC                                  = true                                      {product} {ergonomic}
     bool UseLargePagesIndividualAllocation        = false                                  {pd product} {ergonomic}

Logging:
Log output configuration:
 #0: stdout all=warning uptime,level,tags
 #1: stderr all=off uptime,level,tags

Environment Variables:
JAVA_HOME=C:\Program Files\Java\jdk-17
PATH=C:\WINDOWS\system32;C:\WINDOWS;C:\WINDOWS\System32\Wbem;C:\WINDOWS\System32\WindowsPowerShell\v1.0\;C:\WINDOWS\System32\OpenSSH\;C:\Program Files\MySQL\MySQL Server 8.0\bin;C:\Program Files\Bandizip\;C:\Program Files\nodejs\;C:\Program Files\Apache Software Foundation\Tomcat 9.0\bin;C:\Program Files\Java\jdk-17\bin;C:\Program Files\Docker\Docker\resources\bin;C:\Program Files\Git\cmd;C:\Users\ICT01-21\AppData\Local\Microsoft\WindowsApps;C:\Program Files\JetBrains\IntelliJ IDEA Community Edition 2024.1.1\bin;;C:\Users\ICT01-21\AppData\Local\Programs\Microsoft VS Code\bin;C:\Users\ICT01-21\AppData\Roaming\npm;C:\Program Files\JetBrains\IntelliJ IDEA 2024.2.1\bin;;C:\Users\ICT01-21\AppData\Local\GitHubDesktop\bin
USERNAME=ICT01-21
OS=Windows_NT
PROCESSOR_IDENTIFIER=Intel64 Family 6 Model 183 Stepping 1, GenuineIntel



---------------  S Y S T E M  ---------------

OS:
 Windows 11 , 64 bit Build 22621 (10.0.22621.3672)
OS uptime: 10 days 8:19 hours
Hyper-V role detected

CPU: total 24 (initial active 24) (12 cores per cpu, 2 threads per core) family 6 model 183 stepping 1 microcode 0x10e, cx8, cmov, fxsr, ht, mmx, 3dnowpref, sse, sse2, sse3, ssse3, sse4.1, sse4.2, popcnt, lzcnt, tsc, tscinvbit, avx, avx2, aes, erms, clmul, bmi1, bmi2, adx, sha, fma, vzeroupper, clflush, clflushopt, clwb, hv

Memory: 4k page, system-wide physical 16060M (4635M free)
TotalPageFile size 44309M (AvailPageFile size 89M)
current process WorkingSet (physical memory assigned to process): 423M, peak: 437M
current process commit charge ("private bytes"): 551M, peak: 565M

vm_info: Java HotSpot(TM) 64-Bit Server VM (17.0.11+7-LTS-207) for windows-amd64 JRE (17.0.11+7-LTS-207), built on Mar 11 2024 19:01:50 by "mach5one" with MS VC++ 17.6 (VS2022)

END.
