#
# There is insufficient memory for the Java Runtime Environment to continue.
# Native memory allocation (malloc) failed to allocate 1972096 bytes for Chunk::new
# Possible reasons:
#   The system is out of physical RAM or swap space
#   The process is running with CompressedOops enabled, and the Java Heap may be blocking the growth of the native heap
# Possible solutions:
#   Reduce memory load on the system
#   Increase physical memory or swap space
#   Check if swap backing store is full
#   Decrease Java heap size (-Xmx/-Xms)
#   Decrease number of Java threads
#   Decrease Java thread stack sizes (-Xss)
#   Set larger code cache with -XX:ReservedCodeCacheSize=
#   JVM is running with Unscaled Compressed Oops mode in which the Java heap is
#     placed in the first 4GB address space. The Java Heap base address is the
#     maximum limit for the native heap growth. Please use -XX:HeapBaseMinAddress
#     to set the Java Heap base and to place the Java Heap above 4GB virtual address.
# This output file may be truncated or incomplete.
#
#  Out of Memory Error (arena.cpp:189), pid=25624, tid=15460
#
# JRE version: Java(TM) SE Runtime Environment (17.0.11+7) (build 17.0.11+7-LTS-207)
# Java VM: Java HotSpot(TM) 64-Bit Server VM (17.0.11+7-LTS-207, mixed mode, sharing, tiered, compressed oops, compressed class ptrs, g1 gc, windows-amd64)
# No core dump will be written. Minidumps are not enabled by default on client versions of Windows
#

---------------  S U M M A R Y ------------

Command Line: --add-opens=java.base/java.util=ALL-UNNAMED --add-opens=java.base/java.lang=ALL-UNNAMED --add-opens=java.base/java.lang.invoke=ALL-UNNAMED --add-opens=java.prefs/java.util.prefs=ALL-UNNAMED --add-exports=jdk.compiler/com.sun.tools.javac.api=ALL-UNNAMED --add-exports=jdk.compiler/com.sun.tools.javac.util=ALL-UNNAMED --add-opens=java.base/java.nio.charset=ALL-UNNAMED --add-opens=java.base/java.net=ALL-UNNAMED --add-opens=java.base/java.util.concurrent.atomic=ALL-UNNAMED -XX:MaxMetaspaceSize=384m -XX:+HeapDumpOnOutOfMemoryError -Xms256m -Xmx512m -Dfile.encoding=UTF-8 -Duser.country=KR -Duser.language=ko -Duser.variant -javaagent:C:\Users\ICT01-21\.gradle\wrapper\dists\gradle-8.10.1-bin\e90i968nv55tch01zkse4avv3\gradle-8.10.1\lib\agents\gradle-instrumentation-agent-8.10.1.jar org.gradle.launcher.daemon.bootstrap.GradleDaemon 8.10.1

Host: 13th Gen Intel(R) Core(TM) i7-13700, 24 cores, 15G,  Windows 11 , 64 bit Build 22621 (10.0.22621.3672)
Time: Mon Sep 30 17:01:30 2024  Windows 11 , 64 bit Build 22621 (10.0.22621.3672) elapsed time: 2.121105 seconds (0d 0h 0m 2s)

---------------  T H R E A D  ---------------

Current thread (0x000002c2d796e000):  JavaThread "C2 CompilerThread1" daemon [_thread_in_native, id=15460, stack(0x000000e788400000,0x000000e788500000)]


Current CompileTask:
C2:   2121 3538       4       java.net.URLClassLoader$1::run (5 bytes)

Stack: [0x000000e788400000,0x000000e788500000]
Native frames: (J=compiled Java code, j=interpreted, Vv=VM code, C=native code)
V  [jvm.dll+0x679cca]
V  [jvm.dll+0x7da13d]
V  [jvm.dll+0x7dba83]
V  [jvm.dll+0x7dc0f3]
V  [jvm.dll+0x2449af]
V  [jvm.dll+0xab83b]
V  [jvm.dll+0xabe1c]
V  [jvm.dll+0x3615ae]
V  [jvm.dll+0x32bd61]
V  [jvm.dll+0x32b1fa]
V  [jvm.dll+0x2161df]
V  [jvm.dll+0x21560f]
V  [jvm.dll+0x1a2040]
V  [jvm.dll+0x225a2b]
V  [jvm.dll+0x223bcb]
V  [jvm.dll+0x7903ec]
V  [jvm.dll+0x78a85a]
V  [jvm.dll+0x678bb5]
C  [ucrtbase.dll+0x29333]
C  [KERNEL32.DLL+0x1257d]
C  [ntdll.dll+0x5af28]


---------------  P R O C E S S  ---------------

Threads class SMR info:
_java_thread_list=0x000002c2f66be1f0, length=43, elements={
0x000002c2bb902560, 0x000002c2d77d8ff0, 0x000002c2d77d9e70, 0x000002c2d77f80a0,
0x000002c2d77f8b70, 0x000002c2d77f9730, 0x000002c2d77fc200, 0x000002c2d77fcef0,
0x000002c2d78059b0, 0x000002c2d78087d0, 0x000002c2d77c4630, 0x000002c2d790beb0,
0x000002c2d791c7c0, 0x000002c2d791cce0, 0x000002c2d796e000, 0x000002c2d7a5d320,
0x000002c2d7acfe20, 0x000002c2f10ddb00, 0x000002c2f14a4340, 0x000002c2f11e8510,
0x000002c2f2f72cb0, 0x000002c2f202c240, 0x000002c2f31da100, 0x000002c2f323c040,
0x000002c2f323c520, 0x000002c2f29364e0, 0x000002c2f29369f0, 0x000002c2f2937410,
0x000002c2f29350a0, 0x000002c2f2937920, 0x000002c2f2936f00, 0x000002c2f29355b0,
0x000002c2f2937e30, 0x000002c2f5943bb0, 0x000002c2f5947360, 0x000002c2f5946430,
0x000002c2f59487a0, 0x000002c2f5944ae0, 0x000002c2f5945f20, 0x000002c2f5946940,
0x000002c2f5941d50, 0x000002c2f59440c0, 0x000002c2f5946e50
}

Java Threads: ( => current thread )
  0x000002c2bb902560 JavaThread "main" [_thread_blocked, id=2632, stack(0x000000e787000000,0x000000e787100000)]
  0x000002c2d77d8ff0 JavaThread "Reference Handler" daemon [_thread_blocked, id=20444, stack(0x000000e787700000,0x000000e787800000)]
  0x000002c2d77d9e70 JavaThread "Finalizer" daemon [_thread_blocked, id=21948, stack(0x000000e787800000,0x000000e787900000)]
  0x000002c2d77f80a0 JavaThread "Signal Dispatcher" daemon [_thread_blocked, id=22592, stack(0x000000e787900000,0x000000e787a00000)]
  0x000002c2d77f8b70 JavaThread "Attach Listener" daemon [_thread_blocked, id=11184, stack(0x000000e787a00000,0x000000e787b00000)]
  0x000002c2d77f9730 JavaThread "Service Thread" daemon [_thread_blocked, id=18552, stack(0x000000e787b00000,0x000000e787c00000)]
  0x000002c2d77fc200 JavaThread "Monitor Deflation Thread" daemon [_thread_blocked, id=10012, stack(0x000000e787c00000,0x000000e787d00000)]
  0x000002c2d77fcef0 JavaThread "C2 CompilerThread0" daemon [_thread_in_native, id=15672, stack(0x000000e787d00000,0x000000e787e00000)]
  0x000002c2d78059b0 JavaThread "C1 CompilerThread0" daemon [_thread_in_vm, id=10504, stack(0x000000e787e00000,0x000000e787f00000)]
  0x000002c2d78087d0 JavaThread "Sweeper thread" daemon [_thread_blocked, id=13544, stack(0x000000e787f00000,0x000000e788000000)]
  0x000002c2d77c4630 JavaThread "Common-Cleaner" daemon [_thread_blocked, id=4040, stack(0x000000e788000000,0x000000e788100000)]
  0x000002c2d790beb0 JavaThread "C1 CompilerThread1" daemon [_thread_blocked, id=18096, stack(0x000000e788100000,0x000000e788200000)]
  0x000002c2d791c7c0 JavaThread "C1 CompilerThread2" daemon [_thread_blocked, id=20968, stack(0x000000e788200000,0x000000e788300000)]
  0x000002c2d791cce0 JavaThread "C1 CompilerThread3" daemon [_thread_blocked, id=19084, stack(0x000000e788300000,0x000000e788400000)]
=>0x000002c2d796e000 JavaThread "C2 CompilerThread1" daemon [_thread_in_native, id=15460, stack(0x000000e788400000,0x000000e788500000)]
  0x000002c2d7a5d320 JavaThread "Notification Thread" daemon [_thread_blocked, id=13112, stack(0x000000e788500000,0x000000e788600000)]
  0x000002c2d7acfe20 JavaThread "C2 CompilerThread2" daemon [_thread_in_native, id=11216, stack(0x000000e788700000,0x000000e788800000)]
  0x000002c2f10ddb00 JavaThread "C2 CompilerThread3" daemon [_thread_in_native, id=24968, stack(0x000000e788800000,0x000000e788900000)]
  0x000002c2f14a4340 JavaThread "C2 CompilerThread4" daemon [_thread_in_native, id=8488, stack(0x000000e788900000,0x000000e788a00000)]
  0x000002c2f11e8510 JavaThread "C2 CompilerThread5" daemon [_thread_in_native, id=14508, stack(0x000000e788a00000,0x000000e788b00000)]
  0x000002c2f2f72cb0 JavaThread "Daemon health stats" [_thread_blocked, id=25844, stack(0x000000e789000000,0x000000e789100000)]
  0x000002c2f202c240 JavaThread "Incoming local TCP Connector on port 60464" [_thread_in_native, id=14596, stack(0x000000e789100000,0x000000e789200000)]
  0x000002c2f31da100 JavaThread "Daemon periodic checks" [_thread_blocked, id=19124, stack(0x000000e789200000,0x000000e789300000)]
  0x000002c2f323c040 JavaThread "Daemon" [_thread_blocked, id=19472, stack(0x000000e789300000,0x000000e789400000)]
  0x000002c2f323c520 JavaThread "Handler for socket connection from /127.0.0.1:60464 to /127.0.0.1:60465" [_thread_in_native, id=18188, stack(0x000000e789400000,0x000000e789500000)]
  0x000002c2f29364e0 JavaThread "Cancel handler" [_thread_blocked, id=24888, stack(0x000000e789500000,0x000000e789600000)]
  0x000002c2f29369f0 JavaThread "Daemon worker" [_thread_in_vm, id=26468, stack(0x000000e789600000,0x000000e789700000)]
  0x000002c2f2937410 JavaThread "Asynchronous log dispatcher for DefaultDaemonConnection: socket connection from /127.0.0.1:60464 to /127.0.0.1:60465" [_thread_blocked, id=12356, stack(0x000000e789700000,0x000000e789800000)]
  0x000002c2f29350a0 JavaThread "Stdin handler" [_thread_blocked, id=7860, stack(0x000000e789800000,0x000000e789900000)]
  0x000002c2f2937920 JavaThread "Daemon client event forwarder" [_thread_blocked, id=18732, stack(0x000000e789900000,0x000000e789a00000)]
  0x000002c2f2936f00 JavaThread "Cache worker for journal cache (C:\Users\ICT01-21\.gradle\caches\journal-1)" [_thread_blocked, id=15644, stack(0x000000e789a00000,0x000000e789b00000)]
  0x000002c2f29355b0 JavaThread "File lock request listener" [_thread_in_native, id=9076, stack(0x000000e789b00000,0x000000e789c00000)]
  0x000002c2f2937e30 JavaThread "Cache worker for file hash cache (C:\Users\ICT01-21\.gradle\caches\8.10.1\fileHashes)" [_thread_blocked, id=24332, stack(0x000000e789c00000,0x000000e789d00000)]
  0x000002c2f5943bb0 JavaThread "Cache worker for file hash cache (C:\Users\ICT01-21\Desktop\JWTtest\.gradle\8.10.1\fileHashes)" [_thread_blocked, id=17372, stack(0x000000e789d00000,0x000000e789e00000)]
  0x000002c2f5947360 JavaThread "Cache worker for Build Output Cleanup Cache (C:\Users\ICT01-21\Desktop\JWTtest\.gradle\buildOutputCleanup)" [_thread_blocked, id=26064, stack(0x000000e789e00000,0x000000e789f00000)]
  0x000002c2f5946430 JavaThread "File watcher server" daemon [_thread_in_native, id=19304, stack(0x000000e78af00000,0x000000e78b000000)]
  0x000002c2f59487a0 JavaThread "File watcher consumer" daemon [_thread_blocked, id=11000, stack(0x000000e78b000000,0x000000e78b100000)]
  0x000002c2f5944ae0 JavaThread "Cache worker for checksums cache (C:\Users\ICT01-21\Desktop\JWTtest\.gradle\8.10.1\checksums)" [_thread_blocked, id=4448, stack(0x000000e78b100000,0x000000e78b200000)]
  0x000002c2f5945f20 JavaThread "Cache worker for file content cache (C:\Users\ICT01-21\.gradle\caches\8.10.1\fileContent)" [_thread_blocked, id=17984, stack(0x000000e78b200000,0x000000e78b300000)]
  0x000002c2f5946940 JavaThread "Cache worker for cache directory md-rule (C:\Users\ICT01-21\.gradle\caches\8.10.1\md-rule)" [_thread_blocked, id=20536, stack(0x000000e78b300000,0x000000e78b400000)]
  0x000002c2f5941d50 JavaThread "Cache worker for cache directory md-supplier (C:\Users\ICT01-21\.gradle\caches\8.10.1\md-supplier)" [_thread_blocked, id=2560, stack(0x000000e78b400000,0x000000e78b500000)]
  0x000002c2f59440c0 JavaThread "jar transforms" [_thread_blocked, id=11792, stack(0x000000e78b500000,0x000000e78b600000)]
  0x000002c2f5946e50 JavaThread "jar transforms Thread 2" [_thread_blocked, id=21268, stack(0x000000e78b600000,0x000000e78b700000)]

Other Threads:
  0x000002c2d77d23d0 VMThread "VM Thread" [stack: 0x000000e787600000,0x000000e787700000] [id=26244]
  0x000002c2bb9bef20 WatcherThread [stack: 0x000000e788600000,0x000000e788700000] [id=21344]
  0x000002c2bb935120 GCTaskThread "GC Thread#0" [stack: 0x000000e787100000,0x000000e787200000] [id=25544]
  0x000002c2f105ae70 GCTaskThread "GC Thread#1" [stack: 0x000000e788b00000,0x000000e788c00000] [id=15852]
  0x000002c2f1624990 GCTaskThread "GC Thread#2" [stack: 0x000000e788c00000,0x000000e788d00000] [id=15892]
  0x000002c2d7af2db0 GCTaskThread "GC Thread#3" [stack: 0x000000e788d00000,0x000000e788e00000] [id=23096]
  0x000002c2f1a03540 GCTaskThread "GC Thread#4" [stack: 0x000000e788e00000,0x000000e788f00000] [id=26060]
  0x000002c2f1761fe0 GCTaskThread "GC Thread#5" [stack: 0x000000e788f00000,0x000000e789000000] [id=14436]
  0x000002c2f6308570 GCTaskThread "GC Thread#6" [stack: 0x000000e789f00000,0x000000e78a000000] [id=20832]
  0x000002c2f63074f0 GCTaskThread "GC Thread#7" [stack: 0x000000e78a000000,0x000000e78a100000] [id=11036]
  0x000002c2f63069f0 GCTaskThread "GC Thread#8" [stack: 0x000000e78a100000,0x000000e78a200000] [id=9452]
  0x000002c2f6307ff0 GCTaskThread "GC Thread#9" [stack: 0x000000e78a200000,0x000000e78a300000] [id=18764]
  0x000002c2f63077b0 GCTaskThread "GC Thread#10" [stack: 0x000000e78a300000,0x000000e78a400000] [id=23752]
  0x000002c2f6307a70 GCTaskThread "GC Thread#11" [stack: 0x000000e78a400000,0x000000e78a500000] [id=23660]
  0x000002c2f6307d30 GCTaskThread "GC Thread#12" [stack: 0x000000e78a500000,0x000000e78a600000] [id=3216]
  0x000002c2f63082b0 GCTaskThread "GC Thread#13" [stack: 0x000000e78a600000,0x000000e78a700000] [id=10384]
  0x000002c2f6306cb0 GCTaskThread "GC Thread#14" [stack: 0x000000e78a700000,0x000000e78a800000] [id=26240]
  0x000002c2f6306f70 GCTaskThread "GC Thread#15" [stack: 0x000000e78a800000,0x000000e78a900000] [id=12812]
  0x000002c2f6307230 GCTaskThread "GC Thread#16" [stack: 0x000000e78a900000,0x000000e78aa00000] [id=25856]
  0x000002c2f683fea0 GCTaskThread "GC Thread#17" [stack: 0x000000e78aa00000,0x000000e78ab00000] [id=6080]
  0x000002c2bb91ffd0 ConcurrentGCThread "G1 Main Marker" [stack: 0x000000e787200000,0x000000e787300000] [id=19732]
  0x000002c2bb93b860 ConcurrentGCThread "G1 Conc#0" [stack: 0x000000e787300000,0x000000e787400000] [id=7388]
  0x000002c2f6841ce0 ConcurrentGCThread "G1 Conc#1" [stack: 0x000000e78ab00000,0x000000e78ac00000] [id=22376]
  0x000002c2f683ee20 ConcurrentGCThread "G1 Conc#2" [stack: 0x000000e78ac00000,0x000000e78ad00000] [id=24224]
  0x000002c2f683e060 ConcurrentGCThread "G1 Conc#3" [stack: 0x000000e78ad00000,0x000000e78ae00000] [id=19768]
  0x000002c2f6841a20 ConcurrentGCThread "G1 Conc#4" [stack: 0x000000e78ae00000,0x000000e78af00000] [id=24232]
  0x000002c2d769a210 ConcurrentGCThread "G1 Refine#0" [stack: 0x000000e787400000,0x000000e787500000] [id=17736]
  0x000002c2d769aa50 ConcurrentGCThread "G1 Service" [stack: 0x000000e787500000,0x000000e787600000] [id=24732]

Threads with active compile tasks:
C2 CompilerThread0     2136 3555   !   4       java.lang.ClassLoader::loadClass (121 bytes)
C1 CompilerThread0     2136 3692       1       java.util.LinkedList::size (5 bytes)
C1 CompilerThread2     2136 3690   !   3       org.codehaus.groovy.util.LazyReference::getLocked (85 bytes)
C2 CompilerThread1     2136 3538       4       java.net.URLClassLoader$1::run (5 bytes)
C2 CompilerThread2     2136 3663   !   4       java.util.concurrent.ConcurrentHashMap::transfer (849 bytes)
C2 CompilerThread3     2136 3593  s!   4       jdk.internal.loader.URLClassPath::getLoader (194 bytes)
C2 CompilerThread4     2136 3540   !   4       java.net.URLClassLoader$1::run (81 bytes)
C2 CompilerThread5     2136 3536   !   4       java.net.URLClassLoader::findClass (47 bytes)

VM state: not at safepoint (normal execution)

VM Mutex/Monitor currently owned by a thread: None

Heap address: 0x00000000e0000000, size: 512 MB, Compressed Oops mode: 32-bit

CDS archive(s) mapped at: [0x000002c2d8000000-0x000002c2d8bd0000-0x000002c2d8bd0000), size 12386304, SharedBaseAddress: 0x000002c2d8000000, ArchiveRelocationMode: 1.
Compressed class space mapped at: 0x000002c2d9000000-0x000002c2ed000000, reserved size: 335544320
Narrow klass base: 0x000002c2d8000000, Narrow klass shift: 0, Narrow klass range: 0x100000000

GC Precious Log:
 CPUs: 24 total, 24 available
 Memory: 16060M
 Large Page Support: Disabled
 NUMA Support: Disabled
 Compressed Oops: Enabled (32-bit)
 Heap Region Size: 1M
 Heap Min Capacity: 256M
 Heap Initial Capacity: 256M
 Heap Max Capacity: 512M
 Pre-touch: Disabled
 Parallel Workers: 18
 Concurrent Workers: 5
 Concurrent Refinement Workers: 18
 Periodic GC: Disabled

Heap:
 garbage-first heap   total 262144K, used 88656K [0x00000000e0000000, 0x0000000100000000)
  region size 1024K, 75 young (76800K), 12 survivors (12288K)
 Metaspace       used 29084K, committed 29504K, reserved 393216K
  class space    used 4348K, committed 4544K, reserved 327680K

Heap Regions: E=young(eden), S=young(survivor), O=old, HS=humongous(starts), HC=humongous(continues), CS=collection set, F=free, OA=open archive, CA=closed archive, TAMS=top-at-mark-start (previous, next)
|   0|0x00000000e0000000, 0x00000000e0100000, 0x00000000e0100000|100%| O|  |TAMS 0x00000000e0100000, 0x00000000e0000000| Untracked 
|   1|0x00000000e0100000, 0x00000000e0200000, 0x00000000e0200000|100%|HS|  |TAMS 0x00000000e0200000, 0x00000000e0100000| Complete 
|   2|0x00000000e0200000, 0x00000000e0300000, 0x00000000e0300000|100%|HC|  |TAMS 0x00000000e0300000, 0x00000000e0200000| Complete 
|   3|0x00000000e0300000, 0x00000000e0400000, 0x00000000e0400000|100%|HC|  |TAMS 0x00000000e0400000, 0x00000000e0300000| Complete 
|   4|0x00000000e0400000, 0x00000000e0500000, 0x00000000e0500000|100%|HC|  |TAMS 0x00000000e0500000, 0x00000000e0400000| Complete 
|   5|0x00000000e0500000, 0x00000000e0600000, 0x00000000e0600000|100%| O|  |TAMS 0x00000000e0600000, 0x00000000e0500000| Untracked 
|   6|0x00000000e0600000, 0x00000000e0700000, 0x00000000e0700000|100%| O|  |TAMS 0x00000000e0700000, 0x00000000e0600000| Untracked 
|   7|0x00000000e0700000, 0x00000000e0800000, 0x00000000e0800000|100%| O|  |TAMS 0x00000000e0800000, 0x00000000e0700000| Untracked 
|   8|0x00000000e0800000, 0x00000000e0900000, 0x00000000e0900000|100%|HS|  |TAMS 0x00000000e0900000, 0x00000000e0800000| Complete 
|   9|0x00000000e0900000, 0x00000000e0900000, 0x00000000e0a00000|  0%| F|  |TAMS 0x00000000e0900000, 0x00000000e0900000| Untracked 
|  10|0x00000000e0a00000, 0x00000000e0b00000, 0x00000000e0b00000|100%| O|  |TAMS 0x00000000e0b00000, 0x00000000e0a00000| Untracked 
|  11|0x00000000e0b00000, 0x00000000e0c00000, 0x00000000e0c00000|100%| O|  |TAMS 0x00000000e0c00000, 0x00000000e0b00000| Untracked 
|  12|0x00000000e0c00000, 0x00000000e0d00000, 0x00000000e0d00000|100%| O|  |TAMS 0x00000000e0d00000, 0x00000000e0c00000| Untracked 
|  13|0x00000000e0d00000, 0x00000000e0dce200, 0x00000000e0e00000| 80%| O|  |TAMS 0x00000000e0dce200, 0x00000000e0d00000| Untracked 
|  14|0x00000000e0e00000, 0x00000000e0e00000, 0x00000000e0f00000|  0%| F|  |TAMS 0x00000000e0e00000, 0x00000000e0e00000| Untracked 
|  15|0x00000000e0f00000, 0x00000000e0f00000, 0x00000000e1000000|  0%| F|  |TAMS 0x00000000e0f00000, 0x00000000e0f00000| Untracked 
|  16|0x00000000e1000000, 0x00000000e1000000, 0x00000000e1100000|  0%| F|  |TAMS 0x00000000e1000000, 0x00000000e1000000| Untracked 
|  17|0x00000000e1100000, 0x00000000e1100000, 0x00000000e1200000|  0%| F|  |TAMS 0x00000000e1100000, 0x00000000e1100000| Untracked 
|  18|0x00000000e1200000, 0x00000000e1200000, 0x00000000e1300000|  0%| F|  |TAMS 0x00000000e1200000, 0x00000000e1200000| Untracked 
|  19|0x00000000e1300000, 0x00000000e1300000, 0x00000000e1400000|  0%| F|  |TAMS 0x00000000e1300000, 0x00000000e1300000| Untracked 
|  20|0x00000000e1400000, 0x00000000e1400000, 0x00000000e1500000|  0%| F|  |TAMS 0x00000000e1400000, 0x00000000e1400000| Untracked 
|  21|0x00000000e1500000, 0x00000000e1500000, 0x00000000e1600000|  0%| F|  |TAMS 0x00000000e1500000, 0x00000000e1500000| Untracked 
|  22|0x00000000e1600000, 0x00000000e1600000, 0x00000000e1700000|  0%| F|  |TAMS 0x00000000e1600000, 0x00000000e1600000| Untracked 
|  23|0x00000000e1700000, 0x00000000e1700000, 0x00000000e1800000|  0%| F|  |TAMS 0x00000000e1700000, 0x00000000e1700000| Untracked 
|  24|0x00000000e1800000, 0x00000000e1800000, 0x00000000e1900000|  0%| F|  |TAMS 0x00000000e1800000, 0x00000000e1800000| Untracked 
|  25|0x00000000e1900000, 0x00000000e1900000, 0x00000000e1a00000|  0%| F|  |TAMS 0x00000000e1900000, 0x00000000e1900000| Untracked 
|  26|0x00000000e1a00000, 0x00000000e1a00000, 0x00000000e1b00000|  0%| F|  |TAMS 0x00000000e1a00000, 0x00000000e1a00000| Untracked 
|  27|0x00000000e1b00000, 0x00000000e1b00000, 0x00000000e1c00000|  0%| F|  |TAMS 0x00000000e1b00000, 0x00000000e1b00000| Untracked 
|  28|0x00000000e1c00000, 0x00000000e1c00000, 0x00000000e1d00000|  0%| F|  |TAMS 0x00000000e1c00000, 0x00000000e1c00000| Untracked 
|  29|0x00000000e1d00000, 0x00000000e1d00000, 0x00000000e1e00000|  0%| F|  |TAMS 0x00000000e1d00000, 0x00000000e1d00000| Untracked 
|  30|0x00000000e1e00000, 0x00000000e1e00000, 0x00000000e1f00000|  0%| F|  |TAMS 0x00000000e1e00000, 0x00000000e1e00000| Untracked 
|  31|0x00000000e1f00000, 0x00000000e1f00000, 0x00000000e2000000|  0%| F|  |TAMS 0x00000000e1f00000, 0x00000000e1f00000| Untracked 
|  32|0x00000000e2000000, 0x00000000e2000000, 0x00000000e2100000|  0%| F|  |TAMS 0x00000000e2000000, 0x00000000e2000000| Untracked 
|  33|0x00000000e2100000, 0x00000000e2100000, 0x00000000e2200000|  0%| F|  |TAMS 0x00000000e2100000, 0x00000000e2100000| Untracked 
|  34|0x00000000e2200000, 0x00000000e2200000, 0x00000000e2300000|  0%| F|  |TAMS 0x00000000e2200000, 0x00000000e2200000| Untracked 
|  35|0x00000000e2300000, 0x00000000e2300000, 0x00000000e2400000|  0%| F|  |TAMS 0x00000000e2300000, 0x00000000e2300000| Untracked 
|  36|0x00000000e2400000, 0x00000000e2400000, 0x00000000e2500000|  0%| F|  |TAMS 0x00000000e2400000, 0x00000000e2400000| Untracked 
|  37|0x00000000e2500000, 0x00000000e2500000, 0x00000000e2600000|  0%| F|  |TAMS 0x00000000e2500000, 0x00000000e2500000| Untracked 
|  38|0x00000000e2600000, 0x00000000e2600000, 0x00000000e2700000|  0%| F|  |TAMS 0x00000000e2600000, 0x00000000e2600000| Untracked 
|  39|0x00000000e2700000, 0x00000000e2700000, 0x00000000e2800000|  0%| F|  |TAMS 0x00000000e2700000, 0x00000000e2700000| Untracked 
|  40|0x00000000e2800000, 0x00000000e2800000, 0x00000000e2900000|  0%| F|  |TAMS 0x00000000e2800000, 0x00000000e2800000| Untracked 
|  41|0x00000000e2900000, 0x00000000e2900000, 0x00000000e2a00000|  0%| F|  |TAMS 0x00000000e2900000, 0x00000000e2900000| Untracked 
|  42|0x00000000e2a00000, 0x00000000e2a00000, 0x00000000e2b00000|  0%| F|  |TAMS 0x00000000e2a00000, 0x00000000e2a00000| Untracked 
|  43|0x00000000e2b00000, 0x00000000e2b00000, 0x00000000e2c00000|  0%| F|  |TAMS 0x00000000e2b00000, 0x00000000e2b00000| Untracked 
|  44|0x00000000e2c00000, 0x00000000e2c00000, 0x00000000e2d00000|  0%| F|  |TAMS 0x00000000e2c00000, 0x00000000e2c00000| Untracked 
|  45|0x00000000e2d00000, 0x00000000e2d00000, 0x00000000e2e00000|  0%| F|  |TAMS 0x00000000e2d00000, 0x00000000e2d00000| Untracked 
|  46|0x00000000e2e00000, 0x00000000e2e00000, 0x00000000e2f00000|  0%| F|  |TAMS 0x00000000e2e00000, 0x00000000e2e00000| Untracked 
|  47|0x00000000e2f00000, 0x00000000e2f00000, 0x00000000e3000000|  0%| F|  |TAMS 0x00000000e2f00000, 0x00000000e2f00000| Untracked 
|  48|0x00000000e3000000, 0x00000000e3000000, 0x00000000e3100000|  0%| F|  |TAMS 0x00000000e3000000, 0x00000000e3000000| Untracked 
|  49|0x00000000e3100000, 0x00000000e3100000, 0x00000000e3200000|  0%| F|  |TAMS 0x00000000e3100000, 0x00000000e3100000| Untracked 
|  50|0x00000000e3200000, 0x00000000e3200000, 0x00000000e3300000|  0%| F|  |TAMS 0x00000000e3200000, 0x00000000e3200000| Untracked 
|  51|0x00000000e3300000, 0x00000000e3300000, 0x00000000e3400000|  0%| F|  |TAMS 0x00000000e3300000, 0x00000000e3300000| Untracked 
|  52|0x00000000e3400000, 0x00000000e3400000, 0x00000000e3500000|  0%| F|  |TAMS 0x00000000e3400000, 0x00000000e3400000| Untracked 
|  53|0x00000000e3500000, 0x00000000e3500000, 0x00000000e3600000|  0%| F|  |TAMS 0x00000000e3500000, 0x00000000e3500000| Untracked 
|  54|0x00000000e3600000, 0x00000000e3600000, 0x00000000e3700000|  0%| F|  |TAMS 0x00000000e3600000, 0x00000000e3600000| Untracked 
|  55|0x00000000e3700000, 0x00000000e3700000, 0x00000000e3800000|  0%| F|  |TAMS 0x00000000e3700000, 0x00000000e3700000| Untracked 
|  56|0x00000000e3800000, 0x00000000e3800000, 0x00000000e3900000|  0%| F|  |TAMS 0x00000000e3800000, 0x00000000e3800000| Untracked 
|  57|0x00000000e3900000, 0x00000000e3900000, 0x00000000e3a00000|  0%| F|  |TAMS 0x00000000e3900000, 0x00000000e3900000| Untracked 
|  58|0x00000000e3a00000, 0x00000000e3a00000, 0x00000000e3b00000|  0%| F|  |TAMS 0x00000000e3a00000, 0x00000000e3a00000| Untracked 
|  59|0x00000000e3b00000, 0x00000000e3b00000, 0x00000000e3c00000|  0%| F|  |TAMS 0x00000000e3b00000, 0x00000000e3b00000| Untracked 
|  60|0x00000000e3c00000, 0x00000000e3c00000, 0x00000000e3d00000|  0%| F|  |TAMS 0x00000000e3c00000, 0x00000000e3c00000| Untracked 
|  61|0x00000000e3d00000, 0x00000000e3d00000, 0x00000000e3e00000|  0%| F|  |TAMS 0x00000000e3d00000, 0x00000000e3d00000| Untracked 
|  62|0x00000000e3e00000, 0x00000000e3e00000, 0x00000000e3f00000|  0%| F|  |TAMS 0x00000000e3e00000, 0x00000000e3e00000| Untracked 
|  63|0x00000000e3f00000, 0x00000000e3f00000, 0x00000000e4000000|  0%| F|  |TAMS 0x00000000e3f00000, 0x00000000e3f00000| Untracked 
|  64|0x00000000e4000000, 0x00000000e4000000, 0x00000000e4100000|  0%| F|  |TAMS 0x00000000e4000000, 0x00000000e4000000| Untracked 
|  65|0x00000000e4100000, 0x00000000e4100000, 0x00000000e4200000|  0%| F|  |TAMS 0x00000000e4100000, 0x00000000e4100000| Untracked 
|  66|0x00000000e4200000, 0x00000000e4200000, 0x00000000e4300000|  0%| F|  |TAMS 0x00000000e4200000, 0x00000000e4200000| Untracked 
|  67|0x00000000e4300000, 0x00000000e4300000, 0x00000000e4400000|  0%| F|  |TAMS 0x00000000e4300000, 0x00000000e4300000| Untracked 
|  68|0x00000000e4400000, 0x00000000e4400000, 0x00000000e4500000|  0%| F|  |TAMS 0x00000000e4400000, 0x00000000e4400000| Untracked 
|  69|0x00000000e4500000, 0x00000000e4500000, 0x00000000e4600000|  0%| F|  |TAMS 0x00000000e4500000, 0x00000000e4500000| Untracked 
|  70|0x00000000e4600000, 0x00000000e4600000, 0x00000000e4700000|  0%| F|  |TAMS 0x00000000e4600000, 0x00000000e4600000| Untracked 
|  71|0x00000000e4700000, 0x00000000e4700000, 0x00000000e4800000|  0%| F|  |TAMS 0x00000000e4700000, 0x00000000e4700000| Untracked 
|  72|0x00000000e4800000, 0x00000000e4800000, 0x00000000e4900000|  0%| F|  |TAMS 0x00000000e4800000, 0x00000000e4800000| Untracked 
|  73|0x00000000e4900000, 0x00000000e4900000, 0x00000000e4a00000|  0%| F|  |TAMS 0x00000000e4900000, 0x00000000e4900000| Untracked 
|  74|0x00000000e4a00000, 0x00000000e4a00000, 0x00000000e4b00000|  0%| F|  |TAMS 0x00000000e4a00000, 0x00000000e4a00000| Untracked 
|  75|0x00000000e4b00000, 0x00000000e4b00000, 0x00000000e4c00000|  0%| F|  |TAMS 0x00000000e4b00000, 0x00000000e4b00000| Untracked 
|  76|0x00000000e4c00000, 0x00000000e4c00000, 0x00000000e4d00000|  0%| F|  |TAMS 0x00000000e4c00000, 0x00000000e4c00000| Untracked 
|  77|0x00000000e4d00000, 0x00000000e4d00000, 0x00000000e4e00000|  0%| F|  |TAMS 0x00000000e4d00000, 0x00000000e4d00000| Untracked 
|  78|0x00000000e4e00000, 0x00000000e4e00000, 0x00000000e4f00000|  0%| F|  |TAMS 0x00000000e4e00000, 0x00000000e4e00000| Untracked 
|  79|0x00000000e4f00000, 0x00000000e4f00000, 0x00000000e5000000|  0%| F|  |TAMS 0x00000000e4f00000, 0x00000000e4f00000| Untracked 
|  80|0x00000000e5000000, 0x00000000e5000000, 0x00000000e5100000|  0%| F|  |TAMS 0x00000000e5000000, 0x00000000e5000000| Untracked 
|  81|0x00000000e5100000, 0x00000000e5100000, 0x00000000e5200000|  0%| F|  |TAMS 0x00000000e5100000, 0x00000000e5100000| Untracked 
|  82|0x00000000e5200000, 0x00000000e5200000, 0x00000000e5300000|  0%| F|  |TAMS 0x00000000e5200000, 0x00000000e5200000| Untracked 
|  83|0x00000000e5300000, 0x00000000e5300000, 0x00000000e5400000|  0%| F|  |TAMS 0x00000000e5300000, 0x00000000e5300000| Untracked 
|  84|0x00000000e5400000, 0x00000000e5400000, 0x00000000e5500000|  0%| F|  |TAMS 0x00000000e5400000, 0x00000000e5400000| Untracked 
|  85|0x00000000e5500000, 0x00000000e5500000, 0x00000000e5600000|  0%| F|  |TAMS 0x00000000e5500000, 0x00000000e5500000| Untracked 
|  86|0x00000000e5600000, 0x00000000e5600000, 0x00000000e5700000|  0%| F|  |TAMS 0x00000000e5600000, 0x00000000e5600000| Untracked 
|  87|0x00000000e5700000, 0x00000000e5700000, 0x00000000e5800000|  0%| F|  |TAMS 0x00000000e5700000, 0x00000000e5700000| Untracked 
|  88|0x00000000e5800000, 0x00000000e5800000, 0x00000000e5900000|  0%| F|  |TAMS 0x00000000e5800000, 0x00000000e5800000| Untracked 
|  89|0x00000000e5900000, 0x00000000e5900000, 0x00000000e5a00000|  0%| F|  |TAMS 0x00000000e5900000, 0x00000000e5900000| Untracked 
|  90|0x00000000e5a00000, 0x00000000e5a00000, 0x00000000e5b00000|  0%| F|  |TAMS 0x00000000e5a00000, 0x00000000e5a00000| Untracked 
|  91|0x00000000e5b00000, 0x00000000e5b00000, 0x00000000e5c00000|  0%| F|  |TAMS 0x00000000e5b00000, 0x00000000e5b00000| Untracked 
|  92|0x00000000e5c00000, 0x00000000e5c00000, 0x00000000e5d00000|  0%| F|  |TAMS 0x00000000e5c00000, 0x00000000e5c00000| Untracked 
|  93|0x00000000e5d00000, 0x00000000e5d00000, 0x00000000e5e00000|  0%| F|  |TAMS 0x00000000e5d00000, 0x00000000e5d00000| Untracked 
|  94|0x00000000e5e00000, 0x00000000e5e00000, 0x00000000e5f00000|  0%| F|  |TAMS 0x00000000e5e00000, 0x00000000e5e00000| Untracked 
|  95|0x00000000e5f00000, 0x00000000e5f00000, 0x00000000e6000000|  0%| F|  |TAMS 0x00000000e5f00000, 0x00000000e5f00000| Untracked 
|  96|0x00000000e6000000, 0x00000000e6000000, 0x00000000e6100000|  0%| F|  |TAMS 0x00000000e6000000, 0x00000000e6000000| Untracked 
|  97|0x00000000e6100000, 0x00000000e6100000, 0x00000000e6200000|  0%| F|  |TAMS 0x00000000e6100000, 0x00000000e6100000| Untracked 
|  98|0x00000000e6200000, 0x00000000e6200000, 0x00000000e6300000|  0%| F|  |TAMS 0x00000000e6200000, 0x00000000e6200000| Untracked 
|  99|0x00000000e6300000, 0x00000000e6300000, 0x00000000e6400000|  0%| F|  |TAMS 0x00000000e6300000, 0x00000000e6300000| Untracked 
| 100|0x00000000e6400000, 0x00000000e6400000, 0x00000000e6500000|  0%| F|  |TAMS 0x00000000e6400000, 0x00000000e6400000| Untracked 
| 101|0x00000000e6500000, 0x00000000e6500000, 0x00000000e6600000|  0%| F|  |TAMS 0x00000000e6500000, 0x00000000e6500000| Untracked 
| 102|0x00000000e6600000, 0x00000000e6600000, 0x00000000e6700000|  0%| F|  |TAMS 0x00000000e6600000, 0x00000000e6600000| Untracked 
| 103|0x00000000e6700000, 0x00000000e6700000, 0x00000000e6800000|  0%| F|  |TAMS 0x00000000e6700000, 0x00000000e6700000| Untracked 
| 104|0x00000000e6800000, 0x00000000e6800000, 0x00000000e6900000|  0%| F|  |TAMS 0x00000000e6800000, 0x00000000e6800000| Untracked 
| 105|0x00000000e6900000, 0x00000000e6900000, 0x00000000e6a00000|  0%| F|  |TAMS 0x00000000e6900000, 0x00000000e6900000| Untracked 
| 106|0x00000000e6a00000, 0x00000000e6a00000, 0x00000000e6b00000|  0%| F|  |TAMS 0x00000000e6a00000, 0x00000000e6a00000| Untracked 
| 107|0x00000000e6b00000, 0x00000000e6b00000, 0x00000000e6c00000|  0%| F|  |TAMS 0x00000000e6b00000, 0x00000000e6b00000| Untracked 
| 108|0x00000000e6c00000, 0x00000000e6c00000, 0x00000000e6d00000|  0%| F|  |TAMS 0x00000000e6c00000, 0x00000000e6c00000| Untracked 
| 109|0x00000000e6d00000, 0x00000000e6d00000, 0x00000000e6e00000|  0%| F|  |TAMS 0x00000000e6d00000, 0x00000000e6d00000| Untracked 
| 110|0x00000000e6e00000, 0x00000000e6e00000, 0x00000000e6f00000|  0%| F|  |TAMS 0x00000000e6e00000, 0x00000000e6e00000| Untracked 
| 111|0x00000000e6f00000, 0x00000000e6f00000, 0x00000000e7000000|  0%| F|  |TAMS 0x00000000e6f00000, 0x00000000e6f00000| Untracked 
| 112|0x00000000e7000000, 0x00000000e7000000, 0x00000000e7100000|  0%| F|  |TAMS 0x00000000e7000000, 0x00000000e7000000| Untracked 
| 113|0x00000000e7100000, 0x00000000e7100000, 0x00000000e7200000|  0%| F|  |TAMS 0x00000000e7100000, 0x00000000e7100000| Untracked 
| 114|0x00000000e7200000, 0x00000000e7200000, 0x00000000e7300000|  0%| F|  |TAMS 0x00000000e7200000, 0x00000000e7200000| Untracked 
| 115|0x00000000e7300000, 0x00000000e7300000, 0x00000000e7400000|  0%| F|  |TAMS 0x00000000e7300000, 0x00000000e7300000| Untracked 
| 116|0x00000000e7400000, 0x00000000e7400000, 0x00000000e7500000|  0%| F|  |TAMS 0x00000000e7400000, 0x00000000e7400000| Untracked 
| 117|0x00000000e7500000, 0x00000000e7500000, 0x00000000e7600000|  0%| F|  |TAMS 0x00000000e7500000, 0x00000000e7500000| Untracked 
| 118|0x00000000e7600000, 0x00000000e7600000, 0x00000000e7700000|  0%| F|  |TAMS 0x00000000e7600000, 0x00000000e7600000| Untracked 
| 119|0x00000000e7700000, 0x00000000e7700000, 0x00000000e7800000|  0%| F|  |TAMS 0x00000000e7700000, 0x00000000e7700000| Untracked 
| 120|0x00000000e7800000, 0x00000000e7800000, 0x00000000e7900000|  0%| F|  |TAMS 0x00000000e7800000, 0x00000000e7800000| Untracked 
| 121|0x00000000e7900000, 0x00000000e7900000, 0x00000000e7a00000|  0%| F|  |TAMS 0x00000000e7900000, 0x00000000e7900000| Untracked 
| 122|0x00000000e7a00000, 0x00000000e7a00000, 0x00000000e7b00000|  0%| F|  |TAMS 0x00000000e7a00000, 0x00000000e7a00000| Untracked 
| 123|0x00000000e7b00000, 0x00000000e7b00000, 0x00000000e7c00000|  0%| F|  |TAMS 0x00000000e7b00000, 0x00000000e7b00000| Untracked 
| 124|0x00000000e7c00000, 0x00000000e7c00000, 0x00000000e7d00000|  0%| F|  |TAMS 0x00000000e7c00000, 0x00000000e7c00000| Untracked 
| 125|0x00000000e7d00000, 0x00000000e7d00000, 0x00000000e7e00000|  0%| F|  |TAMS 0x00000000e7d00000, 0x00000000e7d00000| Untracked 
| 126|0x00000000e7e00000, 0x00000000e7e00000, 0x00000000e7f00000|  0%| F|  |TAMS 0x00000000e7e00000, 0x00000000e7e00000| Untracked 
| 127|0x00000000e7f00000, 0x00000000e7f00000, 0x00000000e8000000|  0%| F|  |TAMS 0x00000000e7f00000, 0x00000000e7f00000| Untracked 
| 128|0x00000000e8000000, 0x00000000e8000000, 0x00000000e8100000|  0%| F|  |TAMS 0x00000000e8000000, 0x00000000e8000000| Untracked 
| 129|0x00000000e8100000, 0x00000000e8100000, 0x00000000e8200000|  0%| F|  |TAMS 0x00000000e8100000, 0x00000000e8100000| Untracked 
| 130|0x00000000e8200000, 0x00000000e8200000, 0x00000000e8300000|  0%| F|  |TAMS 0x00000000e8200000, 0x00000000e8200000| Untracked 
| 131|0x00000000e8300000, 0x00000000e8300000, 0x00000000e8400000|  0%| F|  |TAMS 0x00000000e8300000, 0x00000000e8300000| Untracked 
| 132|0x00000000e8400000, 0x00000000e8400000, 0x00000000e8500000|  0%| F|  |TAMS 0x00000000e8400000, 0x00000000e8400000| Untracked 
| 133|0x00000000e8500000, 0x00000000e8500000, 0x00000000e8600000|  0%| F|  |TAMS 0x00000000e8500000, 0x00000000e8500000| Untracked 
| 134|0x00000000e8600000, 0x00000000e8600000, 0x00000000e8700000|  0%| F|  |TAMS 0x00000000e8600000, 0x00000000e8600000| Untracked 
| 135|0x00000000e8700000, 0x00000000e87c61f0, 0x00000000e8800000| 77%| S|CS|TAMS 0x00000000e8700000, 0x00000000e8700000| Complete 
| 136|0x00000000e8800000, 0x00000000e8900000, 0x00000000e8900000|100%| S|CS|TAMS 0x00000000e8800000, 0x00000000e8800000| Complete 
| 137|0x00000000e8900000, 0x00000000e8a00000, 0x00000000e8a00000|100%| S|CS|TAMS 0x00000000e8900000, 0x00000000e8900000| Complete 
| 138|0x00000000e8a00000, 0x00000000e8b00000, 0x00000000e8b00000|100%| S|CS|TAMS 0x00000000e8a00000, 0x00000000e8a00000| Complete 
| 139|0x00000000e8b00000, 0x00000000e8c00000, 0x00000000e8c00000|100%| S|CS|TAMS 0x00000000e8b00000, 0x00000000e8b00000| Complete 
| 140|0x00000000e8c00000, 0x00000000e8d00000, 0x00000000e8d00000|100%| S|CS|TAMS 0x00000000e8c00000, 0x00000000e8c00000| Complete 
| 141|0x00000000e8d00000, 0x00000000e8e00000, 0x00000000e8e00000|100%| S|CS|TAMS 0x00000000e8d00000, 0x00000000e8d00000| Complete 
| 142|0x00000000e8e00000, 0x00000000e8f00000, 0x00000000e8f00000|100%| S|CS|TAMS 0x00000000e8e00000, 0x00000000e8e00000| Complete 
| 143|0x00000000e8f00000, 0x00000000e9000000, 0x00000000e9000000|100%| S|CS|TAMS 0x00000000e8f00000, 0x00000000e8f00000| Complete 
| 144|0x00000000e9000000, 0x00000000e9100000, 0x00000000e9100000|100%| S|CS|TAMS 0x00000000e9000000, 0x00000000e9000000| Complete 
| 145|0x00000000e9100000, 0x00000000e9200000, 0x00000000e9200000|100%| S|CS|TAMS 0x00000000e9100000, 0x00000000e9100000| Complete 
| 146|0x00000000e9200000, 0x00000000e9300000, 0x00000000e9300000|100%| S|CS|TAMS 0x00000000e9200000, 0x00000000e9200000| Complete 
| 147|0x00000000e9300000, 0x00000000e9300000, 0x00000000e9400000|  0%| F|  |TAMS 0x00000000e9300000, 0x00000000e9300000| Untracked 
| 148|0x00000000e9400000, 0x00000000e9400000, 0x00000000e9500000|  0%| F|  |TAMS 0x00000000e9400000, 0x00000000e9400000| Untracked 
| 149|0x00000000e9500000, 0x00000000e9500000, 0x00000000e9600000|  0%| F|  |TAMS 0x00000000e9500000, 0x00000000e9500000| Untracked 
| 150|0x00000000e9600000, 0x00000000e9600000, 0x00000000e9700000|  0%| F|  |TAMS 0x00000000e9600000, 0x00000000e9600000| Untracked 
| 151|0x00000000e9700000, 0x00000000e9700000, 0x00000000e9800000|  0%| F|  |TAMS 0x00000000e9700000, 0x00000000e9700000| Untracked 
| 152|0x00000000e9800000, 0x00000000e9800000, 0x00000000e9900000|  0%| F|  |TAMS 0x00000000e9800000, 0x00000000e9800000| Untracked 
| 153|0x00000000e9900000, 0x00000000e9900000, 0x00000000e9a00000|  0%| F|  |TAMS 0x00000000e9900000, 0x00000000e9900000| Untracked 
| 154|0x00000000e9a00000, 0x00000000e9a00000, 0x00000000e9b00000|  0%| F|  |TAMS 0x00000000e9a00000, 0x00000000e9a00000| Untracked 
| 155|0x00000000e9b00000, 0x00000000e9b00000, 0x00000000e9c00000|  0%| F|  |TAMS 0x00000000e9b00000, 0x00000000e9b00000| Untracked 
| 156|0x00000000e9c00000, 0x00000000e9c00000, 0x00000000e9d00000|  0%| F|  |TAMS 0x00000000e9c00000, 0x00000000e9c00000| Untracked 
| 157|0x00000000e9d00000, 0x00000000e9d00000, 0x00000000e9e00000|  0%| F|  |TAMS 0x00000000e9d00000, 0x00000000e9d00000| Untracked 
| 158|0x00000000e9e00000, 0x00000000e9e00000, 0x00000000e9f00000|  0%| F|  |TAMS 0x00000000e9e00000, 0x00000000e9e00000| Untracked 
| 159|0x00000000e9f00000, 0x00000000e9f00000, 0x00000000ea000000|  0%| F|  |TAMS 0x00000000e9f00000, 0x00000000e9f00000| Untracked 
| 160|0x00000000ea000000, 0x00000000ea000000, 0x00000000ea100000|  0%| F|  |TAMS 0x00000000ea000000, 0x00000000ea000000| Untracked 
| 161|0x00000000ea100000, 0x00000000ea100000, 0x00000000ea200000|  0%| F|  |TAMS 0x00000000ea100000, 0x00000000ea100000| Untracked 
| 162|0x00000000ea200000, 0x00000000ea200000, 0x00000000ea300000|  0%| F|  |TAMS 0x00000000ea200000, 0x00000000ea200000| Untracked 
| 163|0x00000000ea300000, 0x00000000ea300000, 0x00000000ea400000|  0%| F|  |TAMS 0x00000000ea300000, 0x00000000ea300000| Untracked 
| 164|0x00000000ea400000, 0x00000000ea400000, 0x00000000ea500000|  0%| F|  |TAMS 0x00000000ea400000, 0x00000000ea400000| Untracked 
| 165|0x00000000ea500000, 0x00000000ea500000, 0x00000000ea600000|  0%| F|  |TAMS 0x00000000ea500000, 0x00000000ea500000| Untracked 
| 166|0x00000000ea600000, 0x00000000ea600000, 0x00000000ea700000|  0%| F|  |TAMS 0x00000000ea600000, 0x00000000ea600000| Untracked 
| 167|0x00000000ea700000, 0x00000000ea700000, 0x00000000ea800000|  0%| F|  |TAMS 0x00000000ea700000, 0x00000000ea700000| Untracked 
| 168|0x00000000ea800000, 0x00000000ea800000, 0x00000000ea900000|  0%| F|  |TAMS 0x00000000ea800000, 0x00000000ea800000| Untracked 
| 169|0x00000000ea900000, 0x00000000ea900000, 0x00000000eaa00000|  0%| F|  |TAMS 0x00000000ea900000, 0x00000000ea900000| Untracked 
| 170|0x00000000eaa00000, 0x00000000eaa00000, 0x00000000eab00000|  0%| F|  |TAMS 0x00000000eaa00000, 0x00000000eaa00000| Untracked 
| 171|0x00000000eab00000, 0x00000000eab00000, 0x00000000eac00000|  0%| F|  |TAMS 0x00000000eab00000, 0x00000000eab00000| Untracked 
| 172|0x00000000eac00000, 0x00000000eac00000, 0x00000000ead00000|  0%| F|  |TAMS 0x00000000eac00000, 0x00000000eac00000| Untracked 
| 173|0x00000000ead00000, 0x00000000ead00000, 0x00000000eae00000|  0%| F|  |TAMS 0x00000000ead00000, 0x00000000ead00000| Untracked 
| 174|0x00000000eae00000, 0x00000000eae00000, 0x00000000eaf00000|  0%| F|  |TAMS 0x00000000eae00000, 0x00000000eae00000| Untracked 
| 175|0x00000000eaf00000, 0x00000000eaf00000, 0x00000000eb000000|  0%| F|  |TAMS 0x00000000eaf00000, 0x00000000eaf00000| Untracked 
| 176|0x00000000eb000000, 0x00000000eb000000, 0x00000000eb100000|  0%| F|  |TAMS 0x00000000eb000000, 0x00000000eb000000| Untracked 
| 177|0x00000000eb100000, 0x00000000eb100000, 0x00000000eb200000|  0%| F|  |TAMS 0x00000000eb100000, 0x00000000eb100000| Untracked 
| 178|0x00000000eb200000, 0x00000000eb200000, 0x00000000eb300000|  0%| F|  |TAMS 0x00000000eb200000, 0x00000000eb200000| Untracked 
| 179|0x00000000eb300000, 0x00000000eb300000, 0x00000000eb400000|  0%| F|  |TAMS 0x00000000eb300000, 0x00000000eb300000| Untracked 
| 180|0x00000000eb400000, 0x00000000eb400000, 0x00000000eb500000|  0%| F|  |TAMS 0x00000000eb400000, 0x00000000eb400000| Untracked 
| 181|0x00000000eb500000, 0x00000000eb500000, 0x00000000eb600000|  0%| F|  |TAMS 0x00000000eb500000, 0x00000000eb500000| Untracked 
| 182|0x00000000eb600000, 0x00000000eb600000, 0x00000000eb700000|  0%| F|  |TAMS 0x00000000eb600000, 0x00000000eb600000| Untracked 
| 183|0x00000000eb700000, 0x00000000eb700000, 0x00000000eb800000|  0%| F|  |TAMS 0x00000000eb700000, 0x00000000eb700000| Untracked 
| 184|0x00000000eb800000, 0x00000000eb800000, 0x00000000eb900000|  0%| F|  |TAMS 0x00000000eb800000, 0x00000000eb800000| Untracked 
| 185|0x00000000eb900000, 0x00000000eb900000, 0x00000000eba00000|  0%| F|  |TAMS 0x00000000eb900000, 0x00000000eb900000| Untracked 
| 186|0x00000000eba00000, 0x00000000eba00000, 0x00000000ebb00000|  0%| F|  |TAMS 0x00000000eba00000, 0x00000000eba00000| Untracked 
| 187|0x00000000ebb00000, 0x00000000ebb00000, 0x00000000ebc00000|  0%| F|  |TAMS 0x00000000ebb00000, 0x00000000ebb00000| Untracked 
| 188|0x00000000ebc00000, 0x00000000ebc00000, 0x00000000ebd00000|  0%| F|  |TAMS 0x00000000ebc00000, 0x00000000ebc00000| Untracked 
| 189|0x00000000ebd00000, 0x00000000ebd00000, 0x00000000ebe00000|  0%| F|  |TAMS 0x00000000ebd00000, 0x00000000ebd00000| Untracked 
| 190|0x00000000ebe00000, 0x00000000ebe00000, 0x00000000ebf00000|  0%| F|  |TAMS 0x00000000ebe00000, 0x00000000ebe00000| Untracked 
| 191|0x00000000ebf00000, 0x00000000ebf00000, 0x00000000ec000000|  0%| F|  |TAMS 0x00000000ebf00000, 0x00000000ebf00000| Untracked 
| 192|0x00000000ec000000, 0x00000000ec03c4a8, 0x00000000ec100000| 23%| E|  |TAMS 0x00000000ec000000, 0x00000000ec000000| Complete 
| 193|0x00000000ec100000, 0x00000000ec1f7ce8, 0x00000000ec200000| 96%| E|  |TAMS 0x00000000ec100000, 0x00000000ec100000| Complete 
| 194|0x00000000ec200000, 0x00000000ec300000, 0x00000000ec300000|100%| E|CS|TAMS 0x00000000ec200000, 0x00000000ec200000| Complete 
| 195|0x00000000ec300000, 0x00000000ec400000, 0x00000000ec400000|100%| E|CS|TAMS 0x00000000ec300000, 0x00000000ec300000| Complete 
| 196|0x00000000ec400000, 0x00000000ec500000, 0x00000000ec500000|100%| E|CS|TAMS 0x00000000ec400000, 0x00000000ec400000| Complete 
| 197|0x00000000ec500000, 0x00000000ec600000, 0x00000000ec600000|100%| E|CS|TAMS 0x00000000ec500000, 0x00000000ec500000| Complete 
| 198|0x00000000ec600000, 0x00000000ec700000, 0x00000000ec700000|100%| E|CS|TAMS 0x00000000ec600000, 0x00000000ec600000| Complete 
| 199|0x00000000ec700000, 0x00000000ec800000, 0x00000000ec800000|100%| E|CS|TAMS 0x00000000ec700000, 0x00000000ec700000| Complete 
| 200|0x00000000ec800000, 0x00000000ec900000, 0x00000000ec900000|100%| E|CS|TAMS 0x00000000ec800000, 0x00000000ec800000| Complete 
| 201|0x00000000ec900000, 0x00000000eca00000, 0x00000000eca00000|100%| E|CS|TAMS 0x00000000ec900000, 0x00000000ec900000| Complete 
| 202|0x00000000eca00000, 0x00000000ecb00000, 0x00000000ecb00000|100%| E|CS|TAMS 0x00000000eca00000, 0x00000000eca00000| Complete 
| 203|0x00000000ecb00000, 0x00000000ecc00000, 0x00000000ecc00000|100%| E|CS|TAMS 0x00000000ecb00000, 0x00000000ecb00000| Complete 
| 204|0x00000000ecc00000, 0x00000000ecd00000, 0x00000000ecd00000|100%| E|CS|TAMS 0x00000000ecc00000, 0x00000000ecc00000| Complete 
| 205|0x00000000ecd00000, 0x00000000ece00000, 0x00000000ece00000|100%| E|CS|TAMS 0x00000000ecd00000, 0x00000000ecd00000| Complete 
| 206|0x00000000ece00000, 0x00000000ecf00000, 0x00000000ecf00000|100%| E|CS|TAMS 0x00000000ece00000, 0x00000000ece00000| Complete 
| 207|0x00000000ecf00000, 0x00000000ed000000, 0x00000000ed000000|100%| E|CS|TAMS 0x00000000ecf00000, 0x00000000ecf00000| Complete 
| 208|0x00000000ed000000, 0x00000000ed100000, 0x00000000ed100000|100%| E|CS|TAMS 0x00000000ed000000, 0x00000000ed000000| Complete 
| 209|0x00000000ed100000, 0x00000000ed200000, 0x00000000ed200000|100%| E|CS|TAMS 0x00000000ed100000, 0x00000000ed100000| Complete 
| 210|0x00000000ed200000, 0x00000000ed300000, 0x00000000ed300000|100%| E|CS|TAMS 0x00000000ed200000, 0x00000000ed200000| Complete 
| 211|0x00000000ed300000, 0x00000000ed400000, 0x00000000ed400000|100%| E|CS|TAMS 0x00000000ed300000, 0x00000000ed300000| Complete 
| 212|0x00000000ed400000, 0x00000000ed500000, 0x00000000ed500000|100%| E|CS|TAMS 0x00000000ed400000, 0x00000000ed400000| Complete 
| 213|0x00000000ed500000, 0x00000000ed600000, 0x00000000ed600000|100%| E|CS|TAMS 0x00000000ed500000, 0x00000000ed500000| Complete 
| 214|0x00000000ed600000, 0x00000000ed700000, 0x00000000ed700000|100%| E|CS|TAMS 0x00000000ed600000, 0x00000000ed600000| Complete 
| 215|0x00000000ed700000, 0x00000000ed800000, 0x00000000ed800000|100%| E|CS|TAMS 0x00000000ed700000, 0x00000000ed700000| Complete 
| 216|0x00000000ed800000, 0x00000000ed900000, 0x00000000ed900000|100%| E|CS|TAMS 0x00000000ed800000, 0x00000000ed800000| Complete 
| 217|0x00000000ed900000, 0x00000000eda00000, 0x00000000eda00000|100%| E|CS|TAMS 0x00000000ed900000, 0x00000000ed900000| Complete 
| 218|0x00000000eda00000, 0x00000000edb00000, 0x00000000edb00000|100%| E|CS|TAMS 0x00000000eda00000, 0x00000000eda00000| Complete 
| 219|0x00000000edb00000, 0x00000000edc00000, 0x00000000edc00000|100%| E|CS|TAMS 0x00000000edb00000, 0x00000000edb00000| Complete 
| 220|0x00000000edc00000, 0x00000000edd00000, 0x00000000edd00000|100%| E|CS|TAMS 0x00000000edc00000, 0x00000000edc00000| Complete 
| 221|0x00000000edd00000, 0x00000000ede00000, 0x00000000ede00000|100%| E|CS|TAMS 0x00000000edd00000, 0x00000000edd00000| Complete 
| 222|0x00000000ede00000, 0x00000000edf00000, 0x00000000edf00000|100%| E|CS|TAMS 0x00000000ede00000, 0x00000000ede00000| Complete 
| 223|0x00000000edf00000, 0x00000000ee000000, 0x00000000ee000000|100%| E|CS|TAMS 0x00000000edf00000, 0x00000000edf00000| Complete 
| 224|0x00000000ee000000, 0x00000000ee100000, 0x00000000ee100000|100%| E|CS|TAMS 0x00000000ee000000, 0x00000000ee000000| Complete 
| 225|0x00000000ee100000, 0x00000000ee200000, 0x00000000ee200000|100%| E|CS|TAMS 0x00000000ee100000, 0x00000000ee100000| Complete 
| 226|0x00000000ee200000, 0x00000000ee300000, 0x00000000ee300000|100%| E|CS|TAMS 0x00000000ee200000, 0x00000000ee200000| Complete 
| 227|0x00000000ee300000, 0x00000000ee400000, 0x00000000ee400000|100%| E|CS|TAMS 0x00000000ee300000, 0x00000000ee300000| Complete 
| 228|0x00000000ee400000, 0x00000000ee500000, 0x00000000ee500000|100%| E|CS|TAMS 0x00000000ee400000, 0x00000000ee400000| Complete 
| 229|0x00000000ee500000, 0x00000000ee600000, 0x00000000ee600000|100%| E|CS|TAMS 0x00000000ee500000, 0x00000000ee500000| Complete 
| 230|0x00000000ee600000, 0x00000000ee700000, 0x00000000ee700000|100%| E|CS|TAMS 0x00000000ee600000, 0x00000000ee600000| Complete 
| 231|0x00000000ee700000, 0x00000000ee800000, 0x00000000ee800000|100%| E|CS|TAMS 0x00000000ee700000, 0x00000000ee700000| Complete 
| 232|0x00000000ee800000, 0x00000000ee900000, 0x00000000ee900000|100%| E|CS|TAMS 0x00000000ee800000, 0x00000000ee800000| Complete 
| 233|0x00000000ee900000, 0x00000000eea00000, 0x00000000eea00000|100%| E|CS|TAMS 0x00000000ee900000, 0x00000000ee900000| Complete 
| 234|0x00000000eea00000, 0x00000000eeb00000, 0x00000000eeb00000|100%| E|CS|TAMS 0x00000000eea00000, 0x00000000eea00000| Complete 
| 235|0x00000000eeb00000, 0x00000000eec00000, 0x00000000eec00000|100%| E|CS|TAMS 0x00000000eeb00000, 0x00000000eeb00000| Complete 
| 236|0x00000000eec00000, 0x00000000eed00000, 0x00000000eed00000|100%| E|CS|TAMS 0x00000000eec00000, 0x00000000eec00000| Complete 
| 237|0x00000000eed00000, 0x00000000eee00000, 0x00000000eee00000|100%| E|CS|TAMS 0x00000000eed00000, 0x00000000eed00000| Complete 
| 238|0x00000000eee00000, 0x00000000eef00000, 0x00000000eef00000|100%| E|CS|TAMS 0x00000000eee00000, 0x00000000eee00000| Complete 
| 239|0x00000000eef00000, 0x00000000ef000000, 0x00000000ef000000|100%| E|CS|TAMS 0x00000000eef00000, 0x00000000eef00000| Complete 
| 240|0x00000000ef000000, 0x00000000ef100000, 0x00000000ef100000|100%| E|CS|TAMS 0x00000000ef000000, 0x00000000ef000000| Complete 
| 241|0x00000000ef100000, 0x00000000ef200000, 0x00000000ef200000|100%| E|CS|TAMS 0x00000000ef100000, 0x00000000ef100000| Complete 
| 242|0x00000000ef200000, 0x00000000ef300000, 0x00000000ef300000|100%| E|CS|TAMS 0x00000000ef200000, 0x00000000ef200000| Complete 
| 243|0x00000000ef300000, 0x00000000ef400000, 0x00000000ef400000|100%| E|CS|TAMS 0x00000000ef300000, 0x00000000ef300000| Complete 
| 244|0x00000000ef400000, 0x00000000ef500000, 0x00000000ef500000|100%| E|CS|TAMS 0x00000000ef400000, 0x00000000ef400000| Complete 
| 245|0x00000000ef500000, 0x00000000ef600000, 0x00000000ef600000|100%| E|CS|TAMS 0x00000000ef500000, 0x00000000ef500000| Complete 
| 246|0x00000000ef600000, 0x00000000ef700000, 0x00000000ef700000|100%| E|CS|TAMS 0x00000000ef600000, 0x00000000ef600000| Complete 
| 247|0x00000000ef700000, 0x00000000ef800000, 0x00000000ef800000|100%| E|CS|TAMS 0x00000000ef700000, 0x00000000ef700000| Complete 
| 248|0x00000000ef800000, 0x00000000ef900000, 0x00000000ef900000|100%| E|CS|TAMS 0x00000000ef800000, 0x00000000ef800000| Complete 
| 249|0x00000000ef900000, 0x00000000efa00000, 0x00000000efa00000|100%| E|CS|TAMS 0x00000000ef900000, 0x00000000ef900000| Complete 
| 250|0x00000000efa00000, 0x00000000efb00000, 0x00000000efb00000|100%| E|CS|TAMS 0x00000000efa00000, 0x00000000efa00000| Complete 
| 251|0x00000000efb00000, 0x00000000efc00000, 0x00000000efc00000|100%| E|CS|TAMS 0x00000000efb00000, 0x00000000efb00000| Complete 
| 252|0x00000000efc00000, 0x00000000efd00000, 0x00000000efd00000|100%| E|CS|TAMS 0x00000000efc00000, 0x00000000efc00000| Complete 
| 253|0x00000000efd00000, 0x00000000efe00000, 0x00000000efe00000|100%| E|CS|TAMS 0x00000000efd00000, 0x00000000efd00000| Complete 
| 254|0x00000000efe00000, 0x00000000eff00000, 0x00000000eff00000|100%| E|CS|TAMS 0x00000000efe00000, 0x00000000efe00000| Complete 
| 255|0x00000000eff00000, 0x00000000f0000000, 0x00000000f0000000|100%| E|CS|TAMS 0x00000000eff00000, 0x00000000eff00000| Complete 

Card table byte_map: [0x000002c2d30b0000,0x000002c2d31b0000] _byte_map_base: 0x000002c2d29b0000

Marking Bits (Prev, Next): (CMBitMap*) 0x000002c2bb936790, (CMBitMap*) 0x000002c2bb936750
 Prev Bits: [0x000002c2d3ab0000, 0x000002c2d42b0000)
 Next Bits: [0x000002c2d32b0000, 0x000002c2d3ab0000)

Polling page: 0x000002c2b9870000

Metaspace:

Usage:
  Non-class:     24.45 MB used.
      Class:      4.25 MB used.
       Both:     28.70 MB used.

Virtual space:
  Non-class space:       64.00 MB reserved,      24.69 MB ( 39%) committed,  1 nodes.
      Class space:      320.00 MB reserved,       4.44 MB (  1%) committed,  1 nodes.
             Both:      384.00 MB reserved,      29.12 MB (  8%) committed. 

Chunk freelists:
   Non-Class:  7.36 MB
       Class:  11.61 MB
        Both:  18.97 MB

MaxMetaspaceSize: 384.00 MB
CompressedClassSpaceSize: 320.00 MB
Initial GC threshold: 21.00 MB
Current GC threshold: 35.12 MB
CDS: on
MetaspaceReclaimPolicy: balanced
 - commit_granule_bytes: 65536.
 - commit_granule_words: 8192.
 - virtual_space_node_default_size: 8388608.
 - enlarge_chunks_in_place: 1.
 - new_chunks_are_fully_committed: 0.
 - uncommit_free_chunks: 1.
 - use_allocation_guard: 0.
 - handle_deallocations: 1.


Internal statistics:

num_allocs_failed_limit: 3.
num_arena_births: 390.
num_arena_deaths: 0.
num_vsnodes_births: 2.
num_vsnodes_deaths: 0.
num_space_committed: 466.
num_space_uncommitted: 0.
num_chunks_returned_to_freelist: 3.
num_chunks_taken_from_freelist: 1550.
num_chunk_merges: 3.
num_chunk_splits: 1007.
num_chunks_enlarged: 700.
num_inconsistent_stats: 0.

CodeHeap 'non-profiled nmethods': size=119168Kb used=2253Kb max_used=2253Kb free=116914Kb
 bounds [0x000002c2cad60000, 0x000002c2cafd0000, 0x000002c2d21c0000]
CodeHeap 'profiled nmethods': size=119104Kb used=7876Kb max_used=7876Kb free=111228Kb
 bounds [0x000002c2c31c0000, 0x000002c2c3980000, 0x000002c2ca610000]
CodeHeap 'non-nmethods': size=7488Kb used=2966Kb max_used=3067Kb free=4521Kb
 bounds [0x000002c2ca610000, 0x000002c2ca920000, 0x000002c2cad60000]
 total_blobs=4259 nmethods=3688 adapters=478
 compilation: enabled
              stopped_count=0, restarted_count=0
 full_count=0

Compilation events (20 events):
Event: 2.103 Thread 0x000002c2d791c7c0 nmethod 3646 0x000002c2c3960290 code [0x000002c2c39604e0, 0x000002c2c3960ed8]
Event: 2.103 Thread 0x000002c2d78059b0 nmethod 3650 0x000002c2caf8f990 code [0x000002c2caf8fb20, 0x000002c2caf8fbf8]
Event: 2.112 Thread 0x000002c2d78059b0 3651       3       java.util.stream.ForEachOps$ForEachOp$OfRef::accept (11 bytes)
Event: 2.113 Thread 0x000002c2d78059b0 nmethod 3651 0x000002c2c3961210 code [0x000002c2c39613c0, 0x000002c2c3961588]
Event: 2.113 Thread 0x000002c2d7acfe20 nmethod 3622 0x000002c2caf8fc90 code [0x000002c2caf8fe40, 0x000002c2caf90778]
Event: 2.114 Thread 0x000002c2d7acfe20 3649       4       java.util.stream.Sink::begin (1 bytes)
Event: 2.115 Thread 0x000002c2d7acfe20 nmethod 3649 0x000002c2caf90c90 code [0x000002c2caf90e00, 0x000002c2caf90e78]
Event: 2.115 Thread 0x000002c2d7acfe20 3648       4       java.util.stream.MatchOps$MatchOp::getOpFlags (8 bytes)
Event: 2.116 Thread 0x000002c2d7acfe20 nmethod 3648 0x000002c2caf90f90 code [0x000002c2caf91100, 0x000002c2caf91178]
Event: 2.116 Thread 0x000002c2d7acfe20 3641       4       java.util.Spliterators$IteratorSpliterator::tryAdvance (77 bytes)
Event: 2.118 Thread 0x000002c2d790beb0 3652       3       java.util.stream.AbstractPipeline::<init> (91 bytes)
Event: 2.118 Thread 0x000002c2d791cce0 3653       3       java.util.stream.ReferencePipeline$StatelessOp::<init> (29 bytes)
Event: 2.118 Thread 0x000002c2d791c7c0 3654       3       java.util.stream.ReferencePipeline::<init> (7 bytes)
Event: 2.118 Thread 0x000002c2d78059b0 3655       3       java.util.stream.Sink$ChainedReference::<init> (16 bytes)
Event: 2.118 Thread 0x000002c2d791c7c0 nmethod 3654 0x000002c2c3961690 code [0x000002c2c3961820, 0x000002c2c3961968]
Event: 2.118 Thread 0x000002c2d791cce0 nmethod 3653 0x000002c2c3961a10 code [0x000002c2c3961bc0, 0x000002c2c3961d88]
Event: 2.118 Thread 0x000002c2d78059b0 nmethod 3655 0x000002c2c3961e90 code [0x000002c2c3962060, 0x000002c2c39624a8]
Event: 2.118 Thread 0x000002c2d790beb0 nmethod 3652 0x000002c2c3962610 code [0x000002c2c3962800, 0x000002c2c3962e78]
Event: 2.118 Thread 0x000002c2d791cce0 3656       3       java.util.stream.Sink$ChainedReference::end (10 bytes)
Event: 2.119 Thread 0x000002c2d791cce0 nmethod 3656 0x000002c2c3963090 code [0x000002c2c3963240, 0x000002c2c3963408]

GC Heap History (8 events):
Event: 0.214 GC heap before
{Heap before GC invocations=0 (full 0):
 garbage-first heap   total 262144K, used 22528K [0x00000000e0000000, 0x0000000100000000)
  region size 1024K, 23 young (23552K), 0 survivors (0K)
 Metaspace       used 1134K, committed 1280K, reserved 393216K
  class space    used 77K, committed 128K, reserved 327680K
}
Event: 0.216 GC heap after
{Heap after GC invocations=1 (full 0):
 garbage-first heap   total 262144K, used 3874K [0x00000000e0000000, 0x0000000100000000)
  region size 1024K, 3 young (3072K), 3 survivors (3072K)
 Metaspace       used 1134K, committed 1280K, reserved 393216K
  class space    used 77K, committed 128K, reserved 327680K
}
Event: 0.486 GC heap before
{Heap before GC invocations=1 (full 0):
 garbage-first heap   total 262144K, used 39714K [0x00000000e0000000, 0x0000000100000000)
  region size 1024K, 34 young (34816K), 3 survivors (3072K)
 Metaspace       used 4475K, committed 4672K, reserved 393216K
  class space    used 547K, committed 640K, reserved 327680K
}
Event: 0.488 GC heap after
{Heap after GC invocations=2 (full 0):
 garbage-first heap   total 262144K, used 12323K [0x00000000e0000000, 0x0000000100000000)
  region size 1024K, 5 young (5120K), 5 survivors (5120K)
 Metaspace       used 4475K, committed 4672K, reserved 393216K
  class space    used 547K, committed 640K, reserved 327680K
}
Event: 0.687 GC heap before
{Heap before GC invocations=2 (full 0):
 garbage-first heap   total 262144K, used 60451K [0x00000000e0000000, 0x0000000100000000)
  region size 1024K, 50 young (51200K), 5 survivors (5120K)
 Metaspace       used 4788K, committed 4992K, reserved 393216K
  class space    used 597K, committed 704K, reserved 327680K
}
Event: 0.689 GC heap after
{Heap after GC invocations=3 (full 0):
 garbage-first heap   total 262144K, used 17756K [0x00000000e0000000, 0x0000000100000000)
  region size 1024K, 5 young (5120K), 5 survivors (5120K)
 Metaspace       used 4788K, committed 4992K, reserved 393216K
  class space    used 597K, committed 704K, reserved 327680K
}
Event: 1.600 GC heap before
{Heap before GC invocations=3 (full 0):
 garbage-first heap   total 262144K, used 123228K [0x00000000e0000000, 0x0000000100000000)
  region size 1024K, 109 young (111616K), 5 survivors (5120K)
 Metaspace       used 21200K, committed 21504K, reserved 393216K
  class space    used 3078K, committed 3264K, reserved 327680K
}
Event: 1.607 GC heap after
{Heap after GC invocations=4 (full 0):
 garbage-first heap   total 262144K, used 25168K [0x00000000e0000000, 0x0000000100000000)
  region size 1024K, 12 young (12288K), 12 survivors (12288K)
 Metaspace       used 21200K, committed 21504K, reserved 393216K
  class space    used 3078K, committed 3264K, reserved 327680K
}

Deoptimization events (20 events):
Event: 2.025 Thread 0x000002c2f29369f0 Uncommon trap: trap_request=0xffffffde fr.pc=0x000002c2cae6e9f4 relative=0x0000000000001ff4
Event: 2.025 Thread 0x000002c2f29369f0 Uncommon trap: reason=class_check action=maybe_recompile pc=0x000002c2cae6e9f4 method=java.io.BufferedInputStream.read([BII)I @ 101 c2
Event: 2.025 Thread 0x000002c2f29369f0 DEOPT PACKING pc=0x000002c2cae6e9f4 sp=0x000000e7896f8000
Event: 2.025 Thread 0x000002c2f29369f0 DEOPT UNPACKING pc=0x000002c2ca6623a3 sp=0x000000e7896f7ec0 mode 2
Event: 2.026 Thread 0x000002c2f29369f0 Uncommon trap: trap_request=0xffffffc6 fr.pc=0x000002c2caf6e4f0 relative=0x00000000000006d0
Event: 2.026 Thread 0x000002c2f29369f0 Uncommon trap: reason=bimorphic_or_optimized_type_check action=maybe_recompile pc=0x000002c2caf6e4f0 method=java.io.BufferedInputStream.read([BII)I @ 101 c2
Event: 2.026 Thread 0x000002c2f29369f0 DEOPT PACKING pc=0x000002c2caf6e4f0 sp=0x000000e7896f7f10
Event: 2.026 Thread 0x000002c2f29369f0 DEOPT UNPACKING pc=0x000002c2ca6623a3 sp=0x000000e7896f7ec8 mode 2
Event: 2.026 Thread 0x000002c2f29369f0 Uncommon trap: trap_request=0xffffffc6 fr.pc=0x000002c2caf6e4f0 relative=0x00000000000006d0
Event: 2.026 Thread 0x000002c2f29369f0 Uncommon trap: reason=bimorphic_or_optimized_type_check action=maybe_recompile pc=0x000002c2caf6e4f0 method=java.io.BufferedInputStream.read([BII)I @ 101 c2
Event: 2.026 Thread 0x000002c2f29369f0 DEOPT PACKING pc=0x000002c2caf6e4f0 sp=0x000000e7896f7f10
Event: 2.026 Thread 0x000002c2f29369f0 DEOPT UNPACKING pc=0x000002c2ca6623a3 sp=0x000000e7896f7ec8 mode 2
Event: 2.065 Thread 0x000002c2f29369f0 Uncommon trap: trap_request=0xffffff45 fr.pc=0x000002c2caefca7c relative=0x000000000000059c
Event: 2.065 Thread 0x000002c2f29369f0 Uncommon trap: reason=unstable_if action=reinterpret pc=0x000002c2caefca7c method=jdk.internal.org.objectweb.asm.MethodWriter.visitVarInsn(II)V @ 108 c2
Event: 2.065 Thread 0x000002c2f29369f0 DEOPT PACKING pc=0x000002c2caefca7c sp=0x000000e7896f10a0
Event: 2.065 Thread 0x000002c2f29369f0 DEOPT UNPACKING pc=0x000002c2ca6623a3 sp=0x000000e7896f1068 mode 2
Event: 2.099 Thread 0x000002c2f29369f0 Uncommon trap: trap_request=0xffffff45 fr.pc=0x000002c2caf890e4 relative=0x00000000000018e4
Event: 2.099 Thread 0x000002c2f29369f0 Uncommon trap: reason=unstable_if action=reinterpret pc=0x000002c2caf890e4 method=java.util.concurrent.ConcurrentHashMap.computeIfAbsent(Ljava/lang/Object;Ljava/util/function/Function;)Ljava/lang/Object; @ 312 c2
Event: 2.099 Thread 0x000002c2f29369f0 DEOPT PACKING pc=0x000002c2caf890e4 sp=0x000000e7896f5140
Event: 2.099 Thread 0x000002c2f29369f0 DEOPT UNPACKING pc=0x000002c2ca6623a3 sp=0x000000e7896f50b8 mode 2

Classes unloaded (0 events):
No events

Classes redefined (0 events):
No events

Internal exceptions (20 events):
Event: 1.754 Thread 0x000002c2f29369f0 Exception <a 'java/lang/NoSuchMethodError'{0x00000000ee872c10}: 'java.lang.Object java.lang.invoke.Invokers$Holder.linkToTargetMethod(java.lang.Object, java.lang.Object, java.lang.Object, java.lang.Object, java.lang.Object, java.lang.Object, java.lang.Object, java.lang.Object, java.lang.Object, java.lang.Object)'> (0x00000000ee872c10) 
thrown [s\open\src\hotspot\share\interpreter\linkResolver.cpp, line 759]
Event: 1.779 Thread 0x000002c2f29369f0 Implicit null exception at 0x000002c2cadb0e0f to 0x000002c2cadb134c
Event: 1.828 Thread 0x000002c2f29369f0 Exception <a 'java/lang/NoSuchMethodError'{0x00000000eddfe1b0}: 'void java.lang.invoke.DirectMethodHandle$Holder.invokeStaticInit(java.lang.Object, java.lang.Object, java.lang.Object, java.lang.Object)'> (0x00000000eddfe1b0) 
thrown [s\open\src\hotspot\share\interpreter\linkResolver.cpp, line 759]
Event: 1.839 Thread 0x000002c2f29369f0 Exception <a 'java/lang/NoSuchMethodError'{0x00000000edbed2c0}: 'java.lang.Object java.lang.invoke.DirectMethodHandle$Holder.invokeStaticInit(java.lang.Object, java.lang.Object, java.lang.Object)'> (0x00000000edbed2c0) 
thrown [s\open\src\hotspot\share\interpreter\linkResolver.cpp, line 759]
Event: 1.849 Thread 0x000002c2f29369f0 Exception <a 'java/lang/NoSuchMethodError'{0x00000000ed9353e0}: 'java.lang.Object java.lang.invoke.DirectMethodHandle$Holder.newInvokeSpecial(java.lang.Object, java.lang.Object, java.lang.Object, java.lang.Object, java.lang.Object, java.lang.Object, java.lang.Object, java.lang.Object, java.lang.Object, java.lang.Object, java.lang.Object)'> (0x00000000ed9353e0) 
thrown [s\open\src\hotspot\share\interpreter\linkResolver.cpp, line 759]
Event: 1.849 Thread 0x000002c2f29369f0 Exception <a 'java/lang/NoSuchMethodError'{0x00000000ed93af18}: 'java.lang.Object java.lang.invoke.DirectMethodHandle$Holder.invokeSpecial(java.lang.Object, java.lang.Object, java.lang.Object, java.lang.Object, java.lang.Object, java.lang.Object, java.lang.Object, java.lang.Object, java.lang.Object, java.lang.Object, java.lang.Object, java.lang.Object)'> (0x00000000ed93af18) 
thrown [s\open\src\hotspot\share\interpreter\linkResolver.cpp, line 759]
Event: 1.849 Thread 0x000002c2f29369f0 Exception <a 'java/lang/NoSuchMethodError'{0x00000000ed9405b0}: 'java.lang.Object java.lang.invoke.Invokers$Holder.linkToTargetMethod(java.lang.Object, java.lang.Object, java.lang.Object, java.lang.Object, java.lang.Object, java.lang.Object, java.lang.Object, java.lang.Object, java.lang.Object, java.lang.Object, java.lang.Object)'> (0x00000000ed9405b0) 
thrown [s\open\src\hotspot\share\interpreter\linkResolver.cpp, line 759]
Event: 1.892 Thread 0x000002c2f29369f0 Exception <a 'java/lang/IncompatibleClassChangeError'{0x00000000ed3fca98}: Found class java.lang.Object, but interface was expected> (0x00000000ed3fca98) 
thrown [s\open\src\hotspot\share\interpreter\linkResolver.cpp, line 826]
Event: 1.898 Thread 0x000002c2f29369f0 Exception <a 'java/lang/NoSuchMethodError'{0x00000000ed144358}: 'java.lang.Object java.lang.invoke.DirectMethodHandle$Holder.newInvokeSpecial(java.lang.Object, java.lang.Object, long)'> (0x00000000ed144358) 
thrown [s\open\src\hotspot\share\interpreter\linkResolver.cpp, line 759]
Event: 1.898 Thread 0x000002c2f29369f0 Exception <a 'java/lang/NoSuchMethodError'{0x00000000ed148968}: 'java.lang.Object java.lang.invoke.Invokers$Holder.linkToTargetMethod(java.lang.Object, long, java.lang.Object)'> (0x00000000ed148968) 
thrown [s\open\src\hotspot\share\interpreter\linkResolver.cpp, line 759]
Event: 1.911 Thread 0x000002c2f29369f0 Exception <a 'java/lang/NoSuchMethodError'{0x00000000ecf6a438}: 'int java.lang.invoke.DirectMethodHandle$Holder.invokeInterface(java.lang.Object, java.lang.Object)'> (0x00000000ecf6a438) 
thrown [s\open\src\hotspot\share\interpreter\linkResolver.cpp, line 759]
Event: 1.914 Thread 0x000002c2f29369f0 Exception <a 'java/lang/NoSuchMethodError'{0x00000000ecfd3fe8}: 'java.lang.Object java.lang.invoke.DirectMethodHandle$Holder.invokeVirtual(java.lang.Object, java.lang.Object, int)'> (0x00000000ecfd3fe8) 
thrown [s\open\src\hotspot\share\interpreter\linkResolver.cpp, line 759]
Event: 1.920 Thread 0x000002c2f29369f0 Exception <a 'java/lang/NoSuchMethodError'{0x00000000ece94470}: 'java.lang.Object java.lang.invoke.DirectMethodHandle$Holder.invokeStatic(java.lang.Object, java.lang.Object, int, java.lang.Object)'> (0x00000000ece94470) 
thrown [s\open\src\hotspot\share\interpreter\linkResolver.cpp, line 759]
Event: 1.920 Thread 0x000002c2f29369f0 Exception <a 'java/lang/NoSuchMethodError'{0x00000000ece9c3f0}: 'java.lang.Object java.lang.invoke.DirectMethodHandle$Holder.newInvokeSpecial(java.lang.Object, java.lang.Object, int, java.lang.Object)'> (0x00000000ece9c3f0) 
thrown [s\open\src\hotspot\share\interpreter\linkResolver.cpp, line 759]
Event: 1.920 Thread 0x000002c2f29369f0 Exception <a 'java/lang/NoSuchMethodError'{0x00000000ecea0dd0}: 'java.lang.Object java.lang.invoke.DirectMethodHandle$Holder.invokeSpecial(java.lang.Object, java.lang.Object, java.lang.Object, int, java.lang.Object)'> (0x00000000ecea0dd0) 
thrown [s\open\src\hotspot\share\interpreter\linkResolver.cpp, line 759]
Event: 1.964 Thread 0x000002c2f29369f0 Exception <a 'java/lang/NoSuchMethodError'{0x00000000eca6be58}: 'java.lang.Object java.lang.invoke.DirectMethodHandle$Holder.invokeSpecial(java.lang.Object, java.lang.Object, java.lang.Object, int, java.lang.Object, java.lang.Object)'> (0x00000000eca6be58) 
thrown [s\open\src\hotspot\share\interpreter\linkResolver.cpp, line 759]
Event: 2.065 Thread 0x000002c2f29369f0 Implicit null exception at 0x000002c2caefc5ea to 0x000002c2caefca70
Event: 2.096 Thread 0x000002c2f29369f0 Exception <a 'java/lang/NoSuchMethodError'{0x00000000ec3b7188}: 'void java.lang.invoke.DirectMethodHandle$Holder.invokeStaticInit(java.lang.Object, java.lang.Object, java.lang.Object)'> (0x00000000ec3b7188) 
thrown [s\open\src\hotspot\share\interpreter\linkResolver.cpp, line 759]
Event: 2.097 Thread 0x000002c2f29369f0 Exception <a 'java/lang/NoSuchMethodError'{0x00000000ec3dc330}: 'void java.lang.invoke.DirectMethodHandle$Holder.invokeStaticInit(java.lang.Object, java.lang.Object, java.lang.Object, java.lang.Object, java.lang.Object)'> (0x00000000ec3dc330) 
thrown [s\open\src\hotspot\share\interpreter\linkResolver.cpp, line 759]
Event: 2.105 Thread 0x000002c2f29369f0 Exception <a 'java/lang/NoSuchMethodError'{0x00000000ec238428}: 'int java.lang.invoke.DirectMethodHandle$Holder.invokeStaticInit(java.lang.Object, java.lang.Object, java.lang.Object, java.lang.Object)'> (0x00000000ec238428) 
thrown [s\open\src\hotspot\share\interpreter\linkResolver.cpp, line 759]

VM Operations (20 events):
Event: 1.670 Executing VM operation: HandshakeAllThreads
Event: 1.670 Executing VM operation: HandshakeAllThreads done
Event: 1.781 Executing VM operation: HandshakeAllThreads
Event: 1.781 Executing VM operation: HandshakeAllThreads done
Event: 1.834 Executing VM operation: HandshakeAllThreads
Event: 1.834 Executing VM operation: HandshakeAllThreads done
Event: 1.858 Executing VM operation: ICBufferFull
Event: 1.858 Executing VM operation: ICBufferFull done
Event: 1.893 Executing VM operation: HandshakeAllThreads
Event: 1.893 Executing VM operation: HandshakeAllThreads done
Event: 1.899 Executing VM operation: HandshakeAllThreads
Event: 1.899 Executing VM operation: HandshakeAllThreads done
Event: 1.900 Executing VM operation: HandshakeAllThreads
Event: 1.900 Executing VM operation: HandshakeAllThreads done
Event: 1.939 Executing VM operation: HandshakeAllThreads
Event: 1.939 Executing VM operation: HandshakeAllThreads done
Event: 1.939 Executing VM operation: HandshakeAllThreads
Event: 1.939 Executing VM operation: HandshakeAllThreads done
Event: 2.054 Executing VM operation: HandshakeAllThreads
Event: 2.054 Executing VM operation: HandshakeAllThreads done

Events (20 events):
Event: 2.001 loading class java/util/EventListener
Event: 2.001 loading class java/util/EventListener done
Event: 2.008 loading class java/util/BitSet
Event: 2.008 loading class java/util/BitSet done
Event: 2.019 loading class java/util/TimerTask
Event: 2.019 loading class java/util/TimerTask done
Event: 2.019 loading class java/util/Timer
Event: 2.019 loading class java/util/Timer done
Event: 2.054 loading class java/security/AccessControlException
Event: 2.054 loading class java/security/AccessControlException done
Event: 2.086 loading class java/lang/reflect/GenericSignatureFormatError
Event: 2.086 loading class java/lang/ClassFormatError
Event: 2.086 loading class java/lang/ClassFormatError done
Event: 2.086 loading class java/lang/reflect/GenericSignatureFormatError done
Event: 2.086 loading class java/lang/reflect/MalformedParameterizedTypeException
Event: 2.086 loading class java/lang/reflect/MalformedParameterizedTypeException done
Event: 2.094 loading class java/lang/IllegalCallerException
Event: 2.094 loading class java/lang/IllegalCallerException done
Event: 2.094 loading class sun/nio/fs/ExtendedFileSystemProvider
Event: 2.094 loading class sun/nio/fs/ExtendedFileSystemProvider done


Dynamic libraries:
0x00007ff610050000 - 0x00007ff610060000 	C:\Program Files\Java\jdk-17\bin\java.exe
0x00007ffb23270000 - 0x00007ffb23487000 	C:\WINDOWS\SYSTEM32\ntdll.dll
0x00007ffb21850000 - 0x00007ffb21914000 	C:\WINDOWS\System32\KERNEL32.DLL
0x00007ffb206f0000 - 0x00007ffb20a9d000 	C:\WINDOWS\System32\KERNELBASE.dll
0x00007ffb20bc0000 - 0x00007ffb20cd1000 	C:\WINDOWS\System32\ucrtbase.dll
0x00007ffb17280000 - 0x00007ffb17299000 	C:\Program Files\Java\jdk-17\bin\jli.dll
0x00007ffb21980000 - 0x00007ffb21a32000 	C:\WINDOWS\System32\ADVAPI32.dll
0x00007ffb17260000 - 0x00007ffb1727b000 	C:\Program Files\Java\jdk-17\bin\VCRUNTIME140.dll
0x00007ffb21540000 - 0x00007ffb215e7000 	C:\WINDOWS\System32\msvcrt.dll
0x00007ffb21a40000 - 0x00007ffb21ae9000 	C:\WINDOWS\System32\sechost.dll
0x00007ffb205a0000 - 0x00007ffb205c8000 	C:\WINDOWS\System32\bcrypt.dll
0x00007ffb21180000 - 0x00007ffb21294000 	C:\WINDOWS\System32\RPCRT4.dll
0x00007ffb22eb0000 - 0x00007ffb2305e000 	C:\WINDOWS\System32\USER32.dll
0x00007ffb20d50000 - 0x00007ffb20d76000 	C:\WINDOWS\System32\win32u.dll
0x00007ffb22c50000 - 0x00007ffb22c79000 	C:\WINDOWS\System32\GDI32.dll
0x00007ffb20aa0000 - 0x00007ffb20bb9000 	C:\WINDOWS\System32\gdi32full.dll
0x00007ffb05ee0000 - 0x00007ffb06173000 	C:\WINDOWS\WinSxS\amd64_microsoft.windows.common-controls_6595b64144ccf1df_6.0.22621.3672_none_2713b9d173822955\COMCTL32.dll
0x00007ffb20650000 - 0x00007ffb206ea000 	C:\WINDOWS\System32\msvcp_win.dll
0x00007ffb14b80000 - 0x00007ffb14b8a000 	C:\WINDOWS\SYSTEM32\VERSION.dll
0x00007ffb21140000 - 0x00007ffb21171000 	C:\WINDOWS\System32\IMM32.DLL
0x00007ffb17250000 - 0x00007ffb1725c000 	C:\Program Files\Java\jdk-17\bin\vcruntime140_1.dll
0x00007ffad1dc0000 - 0x00007ffad1e4e000 	C:\Program Files\Java\jdk-17\bin\msvcp140.dll
0x00007ffab8970000 - 0x00007ffab9550000 	C:\Program Files\Java\jdk-17\bin\server\jvm.dll
0x00007ffb22ea0000 - 0x00007ffb22ea8000 	C:\WINDOWS\System32\PSAPI.DLL
0x00007ffb0f020000 - 0x00007ffb0f029000 	C:\WINDOWS\SYSTEM32\WSOCK32.dll
0x00007ffb10ae0000 - 0x00007ffb10b14000 	C:\WINDOWS\SYSTEM32\WINMM.dll
0x00007ffb210c0000 - 0x00007ffb21131000 	C:\WINDOWS\System32\WS2_32.dll
0x00007ffb1f5e0000 - 0x00007ffb1f5f8000 	C:\WINDOWS\SYSTEM32\kernel.appcore.dll
0x00007ffb0f010000 - 0x00007ffb0f01a000 	C:\Program Files\Java\jdk-17\bin\jimage.dll
0x00007ffb13fb0000 - 0x00007ffb141e2000 	C:\WINDOWS\SYSTEM32\DBGHELP.DLL
0x00007ffb21bd0000 - 0x00007ffb21f58000 	C:\WINDOWS\System32\combase.dll
0x00007ffb21af0000 - 0x00007ffb21bc7000 	C:\WINDOWS\System32\OLEAUT32.dll
0x00007ffb10170000 - 0x00007ffb101a2000 	C:\WINDOWS\SYSTEM32\dbgcore.DLL
0x00007ffb205d0000 - 0x00007ffb2064b000 	C:\WINDOWS\System32\bcryptPrimitives.dll
0x00007ffb0f000000 - 0x00007ffb0f00e000 	C:\Program Files\Java\jdk-17\bin\instrument.dll
0x00007ffb0c990000 - 0x00007ffb0c9b5000 	C:\Program Files\Java\jdk-17\bin\java.dll
0x00007ffad10c0000 - 0x00007ffad1197000 	C:\Program Files\Java\jdk-17\bin\jsvml.dll
0x00007ffb223f0000 - 0x00007ffb22c4f000 	C:\WINDOWS\System32\SHELL32.dll
0x00007ffb1e4b0000 - 0x00007ffb1edac000 	C:\WINDOWS\SYSTEM32\windows.storage.dll
0x00007ffb1e370000 - 0x00007ffb1e4af000 	C:\WINDOWS\SYSTEM32\wintypes.dll
0x00007ffb20fb0000 - 0x00007ffb210a4000 	C:\WINDOWS\System32\SHCORE.dll
0x00007ffb21920000 - 0x00007ffb2197e000 	C:\WINDOWS\System32\shlwapi.dll
0x00007ffb204d0000 - 0x00007ffb204f1000 	C:\WINDOWS\SYSTEM32\profapi.dll
0x00007ffaf2690000 - 0x00007ffaf26a8000 	C:\Program Files\Java\jdk-17\bin\zip.dll
0x00007ffaf23c0000 - 0x00007ffaf23d9000 	C:\Program Files\Java\jdk-17\bin\net.dll
0x00007ffb1b3b0000 - 0x00007ffb1b4e6000 	C:\WINDOWS\SYSTEM32\WINHTTP.dll
0x00007ffb1fae0000 - 0x00007ffb1fb49000 	C:\WINDOWS\system32\mswsock.dll
0x00007ffaf19d0000 - 0x00007ffaf19e6000 	C:\Program Files\Java\jdk-17\bin\nio.dll
0x00007ffb17b10000 - 0x00007ffb17b20000 	C:\Program Files\Java\jdk-17\bin\verify.dll
0x00007ffb172a0000 - 0x00007ffb172c7000 	C:\Users\ICT01-21\.gradle\native\c067742578af261105cb4f569cf0c3c89f3d7b1fecec35dd04571415982c5e48\windows-amd64\native-platform.dll
0x00007ffaed2a0000 - 0x00007ffaed3e4000 	C:\Users\ICT01-21\.gradle\native\100fb08df4bc3b14c8652ba06237920a3bd2aa13389f12d3474272988ae205f9\windows-amd64\native-platform-file-events.dll
0x00007ffb0c980000 - 0x00007ffb0c98a000 	C:\Program Files\Java\jdk-17\bin\management.dll
0x00007ffb04710000 - 0x00007ffb0471b000 	C:\Program Files\Java\jdk-17\bin\management_ext.dll
0x00007ffb1fe30000 - 0x00007ffb1fe4b000 	C:\WINDOWS\SYSTEM32\CRYPTSP.dll
0x00007ffb1f600000 - 0x00007ffb1f635000 	C:\WINDOWS\system32\rsaenh.dll
0x00007ffb1fb80000 - 0x00007ffb1fba8000 	C:\WINDOWS\SYSTEM32\USERENV.dll
0x00007ffb1fe10000 - 0x00007ffb1fe1c000 	C:\WINDOWS\SYSTEM32\CRYPTBASE.dll
0x00007ffb1f080000 - 0x00007ffb1f0ad000 	C:\WINDOWS\SYSTEM32\IPHLPAPI.DLL
0x00007ffb210b0000 - 0x00007ffb210b9000 	C:\WINDOWS\System32\NSI.dll
0x00007ffb1b240000 - 0x00007ffb1b259000 	C:\WINDOWS\SYSTEM32\dhcpcsvc6.DLL
0x00007ffb1b220000 - 0x00007ffb1b23f000 	C:\WINDOWS\SYSTEM32\dhcpcsvc.DLL
0x00007ffb1f0f0000 - 0x00007ffb1f1e8000 	C:\WINDOWS\SYSTEM32\DNSAPI.dll
0x00007ffaff820000 - 0x00007ffaff82e000 	C:\Program Files\Java\jdk-17\bin\sunmscapi.dll
0x00007ffb20d80000 - 0x00007ffb20ee7000 	C:\WINDOWS\System32\CRYPT32.dll
0x00007ffb1ff50000 - 0x00007ffb1ff7e000 	C:\WINDOWS\SYSTEM32\ncrypt.dll
0x00007ffb1ff10000 - 0x00007ffb1ff47000 	C:\WINDOWS\SYSTEM32\NTASN1.dll
0x00007ffb0ff80000 - 0x00007ffb0ff88000 	C:\WINDOWS\system32\wshunix.dll

dbghelp: loaded successfully - version: 4.0.5 - missing functions: none
symbol engine: initialized successfully - sym options: 0x614 - pdb path: .;C:\Program Files\Java\jdk-17\bin;C:\WINDOWS\SYSTEM32;C:\WINDOWS\WinSxS\amd64_microsoft.windows.common-controls_6595b64144ccf1df_6.0.22621.3672_none_2713b9d173822955;C:\Program Files\Java\jdk-17\bin\server;C:\Users\ICT01-21\.gradle\native\c067742578af261105cb4f569cf0c3c89f3d7b1fecec35dd04571415982c5e48\windows-amd64;C:\Users\ICT01-21\.gradle\native\100fb08df4bc3b14c8652ba06237920a3bd2aa13389f12d3474272988ae205f9\windows-amd64

VM Arguments:
jvm_args: --add-opens=java.base/java.util=ALL-UNNAMED --add-opens=java.base/java.lang=ALL-UNNAMED --add-opens=java.base/java.lang.invoke=ALL-UNNAMED --add-opens=java.prefs/java.util.prefs=ALL-UNNAMED --add-exports=jdk.compiler/com.sun.tools.javac.api=ALL-UNNAMED --add-exports=jdk.compiler/com.sun.tools.javac.util=ALL-UNNAMED --add-opens=java.base/java.nio.charset=ALL-UNNAMED --add-opens=java.base/java.net=ALL-UNNAMED --add-opens=java.base/java.util.concurrent.atomic=ALL-UNNAMED -XX:MaxMetaspaceSize=384m -XX:+HeapDumpOnOutOfMemoryError -Xms256m -Xmx512m -Dfile.encoding=UTF-8 -Duser.country=KR -Duser.language=ko -Duser.variant -javaagent:C:\Users\ICT01-21\.gradle\wrapper\dists\gradle-8.10.1-bin\e90i968nv55tch01zkse4avv3\gradle-8.10.1\lib\agents\gradle-instrumentation-agent-8.10.1.jar 
java_command: org.gradle.launcher.daemon.bootstrap.GradleDaemon 8.10.1
java_class_path (initial): C:\Users\ICT01-21\.gradle\wrapper\dists\gradle-8.10.1-bin\e90i968nv55tch01zkse4avv3\gradle-8.10.1\lib\gradle-daemon-main-8.10.1.jar
Launcher Type: SUN_STANDARD

[Global flags]
     intx CICompilerCount                          = 12                                        {product} {ergonomic}
   size_t CompressedClassSpaceSize                 = 335544320                                 {product} {ergonomic}
     uint ConcGCThreads                            = 5                                         {product} {ergonomic}
     uint G1ConcRefinementThreads                  = 18                                        {product} {ergonomic}
   size_t G1HeapRegionSize                         = 1048576                                   {product} {ergonomic}
    uintx GCDrainStackTargetSize                   = 64                                        {product} {ergonomic}
     bool HeapDumpOnOutOfMemoryError               = true                                   {manageable} {command line}
   size_t InitialHeapSize                          = 268435456                                 {product} {command line}
   size_t MarkStackSize                            = 4194304                                   {product} {ergonomic}
   size_t MaxHeapSize                              = 536870912                                 {product} {command line}
   size_t MaxMetaspaceSize                         = 402653184                                 {product} {command line}
   size_t MaxNewSize                               = 321912832                                 {product} {ergonomic}
   size_t MinHeapDeltaBytes                        = 1048576                                   {product} {ergonomic}
   size_t MinHeapSize                              = 268435456                                 {product} {command line}
    uintx NonNMethodCodeHeapSize                   = 7602480                                {pd product} {ergonomic}
    uintx NonProfiledCodeHeapSize                  = 122027880                              {pd product} {ergonomic}
    uintx ProfiledCodeHeapSize                     = 122027880                              {pd product} {ergonomic}
    uintx ReservedCodeCacheSize                    = 251658240                              {pd product} {ergonomic}
     bool SegmentedCodeCache                       = true                                      {product} {ergonomic}
   size_t SoftMaxHeapSize                          = 536870912                              {manageable} {ergonomic}
     bool UseCompressedClassPointers               = true                           {product lp64_product} {ergonomic}
     bool UseCompressedOops                        = true                           {product lp64_product} {ergonomic}
     bool UseG1GC                                  = true                                      {product} {ergonomic}
     bool UseLargePagesIndividualAllocation        = false                                  {pd product} {ergonomic}

Logging:
Log output configuration:
 #0: stdout all=warning uptime,level,tags
 #1: stderr all=off uptime,level,tags

Environment Variables:
JAVA_HOME=C:\Program Files\Java\jdk-17
PATH=C:\WINDOWS\system32;C:\WINDOWS;C:\WINDOWS\System32\Wbem;C:\WINDOWS\System32\WindowsPowerShell\v1.0\;C:\WINDOWS\System32\OpenSSH\;C:\Program Files\MySQL\MySQL Server 8.0\bin;C:\Program Files\Bandizip\;C:\Program Files\nodejs\;C:\Program Files\Apache Software Foundation\Tomcat 9.0\bin;C:\Program Files\Java\jdk-17\bin;C:\Program Files\Docker\Docker\resources\bin;C:\Program Files\Git\cmd;C:\Users\ICT01-21\AppData\Local\Microsoft\WindowsApps;C:\Program Files\JetBrains\IntelliJ IDEA Community Edition 2024.1.1\bin;;C:\Users\ICT01-21\AppData\Local\Programs\Microsoft VS Code\bin;C:\Users\ICT01-21\AppData\Roaming\npm;C:\Program Files\JetBrains\IntelliJ IDEA 2024.2.1\bin;;C:\Users\ICT01-21\AppData\Local\GitHubDesktop\bin
USERNAME=ICT01-21
OS=Windows_NT
PROCESSOR_IDENTIFIER=Intel64 Family 6 Model 183 Stepping 1, GenuineIntel



---------------  S Y S T E M  ---------------

OS:
 Windows 11 , 64 bit Build 22621 (10.0.22621.3672)
OS uptime: 10 days 8:18 hours
Hyper-V role detected

CPU: total 24 (initial active 24) (12 cores per cpu, 2 threads per core) family 6 model 183 stepping 1 microcode 0x10e, cx8, cmov, fxsr, ht, mmx, 3dnowpref, sse, sse2, sse3, ssse3, sse4.1, sse4.2, popcnt, lzcnt, tsc, tscinvbit, avx, avx2, aes, erms, clmul, bmi1, bmi2, adx, sha, fma, vzeroupper, clflush, clflushopt, clwb, hv

Memory: 4k page, system-wide physical 16060M (4042M free)
TotalPageFile size 44309M (AvailPageFile size 5M)
current process WorkingSet (physical memory assigned to process): 332M, peak: 333M
current process commit charge ("private bytes"): 525M, peak: 527M

vm_info: Java HotSpot(TM) 64-Bit Server VM (17.0.11+7-LTS-207) for windows-amd64 JRE (17.0.11+7-LTS-207), built on Mar 11 2024 19:01:50 by "mach5one" with MS VC++ 17.6 (VS2022)

END.
