#
# There is insufficient memory for the Java Runtime Environment to continue.
# Native memory allocation (malloc) failed to allocate 1729568 bytes for Chunk::new
# Possible reasons:
#   The system is out of physical RAM or swap space
#   The process is running with CompressedOops enabled, and the Java Heap may be blocking the growth of the native heap
# Possible solutions:
#   Reduce memory load on the system
#   Increase physical memory or swap space
#   Check if swap backing store is full
#   Decrease Java heap size (-Xmx/-Xms)
#   Decrease number of Java threads
#   Decrease Java thread stack sizes (-Xss)
#   Set larger code cache with -XX:ReservedCodeCacheSize=
#   JVM is running with Unscaled Compressed Oops mode in which the Java heap is
#     placed in the first 4GB address space. The Java Heap base address is the
#     maximum limit for the native heap growth. Please use -XX:HeapBaseMinAddress
#     to set the Java Heap base and to place the Java Heap above 4GB virtual address.
# This output file may be truncated or incomplete.
#
#  Out of Memory Error (arena.cpp:189), pid=10164, tid=9784
#
# JRE version: Java(TM) SE Runtime Environment (17.0.11+7) (build 17.0.11+7-LTS-207)
# Java VM: Java HotSpot(TM) 64-Bit Server VM (17.0.11+7-LTS-207, mixed mode, sharing, tiered, compressed oops, compressed class ptrs, g1 gc, windows-amd64)
# No core dump will be written. Minidumps are not enabled by default on client versions of Windows
#

---------------  S U M M A R Y ------------

Command Line: --add-opens=java.base/java.util=ALL-UNNAMED --add-opens=java.base/java.lang=ALL-UNNAMED --add-opens=java.base/java.lang.invoke=ALL-UNNAMED --add-opens=java.prefs/java.util.prefs=ALL-UNNAMED --add-exports=jdk.compiler/com.sun.tools.javac.api=ALL-UNNAMED --add-exports=jdk.compiler/com.sun.tools.javac.util=ALL-UNNAMED --add-opens=java.base/java.nio.charset=ALL-UNNAMED --add-opens=java.base/java.net=ALL-UNNAMED --add-opens=java.base/java.util.concurrent.atomic=ALL-UNNAMED -XX:MaxMetaspaceSize=384m -XX:+HeapDumpOnOutOfMemoryError -Xms256m -Xmx512m -Dfile.encoding=UTF-8 -Duser.country=KR -Duser.language=ko -Duser.variant -javaagent:C:\Users\ICT01-21\.gradle\wrapper\dists\gradle-8.10.1-bin\e90i968nv55tch01zkse4avv3\gradle-8.10.1\lib\agents\gradle-instrumentation-agent-8.10.1.jar org.gradle.launcher.daemon.bootstrap.GradleDaemon 8.10.1

Host: 13th Gen Intel(R) Core(TM) i7-13700, 24 cores, 15G,  Windows 11 , 64 bit Build 22621 (10.0.22621.3672)
Time: Mon Sep 30 17:01:37 2024  Windows 11 , 64 bit Build 22621 (10.0.22621.3672) elapsed time: 2.965520 seconds (0d 0h 0m 2s)

---------------  T H R E A D  ---------------

Current thread (0x00000219cb8846e0):  JavaThread "C2 CompilerThread0" daemon [_thread_in_native, id=9784, stack(0x000000500b600000,0x000000500b700000)]


Current CompileTask:
C2:   2965 4967       4       org.objectweb.asm.Frame::execute (2303 bytes)

Stack: [0x000000500b600000,0x000000500b700000]
Native frames: (J=compiled Java code, j=interpreted, Vv=VM code, C=native code)
V  [jvm.dll+0x679cca]
V  [jvm.dll+0x7da13d]
V  [jvm.dll+0x7dba83]
V  [jvm.dll+0x7dc0f3]
V  [jvm.dll+0x2449af]
V  [jvm.dll+0xab83b]
V  [jvm.dll+0xabe1c]
V  [jvm.dll+0x3615ae]
V  [jvm.dll+0x32bd61]
V  [jvm.dll+0x32b1fa]
V  [jvm.dll+0x2161df]
V  [jvm.dll+0x21560f]
V  [jvm.dll+0x1a2040]
V  [jvm.dll+0x225a2b]
V  [jvm.dll+0x223bcb]
V  [jvm.dll+0x7903ec]
V  [jvm.dll+0x78a85a]
V  [jvm.dll+0x678bb5]
C  [ucrtbase.dll+0x29333]
C  [KERNEL32.DLL+0x1257d]
C  [ntdll.dll+0x5af28]


---------------  P R O C E S S  ---------------

Threads class SMR info:
_java_thread_list=0x00000219ea2fd390, length=49, elements={
0x00000219af9a3490, 0x00000219cb865f90, 0x00000219cb866e10, 0x00000219cb87ee90,
0x00000219cb87fa50, 0x00000219cb880610, 0x00000219cb8811d0, 0x00000219cb8846e0,
0x00000219cb885190, 0x00000219cb88a0d0, 0x00000219cb997b40, 0x00000219cb99aaf0,
0x00000219cb99b3c0, 0x00000219cb9c1f40, 0x00000219cbb2cd60, 0x00000219cbb5db10,
0x00000219e52f27b0, 0x00000219cbc56660, 0x00000219e5b8e5f0, 0x00000219e5f8fcc0,
0x00000219e6f25f90, 0x00000219e730f000, 0x00000219e7318430, 0x00000219e67c51d0,
0x00000219e6b78e00, 0x00000219e6b77ed0, 0x00000219e6b783e0, 0x00000219e6b779c0,
0x00000219e6b788f0, 0x00000219e6b79310, 0x00000219e6b76580, 0x00000219e6b76a90,
0x00000219e6b79820, 0x00000219e6b76070, 0x00000219e6b76fa0, 0x00000219e6b774b0,
0x00000219e8569800, 0x00000219e856cfb0, 0x00000219e856ac40, 0x00000219e8569d10,
0x00000219e856b660, 0x00000219e856a220, 0x00000219e5b8c610, 0x00000219e5b8db50,
0x00000219e856a730, 0x00000219e856bb70, 0x00000219e856b150, 0x00000219e856c590,
0x00000219e856caa0
}

Java Threads: ( => current thread )
  0x00000219af9a3490 JavaThread "main" [_thread_blocked, id=22968, stack(0x000000500a900000,0x000000500aa00000)]
  0x00000219cb865f90 JavaThread "Reference Handler" daemon [_thread_blocked, id=2212, stack(0x000000500b000000,0x000000500b100000)]
  0x00000219cb866e10 JavaThread "Finalizer" daemon [_thread_blocked, id=6260, stack(0x000000500b100000,0x000000500b200000)]
  0x00000219cb87ee90 JavaThread "Signal Dispatcher" daemon [_thread_blocked, id=1344, stack(0x000000500b200000,0x000000500b300000)]
  0x00000219cb87fa50 JavaThread "Attach Listener" daemon [_thread_blocked, id=26404, stack(0x000000500b300000,0x000000500b400000)]
  0x00000219cb880610 JavaThread "Service Thread" daemon [_thread_blocked, id=19132, stack(0x000000500b400000,0x000000500b500000)]
  0x00000219cb8811d0 JavaThread "Monitor Deflation Thread" daemon [_thread_blocked, id=18804, stack(0x000000500b500000,0x000000500b600000)]
=>0x00000219cb8846e0 JavaThread "C2 CompilerThread0" daemon [_thread_in_native, id=9784, stack(0x000000500b600000,0x000000500b700000)]
  0x00000219cb885190 JavaThread "C1 CompilerThread0" daemon [_thread_blocked, id=23892, stack(0x000000500b700000,0x000000500b800000)]
  0x00000219cb88a0d0 JavaThread "Sweeper thread" daemon [_thread_blocked, id=19324, stack(0x000000500b800000,0x000000500b900000)]
  0x00000219cb997b40 JavaThread "Common-Cleaner" daemon [_thread_blocked, id=2408, stack(0x000000500b900000,0x000000500ba00000)]
  0x00000219cb99aaf0 JavaThread "C1 CompilerThread1" daemon [_thread_blocked, id=20032, stack(0x000000500ba00000,0x000000500bb00000)]
  0x00000219cb99b3c0 JavaThread "C1 CompilerThread2" daemon [_thread_blocked, id=10208, stack(0x000000500bb00000,0x000000500bc00000)]
  0x00000219cb9c1f40 JavaThread "C2 CompilerThread1" daemon [_thread_blocked, id=21744, stack(0x000000500bc00000,0x000000500bd00000)]
  0x00000219cbb2cd60 JavaThread "Notification Thread" daemon [_thread_blocked, id=8552, stack(0x000000500bd00000,0x000000500be00000)]
  0x00000219cbb5db10 JavaThread "C2 CompilerThread2" daemon [_thread_in_native, id=8664, stack(0x000000500bf00000,0x000000500c000000)]
  0x00000219e52f27b0 JavaThread "C2 CompilerThread3" daemon [_thread_in_native, id=8472, stack(0x000000500c000000,0x000000500c100000)]
  0x00000219cbc56660 JavaThread "C2 CompilerThread4" daemon [_thread_blocked, id=22016, stack(0x000000500c100000,0x000000500c200000)]
  0x00000219e5b8e5f0 JavaThread "C1 CompilerThread3" daemon [_thread_blocked, id=13316, stack(0x000000500c700000,0x000000500c800000)]
  0x00000219e5f8fcc0 JavaThread "Daemon health stats" [_thread_blocked, id=3088, stack(0x000000500c800000,0x000000500c900000)]
  0x00000219e6f25f90 JavaThread "Incoming local TCP Connector on port 60475" [_thread_in_native, id=17208, stack(0x000000500cc00000,0x000000500cd00000)]
  0x00000219e730f000 JavaThread "Daemon periodic checks" [_thread_blocked, id=24288, stack(0x000000500cd00000,0x000000500ce00000)]
  0x00000219e7318430 JavaThread "Daemon" [_thread_blocked, id=21392, stack(0x000000500ce00000,0x000000500cf00000)]
  0x00000219e67c51d0 JavaThread "Handler for socket connection from /127.0.0.1:60475 to /127.0.0.1:60477" [_thread_in_native, id=9080, stack(0x000000500cf00000,0x000000500d000000)]
  0x00000219e6b78e00 JavaThread "Cancel handler" [_thread_blocked, id=25716, stack(0x000000500d000000,0x000000500d100000)]
  0x00000219e6b77ed0 JavaThread "Daemon worker" [_thread_in_vm, id=9996, stack(0x000000500d100000,0x000000500d200000)]
  0x00000219e6b783e0 JavaThread "Asynchronous log dispatcher for DefaultDaemonConnection: socket connection from /127.0.0.1:60475 to /127.0.0.1:60477" [_thread_blocked, id=10000, stack(0x000000500d200000,0x000000500d300000)]
  0x00000219e6b779c0 JavaThread "Stdin handler" [_thread_blocked, id=20072, stack(0x000000500d300000,0x000000500d400000)]
  0x00000219e6b788f0 JavaThread "Daemon client event forwarder" [_thread_blocked, id=21352, stack(0x000000500d400000,0x000000500d500000)]
  0x00000219e6b79310 JavaThread "Cache worker for journal cache (C:\Users\ICT01-21\.gradle\caches\journal-1)" [_thread_blocked, id=17932, stack(0x000000500d500000,0x000000500d600000)]
  0x00000219e6b76580 JavaThread "File lock request listener" [_thread_in_native, id=22712, stack(0x000000500d600000,0x000000500d700000)]
  0x00000219e6b76a90 JavaThread "Cache worker for file hash cache (C:\Users\ICT01-21\.gradle\caches\8.10.1\fileHashes)" [_thread_blocked, id=24260, stack(0x000000500d700000,0x000000500d800000)]
  0x00000219e6b79820 JavaThread "Cache worker for file hash cache (C:\Users\ICT01-21\Desktop\JWTtest\.gradle\8.10.1\fileHashes)" [_thread_blocked, id=20624, stack(0x000000500d800000,0x000000500d900000)]
  0x00000219e6b76070 JavaThread "Cache worker for Build Output Cleanup Cache (C:\Users\ICT01-21\Desktop\JWTtest\.gradle\buildOutputCleanup)" [_thread_blocked, id=10224, stack(0x000000500d900000,0x000000500da00000)]
  0x00000219e6b76fa0 JavaThread "File watcher server" daemon [_thread_in_native, id=2284, stack(0x000000500e700000,0x000000500e800000)]
  0x00000219e6b774b0 JavaThread "File watcher consumer" daemon [_thread_blocked, id=12284, stack(0x000000500e800000,0x000000500e900000)]
  0x00000219e8569800 JavaThread "Cache worker for checksums cache (C:\Users\ICT01-21\Desktop\JWTtest\.gradle\8.10.1\checksums)" [_thread_blocked, id=22708, stack(0x000000500e900000,0x000000500ea00000)]
  0x00000219e856cfb0 JavaThread "Cache worker for file content cache (C:\Users\ICT01-21\.gradle\caches\8.10.1\fileContent)" [_thread_blocked, id=17568, stack(0x000000500ea00000,0x000000500eb00000)]
  0x00000219e856ac40 JavaThread "Cache worker for cache directory md-rule (C:\Users\ICT01-21\.gradle\caches\8.10.1\md-rule)" [_thread_blocked, id=4028, stack(0x000000500eb00000,0x000000500ec00000)]
  0x00000219e8569d10 JavaThread "Cache worker for cache directory md-supplier (C:\Users\ICT01-21\.gradle\caches\8.10.1\md-supplier)" [_thread_blocked, id=26080, stack(0x000000500ec00000,0x000000500ed00000)]
  0x00000219e856b660 JavaThread "jar transforms" [_thread_blocked, id=20452, stack(0x000000500ed00000,0x000000500ee00000)]
  0x00000219e856a220 JavaThread "jar transforms Thread 2" [_thread_blocked, id=19428, stack(0x000000500ee00000,0x000000500ef00000)]
  0x00000219e5b8c610 JavaThread "C2 CompilerThread5" daemon [_thread_blocked, id=26536, stack(0x000000500ef00000,0x000000500f000000)]
  0x00000219e5b8db50 JavaThread "C2 CompilerThread6" daemon [_thread_blocked, id=24908, stack(0x000000500f000000,0x000000500f100000)]
  0x00000219e856a730 JavaThread "jar transforms Thread 3" [_thread_blocked, id=19612, stack(0x000000500f200000,0x000000500f300000)]
  0x00000219e856bb70 JavaThread "jar transforms Thread 4" [_thread_blocked, id=16464, stack(0x000000500f300000,0x000000500f400000)]
  0x00000219e856b150 JavaThread "jar transforms Thread 5" [_thread_blocked, id=20748, stack(0x000000500f400000,0x000000500f500000)]
  0x00000219e856c590 JavaThread "jar transforms Thread 6" [_thread_blocked, id=2372, stack(0x000000500f500000,0x000000500f600000)]
  0x00000219e856caa0 JavaThread "jar transforms Thread 7" [_thread_blocked, id=25124, stack(0x000000500f100000,0x000000500f200000)]

Other Threads:
  0x00000219cb860370 VMThread "VM Thread" [stack: 0x000000500af00000,0x000000500b000000] [id=25492]
  0x00000219afa24820 WatcherThread [stack: 0x000000500be00000,0x000000500bf00000] [id=19440]
  0x00000219af9d4650 GCTaskThread "GC Thread#0" [stack: 0x000000500aa00000,0x000000500ab00000] [id=14496]
  0x00000219e526ff30 GCTaskThread "GC Thread#1" [stack: 0x000000500c200000,0x000000500c300000] [id=19600]
  0x00000219e52f30d0 GCTaskThread "GC Thread#2" [stack: 0x000000500c300000,0x000000500c400000] [id=6356]
  0x00000219e52f37a0 GCTaskThread "GC Thread#3" [stack: 0x000000500c400000,0x000000500c500000] [id=5016]
  0x00000219e577a700 GCTaskThread "GC Thread#4" [stack: 0x000000500c500000,0x000000500c600000] [id=17016]
  0x00000219e577a9c0 GCTaskThread "GC Thread#5" [stack: 0x000000500c600000,0x000000500c700000] [id=18908]
  0x00000219e6be86b0 GCTaskThread "GC Thread#6" [stack: 0x000000500c900000,0x000000500ca00000] [id=2244]
  0x00000219e6ec03a0 GCTaskThread "GC Thread#7" [stack: 0x000000500ca00000,0x000000500cb00000] [id=12252]
  0x00000219e6ec0660 GCTaskThread "GC Thread#8" [stack: 0x000000500cb00000,0x000000500cc00000] [id=15516]
  0x00000219ea0e7160 GCTaskThread "GC Thread#9" [stack: 0x000000500da00000,0x000000500db00000] [id=15304]
  0x00000219ea0e8760 GCTaskThread "GC Thread#10" [stack: 0x000000500db00000,0x000000500dc00000] [id=21860]
  0x00000219ea0e8a20 GCTaskThread "GC Thread#11" [stack: 0x000000500dc00000,0x000000500dd00000] [id=24052]
  0x00000219ea0e7f20 GCTaskThread "GC Thread#12" [stack: 0x000000500dd00000,0x000000500de00000] [id=20716]
  0x00000219ea0e6ea0 GCTaskThread "GC Thread#13" [stack: 0x000000500de00000,0x000000500df00000] [id=5636]
  0x00000219ea0e7420 GCTaskThread "GC Thread#14" [stack: 0x000000500df00000,0x000000500e000000] [id=16328]
  0x00000219ea0e76e0 GCTaskThread "GC Thread#15" [stack: 0x000000500e000000,0x000000500e100000] [id=9556]
  0x00000219ea0e79a0 GCTaskThread "GC Thread#16" [stack: 0x000000500e100000,0x000000500e200000] [id=25384]
  0x00000219ea0e81e0 GCTaskThread "GC Thread#17" [stack: 0x000000500e200000,0x000000500e300000] [id=23428]
  0x00000219af9c18c0 ConcurrentGCThread "G1 Main Marker" [stack: 0x000000500ab00000,0x000000500ac00000] [id=9240]
  0x00000219af9dad90 ConcurrentGCThread "G1 Conc#0" [stack: 0x000000500ac00000,0x000000500ad00000] [id=15664]
  0x00000219ea0e84a0 ConcurrentGCThread "G1 Conc#1" [stack: 0x000000500e300000,0x000000500e400000] [id=25224]
  0x00000219e9ecc410 ConcurrentGCThread "G1 Conc#2" [stack: 0x000000500e400000,0x000000500e500000] [id=18072]
  0x00000219e9ecb0d0 ConcurrentGCThread "G1 Conc#3" [stack: 0x000000500e500000,0x000000500e600000] [id=14080]
  0x00000219e9ecbbd0 ConcurrentGCThread "G1 Conc#4" [stack: 0x000000500e600000,0x000000500e700000] [id=23736]
  0x00000219cb722ac0 ConcurrentGCThread "G1 Refine#0" [stack: 0x000000500ad00000,0x000000500ae00000] [id=23848]
  0x00000219cb7234f0 ConcurrentGCThread "G1 Service" [stack: 0x000000500ae00000,0x000000500af00000] [id=11064]

Threads with active compile tasks:
C2 CompilerThread0     2976 4967       4       org.objectweb.asm.Frame::execute (2303 bytes)
C2 CompilerThread2     2977 4887       4       org.gradle.internal.service.DefaultServiceRegistry$ClassInspector::getDetailsForClass (50 bytes)
C2 CompilerThread3     2977 4977       4       sun.net.www.protocol.jar.Handler::parseURL (173 bytes)

VM state: not at safepoint (normal execution)

VM Mutex/Monitor currently owned by a thread: None

Heap address: 0x00000000e0000000, size: 512 MB, Compressed Oops mode: 32-bit

CDS archive(s) mapped at: [0x00000219cc000000-0x00000219ccbd0000-0x00000219ccbd0000), size 12386304, SharedBaseAddress: 0x00000219cc000000, ArchiveRelocationMode: 1.
Compressed class space mapped at: 0x00000219cd000000-0x00000219e1000000, reserved size: 335544320
Narrow klass base: 0x00000219cc000000, Narrow klass shift: 0, Narrow klass range: 0x100000000

GC Precious Log:
 CPUs: 24 total, 24 available
 Memory: 16060M
 Large Page Support: Disabled
 NUMA Support: Disabled
 Compressed Oops: Enabled (32-bit)
 Heap Region Size: 1M
 Heap Min Capacity: 256M
 Heap Initial Capacity: 256M
 Heap Max Capacity: 512M
 Pre-touch: Disabled
 Parallel Workers: 18
 Concurrent Workers: 5
 Concurrent Refinement Workers: 18
 Periodic GC: Disabled

Heap:
 garbage-first heap   total 262144K, used 90035K [0x00000000e0000000, 0x0000000100000000)
  region size 1024K, 74 young (75776K), 19 survivors (19456K)
 Metaspace       used 41748K, committed 42176K, reserved 393216K
  class space    used 5823K, committed 6016K, reserved 327680K

Heap Regions: E=young(eden), S=young(survivor), O=old, HS=humongous(starts), HC=humongous(continues), CS=collection set, F=free, OA=open archive, CA=closed archive, TAMS=top-at-mark-start (previous, next)
|   0|0x00000000e0000000, 0x00000000e0100000, 0x00000000e0100000|100%| O|  |TAMS 0x00000000e0100000, 0x00000000e0000000| Untracked 
|   1|0x00000000e0100000, 0x00000000e0200000, 0x00000000e0200000|100%|HS|  |TAMS 0x00000000e0200000, 0x00000000e0100000| Complete 
|   2|0x00000000e0200000, 0x00000000e0300000, 0x00000000e0300000|100%|HC|  |TAMS 0x00000000e0300000, 0x00000000e0200000| Complete 
|   3|0x00000000e0300000, 0x00000000e0400000, 0x00000000e0400000|100%|HC|  |TAMS 0x00000000e0400000, 0x00000000e0300000| Complete 
|   4|0x00000000e0400000, 0x00000000e0500000, 0x00000000e0500000|100%|HC|  |TAMS 0x00000000e0500000, 0x00000000e0400000| Complete 
|   5|0x00000000e0500000, 0x00000000e0600000, 0x00000000e0600000|100%| O|  |TAMS 0x00000000e0600000, 0x00000000e0500000| Untracked 
|   6|0x00000000e0600000, 0x00000000e0700000, 0x00000000e0700000|100%| O|  |TAMS 0x00000000e0700000, 0x00000000e0600000| Untracked 
|   7|0x00000000e0700000, 0x00000000e0800000, 0x00000000e0800000|100%| O|  |TAMS 0x00000000e0800000, 0x00000000e0700000| Untracked 
|   8|0x00000000e0800000, 0x00000000e0900000, 0x00000000e0900000|100%| O|  |TAMS 0x00000000e0900000, 0x00000000e0800000| Untracked 
|   9|0x00000000e0900000, 0x00000000e0a00000, 0x00000000e0a00000|100%|HS|  |TAMS 0x00000000e0a00000, 0x00000000e0900000| Complete 
|  10|0x00000000e0a00000, 0x00000000e0b00000, 0x00000000e0b00000|100%|HS|  |TAMS 0x00000000e0a00000, 0x00000000e0a00000| Complete 
|  11|0x00000000e0b00000, 0x00000000e0c00000, 0x00000000e0c00000|100%| O|  |TAMS 0x00000000e0c00000, 0x00000000e0b00000| Untracked 
|  12|0x00000000e0c00000, 0x00000000e0d00000, 0x00000000e0d00000|100%| O|  |TAMS 0x00000000e0c2ae00, 0x00000000e0c00000| Untracked 
|  13|0x00000000e0d00000, 0x00000000e0e00000, 0x00000000e0e00000|100%|HS|  |TAMS 0x00000000e0d00000, 0x00000000e0d00000| Complete 
|  14|0x00000000e0e00000, 0x00000000e0e00000, 0x00000000e0f00000|  0%| F|  |TAMS 0x00000000e0e00000, 0x00000000e0e00000| Untracked 
|  15|0x00000000e0f00000, 0x00000000e0f00000, 0x00000000e1000000|  0%| F|  |TAMS 0x00000000e0f00000, 0x00000000e0f00000| Untracked 
|  16|0x00000000e1000000, 0x00000000e1000000, 0x00000000e1100000|  0%| F|  |TAMS 0x00000000e1000000, 0x00000000e1000000| Untracked 
|  17|0x00000000e1100000, 0x00000000e1200000, 0x00000000e1200000|100%| O|  |TAMS 0x00000000e1100000, 0x00000000e1100000| Untracked 
|  18|0x00000000e1200000, 0x00000000e1300000, 0x00000000e1300000|100%| O|  |TAMS 0x00000000e1200000, 0x00000000e1200000| Untracked 
|  19|0x00000000e1300000, 0x00000000e1376e00, 0x00000000e1400000| 46%| O|  |TAMS 0x00000000e1300000, 0x00000000e1300000| Untracked 
|  20|0x00000000e1400000, 0x00000000e1400000, 0x00000000e1500000|  0%| F|  |TAMS 0x00000000e1400000, 0x00000000e1400000| Untracked 
|  21|0x00000000e1500000, 0x00000000e1500000, 0x00000000e1600000|  0%| F|  |TAMS 0x00000000e1500000, 0x00000000e1500000| Untracked 
|  22|0x00000000e1600000, 0x00000000e1600000, 0x00000000e1700000|  0%| F|  |TAMS 0x00000000e1600000, 0x00000000e1600000| Untracked 
|  23|0x00000000e1700000, 0x00000000e1700000, 0x00000000e1800000|  0%| F|  |TAMS 0x00000000e1700000, 0x00000000e1700000| Untracked 
|  24|0x00000000e1800000, 0x00000000e1800000, 0x00000000e1900000|  0%| F|  |TAMS 0x00000000e1800000, 0x00000000e1800000| Untracked 
|  25|0x00000000e1900000, 0x00000000e1900000, 0x00000000e1a00000|  0%| F|  |TAMS 0x00000000e1900000, 0x00000000e1900000| Untracked 
|  26|0x00000000e1a00000, 0x00000000e1a00000, 0x00000000e1b00000|  0%| F|  |TAMS 0x00000000e1a00000, 0x00000000e1a00000| Untracked 
|  27|0x00000000e1b00000, 0x00000000e1b00000, 0x00000000e1c00000|  0%| F|  |TAMS 0x00000000e1b00000, 0x00000000e1b00000| Untracked 
|  28|0x00000000e1c00000, 0x00000000e1c00000, 0x00000000e1d00000|  0%| F|  |TAMS 0x00000000e1c00000, 0x00000000e1c00000| Untracked 
|  29|0x00000000e1d00000, 0x00000000e1d00000, 0x00000000e1e00000|  0%| F|  |TAMS 0x00000000e1d00000, 0x00000000e1d00000| Untracked 
|  30|0x00000000e1e00000, 0x00000000e1e00000, 0x00000000e1f00000|  0%| F|  |TAMS 0x00000000e1e00000, 0x00000000e1e00000| Untracked 
|  31|0x00000000e1f00000, 0x00000000e1f00000, 0x00000000e2000000|  0%| F|  |TAMS 0x00000000e1f00000, 0x00000000e1f00000| Untracked 
|  32|0x00000000e2000000, 0x00000000e2000000, 0x00000000e2100000|  0%| F|  |TAMS 0x00000000e2000000, 0x00000000e2000000| Untracked 
|  33|0x00000000e2100000, 0x00000000e2100000, 0x00000000e2200000|  0%| F|  |TAMS 0x00000000e2100000, 0x00000000e2100000| Untracked 
|  34|0x00000000e2200000, 0x00000000e2200000, 0x00000000e2300000|  0%| F|  |TAMS 0x00000000e2200000, 0x00000000e2200000| Untracked 
|  35|0x00000000e2300000, 0x00000000e2300000, 0x00000000e2400000|  0%| F|  |TAMS 0x00000000e2300000, 0x00000000e2300000| Untracked 
|  36|0x00000000e2400000, 0x00000000e2400000, 0x00000000e2500000|  0%| F|  |TAMS 0x00000000e2400000, 0x00000000e2400000| Untracked 
|  37|0x00000000e2500000, 0x00000000e2500000, 0x00000000e2600000|  0%| F|  |TAMS 0x00000000e2500000, 0x00000000e2500000| Untracked 
|  38|0x00000000e2600000, 0x00000000e2600000, 0x00000000e2700000|  0%| F|  |TAMS 0x00000000e2600000, 0x00000000e2600000| Untracked 
|  39|0x00000000e2700000, 0x00000000e2700000, 0x00000000e2800000|  0%| F|  |TAMS 0x00000000e2700000, 0x00000000e2700000| Untracked 
|  40|0x00000000e2800000, 0x00000000e2800000, 0x00000000e2900000|  0%| F|  |TAMS 0x00000000e2800000, 0x00000000e2800000| Untracked 
|  41|0x00000000e2900000, 0x00000000e2900000, 0x00000000e2a00000|  0%| F|  |TAMS 0x00000000e2900000, 0x00000000e2900000| Untracked 
|  42|0x00000000e2a00000, 0x00000000e2a00000, 0x00000000e2b00000|  0%| F|  |TAMS 0x00000000e2a00000, 0x00000000e2a00000| Untracked 
|  43|0x00000000e2b00000, 0x00000000e2b00000, 0x00000000e2c00000|  0%| F|  |TAMS 0x00000000e2b00000, 0x00000000e2b00000| Untracked 
|  44|0x00000000e2c00000, 0x00000000e2c00000, 0x00000000e2d00000|  0%| F|  |TAMS 0x00000000e2c00000, 0x00000000e2c00000| Untracked 
|  45|0x00000000e2d00000, 0x00000000e2d00000, 0x00000000e2e00000|  0%| F|  |TAMS 0x00000000e2d00000, 0x00000000e2d00000| Untracked 
|  46|0x00000000e2e00000, 0x00000000e2e00000, 0x00000000e2f00000|  0%| F|  |TAMS 0x00000000e2e00000, 0x00000000e2e00000| Untracked 
|  47|0x00000000e2f00000, 0x00000000e2f00000, 0x00000000e3000000|  0%| F|  |TAMS 0x00000000e2f00000, 0x00000000e2f00000| Untracked 
|  48|0x00000000e3000000, 0x00000000e3000000, 0x00000000e3100000|  0%| F|  |TAMS 0x00000000e3000000, 0x00000000e3000000| Untracked 
|  49|0x00000000e3100000, 0x00000000e3100000, 0x00000000e3200000|  0%| F|  |TAMS 0x00000000e3100000, 0x00000000e3100000| Untracked 
|  50|0x00000000e3200000, 0x00000000e3200000, 0x00000000e3300000|  0%| F|  |TAMS 0x00000000e3200000, 0x00000000e3200000| Untracked 
|  51|0x00000000e3300000, 0x00000000e3300000, 0x00000000e3400000|  0%| F|  |TAMS 0x00000000e3300000, 0x00000000e3300000| Untracked 
|  52|0x00000000e3400000, 0x00000000e3400000, 0x00000000e3500000|  0%| F|  |TAMS 0x00000000e3400000, 0x00000000e3400000| Untracked 
|  53|0x00000000e3500000, 0x00000000e3500000, 0x00000000e3600000|  0%| F|  |TAMS 0x00000000e3500000, 0x00000000e3500000| Untracked 
|  54|0x00000000e3600000, 0x00000000e3600000, 0x00000000e3700000|  0%| F|  |TAMS 0x00000000e3600000, 0x00000000e3600000| Untracked 
|  55|0x00000000e3700000, 0x00000000e3700000, 0x00000000e3800000|  0%| F|  |TAMS 0x00000000e3700000, 0x00000000e3700000| Untracked 
|  56|0x00000000e3800000, 0x00000000e3800000, 0x00000000e3900000|  0%| F|  |TAMS 0x00000000e3800000, 0x00000000e3800000| Untracked 
|  57|0x00000000e3900000, 0x00000000e3900000, 0x00000000e3a00000|  0%| F|  |TAMS 0x00000000e3900000, 0x00000000e3900000| Untracked 
|  58|0x00000000e3a00000, 0x00000000e3a00000, 0x00000000e3b00000|  0%| F|  |TAMS 0x00000000e3a00000, 0x00000000e3a00000| Untracked 
|  59|0x00000000e3b00000, 0x00000000e3b00000, 0x00000000e3c00000|  0%| F|  |TAMS 0x00000000e3b00000, 0x00000000e3b00000| Untracked 
|  60|0x00000000e3c00000, 0x00000000e3c00000, 0x00000000e3d00000|  0%| F|  |TAMS 0x00000000e3c00000, 0x00000000e3c00000| Untracked 
|  61|0x00000000e3d00000, 0x00000000e3d00000, 0x00000000e3e00000|  0%| F|  |TAMS 0x00000000e3d00000, 0x00000000e3d00000| Untracked 
|  62|0x00000000e3e00000, 0x00000000e3e00000, 0x00000000e3f00000|  0%| F|  |TAMS 0x00000000e3e00000, 0x00000000e3e00000| Untracked 
|  63|0x00000000e3f00000, 0x00000000e3f00000, 0x00000000e4000000|  0%| F|  |TAMS 0x00000000e3f00000, 0x00000000e3f00000| Untracked 
|  64|0x00000000e4000000, 0x00000000e4000000, 0x00000000e4100000|  0%| F|  |TAMS 0x00000000e4000000, 0x00000000e4000000| Untracked 
|  65|0x00000000e4100000, 0x00000000e4100000, 0x00000000e4200000|  0%| F|  |TAMS 0x00000000e4100000, 0x00000000e4100000| Untracked 
|  66|0x00000000e4200000, 0x00000000e4200000, 0x00000000e4300000|  0%| F|  |TAMS 0x00000000e4200000, 0x00000000e4200000| Untracked 
|  67|0x00000000e4300000, 0x00000000e4300000, 0x00000000e4400000|  0%| F|  |TAMS 0x00000000e4300000, 0x00000000e4300000| Untracked 
|  68|0x00000000e4400000, 0x00000000e4400000, 0x00000000e4500000|  0%| F|  |TAMS 0x00000000e4400000, 0x00000000e4400000| Untracked 
|  69|0x00000000e4500000, 0x00000000e4500000, 0x00000000e4600000|  0%| F|  |TAMS 0x00000000e4500000, 0x00000000e4500000| Untracked 
|  70|0x00000000e4600000, 0x00000000e4600000, 0x00000000e4700000|  0%| F|  |TAMS 0x00000000e4600000, 0x00000000e4600000| Untracked 
|  71|0x00000000e4700000, 0x00000000e4700000, 0x00000000e4800000|  0%| F|  |TAMS 0x00000000e4700000, 0x00000000e4700000| Untracked 
|  72|0x00000000e4800000, 0x00000000e4800000, 0x00000000e4900000|  0%| F|  |TAMS 0x00000000e4800000, 0x00000000e4800000| Untracked 
|  73|0x00000000e4900000, 0x00000000e4900000, 0x00000000e4a00000|  0%| F|  |TAMS 0x00000000e4900000, 0x00000000e4900000| Untracked 
|  74|0x00000000e4a00000, 0x00000000e4a00000, 0x00000000e4b00000|  0%| F|  |TAMS 0x00000000e4a00000, 0x00000000e4a00000| Untracked 
|  75|0x00000000e4b00000, 0x00000000e4b00000, 0x00000000e4c00000|  0%| F|  |TAMS 0x00000000e4b00000, 0x00000000e4b00000| Untracked 
|  76|0x00000000e4c00000, 0x00000000e4c00000, 0x00000000e4d00000|  0%| F|  |TAMS 0x00000000e4c00000, 0x00000000e4c00000| Untracked 
|  77|0x00000000e4d00000, 0x00000000e4d00000, 0x00000000e4e00000|  0%| F|  |TAMS 0x00000000e4d00000, 0x00000000e4d00000| Untracked 
|  78|0x00000000e4e00000, 0x00000000e4e00000, 0x00000000e4f00000|  0%| F|  |TAMS 0x00000000e4e00000, 0x00000000e4e00000| Untracked 
|  79|0x00000000e4f00000, 0x00000000e4f00000, 0x00000000e5000000|  0%| F|  |TAMS 0x00000000e4f00000, 0x00000000e4f00000| Untracked 
|  80|0x00000000e5000000, 0x00000000e5000000, 0x00000000e5100000|  0%| F|  |TAMS 0x00000000e5000000, 0x00000000e5000000| Untracked 
|  81|0x00000000e5100000, 0x00000000e5100000, 0x00000000e5200000|  0%| F|  |TAMS 0x00000000e5100000, 0x00000000e5100000| Untracked 
|  82|0x00000000e5200000, 0x00000000e5200000, 0x00000000e5300000|  0%| F|  |TAMS 0x00000000e5200000, 0x00000000e5200000| Untracked 
|  83|0x00000000e5300000, 0x00000000e5300000, 0x00000000e5400000|  0%| F|  |TAMS 0x00000000e5300000, 0x00000000e5300000| Untracked 
|  84|0x00000000e5400000, 0x00000000e5400000, 0x00000000e5500000|  0%| F|  |TAMS 0x00000000e5400000, 0x00000000e5400000| Untracked 
|  85|0x00000000e5500000, 0x00000000e5500000, 0x00000000e5600000|  0%| F|  |TAMS 0x00000000e5500000, 0x00000000e5500000| Untracked 
|  86|0x00000000e5600000, 0x00000000e5600000, 0x00000000e5700000|  0%| F|  |TAMS 0x00000000e5600000, 0x00000000e5600000| Untracked 
|  87|0x00000000e5700000, 0x00000000e5700000, 0x00000000e5800000|  0%| F|  |TAMS 0x00000000e5700000, 0x00000000e5700000| Untracked 
|  88|0x00000000e5800000, 0x00000000e5800000, 0x00000000e5900000|  0%| F|  |TAMS 0x00000000e5800000, 0x00000000e5800000| Untracked 
|  89|0x00000000e5900000, 0x00000000e5900000, 0x00000000e5a00000|  0%| F|  |TAMS 0x00000000e5900000, 0x00000000e5900000| Untracked 
|  90|0x00000000e5a00000, 0x00000000e5a00000, 0x00000000e5b00000|  0%| F|  |TAMS 0x00000000e5a00000, 0x00000000e5a00000| Untracked 
|  91|0x00000000e5b00000, 0x00000000e5b00000, 0x00000000e5c00000|  0%| F|  |TAMS 0x00000000e5b00000, 0x00000000e5b00000| Untracked 
|  92|0x00000000e5c00000, 0x00000000e5c00000, 0x00000000e5d00000|  0%| F|  |TAMS 0x00000000e5c00000, 0x00000000e5c00000| Untracked 
|  93|0x00000000e5d00000, 0x00000000e5d00000, 0x00000000e5e00000|  0%| F|  |TAMS 0x00000000e5d00000, 0x00000000e5d00000| Untracked 
|  94|0x00000000e5e00000, 0x00000000e5e00000, 0x00000000e5f00000|  0%| F|  |TAMS 0x00000000e5e00000, 0x00000000e5e00000| Untracked 
|  95|0x00000000e5f00000, 0x00000000e5f00000, 0x00000000e6000000|  0%| F|  |TAMS 0x00000000e5f00000, 0x00000000e5f00000| Untracked 
|  96|0x00000000e6000000, 0x00000000e6000000, 0x00000000e6100000|  0%| F|  |TAMS 0x00000000e6000000, 0x00000000e6000000| Untracked 
|  97|0x00000000e6100000, 0x00000000e6100000, 0x00000000e6200000|  0%| F|  |TAMS 0x00000000e6100000, 0x00000000e6100000| Untracked 
|  98|0x00000000e6200000, 0x00000000e6200000, 0x00000000e6300000|  0%| F|  |TAMS 0x00000000e6200000, 0x00000000e6200000| Untracked 
|  99|0x00000000e6300000, 0x00000000e6300000, 0x00000000e6400000|  0%| F|  |TAMS 0x00000000e6300000, 0x00000000e6300000| Untracked 
| 100|0x00000000e6400000, 0x00000000e6400000, 0x00000000e6500000|  0%| F|  |TAMS 0x00000000e6400000, 0x00000000e6400000| Untracked 
| 101|0x00000000e6500000, 0x00000000e6500000, 0x00000000e6600000|  0%| F|  |TAMS 0x00000000e6500000, 0x00000000e6500000| Untracked 
| 102|0x00000000e6600000, 0x00000000e6600000, 0x00000000e6700000|  0%| F|  |TAMS 0x00000000e6600000, 0x00000000e6600000| Untracked 
| 103|0x00000000e6700000, 0x00000000e6700000, 0x00000000e6800000|  0%| F|  |TAMS 0x00000000e6700000, 0x00000000e6700000| Untracked 
| 104|0x00000000e6800000, 0x00000000e6800000, 0x00000000e6900000|  0%| F|  |TAMS 0x00000000e6800000, 0x00000000e6800000| Untracked 
| 105|0x00000000e6900000, 0x00000000e6900000, 0x00000000e6a00000|  0%| F|  |TAMS 0x00000000e6900000, 0x00000000e6900000| Untracked 
| 106|0x00000000e6a00000, 0x00000000e6a00000, 0x00000000e6b00000|  0%| F|  |TAMS 0x00000000e6a00000, 0x00000000e6a00000| Untracked 
| 107|0x00000000e6b00000, 0x00000000e6b00000, 0x00000000e6c00000|  0%| F|  |TAMS 0x00000000e6b00000, 0x00000000e6b00000| Untracked 
| 108|0x00000000e6c00000, 0x00000000e6c00000, 0x00000000e6d00000|  0%| F|  |TAMS 0x00000000e6c00000, 0x00000000e6c00000| Untracked 
| 109|0x00000000e6d00000, 0x00000000e6d00000, 0x00000000e6e00000|  0%| F|  |TAMS 0x00000000e6d00000, 0x00000000e6d00000| Untracked 
| 110|0x00000000e6e00000, 0x00000000e6e76190, 0x00000000e6f00000| 46%| S|CS|TAMS 0x00000000e6e00000, 0x00000000e6e00000| Complete 
| 111|0x00000000e6f00000, 0x00000000e7000000, 0x00000000e7000000|100%| S|CS|TAMS 0x00000000e6f00000, 0x00000000e6f00000| Complete 
| 112|0x00000000e7000000, 0x00000000e7100000, 0x00000000e7100000|100%| S|CS|TAMS 0x00000000e7000000, 0x00000000e7000000| Complete 
| 113|0x00000000e7100000, 0x00000000e7200000, 0x00000000e7200000|100%| S|CS|TAMS 0x00000000e7100000, 0x00000000e7100000| Complete 
| 114|0x00000000e7200000, 0x00000000e7300000, 0x00000000e7300000|100%| S|CS|TAMS 0x00000000e7200000, 0x00000000e7200000| Complete 
| 115|0x00000000e7300000, 0x00000000e7400000, 0x00000000e7400000|100%| S|CS|TAMS 0x00000000e7300000, 0x00000000e7300000| Complete 
| 116|0x00000000e7400000, 0x00000000e7500000, 0x00000000e7500000|100%| S|CS|TAMS 0x00000000e7400000, 0x00000000e7400000| Complete 
| 117|0x00000000e7500000, 0x00000000e7600000, 0x00000000e7600000|100%| S|CS|TAMS 0x00000000e7500000, 0x00000000e7500000| Complete 
| 118|0x00000000e7600000, 0x00000000e7700000, 0x00000000e7700000|100%| S|CS|TAMS 0x00000000e7600000, 0x00000000e7600000| Complete 
| 119|0x00000000e7700000, 0x00000000e7800000, 0x00000000e7800000|100%| S|CS|TAMS 0x00000000e7700000, 0x00000000e7700000| Complete 
| 120|0x00000000e7800000, 0x00000000e7900000, 0x00000000e7900000|100%| S|CS|TAMS 0x00000000e7800000, 0x00000000e7800000| Complete 
| 121|0x00000000e7900000, 0x00000000e7a00000, 0x00000000e7a00000|100%| S|CS|TAMS 0x00000000e7900000, 0x00000000e7900000| Complete 
| 122|0x00000000e7a00000, 0x00000000e7b00000, 0x00000000e7b00000|100%| S|CS|TAMS 0x00000000e7a00000, 0x00000000e7a00000| Complete 
| 123|0x00000000e7b00000, 0x00000000e7c00000, 0x00000000e7c00000|100%| S|CS|TAMS 0x00000000e7b00000, 0x00000000e7b00000| Complete 
| 124|0x00000000e7c00000, 0x00000000e7d00000, 0x00000000e7d00000|100%| S|CS|TAMS 0x00000000e7c00000, 0x00000000e7c00000| Complete 
| 125|0x00000000e7d00000, 0x00000000e7e00000, 0x00000000e7e00000|100%| S|CS|TAMS 0x00000000e7d00000, 0x00000000e7d00000| Complete 
| 126|0x00000000e7e00000, 0x00000000e7f00000, 0x00000000e7f00000|100%| S|CS|TAMS 0x00000000e7e00000, 0x00000000e7e00000| Complete 
| 127|0x00000000e7f00000, 0x00000000e8000000, 0x00000000e8000000|100%| S|CS|TAMS 0x00000000e7f00000, 0x00000000e7f00000| Complete 
| 128|0x00000000e8000000, 0x00000000e8100000, 0x00000000e8100000|100%| S|CS|TAMS 0x00000000e8000000, 0x00000000e8000000| Complete 
| 129|0x00000000e8100000, 0x00000000e8100000, 0x00000000e8200000|  0%| F|  |TAMS 0x00000000e8100000, 0x00000000e8100000| Untracked 
| 130|0x00000000e8200000, 0x00000000e8200000, 0x00000000e8300000|  0%| F|  |TAMS 0x00000000e8200000, 0x00000000e8200000| Untracked 
| 131|0x00000000e8300000, 0x00000000e8300000, 0x00000000e8400000|  0%| F|  |TAMS 0x00000000e8300000, 0x00000000e8300000| Untracked 
| 132|0x00000000e8400000, 0x00000000e8400000, 0x00000000e8500000|  0%| F|  |TAMS 0x00000000e8400000, 0x00000000e8400000| Untracked 
| 133|0x00000000e8500000, 0x00000000e8500000, 0x00000000e8600000|  0%| F|  |TAMS 0x00000000e8500000, 0x00000000e8500000| Untracked 
| 134|0x00000000e8600000, 0x00000000e8600000, 0x00000000e8700000|  0%| F|  |TAMS 0x00000000e8600000, 0x00000000e8600000| Untracked 
| 135|0x00000000e8700000, 0x00000000e8700000, 0x00000000e8800000|  0%| F|  |TAMS 0x00000000e8700000, 0x00000000e8700000| Untracked 
| 136|0x00000000e8800000, 0x00000000e8800000, 0x00000000e8900000|  0%| F|  |TAMS 0x00000000e8800000, 0x00000000e8800000| Untracked 
| 137|0x00000000e8900000, 0x00000000e8900000, 0x00000000e8a00000|  0%| F|  |TAMS 0x00000000e8900000, 0x00000000e8900000| Untracked 
| 138|0x00000000e8a00000, 0x00000000e8a00000, 0x00000000e8b00000|  0%| F|  |TAMS 0x00000000e8a00000, 0x00000000e8a00000| Untracked 
| 139|0x00000000e8b00000, 0x00000000e8b00000, 0x00000000e8c00000|  0%| F|  |TAMS 0x00000000e8b00000, 0x00000000e8b00000| Untracked 
| 140|0x00000000e8c00000, 0x00000000e8c00000, 0x00000000e8d00000|  0%| F|  |TAMS 0x00000000e8c00000, 0x00000000e8c00000| Untracked 
| 141|0x00000000e8d00000, 0x00000000e8d00000, 0x00000000e8e00000|  0%| F|  |TAMS 0x00000000e8d00000, 0x00000000e8d00000| Untracked 
| 142|0x00000000e8e00000, 0x00000000e8e00000, 0x00000000e8f00000|  0%| F|  |TAMS 0x00000000e8e00000, 0x00000000e8e00000| Untracked 
| 143|0x00000000e8f00000, 0x00000000e8f00000, 0x00000000e9000000|  0%| F|  |TAMS 0x00000000e8f00000, 0x00000000e8f00000| Untracked 
| 144|0x00000000e9000000, 0x00000000e9000000, 0x00000000e9100000|  0%| F|  |TAMS 0x00000000e9000000, 0x00000000e9000000| Untracked 
| 145|0x00000000e9100000, 0x00000000e9100000, 0x00000000e9200000|  0%| F|  |TAMS 0x00000000e9100000, 0x00000000e9100000| Untracked 
| 146|0x00000000e9200000, 0x00000000e9200000, 0x00000000e9300000|  0%| F|  |TAMS 0x00000000e9200000, 0x00000000e9200000| Untracked 
| 147|0x00000000e9300000, 0x00000000e9300000, 0x00000000e9400000|  0%| F|  |TAMS 0x00000000e9300000, 0x00000000e9300000| Untracked 
| 148|0x00000000e9400000, 0x00000000e9400000, 0x00000000e9500000|  0%| F|  |TAMS 0x00000000e9400000, 0x00000000e9400000| Untracked 
| 149|0x00000000e9500000, 0x00000000e9500000, 0x00000000e9600000|  0%| F|  |TAMS 0x00000000e9500000, 0x00000000e9500000| Untracked 
| 150|0x00000000e9600000, 0x00000000e9600000, 0x00000000e9700000|  0%| F|  |TAMS 0x00000000e9600000, 0x00000000e9600000| Untracked 
| 151|0x00000000e9700000, 0x00000000e9700000, 0x00000000e9800000|  0%| F|  |TAMS 0x00000000e9700000, 0x00000000e9700000| Untracked 
| 152|0x00000000e9800000, 0x00000000e9800000, 0x00000000e9900000|  0%| F|  |TAMS 0x00000000e9800000, 0x00000000e9800000| Untracked 
| 153|0x00000000e9900000, 0x00000000e9900000, 0x00000000e9a00000|  0%| F|  |TAMS 0x00000000e9900000, 0x00000000e9900000| Untracked 
| 154|0x00000000e9a00000, 0x00000000e9a00000, 0x00000000e9b00000|  0%| F|  |TAMS 0x00000000e9a00000, 0x00000000e9a00000| Untracked 
| 155|0x00000000e9b00000, 0x00000000e9b00000, 0x00000000e9c00000|  0%| F|  |TAMS 0x00000000e9b00000, 0x00000000e9b00000| Untracked 
| 156|0x00000000e9c00000, 0x00000000e9c00000, 0x00000000e9d00000|  0%| F|  |TAMS 0x00000000e9c00000, 0x00000000e9c00000| Untracked 
| 157|0x00000000e9d00000, 0x00000000e9d00000, 0x00000000e9e00000|  0%| F|  |TAMS 0x00000000e9d00000, 0x00000000e9d00000| Untracked 
| 158|0x00000000e9e00000, 0x00000000e9e00000, 0x00000000e9f00000|  0%| F|  |TAMS 0x00000000e9e00000, 0x00000000e9e00000| Untracked 
| 159|0x00000000e9f00000, 0x00000000e9f00000, 0x00000000ea000000|  0%| F|  |TAMS 0x00000000e9f00000, 0x00000000e9f00000| Untracked 
| 160|0x00000000ea000000, 0x00000000ea000000, 0x00000000ea100000|  0%| F|  |TAMS 0x00000000ea000000, 0x00000000ea000000| Untracked 
| 161|0x00000000ea100000, 0x00000000ea100000, 0x00000000ea200000|  0%| F|  |TAMS 0x00000000ea100000, 0x00000000ea100000| Untracked 
| 162|0x00000000ea200000, 0x00000000ea200000, 0x00000000ea300000|  0%| F|  |TAMS 0x00000000ea200000, 0x00000000ea200000| Untracked 
| 163|0x00000000ea300000, 0x00000000ea300000, 0x00000000ea400000|  0%| F|  |TAMS 0x00000000ea300000, 0x00000000ea300000| Untracked 
| 164|0x00000000ea400000, 0x00000000ea400000, 0x00000000ea500000|  0%| F|  |TAMS 0x00000000ea400000, 0x00000000ea400000| Untracked 
| 165|0x00000000ea500000, 0x00000000ea500000, 0x00000000ea600000|  0%| F|  |TAMS 0x00000000ea500000, 0x00000000ea500000| Untracked 
| 166|0x00000000ea600000, 0x00000000ea600000, 0x00000000ea700000|  0%| F|  |TAMS 0x00000000ea600000, 0x00000000ea600000| Untracked 
| 167|0x00000000ea700000, 0x00000000ea700000, 0x00000000ea800000|  0%| F|  |TAMS 0x00000000ea700000, 0x00000000ea700000| Untracked 
| 168|0x00000000ea800000, 0x00000000ea800000, 0x00000000ea900000|  0%| F|  |TAMS 0x00000000ea800000, 0x00000000ea800000| Untracked 
| 169|0x00000000ea900000, 0x00000000ea900000, 0x00000000eaa00000|  0%| F|  |TAMS 0x00000000ea900000, 0x00000000ea900000| Untracked 
| 170|0x00000000eaa00000, 0x00000000eaa00000, 0x00000000eab00000|  0%| F|  |TAMS 0x00000000eaa00000, 0x00000000eaa00000| Untracked 
| 171|0x00000000eab00000, 0x00000000eab00000, 0x00000000eac00000|  0%| F|  |TAMS 0x00000000eab00000, 0x00000000eab00000| Untracked 
| 172|0x00000000eac00000, 0x00000000eac00000, 0x00000000ead00000|  0%| F|  |TAMS 0x00000000eac00000, 0x00000000eac00000| Untracked 
| 173|0x00000000ead00000, 0x00000000ead00000, 0x00000000eae00000|  0%| F|  |TAMS 0x00000000ead00000, 0x00000000ead00000| Untracked 
| 174|0x00000000eae00000, 0x00000000eae00000, 0x00000000eaf00000|  0%| F|  |TAMS 0x00000000eae00000, 0x00000000eae00000| Untracked 
| 175|0x00000000eaf00000, 0x00000000eaf00000, 0x00000000eb000000|  0%| F|  |TAMS 0x00000000eaf00000, 0x00000000eaf00000| Untracked 
| 176|0x00000000eb000000, 0x00000000eb000000, 0x00000000eb100000|  0%| F|  |TAMS 0x00000000eb000000, 0x00000000eb000000| Untracked 
| 177|0x00000000eb100000, 0x00000000eb100000, 0x00000000eb200000|  0%| F|  |TAMS 0x00000000eb100000, 0x00000000eb100000| Untracked 
| 178|0x00000000eb200000, 0x00000000eb200000, 0x00000000eb300000|  0%| F|  |TAMS 0x00000000eb200000, 0x00000000eb200000| Untracked 
| 179|0x00000000eb300000, 0x00000000eb300000, 0x00000000eb400000|  0%| F|  |TAMS 0x00000000eb300000, 0x00000000eb300000| Untracked 
| 180|0x00000000eb400000, 0x00000000eb400000, 0x00000000eb500000|  0%| F|  |TAMS 0x00000000eb400000, 0x00000000eb400000| Untracked 
| 181|0x00000000eb500000, 0x00000000eb500000, 0x00000000eb600000|  0%| F|  |TAMS 0x00000000eb500000, 0x00000000eb500000| Untracked 
| 182|0x00000000eb600000, 0x00000000eb600000, 0x00000000eb700000|  0%| F|  |TAMS 0x00000000eb600000, 0x00000000eb600000| Untracked 
| 183|0x00000000eb700000, 0x00000000eb700000, 0x00000000eb800000|  0%| F|  |TAMS 0x00000000eb700000, 0x00000000eb700000| Untracked 
| 184|0x00000000eb800000, 0x00000000eb800000, 0x00000000eb900000|  0%| F|  |TAMS 0x00000000eb800000, 0x00000000eb800000| Untracked 
| 185|0x00000000eb900000, 0x00000000eb900000, 0x00000000eba00000|  0%| F|  |TAMS 0x00000000eb900000, 0x00000000eb900000| Untracked 
| 186|0x00000000eba00000, 0x00000000eba00000, 0x00000000ebb00000|  0%| F|  |TAMS 0x00000000eba00000, 0x00000000eba00000| Untracked 
| 187|0x00000000ebb00000, 0x00000000ebb00000, 0x00000000ebc00000|  0%| F|  |TAMS 0x00000000ebb00000, 0x00000000ebb00000| Untracked 
| 188|0x00000000ebc00000, 0x00000000ebc00000, 0x00000000ebd00000|  0%| F|  |TAMS 0x00000000ebc00000, 0x00000000ebc00000| Untracked 
| 189|0x00000000ebd00000, 0x00000000ebd00000, 0x00000000ebe00000|  0%| F|  |TAMS 0x00000000ebd00000, 0x00000000ebd00000| Untracked 
| 190|0x00000000ebe00000, 0x00000000ebe00000, 0x00000000ebf00000|  0%| F|  |TAMS 0x00000000ebe00000, 0x00000000ebe00000| Untracked 
| 191|0x00000000ebf00000, 0x00000000ebf00000, 0x00000000ec000000|  0%| F|  |TAMS 0x00000000ebf00000, 0x00000000ebf00000| Untracked 
| 192|0x00000000ec000000, 0x00000000ec000000, 0x00000000ec100000|  0%| F|  |TAMS 0x00000000ec000000, 0x00000000ec000000| Untracked 
| 193|0x00000000ec100000, 0x00000000ec100000, 0x00000000ec200000|  0%| F|  |TAMS 0x00000000ec100000, 0x00000000ec100000| Untracked 
| 194|0x00000000ec200000, 0x00000000ec200000, 0x00000000ec300000|  0%| F|  |TAMS 0x00000000ec200000, 0x00000000ec200000| Untracked 
| 195|0x00000000ec300000, 0x00000000ec300000, 0x00000000ec400000|  0%| F|  |TAMS 0x00000000ec300000, 0x00000000ec300000| Untracked 
| 196|0x00000000ec400000, 0x00000000ec400000, 0x00000000ec500000|  0%| F|  |TAMS 0x00000000ec400000, 0x00000000ec400000| Untracked 
| 197|0x00000000ec500000, 0x00000000ec500000, 0x00000000ec600000|  0%| F|  |TAMS 0x00000000ec500000, 0x00000000ec500000| Untracked 
| 198|0x00000000ec600000, 0x00000000ec600000, 0x00000000ec700000|  0%| F|  |TAMS 0x00000000ec600000, 0x00000000ec600000| Untracked 
| 199|0x00000000ec700000, 0x00000000ec700000, 0x00000000ec800000|  0%| F|  |TAMS 0x00000000ec700000, 0x00000000ec700000| Untracked 
| 200|0x00000000ec800000, 0x00000000ec884f70, 0x00000000ec900000| 51%| E|  |TAMS 0x00000000ec800000, 0x00000000ec800000| Complete 
| 201|0x00000000ec900000, 0x00000000eca00000, 0x00000000eca00000|100%| E|CS|TAMS 0x00000000ec900000, 0x00000000ec900000| Complete 
| 202|0x00000000eca00000, 0x00000000ecb00000, 0x00000000ecb00000|100%| E|CS|TAMS 0x00000000eca00000, 0x00000000eca00000| Complete 
| 203|0x00000000ecb00000, 0x00000000ecc00000, 0x00000000ecc00000|100%| E|CS|TAMS 0x00000000ecb00000, 0x00000000ecb00000| Complete 
| 204|0x00000000ecc00000, 0x00000000ecd00000, 0x00000000ecd00000|100%| E|CS|TAMS 0x00000000ecc00000, 0x00000000ecc00000| Complete 
| 205|0x00000000ecd00000, 0x00000000ece00000, 0x00000000ece00000|100%| E|CS|TAMS 0x00000000ecd00000, 0x00000000ecd00000| Complete 
| 206|0x00000000ece00000, 0x00000000ecf00000, 0x00000000ecf00000|100%| E|CS|TAMS 0x00000000ece00000, 0x00000000ece00000| Complete 
| 207|0x00000000ecf00000, 0x00000000ed000000, 0x00000000ed000000|100%| E|CS|TAMS 0x00000000ecf00000, 0x00000000ecf00000| Complete 
| 208|0x00000000ed000000, 0x00000000ed100000, 0x00000000ed100000|100%| E|CS|TAMS 0x00000000ed000000, 0x00000000ed000000| Complete 
| 209|0x00000000ed100000, 0x00000000ed200000, 0x00000000ed200000|100%| E|CS|TAMS 0x00000000ed100000, 0x00000000ed100000| Complete 
| 210|0x00000000ed200000, 0x00000000ed300000, 0x00000000ed300000|100%| E|CS|TAMS 0x00000000ed200000, 0x00000000ed200000| Complete 
| 211|0x00000000ed300000, 0x00000000ed400000, 0x00000000ed400000|100%| E|CS|TAMS 0x00000000ed300000, 0x00000000ed300000| Complete 
| 212|0x00000000ed400000, 0x00000000ed500000, 0x00000000ed500000|100%| E|CS|TAMS 0x00000000ed400000, 0x00000000ed400000| Complete 
| 213|0x00000000ed500000, 0x00000000ed600000, 0x00000000ed600000|100%| E|CS|TAMS 0x00000000ed500000, 0x00000000ed500000| Complete 
| 214|0x00000000ed600000, 0x00000000ed700000, 0x00000000ed700000|100%| E|CS|TAMS 0x00000000ed600000, 0x00000000ed600000| Complete 
| 215|0x00000000ed700000, 0x00000000ed800000, 0x00000000ed800000|100%| E|CS|TAMS 0x00000000ed700000, 0x00000000ed700000| Complete 
| 216|0x00000000ed800000, 0x00000000ed900000, 0x00000000ed900000|100%| E|CS|TAMS 0x00000000ed800000, 0x00000000ed800000| Complete 
| 217|0x00000000ed900000, 0x00000000eda00000, 0x00000000eda00000|100%| E|CS|TAMS 0x00000000ed900000, 0x00000000ed900000| Complete 
| 218|0x00000000eda00000, 0x00000000edb00000, 0x00000000edb00000|100%| E|CS|TAMS 0x00000000eda00000, 0x00000000eda00000| Complete 
| 219|0x00000000edb00000, 0x00000000edc00000, 0x00000000edc00000|100%| E|CS|TAMS 0x00000000edb00000, 0x00000000edb00000| Complete 
| 220|0x00000000edc00000, 0x00000000edd00000, 0x00000000edd00000|100%| E|CS|TAMS 0x00000000edc00000, 0x00000000edc00000| Complete 
| 221|0x00000000edd00000, 0x00000000ede00000, 0x00000000ede00000|100%| E|CS|TAMS 0x00000000edd00000, 0x00000000edd00000| Complete 
| 222|0x00000000ede00000, 0x00000000edf00000, 0x00000000edf00000|100%| E|CS|TAMS 0x00000000ede00000, 0x00000000ede00000| Complete 
| 223|0x00000000edf00000, 0x00000000ee000000, 0x00000000ee000000|100%| E|  |TAMS 0x00000000edf00000, 0x00000000edf00000| Complete 
| 224|0x00000000ee000000, 0x00000000ee100000, 0x00000000ee100000|100%| E|CS|TAMS 0x00000000ee000000, 0x00000000ee000000| Complete 
| 225|0x00000000ee100000, 0x00000000ee200000, 0x00000000ee200000|100%| E|CS|TAMS 0x00000000ee100000, 0x00000000ee100000| Complete 
| 226|0x00000000ee200000, 0x00000000ee300000, 0x00000000ee300000|100%| E|CS|TAMS 0x00000000ee200000, 0x00000000ee200000| Complete 
| 227|0x00000000ee300000, 0x00000000ee400000, 0x00000000ee400000|100%| E|CS|TAMS 0x00000000ee300000, 0x00000000ee300000| Complete 
| 228|0x00000000ee400000, 0x00000000ee500000, 0x00000000ee500000|100%| E|CS|TAMS 0x00000000ee400000, 0x00000000ee400000| Complete 
| 229|0x00000000ee500000, 0x00000000ee600000, 0x00000000ee600000|100%| E|CS|TAMS 0x00000000ee500000, 0x00000000ee500000| Complete 
| 230|0x00000000ee600000, 0x00000000ee700000, 0x00000000ee700000|100%| E|CS|TAMS 0x00000000ee600000, 0x00000000ee600000| Complete 
| 231|0x00000000ee700000, 0x00000000ee800000, 0x00000000ee800000|100%| E|CS|TAMS 0x00000000ee700000, 0x00000000ee700000| Complete 
| 232|0x00000000ee800000, 0x00000000ee900000, 0x00000000ee900000|100%| E|CS|TAMS 0x00000000ee800000, 0x00000000ee800000| Complete 
| 233|0x00000000ee900000, 0x00000000eea00000, 0x00000000eea00000|100%| E|CS|TAMS 0x00000000ee900000, 0x00000000ee900000| Complete 
| 234|0x00000000eea00000, 0x00000000eeb00000, 0x00000000eeb00000|100%| E|CS|TAMS 0x00000000eea00000, 0x00000000eea00000| Complete 
| 235|0x00000000eeb00000, 0x00000000eec00000, 0x00000000eec00000|100%| E|CS|TAMS 0x00000000eeb00000, 0x00000000eeb00000| Complete 
| 236|0x00000000eec00000, 0x00000000eed00000, 0x00000000eed00000|100%| E|CS|TAMS 0x00000000eec00000, 0x00000000eec00000| Complete 
| 237|0x00000000eed00000, 0x00000000eee00000, 0x00000000eee00000|100%| E|CS|TAMS 0x00000000eed00000, 0x00000000eed00000| Complete 
| 238|0x00000000eee00000, 0x00000000eef00000, 0x00000000eef00000|100%| E|CS|TAMS 0x00000000eee00000, 0x00000000eee00000| Complete 
| 239|0x00000000eef00000, 0x00000000ef000000, 0x00000000ef000000|100%| E|CS|TAMS 0x00000000eef00000, 0x00000000eef00000| Complete 
| 240|0x00000000ef000000, 0x00000000ef100000, 0x00000000ef100000|100%| E|CS|TAMS 0x00000000ef000000, 0x00000000ef000000| Complete 
| 241|0x00000000ef100000, 0x00000000ef200000, 0x00000000ef200000|100%| E|CS|TAMS 0x00000000ef100000, 0x00000000ef100000| Complete 
| 242|0x00000000ef200000, 0x00000000ef300000, 0x00000000ef300000|100%| E|CS|TAMS 0x00000000ef200000, 0x00000000ef200000| Complete 
| 243|0x00000000ef300000, 0x00000000ef400000, 0x00000000ef400000|100%| E|CS|TAMS 0x00000000ef300000, 0x00000000ef300000| Complete 
| 244|0x00000000ef400000, 0x00000000ef500000, 0x00000000ef500000|100%| E|CS|TAMS 0x00000000ef400000, 0x00000000ef400000| Complete 
| 245|0x00000000ef500000, 0x00000000ef600000, 0x00000000ef600000|100%| E|CS|TAMS 0x00000000ef500000, 0x00000000ef500000| Complete 
| 246|0x00000000ef600000, 0x00000000ef700000, 0x00000000ef700000|100%| E|CS|TAMS 0x00000000ef600000, 0x00000000ef600000| Complete 
| 247|0x00000000ef700000, 0x00000000ef800000, 0x00000000ef800000|100%| E|CS|TAMS 0x00000000ef700000, 0x00000000ef700000| Complete 
| 248|0x00000000ef800000, 0x00000000ef900000, 0x00000000ef900000|100%| E|CS|TAMS 0x00000000ef800000, 0x00000000ef800000| Complete 
| 249|0x00000000ef900000, 0x00000000efa00000, 0x00000000efa00000|100%| E|CS|TAMS 0x00000000ef900000, 0x00000000ef900000| Complete 
| 250|0x00000000efa00000, 0x00000000efb00000, 0x00000000efb00000|100%| E|CS|TAMS 0x00000000efa00000, 0x00000000efa00000| Complete 
| 251|0x00000000efb00000, 0x00000000efc00000, 0x00000000efc00000|100%| E|CS|TAMS 0x00000000efb00000, 0x00000000efb00000| Complete 
| 252|0x00000000efc00000, 0x00000000efd00000, 0x00000000efd00000|100%| E|CS|TAMS 0x00000000efc00000, 0x00000000efc00000| Complete 
| 253|0x00000000efd00000, 0x00000000efe00000, 0x00000000efe00000|100%| E|CS|TAMS 0x00000000efd00000, 0x00000000efd00000| Complete 
| 254|0x00000000efe00000, 0x00000000eff00000, 0x00000000eff00000|100%| E|CS|TAMS 0x00000000efe00000, 0x00000000efe00000| Complete 
| 255|0x00000000eff00000, 0x00000000f0000000, 0x00000000f0000000|100%| E|CS|TAMS 0x00000000eff00000, 0x00000000eff00000| Complete 

Card table byte_map: [0x00000219c7140000,0x00000219c7240000] _byte_map_base: 0x00000219c6a40000

Marking Bits (Prev, Next): (CMBitMap*) 0x00000219af9d5c80, (CMBitMap*) 0x00000219af9d5cc0
 Prev Bits: [0x00000219c7340000, 0x00000219c7b40000)
 Next Bits: [0x00000219c7b40000, 0x00000219c8340000)

Polling page: 0x00000219ad8d0000

Metaspace:

Usage:
  Non-class:     35.24 MB used.
      Class:      5.71 MB used.
       Both:     40.95 MB used.

Virtual space:
  Non-class space:       64.00 MB reserved,      35.50 MB ( 55%) committed,  1 nodes.
      Class space:      320.00 MB reserved,       5.94 MB (  2%) committed,  1 nodes.
             Both:      384.00 MB reserved,      41.44 MB ( 11%) committed. 

Chunk freelists:
   Non-Class:  12.36 MB
       Class:  10.05 MB
        Both:  22.41 MB

MaxMetaspaceSize: 384.00 MB
CompressedClassSpaceSize: 320.00 MB
Initial GC threshold: 21.00 MB
Current GC threshold: 58.69 MB
CDS: on
MetaspaceReclaimPolicy: balanced
 - commit_granule_bytes: 65536.
 - commit_granule_words: 8192.
 - virtual_space_node_default_size: 8388608.
 - enlarge_chunks_in_place: 1.
 - new_chunks_are_fully_committed: 0.
 - uncommit_free_chunks: 1.
 - use_allocation_guard: 0.
 - handle_deallocations: 1.


Internal statistics:

num_allocs_failed_limit: 6.
num_arena_births: 440.
num_arena_deaths: 0.
num_vsnodes_births: 2.
num_vsnodes_deaths: 0.
num_space_committed: 663.
num_space_uncommitted: 0.
num_chunks_returned_to_freelist: 6.
num_chunks_taken_from_freelist: 2060.
num_chunk_merges: 6.
num_chunk_splits: 1361.
num_chunks_enlarged: 949.
num_inconsistent_stats: 0.

CodeHeap 'non-profiled nmethods': size=119168Kb used=2546Kb max_used=3006Kb free=116622Kb
 bounds [0x00000219bee00000, 0x00000219bf0f0000, 0x00000219c6260000]
CodeHeap 'profiled nmethods': size=119104Kb used=8547Kb max_used=9376Kb free=110556Kb
 bounds [0x00000219b7260000, 0x00000219b7bb0000, 0x00000219be6b0000]
CodeHeap 'non-nmethods': size=7488Kb used=4000Kb max_used=4063Kb free=3487Kb
 bounds [0x00000219be6b0000, 0x00000219beab0000, 0x00000219bee00000]
 total_blobs=5093 nmethods=4271 adapters=731
 compilation: enabled
              stopped_count=0, restarted_count=0
 full_count=0

Compilation events (20 events):
Event: 2.946 Thread 0x00000219cb99aaf0 4973       3       java.util.concurrent.atomic.AtomicReferenceArray::<init> (13 bytes)
Event: 2.946 Thread 0x00000219cb99aaf0 nmethod 4973 0x00000219b7a68810 code [0x00000219b7a689c0, 0x00000219b7a68c38]
Event: 2.946 Thread 0x00000219e5b8e5f0 4974       3       java.lang.invoke.MethodHandles::identity (87 bytes)
Event: 2.946 Thread 0x00000219cb99b3c0 4975       3       java.lang.invoke.DelegatingMethodHandle::rebind (8 bytes)
Event: 2.946 Thread 0x00000219cb99b3c0 nmethod 4975 0x00000219b7a68310 code [0x00000219b7a684c0, 0x00000219b7a68758]
Event: 2.946 Thread 0x00000219e5b8e5f0 nmethod 4974 0x00000219b7a67b10 code [0x00000219b7a67d00, 0x00000219b7a68138]
Event: 2.947 Thread 0x00000219cb885190 4976       3       java.lang.invoke.MethodHandleImpl$IntrinsicMethodHandle::<init> (25 bytes)
Event: 2.947 Thread 0x00000219cb885190 nmethod 4976 0x00000219b79c0610 code [0x00000219b79c07e0, 0x00000219b79c0e38]
Event: 2.948 Thread 0x00000219cb9c1f40 nmethod 4829 0x00000219bef84d90 code [0x00000219bef852a0, 0x00000219bef8ab48]
Event: 2.957 Thread 0x00000219e52f27b0 4977       4       sun.net.www.protocol.jar.Handler::parseURL (173 bytes)
Event: 2.957 Thread 0x00000219cb9c1f40 4978       4       sun.net.www.protocol.jar.Handler::canonicalizeString (72 bytes)
Event: 2.957 Thread 0x00000219e5b8db50 4979       4       java.net.URLStreamHandler::setURL (159 bytes)
Event: 2.958 Thread 0x00000219cb9c1f40 nmethod 4978 0x00000219bef1be90 code [0x00000219bef1c020, 0x00000219bef1c2b8]
Event: 2.959 Thread 0x00000219cb9c1f40 4980       4       org.objectweb.asm.Type::getArgumentsAndReturnSizes (140 bytes)
Event: 2.959 Thread 0x00000219e5b8db50 nmethod 4979 0x00000219bef1b610 code [0x00000219bef1b7a0, 0x00000219bef1bb08]
Event: 2.960 Thread 0x00000219cb99b3c0 4981       3       java.lang.reflect.Constructor::setAccessible (21 bytes)
Event: 2.960 Thread 0x00000219cb99b3c0 nmethod 4981 0x00000219b79bfa10 code [0x00000219b79bfc20, 0x00000219b79c0358]
Event: 2.960 Thread 0x00000219cb885190 4982       3       org.gradle.internal.instantiation.generator.AsmBackedClassGenerator::getServicesForNext (13 bytes)
Event: 2.960 Thread 0x00000219cb885190 nmethod 4982 0x00000219b7a67310 code [0x00000219b7a674c0, 0x00000219b7a67768]
Event: 2.961 Thread 0x00000219e5b8c610 nmethod 4930 0x00000219bee7c090 code [0x00000219bee7c340, 0x00000219bee7f110]

GC Heap History (10 events):
Event: 0.208 GC heap before
{Heap before GC invocations=0 (full 0):
 garbage-first heap   total 262144K, used 23552K [0x00000000e0000000, 0x0000000100000000)
  region size 1024K, 23 young (23552K), 0 survivors (0K)
 Metaspace       used 1135K, committed 1280K, reserved 393216K
  class space    used 77K, committed 128K, reserved 327680K
}
Event: 0.210 GC heap after
{Heap after GC invocations=1 (full 0):
 garbage-first heap   total 262144K, used 4041K [0x00000000e0000000, 0x0000000100000000)
  region size 1024K, 3 young (3072K), 3 survivors (3072K)
 Metaspace       used 1135K, committed 1280K, reserved 393216K
  class space    used 77K, committed 128K, reserved 327680K
}
Event: 0.494 GC heap before
{Heap before GC invocations=1 (full 0):
 garbage-first heap   total 262144K, used 39881K [0x00000000e0000000, 0x0000000100000000)
  region size 1024K, 34 young (34816K), 3 survivors (3072K)
 Metaspace       used 4473K, committed 4672K, reserved 393216K
  class space    used 547K, committed 640K, reserved 327680K
}
Event: 0.496 GC heap after
{Heap after GC invocations=2 (full 0):
 garbage-first heap   total 262144K, used 12398K [0x00000000e0000000, 0x0000000100000000)
  region size 1024K, 4 young (4096K), 4 survivors (4096K)
 Metaspace       used 4473K, committed 4672K, reserved 393216K
  class space    used 547K, committed 640K, reserved 327680K
}
Event: 0.875 GC heap before
{Heap before GC invocations=2 (full 0):
 garbage-first heap   total 262144K, used 74862K [0x00000000e0000000, 0x0000000100000000)
  region size 1024K, 63 young (64512K), 4 survivors (4096K)
 Metaspace       used 8052K, committed 8320K, reserved 393216K
  class space    used 1075K, committed 1216K, reserved 327680K
}
Event: 0.878 GC heap after
{Heap after GC invocations=3 (full 0):
 garbage-first heap   total 262144K, used 19627K [0x00000000e0000000, 0x0000000100000000)
  region size 1024K, 8 young (8192K), 8 survivors (8192K)
 Metaspace       used 8052K, committed 8320K, reserved 393216K
  class space    used 1075K, committed 1216K, reserved 327680K
}
Event: 1.653 GC heap before
{Heap before GC invocations=3 (full 0):
 garbage-first heap   total 262144K, used 109739K [0x00000000e0000000, 0x0000000100000000)
  region size 1024K, 97 young (99328K), 8 survivors (8192K)
 Metaspace       used 21117K, committed 21504K, reserved 393216K
  class space    used 3061K, committed 3264K, reserved 327680K
}
Event: 1.658 GC heap after
{Heap after GC invocations=4 (full 0):
 garbage-first heap   total 262144K, used 25163K [0x00000000e0000000, 0x0000000100000000)
  region size 1024K, 14 young (14336K), 14 survivors (14336K)
 Metaspace       used 21117K, committed 21504K, reserved 393216K
  class space    used 3061K, committed 3264K, reserved 327680K
}
Event: 2.582 GC heap before
{Heap before GC invocations=5 (full 0):
 garbage-first heap   total 262144K, used 143947K [0x00000000e0000000, 0x0000000100000000)
  region size 1024K, 127 young (130048K), 14 survivors (14336K)
 Metaspace       used 35551K, committed 35968K, reserved 393216K
  class space    used 4933K, committed 5120K, reserved 327680K
}
Event: 2.588 GC heap after
{Heap after GC invocations=6 (full 0):
 garbage-first heap   total 262144K, used 33715K [0x00000000e0000000, 0x0000000100000000)
  region size 1024K, 19 young (19456K), 19 survivors (19456K)
 Metaspace       used 35551K, committed 35968K, reserved 393216K
  class space    used 4933K, committed 5120K, reserved 327680K
}

Deoptimization events (20 events):
Event: 2.826 Thread 0x00000219e6b77ed0 DEOPT PACKING pc=0x00000219bee8e504 sp=0x000000500d1f9640
Event: 2.826 Thread 0x00000219e6b77ed0 DEOPT UNPACKING pc=0x00000219be7023a3 sp=0x000000500d1f95f0 mode 2
Event: 2.847 Thread 0x00000219e6b77ed0 Uncommon trap: trap_request=0xffffffc6 fr.pc=0x00000219befbaf80 relative=0x0000000000000240
Event: 2.847 Thread 0x00000219e6b77ed0 Uncommon trap: reason=bimorphic_or_optimized_type_check action=maybe_recompile pc=0x00000219befbaf80 method=com.google.common.base.CharMatcher.indexIn(Ljava/lang/CharSequence;I)I @ 31 c2
Event: 2.847 Thread 0x00000219e6b77ed0 DEOPT PACKING pc=0x00000219befbaf80 sp=0x000000500d1f7aa0
Event: 2.847 Thread 0x00000219e6b77ed0 DEOPT UNPACKING pc=0x00000219be7023a3 sp=0x000000500d1f7a48 mode 2
Event: 2.847 Thread 0x00000219e6b77ed0 Uncommon trap: trap_request=0xffffffc6 fr.pc=0x00000219befbaf80 relative=0x0000000000000240
Event: 2.847 Thread 0x00000219e6b77ed0 Uncommon trap: reason=bimorphic_or_optimized_type_check action=maybe_recompile pc=0x00000219befbaf80 method=com.google.common.base.CharMatcher.indexIn(Ljava/lang/CharSequence;I)I @ 31 c2
Event: 2.847 Thread 0x00000219e6b77ed0 DEOPT PACKING pc=0x00000219befbaf80 sp=0x000000500d1f7a90
Event: 2.847 Thread 0x00000219e6b77ed0 DEOPT UNPACKING pc=0x00000219be7023a3 sp=0x000000500d1f7a38 mode 2
Event: 2.850 Thread 0x00000219e6b77ed0 Uncommon trap: trap_request=0xffffffc6 fr.pc=0x00000219befbaf80 relative=0x0000000000000240
Event: 2.850 Thread 0x00000219e6b77ed0 Uncommon trap: reason=bimorphic_or_optimized_type_check action=maybe_recompile pc=0x00000219befbaf80 method=com.google.common.base.CharMatcher.indexIn(Ljava/lang/CharSequence;I)I @ 31 c2
Event: 2.850 Thread 0x00000219e6b77ed0 DEOPT PACKING pc=0x00000219befbaf80 sp=0x000000500d1f7a90
Event: 2.850 Thread 0x00000219e6b77ed0 DEOPT UNPACKING pc=0x00000219be7023a3 sp=0x000000500d1f7a38 mode 2
Event: 2.875 Thread 0x00000219e6b77ed0 Uncommon trap: trap_request=0xffffffc6 fr.pc=0x00000219befbaf80 relative=0x0000000000000240
Event: 2.875 Thread 0x00000219e6b77ed0 Uncommon trap: reason=bimorphic_or_optimized_type_check action=maybe_recompile pc=0x00000219befbaf80 method=com.google.common.base.CharMatcher.indexIn(Ljava/lang/CharSequence;I)I @ 31 c2
Event: 2.875 Thread 0x00000219e6b77ed0 DEOPT PACKING pc=0x00000219befbaf80 sp=0x000000500d1f9420
Event: 2.875 Thread 0x00000219e6b77ed0 DEOPT UNPACKING pc=0x00000219be7023a3 sp=0x000000500d1f93c8 mode 2
Event: 2.925 Thread 0x00000219e6b77ed0 DEOPT PACKING pc=0x00000219b7714ea3 sp=0x000000500d1f7fa0
Event: 2.925 Thread 0x00000219e6b77ed0 DEOPT UNPACKING pc=0x00000219be702b43 sp=0x000000500d1f7410 mode 0

Classes unloaded (0 events):
No events

Classes redefined (0 events):
No events

Internal exceptions (20 events):
Event: 2.639 Thread 0x00000219e6b77ed0 Exception <a 'java/lang/ClassNotFoundException'{0x00000000efab2c68}: org/gradle/initialization/DefaultSettingsBeanInfo> (0x00000000efab2c68) 
thrown [s\open\src\hotspot\share\classfile\systemDictionary.cpp, line 256]
Event: 2.640 Thread 0x00000219e6b77ed0 Exception <a 'java/lang/ClassNotFoundException'{0x00000000efac1b98}: org/gradle/initialization/DefaultSettingsCustomizer> (0x00000000efac1b98) 
thrown [s\open\src\hotspot\share\classfile\systemDictionary.cpp, line 256]
Event: 2.643 Thread 0x00000219e6b77ed0 Exception <a 'java/lang/ClassNotFoundException'{0x00000000ef90a778}: org/gradle/initialization/DefaultSettings_DecoratedCustomizer> (0x00000000ef90a778) 
thrown [s\open\src\hotspot\share\classfile\systemDictionary.cpp, line 256]
Event: 2.647 Thread 0x00000219e6b77ed0 Exception <a 'java/lang/ClassNotFoundException'{0x00000000ef984070}: org/gradle/initialization/DefaultProjectDescriptorBeanInfo> (0x00000000ef984070) 
thrown [s\open\src\hotspot\share\classfile\systemDictionary.cpp, line 256]
Event: 2.648 Thread 0x00000219e6b77ed0 Exception <a 'java/lang/ClassNotFoundException'{0x00000000ef992c38}: org/gradle/initialization/DefaultProjectDescriptorCustomizer> (0x00000000ef992c38) 
thrown [s\open\src\hotspot\share\classfile\systemDictionary.cpp, line 256]
Event: 2.656 Thread 0x00000219e6b77ed0 Exception <a 'java/lang/NoSuchMethodError'{0x00000000ef9d1098}: 'void java.lang.invoke.DirectMethodHandle$Holder.invokeInterface(java.lang.Object, java.lang.Object)'> (0x00000000ef9d1098) 
thrown [s\open\src\hotspot\share\interpreter\linkResolver.cpp, line 759]
Event: 2.666 Thread 0x00000219e6b77ed0 Implicit null exception at 0x00000219bf0082ec to 0x00000219bf008394
Event: 2.753 Thread 0x00000219e6b77ed0 Exception <a 'java/lang/NoSuchMethodError'{0x00000000ee82f7f8}: 'long java.lang.invoke.DirectMethodHandle$Holder.invokeStatic(java.lang.Object, long)'> (0x00000000ee82f7f8) 
thrown [s\open\src\hotspot\share\interpreter\linkResolver.cpp, line 759]
Event: 2.780 Thread 0x00000219e6b77ed0 Exception <a 'java/lang/NoSuchMethodError'{0x00000000ee487cc0}: 'java.lang.Object java.lang.invoke.DirectMethodHandle$Holder.invokeInterface(java.lang.Object, java.lang.Object, int)'> (0x00000000ee487cc0) 
thrown [s\open\src\hotspot\share\interpreter\linkResolver.cpp, line 759]
Event: 2.826 Thread 0x00000219e6b77ed0 Exception <a 'java/lang/NoSuchMethodError'{0x00000000edb8fe30}: 'void java.lang.invoke.DirectMethodHandle$Holder.invokeStatic(java.lang.Object, java.lang.Object, java.lang.Object, java.lang.Object, java.lang.Object, java.lang.Object)'> (0x00000000edb8fe30) 
thrown [s\open\src\hotspot\share\interpreter\linkResolver.cpp, line 759]
Event: 2.836 Thread 0x00000219e6b77ed0 Exception <a 'java/lang/ClassNotFoundException'{0x00000000eda7ad10}: build_8ql7af32pc1h3faj338rxe0dcBeanInfo> (0x00000000eda7ad10) 
thrown [s\open\src\hotspot\share\classfile\systemDictionary.cpp, line 256]
Event: 2.836 Thread 0x00000219e6b77ed0 Exception <a 'java/lang/ClassNotFoundException'{0x00000000eda85830}: org/gradle/api/internal/project/ProjectScriptBeanInfo> (0x00000000eda85830) 
thrown [s\open\src\hotspot\share\classfile\systemDictionary.cpp, line 256]
Event: 2.837 Thread 0x00000219e6b77ed0 Exception <a 'java/lang/ClassNotFoundException'{0x00000000eda90400}: org/gradle/api/internal/project/ProjectScriptCustomizer> (0x00000000eda90400) 
thrown [s\open\src\hotspot\share\classfile\systemDictionary.cpp, line 256]
Event: 2.837 Thread 0x00000219e6b77ed0 Exception <a 'java/lang/ClassNotFoundException'{0x00000000edaa82e0}: build_8ql7af32pc1h3faj338rxe0dcCustomizer> (0x00000000edaa82e0) 
thrown [s\open\src\hotspot\share\classfile\systemDictionary.cpp, line 256]
Event: 2.841 Thread 0x00000219e6b77ed0 Exception <a 'java/lang/ClassNotFoundException'{0x00000000ed90be00}: org/gradle/internal/metaobject/ConfigureDelegateBeanInfo> (0x00000000ed90be00) 
thrown [s\open\src\hotspot\share\classfile\systemDictionary.cpp, line 256]
Event: 2.841 Thread 0x00000219e6b77ed0 Exception <a 'java/lang/ClassNotFoundException'{0x00000000ed91baa0}: org/gradle/internal/metaobject/ConfigureDelegateCustomizer> (0x00000000ed91baa0) 
thrown [s\open\src\hotspot\share\classfile\systemDictionary.cpp, line 256]
Event: 2.845 Thread 0x00000219e6b77ed0 Exception <a 'java/lang/ClassNotFoundException'{0x00000000ed9cabf0}: org/gradle/plugin/use/internal/PluginRequestCollector$PluginDependenciesSpecImplBeanInfo> (0x00000000ed9cabf0) 
thrown [s\open\src\hotspot\share\classfile\systemDictionary.cpp, line 256]
Event: 2.846 Thread 0x00000219e6b77ed0 Exception <a 'java/lang/ClassNotFoundException'{0x00000000ed9dbf50}: org/gradle/plugin/use/internal/PluginRequestCollector$PluginDependenciesSpecImplCustomizer> (0x00000000ed9dbf50) 
thrown [s\open\src\hotspot\share\classfile\systemDictionary.cpp, line 256]
Event: 2.848 Thread 0x00000219e6b77ed0 Exception <a 'java/lang/ClassNotFoundException'{0x00000000ed82a270}: org/gradle/plugin/use/internal/PluginRequestCollector$PluginDependencySpecImplBeanInfo> (0x00000000ed82a270) 
thrown [s\open\src\hotspot\share\classfile\systemDictionary.cpp, line 256]
Event: 2.849 Thread 0x00000219e6b77ed0 Exception <a 'java/lang/ClassNotFoundException'{0x00000000ed83b288}: org/gradle/plugin/use/internal/PluginRequestCollector$PluginDependencySpecImplCustomizer> (0x00000000ed83b288) 
thrown [s\open\src\hotspot\share\classfile\systemDictionary.cpp, line 256]

VM Operations (20 events):
Event: 2.551 Executing VM operation: HandshakeAllThreads
Event: 2.551 Executing VM operation: HandshakeAllThreads done
Event: 2.557 Executing VM operation: HandshakeAllThreads
Event: 2.557 Executing VM operation: HandshakeAllThreads done
Event: 2.564 Executing VM operation: HandshakeAllThreads
Event: 2.564 Executing VM operation: HandshakeAllThreads done
Event: 2.581 Executing VM operation: CollectForMetadataAllocation
Event: 2.588 Executing VM operation: CollectForMetadataAllocation done
Event: 2.591 Executing VM operation: G1Concurrent
Event: 2.592 Executing VM operation: G1Concurrent done
Event: 2.593 Executing VM operation: G1Concurrent
Event: 2.593 Executing VM operation: G1Concurrent done
Event: 2.698 Executing VM operation: HandshakeAllThreads
Event: 2.698 Executing VM operation: HandshakeAllThreads done
Event: 2.711 Executing VM operation: HandshakeAllThreads
Event: 2.711 Executing VM operation: HandshakeAllThreads done
Event: 2.758 Executing VM operation: HandshakeAllThreads
Event: 2.758 Executing VM operation: HandshakeAllThreads done
Event: 2.827 Executing VM operation: ICBufferFull
Event: 2.827 Executing VM operation: ICBufferFull done

Events (20 events):
Event: 2.819 loading class javax/net/ssl/X509TrustManager done
Event: 2.820 loading class javax/net/ssl/SSLException
Event: 2.820 loading class javax/net/ssl/SSLException done
Event: 2.820 loading class javax/net/ssl/SSLPeerUnverifiedException
Event: 2.820 loading class javax/net/ssl/SSLPeerUnverifiedException done
Event: 2.820 loading class javax/naming/NamingException
Event: 2.820 loading class javax/naming/NamingException done
Event: 2.820 loading class javax/naming/InvalidNameException
Event: 2.820 loading class javax/naming/InvalidNameException done
Event: 2.820 loading class java/security/cert/CertificateParsingException
Event: 2.820 loading class java/security/cert/CertificateException
Event: 2.820 loading class java/security/cert/CertificateException done
Event: 2.820 loading class java/security/cert/CertificateParsingException done
Event: 2.833 Thread 0x00000219e856caa0 Thread added: 0x00000219e856caa0
Event: 2.844 loading class java/util/function/IntBinaryOperator
Event: 2.844 loading class java/util/function/IntBinaryOperator done
Event: 2.951 loading class java/io/DeleteOnExitHook
Event: 2.952 loading class java/io/DeleteOnExitHook done
Event: 2.952 loading class java/io/DeleteOnExitHook$1
Event: 2.952 loading class java/io/DeleteOnExitHook$1 done


Dynamic libraries:
0x00007ff610050000 - 0x00007ff610060000 	C:\Program Files\Java\jdk-17\bin\java.exe
0x00007ffb23270000 - 0x00007ffb23487000 	C:\WINDOWS\SYSTEM32\ntdll.dll
0x00007ffb21850000 - 0x00007ffb21914000 	C:\WINDOWS\System32\KERNEL32.DLL
0x00007ffb206f0000 - 0x00007ffb20a9d000 	C:\WINDOWS\System32\KERNELBASE.dll
0x00007ffb20bc0000 - 0x00007ffb20cd1000 	C:\WINDOWS\System32\ucrtbase.dll
0x00007ffb17280000 - 0x00007ffb17299000 	C:\Program Files\Java\jdk-17\bin\jli.dll
0x00007ffb21980000 - 0x00007ffb21a32000 	C:\WINDOWS\System32\ADVAPI32.dll
0x00007ffb17260000 - 0x00007ffb1727b000 	C:\Program Files\Java\jdk-17\bin\VCRUNTIME140.dll
0x00007ffb21540000 - 0x00007ffb215e7000 	C:\WINDOWS\System32\msvcrt.dll
0x00007ffb21a40000 - 0x00007ffb21ae9000 	C:\WINDOWS\System32\sechost.dll
0x00007ffb205a0000 - 0x00007ffb205c8000 	C:\WINDOWS\System32\bcrypt.dll
0x00007ffb21180000 - 0x00007ffb21294000 	C:\WINDOWS\System32\RPCRT4.dll
0x00007ffb22eb0000 - 0x00007ffb2305e000 	C:\WINDOWS\System32\USER32.dll
0x00007ffb20d50000 - 0x00007ffb20d76000 	C:\WINDOWS\System32\win32u.dll
0x00007ffb22c50000 - 0x00007ffb22c79000 	C:\WINDOWS\System32\GDI32.dll
0x00007ffb20aa0000 - 0x00007ffb20bb9000 	C:\WINDOWS\System32\gdi32full.dll
0x00007ffb20650000 - 0x00007ffb206ea000 	C:\WINDOWS\System32\msvcp_win.dll
0x00007ffb05ee0000 - 0x00007ffb06173000 	C:\WINDOWS\WinSxS\amd64_microsoft.windows.common-controls_6595b64144ccf1df_6.0.22621.3672_none_2713b9d173822955\COMCTL32.dll
0x00007ffb14b80000 - 0x00007ffb14b8a000 	C:\WINDOWS\SYSTEM32\VERSION.dll
0x00007ffb21140000 - 0x00007ffb21171000 	C:\WINDOWS\System32\IMM32.DLL
0x00007ffb17250000 - 0x00007ffb1725c000 	C:\Program Files\Java\jdk-17\bin\vcruntime140_1.dll
0x00007ffad1dc0000 - 0x00007ffad1e4e000 	C:\Program Files\Java\jdk-17\bin\msvcp140.dll
0x00007ffab8970000 - 0x00007ffab9550000 	C:\Program Files\Java\jdk-17\bin\server\jvm.dll
0x00007ffb22ea0000 - 0x00007ffb22ea8000 	C:\WINDOWS\System32\PSAPI.DLL
0x00007ffb10ae0000 - 0x00007ffb10b14000 	C:\WINDOWS\SYSTEM32\WINMM.dll
0x00007ffb0f020000 - 0x00007ffb0f029000 	C:\WINDOWS\SYSTEM32\WSOCK32.dll
0x00007ffb210c0000 - 0x00007ffb21131000 	C:\WINDOWS\System32\WS2_32.dll
0x00007ffb1f5e0000 - 0x00007ffb1f5f8000 	C:\WINDOWS\SYSTEM32\kernel.appcore.dll
0x00007ffb0f010000 - 0x00007ffb0f01a000 	C:\Program Files\Java\jdk-17\bin\jimage.dll
0x00007ffb13fb0000 - 0x00007ffb141e2000 	C:\WINDOWS\SYSTEM32\DBGHELP.DLL
0x00007ffb21bd0000 - 0x00007ffb21f58000 	C:\WINDOWS\System32\combase.dll
0x00007ffb21af0000 - 0x00007ffb21bc7000 	C:\WINDOWS\System32\OLEAUT32.dll
0x00007ffb10170000 - 0x00007ffb101a2000 	C:\WINDOWS\SYSTEM32\dbgcore.DLL
0x00007ffb205d0000 - 0x00007ffb2064b000 	C:\WINDOWS\System32\bcryptPrimitives.dll
0x00007ffb0f000000 - 0x00007ffb0f00e000 	C:\Program Files\Java\jdk-17\bin\instrument.dll
0x00007ffb0c990000 - 0x00007ffb0c9b5000 	C:\Program Files\Java\jdk-17\bin\java.dll
0x00007ffad10c0000 - 0x00007ffad1197000 	C:\Program Files\Java\jdk-17\bin\jsvml.dll
0x00007ffb223f0000 - 0x00007ffb22c4f000 	C:\WINDOWS\System32\SHELL32.dll
0x00007ffb1e4b0000 - 0x00007ffb1edac000 	C:\WINDOWS\SYSTEM32\windows.storage.dll
0x00007ffb1e370000 - 0x00007ffb1e4af000 	C:\WINDOWS\SYSTEM32\wintypes.dll
0x00007ffb20fb0000 - 0x00007ffb210a4000 	C:\WINDOWS\System32\SHCORE.dll
0x00007ffb21920000 - 0x00007ffb2197e000 	C:\WINDOWS\System32\shlwapi.dll
0x00007ffb204d0000 - 0x00007ffb204f1000 	C:\WINDOWS\SYSTEM32\profapi.dll
0x00007ffaf2690000 - 0x00007ffaf26a8000 	C:\Program Files\Java\jdk-17\bin\zip.dll
0x00007ffaf23c0000 - 0x00007ffaf23d9000 	C:\Program Files\Java\jdk-17\bin\net.dll
0x00007ffb1b3b0000 - 0x00007ffb1b4e6000 	C:\WINDOWS\SYSTEM32\WINHTTP.dll
0x00007ffb1fae0000 - 0x00007ffb1fb49000 	C:\WINDOWS\system32\mswsock.dll
0x00007ffaf19d0000 - 0x00007ffaf19e6000 	C:\Program Files\Java\jdk-17\bin\nio.dll
0x00007ffb17b10000 - 0x00007ffb17b20000 	C:\Program Files\Java\jdk-17\bin\verify.dll
0x00007ffb172a0000 - 0x00007ffb172c7000 	C:\Users\ICT01-21\.gradle\native\c067742578af261105cb4f569cf0c3c89f3d7b1fecec35dd04571415982c5e48\windows-amd64\native-platform.dll
0x00007ffaed2a0000 - 0x00007ffaed3e4000 	C:\Users\ICT01-21\.gradle\native\100fb08df4bc3b14c8652ba06237920a3bd2aa13389f12d3474272988ae205f9\windows-amd64\native-platform-file-events.dll
0x00007ffb0c980000 - 0x00007ffb0c98a000 	C:\Program Files\Java\jdk-17\bin\management.dll
0x00007ffb04710000 - 0x00007ffb0471b000 	C:\Program Files\Java\jdk-17\bin\management_ext.dll
0x00007ffb1fe30000 - 0x00007ffb1fe4b000 	C:\WINDOWS\SYSTEM32\CRYPTSP.dll
0x00007ffb1f600000 - 0x00007ffb1f635000 	C:\WINDOWS\system32\rsaenh.dll
0x00007ffb1fb80000 - 0x00007ffb1fba8000 	C:\WINDOWS\SYSTEM32\USERENV.dll
0x00007ffb1fe10000 - 0x00007ffb1fe1c000 	C:\WINDOWS\SYSTEM32\CRYPTBASE.dll
0x00007ffb1f080000 - 0x00007ffb1f0ad000 	C:\WINDOWS\SYSTEM32\IPHLPAPI.DLL
0x00007ffb210b0000 - 0x00007ffb210b9000 	C:\WINDOWS\System32\NSI.dll
0x00007ffb1b240000 - 0x00007ffb1b259000 	C:\WINDOWS\SYSTEM32\dhcpcsvc6.DLL
0x00007ffb1b220000 - 0x00007ffb1b23f000 	C:\WINDOWS\SYSTEM32\dhcpcsvc.DLL
0x00007ffb1f0f0000 - 0x00007ffb1f1e8000 	C:\WINDOWS\SYSTEM32\DNSAPI.dll
0x00007ffaff820000 - 0x00007ffaff82e000 	C:\Program Files\Java\jdk-17\bin\sunmscapi.dll
0x00007ffb20d80000 - 0x00007ffb20ee7000 	C:\WINDOWS\System32\CRYPT32.dll
0x00007ffb1ff50000 - 0x00007ffb1ff7e000 	C:\WINDOWS\SYSTEM32\ncrypt.dll
0x00007ffb1ff10000 - 0x00007ffb1ff47000 	C:\WINDOWS\SYSTEM32\NTASN1.dll
0x00007ffb0ff80000 - 0x00007ffb0ff88000 	C:\WINDOWS\system32\wshunix.dll

dbghelp: loaded successfully - version: 4.0.5 - missing functions: none
symbol engine: initialized successfully - sym options: 0x614 - pdb path: .;C:\Program Files\Java\jdk-17\bin;C:\WINDOWS\SYSTEM32;C:\WINDOWS\WinSxS\amd64_microsoft.windows.common-controls_6595b64144ccf1df_6.0.22621.3672_none_2713b9d173822955;C:\Program Files\Java\jdk-17\bin\server;C:\Users\ICT01-21\.gradle\native\c067742578af261105cb4f569cf0c3c89f3d7b1fecec35dd04571415982c5e48\windows-amd64;C:\Users\ICT01-21\.gradle\native\100fb08df4bc3b14c8652ba06237920a3bd2aa13389f12d3474272988ae205f9\windows-amd64

VM Arguments:
jvm_args: --add-opens=java.base/java.util=ALL-UNNAMED --add-opens=java.base/java.lang=ALL-UNNAMED --add-opens=java.base/java.lang.invoke=ALL-UNNAMED --add-opens=java.prefs/java.util.prefs=ALL-UNNAMED --add-exports=jdk.compiler/com.sun.tools.javac.api=ALL-UNNAMED --add-exports=jdk.compiler/com.sun.tools.javac.util=ALL-UNNAMED --add-opens=java.base/java.nio.charset=ALL-UNNAMED --add-opens=java.base/java.net=ALL-UNNAMED --add-opens=java.base/java.util.concurrent.atomic=ALL-UNNAMED -XX:MaxMetaspaceSize=384m -XX:+HeapDumpOnOutOfMemoryError -Xms256m -Xmx512m -Dfile.encoding=UTF-8 -Duser.country=KR -Duser.language=ko -Duser.variant -javaagent:C:\Users\ICT01-21\.gradle\wrapper\dists\gradle-8.10.1-bin\e90i968nv55tch01zkse4avv3\gradle-8.10.1\lib\agents\gradle-instrumentation-agent-8.10.1.jar 
java_command: org.gradle.launcher.daemon.bootstrap.GradleDaemon 8.10.1
java_class_path (initial): C:\Users\ICT01-21\.gradle\wrapper\dists\gradle-8.10.1-bin\e90i968nv55tch01zkse4avv3\gradle-8.10.1\lib\gradle-daemon-main-8.10.1.jar
Launcher Type: SUN_STANDARD

[Global flags]
     intx CICompilerCount                          = 12                                        {product} {ergonomic}
   size_t CompressedClassSpaceSize                 = 335544320                                 {product} {ergonomic}
     uint ConcGCThreads                            = 5                                         {product} {ergonomic}
     uint G1ConcRefinementThreads                  = 18                                        {product} {ergonomic}
   size_t G1HeapRegionSize                         = 1048576                                   {product} {ergonomic}
    uintx GCDrainStackTargetSize                   = 64                                        {product} {ergonomic}
     bool HeapDumpOnOutOfMemoryError               = true                                   {manageable} {command line}
   size_t InitialHeapSize                          = 268435456                                 {product} {command line}
   size_t MarkStackSize                            = 4194304                                   {product} {ergonomic}
   size_t MaxHeapSize                              = 536870912                                 {product} {command line}
   size_t MaxMetaspaceSize                         = 402653184                                 {product} {command line}
   size_t MaxNewSize                               = 321912832                                 {product} {ergonomic}
   size_t MinHeapDeltaBytes                        = 1048576                                   {product} {ergonomic}
   size_t MinHeapSize                              = 268435456                                 {product} {command line}
    uintx NonNMethodCodeHeapSize                   = 7602480                                {pd product} {ergonomic}
    uintx NonProfiledCodeHeapSize                  = 122027880                              {pd product} {ergonomic}
    uintx ProfiledCodeHeapSize                     = 122027880                              {pd product} {ergonomic}
    uintx ReservedCodeCacheSize                    = 251658240                              {pd product} {ergonomic}
     bool SegmentedCodeCache                       = true                                      {product} {ergonomic}
   size_t SoftMaxHeapSize                          = 536870912                              {manageable} {ergonomic}
     bool UseCompressedClassPointers               = true                           {product lp64_product} {ergonomic}
     bool UseCompressedOops                        = true                           {product lp64_product} {ergonomic}
     bool UseG1GC                                  = true                                      {product} {ergonomic}
     bool UseLargePagesIndividualAllocation        = false                                  {pd product} {ergonomic}

Logging:
Log output configuration:
 #0: stdout all=warning uptime,level,tags
 #1: stderr all=off uptime,level,tags

Environment Variables:
JAVA_HOME=C:\Program Files\Java\jdk-17
PATH=C:\WINDOWS\system32;C:\WINDOWS;C:\WINDOWS\System32\Wbem;C:\WINDOWS\System32\WindowsPowerShell\v1.0\;C:\WINDOWS\System32\OpenSSH\;C:\Program Files\MySQL\MySQL Server 8.0\bin;C:\Program Files\Bandizip\;C:\Program Files\nodejs\;C:\Program Files\Apache Software Foundation\Tomcat 9.0\bin;C:\Program Files\Java\jdk-17\bin;C:\Program Files\Docker\Docker\resources\bin;C:\Program Files\Git\cmd;C:\Users\ICT01-21\AppData\Local\Microsoft\WindowsApps;C:\Program Files\JetBrains\IntelliJ IDEA Community Edition 2024.1.1\bin;;C:\Users\ICT01-21\AppData\Local\Programs\Microsoft VS Code\bin;C:\Users\ICT01-21\AppData\Roaming\npm;C:\Program Files\JetBrains\IntelliJ IDEA 2024.2.1\bin;;C:\Users\ICT01-21\AppData\Local\GitHubDesktop\bin
USERNAME=ICT01-21
OS=Windows_NT
PROCESSOR_IDENTIFIER=Intel64 Family 6 Model 183 Stepping 1, GenuineIntel



---------------  S Y S T E M  ---------------

OS:
 Windows 11 , 64 bit Build 22621 (10.0.22621.3672)
OS uptime: 10 days 8:18 hours
Hyper-V role detected

CPU: total 24 (initial active 24) (12 cores per cpu, 2 threads per core) family 6 model 183 stepping 1 microcode 0x10e, cx8, cmov, fxsr, ht, mmx, 3dnowpref, sse, sse2, sse3, ssse3, sse4.1, sse4.2, popcnt, lzcnt, tsc, tscinvbit, avx, avx2, aes, erms, clmul, bmi1, bmi2, adx, sha, fma, vzeroupper, clflush, clflushopt, clwb, hv

Memory: 4k page, system-wide physical 16060M (4007M free)
TotalPageFile size 44309M (AvailPageFile size 5M)
current process WorkingSet (physical memory assigned to process): 382M, peak: 384M
current process commit charge ("private bytes"): 540M, peak: 541M

vm_info: Java HotSpot(TM) 64-Bit Server VM (17.0.11+7-LTS-207) for windows-amd64 JRE (17.0.11+7-LTS-207), built on Mar 11 2024 19:01:50 by "mach5one" with MS VC++ 17.6 (VS2022)

END.
