#
# There is insufficient memory for the Java Runtime Environment to continue.
# Native memory allocation (malloc) failed to allocate 131088 bytes for Chunk::new
# Possible reasons:
#   The system is out of physical RAM or swap space
#   The process is running with CompressedOops enabled, and the Java Heap may be blocking the growth of the native heap
# Possible solutions:
#   Reduce memory load on the system
#   Increase physical memory or swap space
#   Check if swap backing store is full
#   Decrease Java heap size (-Xmx/-Xms)
#   Decrease number of Java threads
#   Decrease Java thread stack sizes (-Xss)
#   Set larger code cache with -XX:ReservedCodeCacheSize=
#   JVM is running with Unscaled Compressed Oops mode in which the Java heap is
#     placed in the first 4GB address space. The Java Heap base address is the
#     maximum limit for the native heap growth. Please use -XX:HeapBaseMinAddress
#     to set the Java Heap base and to place the Java Heap above 4GB virtual address.
# This output file may be truncated or incomplete.
#
#  Out of Memory Error (arena.cpp:189), pid=5440, tid=15652
#
# JRE version: Java(TM) SE Runtime Environment (17.0.11+7) (build 17.0.11+7-LTS-207)
# Java VM: Java HotSpot(TM) 64-Bit Server VM (17.0.11+7-LTS-207, mixed mode, sharing, tiered, compressed oops, compressed class ptrs, g1 gc, windows-amd64)
# No core dump will be written. Minidumps are not enabled by default on client versions of Windows
#

---------------  S U M M A R Y ------------

Command Line: --add-opens=java.base/java.util=ALL-UNNAMED --add-opens=java.base/java.lang=ALL-UNNAMED --add-opens=java.base/java.lang.invoke=ALL-UNNAMED --add-opens=java.prefs/java.util.prefs=ALL-UNNAMED --add-exports=jdk.compiler/com.sun.tools.javac.api=ALL-UNNAMED --add-exports=jdk.compiler/com.sun.tools.javac.util=ALL-UNNAMED --add-opens=java.base/java.nio.charset=ALL-UNNAMED --add-opens=java.base/java.net=ALL-UNNAMED --add-opens=java.base/java.util.concurrent.atomic=ALL-UNNAMED -XX:MaxMetaspaceSize=384m -XX:+HeapDumpOnOutOfMemoryError -Xms256m -Xmx512m -Dfile.encoding=UTF-8 -Duser.country=KR -Duser.language=ko -Duser.variant -javaagent:C:\Users\ICT01-21\.gradle\wrapper\dists\gradle-8.10.1-bin\e90i968nv55tch01zkse4avv3\gradle-8.10.1\lib\agents\gradle-instrumentation-agent-8.10.1.jar org.gradle.launcher.daemon.bootstrap.GradleDaemon 8.10.1

Host: 13th Gen Intel(R) Core(TM) i7-13700, 24 cores, 15G,  Windows 11 , 64 bit Build 22621 (10.0.22621.3672)
Time: Mon Sep 30 17:01:25 2024  Windows 11 , 64 bit Build 22621 (10.0.22621.3672) elapsed time: 41.765711 seconds (0d 0h 0m 41s)

---------------  T H R E A D  ---------------

Current thread (0x000002553d359fa0):  JavaThread "C2 CompilerThread0" daemon [_thread_in_native, id=15652, stack(0x000000695d300000,0x000000695d400000)]


Current CompileTask:
C2:  41765 13552       4       org.gradle.internal.service.DefaultServiceRegistry$OwnServices::add (82 bytes)

Stack: [0x000000695d300000,0x000000695d400000]
Native frames: (J=compiled Java code, j=interpreted, Vv=VM code, C=native code)
V  [jvm.dll+0x679cca]
V  [jvm.dll+0x7da13d]
V  [jvm.dll+0x7dba83]
V  [jvm.dll+0x7dc0f3]
V  [jvm.dll+0x2449af]
V  [jvm.dll+0xab83b]
V  [jvm.dll+0xabe1c]
V  [jvm.dll+0xab954]
V  [jvm.dll+0x65886c]
V  [jvm.dll+0x5814fd]
V  [jvm.dll+0x21ed62]
V  [jvm.dll+0x217bd7]
V  [jvm.dll+0x215505]
V  [jvm.dll+0x1a2040]
V  [jvm.dll+0x225a2b]
V  [jvm.dll+0x223bcb]
V  [jvm.dll+0x7903ec]
V  [jvm.dll+0x78a85a]
V  [jvm.dll+0x678bb5]
C  [ucrtbase.dll+0x29333]
C  [KERNEL32.DLL+0x1257d]
C  [ntdll.dll+0x5af28]


---------------  P R O C E S S  ---------------

Threads class SMR info:
_java_thread_list=0x000002555b242a00, length=68, elements={
0x00000255213e3f10, 0x000002553d18a7a0, 0x000002553d18b420, 0x000002553d355e50,
0x000002553d357730, 0x000002553d358000, 0x000002553d358ce0, 0x000002553d359fa0,
0x000002553d35bd80, 0x000002553d3602c0, 0x000002553d176ee0, 0x000002553d5ee000,
0x00000255579f98a0, 0x00000255576cf120, 0x00000255572af8b0, 0x0000025558736090,
0x0000025558737ef0, 0x00000255587374d0, 0x00000255587365a0, 0x00000255587379e0,
0x0000025559f160c0, 0x0000025559f16ff0, 0x0000025559f14770, 0x0000025559f12400,
0x0000025559f10ab0, 0x0000025559f17500, 0x0000025559f14c80, 0x0000025559f12e20,
0x000002555d40bad0, 0x000002555d40c4f0, 0x000002555d40b5c0, 0x000002555c16d540,
0x00000255595400e0, 0x00000255595405f0, 0x000002555cdcd880, 0x000002555cdcce60,
0x000002555b05ec70, 0x000002555b05d320, 0x0000025557be0b20, 0x0000025557f75e40,
0x0000025557be1540, 0x000002555bf2e4b0, 0x000002555bf2ba80, 0x000002555cdcd370,
0x0000025559540b00, 0x0000025559541010, 0x000002555b05d830, 0x0000025559541520,
0x000002555cdcdd90, 0x000002555d6f0b20, 0x0000025557f75420, 0x000002553da8ecf0,
0x000002555ba807b0, 0x000002555ba80cc0, 0x000002555aec56f0, 0x000002555b827c50,
0x000002555ba811d0, 0x00000255589461f0, 0x0000025558944db0, 0x000002553d8c10c0,
0x000002553d8c3940, 0x000002553d8c2f20, 0x000002553d8c06a0, 0x000002553da8fc20,
0x000002553da8d8b0, 0x000002553da8ddc0, 0x000002553da8d3a0, 0x000002555aec4c50
}

Java Threads: ( => current thread )
  0x00000255213e3f10 JavaThread "main" [_thread_blocked, id=6236, stack(0x000000695c600000,0x000000695c700000)]
  0x000002553d18a7a0 JavaThread "Reference Handler" daemon [_thread_blocked, id=26168, stack(0x000000695cd00000,0x000000695ce00000)]
  0x000002553d18b420 JavaThread "Finalizer" daemon [_thread_blocked, id=16684, stack(0x000000695ce00000,0x000000695cf00000)]
  0x000002553d355e50 JavaThread "Signal Dispatcher" daemon [_thread_blocked, id=25864, stack(0x000000695cf00000,0x000000695d000000)]
  0x000002553d357730 JavaThread "Attach Listener" daemon [_thread_blocked, id=24696, stack(0x000000695d000000,0x000000695d100000)]
  0x000002553d358000 JavaThread "Service Thread" daemon [_thread_blocked, id=14208, stack(0x000000695d100000,0x000000695d200000)]
  0x000002553d358ce0 JavaThread "Monitor Deflation Thread" daemon [_thread_blocked, id=4948, stack(0x000000695d200000,0x000000695d300000)]
=>0x000002553d359fa0 JavaThread "C2 CompilerThread0" daemon [_thread_in_native, id=15652, stack(0x000000695d300000,0x000000695d400000)]
  0x000002553d35bd80 JavaThread "C1 CompilerThread0" daemon [_thread_in_native, id=12648, stack(0x000000695d400000,0x000000695d500000)]
  0x000002553d3602c0 JavaThread "Sweeper thread" daemon [_thread_blocked, id=10268, stack(0x000000695d500000,0x000000695d600000)]
  0x000002553d176ee0 JavaThread "Common-Cleaner" daemon [_thread_blocked, id=16852, stack(0x000000695d700000,0x000000695d800000)]
  0x000002553d5ee000 JavaThread "Notification Thread" daemon [_thread_blocked, id=14272, stack(0x000000695d900000,0x000000695da00000)]
  0x00000255579f98a0 JavaThread "Daemon health stats" [_thread_blocked, id=16636, stack(0x000000695e500000,0x000000695e600000)]
  0x00000255576cf120 JavaThread "Incoming local TCP Connector on port 60154" [_thread_in_native, id=23376, stack(0x000000695dc00000,0x000000695dd00000)]
  0x00000255572af8b0 JavaThread "Daemon periodic checks" [_thread_blocked, id=20056, stack(0x000000695e800000,0x000000695e900000)]
  0x0000025558736090 JavaThread "Daemon" [_thread_blocked, id=8480, stack(0x000000695e900000,0x000000695ea00000)]
  0x0000025558737ef0 JavaThread "Daemon worker" [_thread_in_native, id=11176, stack(0x000000695ec00000,0x000000695ed00000)]
  0x00000255587374d0 JavaThread "Cache worker for journal cache (C:\Users\ICT01-21\.gradle\caches\journal-1)" [_thread_blocked, id=1876, stack(0x000000695f000000,0x000000695f100000)]
  0x00000255587365a0 JavaThread "File lock request listener" [_thread_in_native, id=24484, stack(0x000000695f100000,0x000000695f200000)]
  0x00000255587379e0 JavaThread "Cache worker for file hash cache (C:\Users\ICT01-21\.gradle\caches\8.10.1\fileHashes)" [_thread_blocked, id=19692, stack(0x000000695d800000,0x000000695d900000)]
  0x0000025559f160c0 JavaThread "File lock release action executor" [_thread_blocked, id=5148, stack(0x000000695f600000,0x000000695f700000)]
  0x0000025559f16ff0 JavaThread "File watcher server" daemon [_thread_in_native, id=11344, stack(0x0000006960400000,0x0000006960500000)]
  0x0000025559f14770 JavaThread "File watcher consumer" daemon [_thread_blocked, id=2568, stack(0x0000006960500000,0x0000006960600000)]
  0x0000025559f12400 JavaThread "Cache worker for file content cache (C:\Users\ICT01-21\.gradle\caches\8.10.1\fileContent)" [_thread_blocked, id=13052, stack(0x0000006960700000,0x0000006960800000)]
  0x0000025559f10ab0 JavaThread "jar transforms" [_thread_blocked, id=13256, stack(0x000000695f200000,0x000000695f300000)]
  0x0000025559f17500 JavaThread "jar transforms Thread 2" [_thread_blocked, id=22076, stack(0x0000006960a00000,0x0000006960b00000)]
  0x0000025559f14c80 JavaThread "jar transforms Thread 3" [_thread_blocked, id=2552, stack(0x000000695db00000,0x000000695dc00000)]
  0x0000025559f12e20 JavaThread "jar transforms Thread 4" [_thread_blocked, id=24824, stack(0x000000695e400000,0x000000695e500000)]
  0x000002555d40bad0 JavaThread "jar transforms Thread 5" [_thread_blocked, id=24280, stack(0x0000006960c00000,0x0000006960d00000)]
  0x000002555d40c4f0 JavaThread "jar transforms Thread 6" [_thread_blocked, id=5944, stack(0x0000006960d00000,0x0000006960e00000)]
  0x000002555d40b5c0 JavaThread "jar transforms Thread 7" [_thread_blocked, id=12480, stack(0x0000006960e00000,0x0000006960f00000)]
  0x000002555c16d540 JavaThread "Memory manager" [_thread_blocked, id=23584, stack(0x0000006964e00000,0x0000006964f00000)]
  0x00000255595400e0 JavaThread "jar transforms Thread 8" [_thread_blocked, id=15736, stack(0x0000006964d00000,0x0000006964e00000)]
  0x00000255595405f0 JavaThread "ForkJoinPool.commonPool-worker-1" daemon [_thread_blocked, id=9972, stack(0x0000006964f00000,0x0000006965000000)]
  0x000002555cdcd880 JavaThread "ForkJoinPool.commonPool-worker-2" daemon [_thread_blocked, id=24376, stack(0x0000006965000000,0x0000006965100000)]
  0x000002555cdcce60 JavaThread "ForkJoinPool.commonPool-worker-3" daemon [_thread_blocked, id=348, stack(0x0000006965100000,0x0000006965200000)]
  0x000002555b05ec70 JavaThread "ForkJoinPool.commonPool-worker-4" daemon [_thread_blocked, id=26504, stack(0x0000006965200000,0x0000006965300000)]
  0x000002555b05d320 JavaThread "ForkJoinPool.commonPool-worker-6" daemon [_thread_blocked, id=13628, stack(0x0000006965300000,0x0000006965400000)]
  0x0000025557be0b20 JavaThread "ForkJoinPool.commonPool-worker-5" daemon [_thread_blocked, id=3688, stack(0x0000006965400000,0x0000006965500000)]
  0x0000025557f75e40 JavaThread "ForkJoinPool.commonPool-worker-7" daemon [_thread_blocked, id=20468, stack(0x0000006965500000,0x0000006965600000)]
  0x0000025557be1540 JavaThread "ForkJoinPool.commonPool-worker-8" daemon [_thread_blocked, id=25348, stack(0x0000006965600000,0x0000006965700000)]
  0x000002555bf2e4b0 JavaThread "ForkJoinPool.commonPool-worker-9" daemon [_thread_blocked, id=20152, stack(0x0000006965700000,0x0000006965800000)]
  0x000002555bf2ba80 JavaThread "ForkJoinPool.commonPool-worker-11" daemon [_thread_blocked, id=11604, stack(0x0000006965800000,0x0000006965900000)]
  0x000002555cdcd370 JavaThread "ForkJoinPool.commonPool-worker-10" daemon [_thread_blocked, id=22400, stack(0x0000006965900000,0x0000006965a00000)]
  0x0000025559540b00 JavaThread "Exec process" daemon [_thread_blocked, id=14756, stack(0x0000006965a00000,0x0000006965b00000)]
  0x0000025559541010 JavaThread "ForkJoinPool.commonPool-worker-12" daemon [_thread_blocked, id=7884, stack(0x0000006965b00000,0x0000006965c00000)]
  0x000002555b05d830 JavaThread "Exec process Thread 2" daemon [_thread_blocked, id=15628, stack(0x0000006965c00000,0x0000006965d00000)]
  0x0000025559541520 JavaThread "ForkJoinPool.commonPool-worker-13" daemon [_thread_blocked, id=24344, stack(0x0000006965d00000,0x0000006965e00000)]
  0x000002555cdcdd90 JavaThread "Exec process Thread 3" daemon [_thread_blocked, id=2276, stack(0x0000006965e00000,0x0000006965f00000)]
  0x000002555d6f0b20 JavaThread "included builds" [_thread_blocked, id=8188, stack(0x000000696df00000,0x000000696e000000)]
  0x0000025557f75420 JavaThread "VFS cleanup" [_thread_blocked, id=15312, stack(0x000000695ed00000,0x000000695ee00000)]
  0x000002553da8ecf0 JavaThread "included builds" [_thread_blocked, id=24008, stack(0x000000696cd00000,0x000000696ce00000)]
  0x000002555ba807b0 JavaThread "jar transforms Thread 9" [_thread_blocked, id=20724, stack(0x0000006960f00000,0x0000006961000000)]
  0x000002555ba80cc0 JavaThread "jar transforms Thread 10" [_thread_blocked, id=14536, stack(0x0000006961000000,0x0000006961100000)]
  0x000002555aec56f0 JavaThread "C1 CompilerThread1" daemon [_thread_blocked, id=8500, stack(0x0000006961100000,0x0000006961200000)]
  0x000002555b827c50 JavaThread "included builds" [_thread_blocked, id=17832, stack(0x000000696cf00000,0x000000696d000000)]
  0x000002555ba811d0 JavaThread "included builds" [_thread_blocked, id=4224, stack(0x000000696cc00000,0x000000696cd00000)]
  0x00000255589461f0 JavaThread "Handler for socket connection from /127.0.0.1:60154 to /127.0.0.1:60454" [_thread_in_native, id=15732, stack(0x000000695ea00000,0x000000695eb00000)]
  0x0000025558944db0 JavaThread "Cancel handler" [_thread_blocked, id=3388, stack(0x000000695eb00000,0x000000695ec00000)]
  0x000002553d8c10c0 JavaThread "Asynchronous log dispatcher for DefaultDaemonConnection: socket connection from /127.0.0.1:60154 to /127.0.0.1:60454" [_thread_blocked, id=5476, stack(0x000000695ee00000,0x000000695ef00000)]
  0x000002553d8c3940 JavaThread "Stdin handler" [_thread_blocked, id=13716, stack(0x000000695ef00000,0x000000695f000000)]
  0x000002553d8c2f20 JavaThread "Daemon client event forwarder" [_thread_blocked, id=4088, stack(0x000000695f300000,0x000000695f400000)]
  0x000002553d8c06a0 JavaThread "Cache worker for file hash cache (C:\Users\ICT01-21\Desktop\JWTtest\.gradle\8.10.1\fileHashes)" [_thread_blocked, id=21220, stack(0x000000695f400000,0x000000695f500000)]
  0x000002553da8fc20 JavaThread "Cache worker for Build Output Cleanup Cache (C:\Users\ICT01-21\Desktop\JWTtest\.gradle\buildOutputCleanup)" [_thread_blocked, id=14116, stack(0x000000695f500000,0x000000695f600000)]
  0x000002553da8d8b0 JavaThread "Cache worker for checksums cache (C:\Users\ICT01-21\Desktop\JWTtest\.gradle\8.10.1\checksums)" [_thread_blocked, id=8844, stack(0x0000006960600000,0x0000006960700000)]
  0x000002553da8ddc0 JavaThread "Cache worker for cache directory md-rule (C:\Users\ICT01-21\.gradle\caches\8.10.1\md-rule)" [_thread_blocked, id=15728, stack(0x0000006960800000,0x0000006960900000)]
  0x000002553da8d3a0 JavaThread "Cache worker for cache directory md-supplier (C:\Users\ICT01-21\.gradle\caches\8.10.1\md-supplier)" [_thread_blocked, id=21592, stack(0x0000006960900000,0x0000006960a00000)]
  0x000002555aec4c50 JavaThread "C2 CompilerThread1" daemon [_thread_in_native, id=20744, stack(0x0000006960b00000,0x0000006960c00000)]

Other Threads:
  0x000002553d185c90 VMThread "VM Thread" [stack: 0x000000695cc00000,0x000000695cd00000] [id=10580]
  0x000002553d04ccf0 WatcherThread [stack: 0x000000695da00000,0x000000695db00000] [id=20916]
  0x00000255214176d0 GCTaskThread "GC Thread#0" [stack: 0x000000695c700000,0x000000695c800000] [id=6748]
  0x000002553dd07a30 GCTaskThread "GC Thread#1" [stack: 0x000000695de00000,0x000000695df00000] [id=6196]
  0x00000255570f32d0 GCTaskThread "GC Thread#2" [stack: 0x000000695df00000,0x000000695e000000] [id=17428]
  0x000002553dee6110 GCTaskThread "GC Thread#3" [stack: 0x000000695e000000,0x000000695e100000] [id=16536]
  0x000002553dee6df0 GCTaskThread "GC Thread#4" [stack: 0x000000695e100000,0x000000695e200000] [id=12076]
  0x000002553dee70b0 GCTaskThread "GC Thread#5" [stack: 0x000000695e200000,0x000000695e300000] [id=2804]
  0x0000025557265100 GCTaskThread "GC Thread#6" [stack: 0x000000695dd00000,0x000000695de00000] [id=2112]
  0x00000255572653c0 GCTaskThread "GC Thread#7" [stack: 0x000000695e600000,0x000000695e700000] [id=26416]
  0x000002555801f8a0 GCTaskThread "GC Thread#8" [stack: 0x000000695e700000,0x000000695e800000] [id=19452]
  0x000002555ae864b0 GCTaskThread "GC Thread#9" [stack: 0x000000695f700000,0x000000695f800000] [id=26360]
  0x000002555ae856f0 GCTaskThread "GC Thread#10" [stack: 0x000000695f800000,0x000000695f900000] [id=3600]
  0x000002555ae86770 GCTaskThread "GC Thread#11" [stack: 0x000000695f900000,0x000000695fa00000] [id=6476]
  0x000002555ae85c70 GCTaskThread "GC Thread#12" [stack: 0x000000695fa00000,0x000000695fb00000] [id=2084]
  0x000002555ae859b0 GCTaskThread "GC Thread#13" [stack: 0x000000695fb00000,0x000000695fc00000] [id=14072]
  0x000002555ae85170 GCTaskThread "GC Thread#14" [stack: 0x000000695fc00000,0x000000695fd00000] [id=25556]
  0x000002555ae85f30 GCTaskThread "GC Thread#15" [stack: 0x000000695fd00000,0x000000695fe00000] [id=22620]
  0x000002555ae861f0 GCTaskThread "GC Thread#16" [stack: 0x000000695fe00000,0x000000695ff00000] [id=17800]
  0x000002555ae86a30 GCTaskThread "GC Thread#17" [stack: 0x000000695ff00000,0x0000006960000000] [id=19716]
  0x0000025521403c00 ConcurrentGCThread "G1 Main Marker" [stack: 0x000000695c800000,0x000000695c900000] [id=19508]
  0x000002552141dc10 ConcurrentGCThread "G1 Conc#0" [stack: 0x000000695c900000,0x000000695ca00000] [id=11416]
  0x000002555ae85430 ConcurrentGCThread "G1 Conc#1" [stack: 0x0000006960000000,0x0000006960100000] [id=14632]
  0x000002555ae84eb0 ConcurrentGCThread "G1 Conc#2" [stack: 0x0000006960100000,0x0000006960200000] [id=3176]
  0x000002555abf61f0 ConcurrentGCThread "G1 Conc#3" [stack: 0x0000006960200000,0x0000006960300000] [id=7348]
  0x000002555abf56f0 ConcurrentGCThread "G1 Conc#4" [stack: 0x0000006960300000,0x0000006960400000] [id=23380]
  0x00000255214ae3b0 ConcurrentGCThread "G1 Refine#0" [stack: 0x000000695ca00000,0x000000695cb00000] [id=5400]
  0x000002553d048030 ConcurrentGCThread "G1 Service" [stack: 0x000000695cb00000,0x000000695cc00000] [id=2584]

Threads with active compile tasks:
C2 CompilerThread0    41781 13552       4       org.gradle.internal.service.DefaultServiceRegistry$OwnServices::add (82 bytes)
C2 CompilerThread1    41781 13553       4       org.gradle.internal.service.DefaultServiceRegistry$OwnServices::collectProvidersForClassHierarchy (129 bytes)

VM state: not at safepoint (normal execution)

VM Mutex/Monitor currently owned by a thread: None

Heap address: 0x00000000e0000000, size: 512 MB, Compressed Oops mode: 32-bit

CDS archive(s) mapped at: [0x000002553e000000-0x000002553ebd0000-0x000002553ebd0000), size 12386304, SharedBaseAddress: 0x000002553e000000, ArchiveRelocationMode: 1.
Compressed class space mapped at: 0x000002553f000000-0x0000025553000000, reserved size: 335544320
Narrow klass base: 0x000002553e000000, Narrow klass shift: 0, Narrow klass range: 0x100000000

GC Precious Log:
 CPUs: 24 total, 24 available
 Memory: 16060M
 Large Page Support: Disabled
 NUMA Support: Disabled
 Compressed Oops: Enabled (32-bit)
 Heap Region Size: 1M
 Heap Min Capacity: 256M
 Heap Initial Capacity: 256M
 Heap Max Capacity: 512M
 Pre-touch: Disabled
 Parallel Workers: 18
 Concurrent Workers: 5
 Concurrent Refinement Workers: 18
 Periodic GC: Disabled

Heap:
 garbage-first heap   total 262144K, used 90091K [0x00000000e0000000, 0x0000000100000000)
  region size 1024K, 38 young (38912K), 11 survivors (11264K)
 Metaspace       used 59431K, committed 60160K, reserved 393216K
  class space    used 8179K, committed 8512K, reserved 327680K

Heap Regions: E=young(eden), S=young(survivor), O=old, HS=humongous(starts), HC=humongous(continues), CS=collection set, F=free, OA=open archive, CA=closed archive, TAMS=top-at-mark-start (previous, next)
|   0|0x00000000e0000000, 0x00000000e0100000, 0x00000000e0100000|100%| O|  |TAMS 0x00000000e0100000, 0x00000000e0000000| Untracked 
|   1|0x00000000e0100000, 0x00000000e0200000, 0x00000000e0200000|100%| O|  |TAMS 0x00000000e0200000, 0x00000000e0100000| Untracked 
|   2|0x00000000e0200000, 0x00000000e0300000, 0x00000000e0300000|100%|HS|  |TAMS 0x00000000e0300000, 0x00000000e0200000| Complete 
|   3|0x00000000e0300000, 0x00000000e0400000, 0x00000000e0400000|100%|HC|  |TAMS 0x00000000e0400000, 0x00000000e0300000| Complete 
|   4|0x00000000e0400000, 0x00000000e0500000, 0x00000000e0500000|100%|HC|  |TAMS 0x00000000e0500000, 0x00000000e0400000| Complete 
|   5|0x00000000e0500000, 0x00000000e0600000, 0x00000000e0600000|100%|HC|  |TAMS 0x00000000e0600000, 0x00000000e0500000| Complete 
|   6|0x00000000e0600000, 0x00000000e0700000, 0x00000000e0700000|100%| O|  |TAMS 0x00000000e0700000, 0x00000000e0600000| Untracked 
|   7|0x00000000e0700000, 0x00000000e0800000, 0x00000000e0800000|100%| O|  |TAMS 0x00000000e0800000, 0x00000000e0700000| Untracked 
|   8|0x00000000e0800000, 0x00000000e0900000, 0x00000000e0900000|100%| O|  |TAMS 0x00000000e0900000, 0x00000000e0800000| Untracked 
|   9|0x00000000e0900000, 0x00000000e0a00000, 0x00000000e0a00000|100%|HS|  |TAMS 0x00000000e0a00000, 0x00000000e0900000| Complete 
|  10|0x00000000e0a00000, 0x00000000e0b00000, 0x00000000e0b00000|100%| O|  |TAMS 0x00000000e0b00000, 0x00000000e0a00000| Untracked 
|  11|0x00000000e0b00000, 0x00000000e0c00000, 0x00000000e0c00000|100%| O|  |TAMS 0x00000000e0c00000, 0x00000000e0b00000| Untracked 
|  12|0x00000000e0c00000, 0x00000000e0d00000, 0x00000000e0d00000|100%| O|  |TAMS 0x00000000e0d00000, 0x00000000e0c00000| Untracked 
|  13|0x00000000e0d00000, 0x00000000e0e00000, 0x00000000e0e00000|100%| O|  |TAMS 0x00000000e0e00000, 0x00000000e0d00000| Untracked 
|  14|0x00000000e0e00000, 0x00000000e0f00000, 0x00000000e0f00000|100%| O|  |TAMS 0x00000000e0f00000, 0x00000000e0e00000| Untracked 
|  15|0x00000000e0f00000, 0x00000000e1000000, 0x00000000e1000000|100%| O|  |TAMS 0x00000000e1000000, 0x00000000e0f00000| Untracked 
|  16|0x00000000e1000000, 0x00000000e1100000, 0x00000000e1100000|100%| O|  |TAMS 0x00000000e1100000, 0x00000000e1000000| Untracked 
|  17|0x00000000e1100000, 0x00000000e1200000, 0x00000000e1200000|100%| O|  |TAMS 0x00000000e1200000, 0x00000000e1100000| Untracked 
|  18|0x00000000e1200000, 0x00000000e1300000, 0x00000000e1300000|100%| O|  |TAMS 0x00000000e1300000, 0x00000000e1200000| Untracked 
|  19|0x00000000e1300000, 0x00000000e1400000, 0x00000000e1400000|100%| O|  |TAMS 0x00000000e1400000, 0x00000000e1300000| Untracked 
|  20|0x00000000e1400000, 0x00000000e1500000, 0x00000000e1500000|100%| O|  |TAMS 0x00000000e1500000, 0x00000000e1400000| Untracked 
|  21|0x00000000e1500000, 0x00000000e1600000, 0x00000000e1600000|100%| O|  |TAMS 0x00000000e1600000, 0x00000000e1500000| Untracked 
|  22|0x00000000e1600000, 0x00000000e1700000, 0x00000000e1700000|100%| O|  |TAMS 0x00000000e1700000, 0x00000000e1600000| Untracked 
|  23|0x00000000e1700000, 0x00000000e1800000, 0x00000000e1800000|100%| O|  |TAMS 0x00000000e1800000, 0x00000000e1700000| Untracked 
|  24|0x00000000e1800000, 0x00000000e1900000, 0x00000000e1900000|100%| O|  |TAMS 0x00000000e1900000, 0x00000000e1800000| Untracked 
|  25|0x00000000e1900000, 0x00000000e1a00000, 0x00000000e1a00000|100%| O|  |TAMS 0x00000000e1a00000, 0x00000000e1900000| Untracked 
|  26|0x00000000e1a00000, 0x00000000e1b00000, 0x00000000e1b00000|100%| O|  |TAMS 0x00000000e1b00000, 0x00000000e1a00000| Untracked 
|  27|0x00000000e1b00000, 0x00000000e1c00000, 0x00000000e1c00000|100%| O|  |TAMS 0x00000000e1c00000, 0x00000000e1b00000| Untracked 
|  28|0x00000000e1c00000, 0x00000000e1d00000, 0x00000000e1d00000|100%| O|  |TAMS 0x00000000e1d00000, 0x00000000e1c00000| Untracked 
|  29|0x00000000e1d00000, 0x00000000e1e00000, 0x00000000e1e00000|100%| O|  |TAMS 0x00000000e1e00000, 0x00000000e1d00000| Untracked 
|  30|0x00000000e1e00000, 0x00000000e1f00000, 0x00000000e1f00000|100%| O|  |TAMS 0x00000000e1f00000, 0x00000000e1e00000| Untracked 
|  31|0x00000000e1f00000, 0x00000000e2000000, 0x00000000e2000000|100%| O|  |TAMS 0x00000000e2000000, 0x00000000e1f00000| Untracked 
|  32|0x00000000e2000000, 0x00000000e2100000, 0x00000000e2100000|100%| O|  |TAMS 0x00000000e2100000, 0x00000000e2000000| Untracked 
|  33|0x00000000e2100000, 0x00000000e2200000, 0x00000000e2200000|100%| O|  |TAMS 0x00000000e2200000, 0x00000000e2100000| Untracked 
|  34|0x00000000e2200000, 0x00000000e2300000, 0x00000000e2300000|100%| O|  |TAMS 0x00000000e2300000, 0x00000000e2200000| Untracked 
|  35|0x00000000e2300000, 0x00000000e2400000, 0x00000000e2400000|100%| O|  |TAMS 0x00000000e2400000, 0x00000000e2300000| Untracked 
|  36|0x00000000e2400000, 0x00000000e2500000, 0x00000000e2500000|100%| O|  |TAMS 0x00000000e2500000, 0x00000000e2400000| Untracked 
|  37|0x00000000e2500000, 0x00000000e2600000, 0x00000000e2600000|100%| O|  |TAMS 0x00000000e2600000, 0x00000000e2500000| Untracked 
|  38|0x00000000e2600000, 0x00000000e2700000, 0x00000000e2700000|100%| O|  |TAMS 0x00000000e2700000, 0x00000000e2600000| Untracked 
|  39|0x00000000e2700000, 0x00000000e2800000, 0x00000000e2800000|100%| O|  |TAMS 0x00000000e2800000, 0x00000000e2700000| Untracked 
|  40|0x00000000e2800000, 0x00000000e2900000, 0x00000000e2900000|100%| O|  |TAMS 0x00000000e2900000, 0x00000000e2800000| Untracked 
|  41|0x00000000e2900000, 0x00000000e2a00000, 0x00000000e2a00000|100%| O|  |TAMS 0x00000000e2a00000, 0x00000000e2900000| Untracked 
|  42|0x00000000e2a00000, 0x00000000e2b00000, 0x00000000e2b00000|100%| O|  |TAMS 0x00000000e2b00000, 0x00000000e2a00000| Untracked 
|  43|0x00000000e2b00000, 0x00000000e2c00000, 0x00000000e2c00000|100%| O|  |TAMS 0x00000000e2c00000, 0x00000000e2b00000| Untracked 
|  44|0x00000000e2c00000, 0x00000000e2d00000, 0x00000000e2d00000|100%| O|  |TAMS 0x00000000e2d00000, 0x00000000e2c00000| Untracked 
|  45|0x00000000e2d00000, 0x00000000e2e00000, 0x00000000e2e00000|100%| O|  |TAMS 0x00000000e2e00000, 0x00000000e2d00000| Untracked 
|  46|0x00000000e2e00000, 0x00000000e2f00000, 0x00000000e2f00000|100%| O|  |TAMS 0x00000000e2f00000, 0x00000000e2e00000| Untracked 
|  47|0x00000000e2f00000, 0x00000000e3000000, 0x00000000e3000000|100%| O|  |TAMS 0x00000000e2f4a000, 0x00000000e2f00000| Untracked 
|  48|0x00000000e3000000, 0x00000000e3100000, 0x00000000e3100000|100%| O|  |TAMS 0x00000000e3000000, 0x00000000e3000000| Untracked 
|  49|0x00000000e3100000, 0x00000000e3200000, 0x00000000e3200000|100%| O|  |TAMS 0x00000000e3100000, 0x00000000e3100000| Untracked 
|  50|0x00000000e3200000, 0x00000000e3300000, 0x00000000e3300000|100%| O|  |TAMS 0x00000000e3200000, 0x00000000e3200000| Untracked 
|  51|0x00000000e3300000, 0x00000000e3343600, 0x00000000e3400000| 26%| O|  |TAMS 0x00000000e3300000, 0x00000000e3300000| Untracked 
|  52|0x00000000e3400000, 0x00000000e3400000, 0x00000000e3500000|  0%| F|  |TAMS 0x00000000e3400000, 0x00000000e3400000| Untracked 
|  53|0x00000000e3500000, 0x00000000e3500000, 0x00000000e3600000|  0%| F|  |TAMS 0x00000000e3500000, 0x00000000e3500000| Untracked 
|  54|0x00000000e3600000, 0x00000000e3600000, 0x00000000e3700000|  0%| F|  |TAMS 0x00000000e3600000, 0x00000000e3600000| Untracked 
|  55|0x00000000e3700000, 0x00000000e3700000, 0x00000000e3800000|  0%| F|  |TAMS 0x00000000e3700000, 0x00000000e3700000| Untracked 
|  56|0x00000000e3800000, 0x00000000e3800000, 0x00000000e3900000|  0%| F|  |TAMS 0x00000000e3800000, 0x00000000e3800000| Untracked 
|  57|0x00000000e3900000, 0x00000000e3900000, 0x00000000e3a00000|  0%| F|  |TAMS 0x00000000e3900000, 0x00000000e3900000| Untracked 
|  58|0x00000000e3a00000, 0x00000000e3a00000, 0x00000000e3b00000|  0%| F|  |TAMS 0x00000000e3a00000, 0x00000000e3a00000| Untracked 
|  59|0x00000000e3b00000, 0x00000000e3b00000, 0x00000000e3c00000|  0%| F|  |TAMS 0x00000000e3b00000, 0x00000000e3b00000| Untracked 
|  60|0x00000000e3c00000, 0x00000000e3c00000, 0x00000000e3d00000|  0%| F|  |TAMS 0x00000000e3c00000, 0x00000000e3c00000| Untracked 
|  61|0x00000000e3d00000, 0x00000000e3d00000, 0x00000000e3e00000|  0%| F|  |TAMS 0x00000000e3d00000, 0x00000000e3d00000| Untracked 
|  62|0x00000000e3e00000, 0x00000000e3e00000, 0x00000000e3f00000|  0%| F|  |TAMS 0x00000000e3e00000, 0x00000000e3e00000| Untracked 
|  63|0x00000000e3f00000, 0x00000000e3f00000, 0x00000000e4000000|  0%| F|  |TAMS 0x00000000e3f00000, 0x00000000e3f00000| Untracked 
|  64|0x00000000e4000000, 0x00000000e4000000, 0x00000000e4100000|  0%| F|  |TAMS 0x00000000e4000000, 0x00000000e4000000| Untracked 
|  65|0x00000000e4100000, 0x00000000e4100000, 0x00000000e4200000|  0%| F|  |TAMS 0x00000000e4100000, 0x00000000e4100000| Untracked 
|  66|0x00000000e4200000, 0x00000000e4200000, 0x00000000e4300000|  0%| F|  |TAMS 0x00000000e4200000, 0x00000000e4200000| Untracked 
|  67|0x00000000e4300000, 0x00000000e4300000, 0x00000000e4400000|  0%| F|  |TAMS 0x00000000e4300000, 0x00000000e4300000| Untracked 
|  68|0x00000000e4400000, 0x00000000e4400000, 0x00000000e4500000|  0%| F|  |TAMS 0x00000000e4400000, 0x00000000e4400000| Untracked 
|  69|0x00000000e4500000, 0x00000000e4500000, 0x00000000e4600000|  0%| F|  |TAMS 0x00000000e4500000, 0x00000000e4500000| Untracked 
|  70|0x00000000e4600000, 0x00000000e4600000, 0x00000000e4700000|  0%| F|  |TAMS 0x00000000e4600000, 0x00000000e4600000| Untracked 
|  71|0x00000000e4700000, 0x00000000e4700000, 0x00000000e4800000|  0%| F|  |TAMS 0x00000000e4700000, 0x00000000e4700000| Untracked 
|  72|0x00000000e4800000, 0x00000000e4800000, 0x00000000e4900000|  0%| F|  |TAMS 0x00000000e4800000, 0x00000000e4800000| Untracked 
|  73|0x00000000e4900000, 0x00000000e4900000, 0x00000000e4a00000|  0%| F|  |TAMS 0x00000000e4900000, 0x00000000e4900000| Untracked 
|  74|0x00000000e4a00000, 0x00000000e4a00000, 0x00000000e4b00000|  0%| F|  |TAMS 0x00000000e4a00000, 0x00000000e4a00000| Untracked 
|  75|0x00000000e4b00000, 0x00000000e4b00000, 0x00000000e4c00000|  0%| F|  |TAMS 0x00000000e4b00000, 0x00000000e4b00000| Untracked 
|  76|0x00000000e4c00000, 0x00000000e4c00000, 0x00000000e4d00000|  0%| F|  |TAMS 0x00000000e4c00000, 0x00000000e4c00000| Untracked 
|  77|0x00000000e4d00000, 0x00000000e4d00000, 0x00000000e4e00000|  0%| F|  |TAMS 0x00000000e4d00000, 0x00000000e4d00000| Untracked 
|  78|0x00000000e4e00000, 0x00000000e4e00000, 0x00000000e4f00000|  0%| F|  |TAMS 0x00000000e4e00000, 0x00000000e4e00000| Untracked 
|  79|0x00000000e4f00000, 0x00000000e4f00000, 0x00000000e5000000|  0%| F|  |TAMS 0x00000000e4f00000, 0x00000000e4f00000| Untracked 
|  80|0x00000000e5000000, 0x00000000e5000000, 0x00000000e5100000|  0%| F|  |TAMS 0x00000000e5000000, 0x00000000e5000000| Untracked 
|  81|0x00000000e5100000, 0x00000000e5100000, 0x00000000e5200000|  0%| F|  |TAMS 0x00000000e5100000, 0x00000000e5100000| Untracked 
|  82|0x00000000e5200000, 0x00000000e5200000, 0x00000000e5300000|  0%| F|  |TAMS 0x00000000e5200000, 0x00000000e5200000| Untracked 
|  83|0x00000000e5300000, 0x00000000e5300000, 0x00000000e5400000|  0%| F|  |TAMS 0x00000000e5300000, 0x00000000e5300000| Untracked 
|  84|0x00000000e5400000, 0x00000000e5400000, 0x00000000e5500000|  0%| F|  |TAMS 0x00000000e5400000, 0x00000000e5400000| Untracked 
|  85|0x00000000e5500000, 0x00000000e5500000, 0x00000000e5600000|  0%| F|  |TAMS 0x00000000e5500000, 0x00000000e5500000| Untracked 
|  86|0x00000000e5600000, 0x00000000e5600000, 0x00000000e5700000|  0%| F|  |TAMS 0x00000000e5600000, 0x00000000e5600000| Untracked 
|  87|0x00000000e5700000, 0x00000000e5700000, 0x00000000e5800000|  0%| F|  |TAMS 0x00000000e5700000, 0x00000000e5700000| Untracked 
|  88|0x00000000e5800000, 0x00000000e5800000, 0x00000000e5900000|  0%| F|  |TAMS 0x00000000e5800000, 0x00000000e5800000| Untracked 
|  89|0x00000000e5900000, 0x00000000e5900000, 0x00000000e5a00000|  0%| F|  |TAMS 0x00000000e5900000, 0x00000000e5900000| Untracked 
|  90|0x00000000e5a00000, 0x00000000e5a00000, 0x00000000e5b00000|  0%| F|  |TAMS 0x00000000e5a00000, 0x00000000e5a00000| Untracked 
|  91|0x00000000e5b00000, 0x00000000e5b00000, 0x00000000e5c00000|  0%| F|  |TAMS 0x00000000e5b00000, 0x00000000e5b00000| Untracked 
|  92|0x00000000e5c00000, 0x00000000e5c00000, 0x00000000e5d00000|  0%| F|  |TAMS 0x00000000e5c00000, 0x00000000e5c00000| Untracked 
|  93|0x00000000e5d00000, 0x00000000e5d00000, 0x00000000e5e00000|  0%| F|  |TAMS 0x00000000e5d00000, 0x00000000e5d00000| Untracked 
|  94|0x00000000e5e00000, 0x00000000e5e00000, 0x00000000e5f00000|  0%| F|  |TAMS 0x00000000e5e00000, 0x00000000e5e00000| Untracked 
|  95|0x00000000e5f00000, 0x00000000e5f00000, 0x00000000e6000000|  0%| F|  |TAMS 0x00000000e5f00000, 0x00000000e5f00000| Untracked 
|  96|0x00000000e6000000, 0x00000000e6000000, 0x00000000e6100000|  0%| F|  |TAMS 0x00000000e6000000, 0x00000000e6000000| Untracked 
|  97|0x00000000e6100000, 0x00000000e6100000, 0x00000000e6200000|  0%| F|  |TAMS 0x00000000e6100000, 0x00000000e6100000| Untracked 
|  98|0x00000000e6200000, 0x00000000e62b7930, 0x00000000e6300000| 71%| S|CS|TAMS 0x00000000e6200000, 0x00000000e6200000| Complete 
|  99|0x00000000e6300000, 0x00000000e6400000, 0x00000000e6400000|100%| S|CS|TAMS 0x00000000e6300000, 0x00000000e6300000| Complete 
| 100|0x00000000e6400000, 0x00000000e6500000, 0x00000000e6500000|100%| S|CS|TAMS 0x00000000e6400000, 0x00000000e6400000| Complete 
| 101|0x00000000e6500000, 0x00000000e6600000, 0x00000000e6600000|100%| S|CS|TAMS 0x00000000e6500000, 0x00000000e6500000| Complete 
| 102|0x00000000e6600000, 0x00000000e6700000, 0x00000000e6700000|100%| S|CS|TAMS 0x00000000e6600000, 0x00000000e6600000| Complete 
| 103|0x00000000e6700000, 0x00000000e6700000, 0x00000000e6800000|  0%| F|  |TAMS 0x00000000e6700000, 0x00000000e6700000| Untracked 
| 104|0x00000000e6800000, 0x00000000e6800000, 0x00000000e6900000|  0%| F|  |TAMS 0x00000000e6800000, 0x00000000e6800000| Untracked 
| 105|0x00000000e6900000, 0x00000000e6900000, 0x00000000e6a00000|  0%| F|  |TAMS 0x00000000e6900000, 0x00000000e6900000| Untracked 
| 106|0x00000000e6a00000, 0x00000000e6a00000, 0x00000000e6b00000|  0%| F|  |TAMS 0x00000000e6a00000, 0x00000000e6a00000| Untracked 
| 107|0x00000000e6b00000, 0x00000000e6b00000, 0x00000000e6c00000|  0%| F|  |TAMS 0x00000000e6b00000, 0x00000000e6b00000| Untracked 
| 108|0x00000000e6c00000, 0x00000000e6c00000, 0x00000000e6d00000|  0%| F|  |TAMS 0x00000000e6c00000, 0x00000000e6c00000| Untracked 
| 109|0x00000000e6d00000, 0x00000000e6d00000, 0x00000000e6e00000|  0%| F|  |TAMS 0x00000000e6d00000, 0x00000000e6d00000| Untracked 
| 110|0x00000000e6e00000, 0x00000000e6f00000, 0x00000000e6f00000|100%| S|CS|TAMS 0x00000000e6e00000, 0x00000000e6e00000| Complete 
| 111|0x00000000e6f00000, 0x00000000e7000000, 0x00000000e7000000|100%| S|CS|TAMS 0x00000000e6f00000, 0x00000000e6f00000| Complete 
| 112|0x00000000e7000000, 0x00000000e7100000, 0x00000000e7100000|100%| S|CS|TAMS 0x00000000e7000000, 0x00000000e7000000| Complete 
| 113|0x00000000e7100000, 0x00000000e7200000, 0x00000000e7200000|100%| S|CS|TAMS 0x00000000e7100000, 0x00000000e7100000| Complete 
| 114|0x00000000e7200000, 0x00000000e7300000, 0x00000000e7300000|100%| S|CS|TAMS 0x00000000e7200000, 0x00000000e7200000| Complete 
| 115|0x00000000e7300000, 0x00000000e7400000, 0x00000000e7400000|100%| S|CS|TAMS 0x00000000e7300000, 0x00000000e7300000| Complete 
| 116|0x00000000e7400000, 0x00000000e7400000, 0x00000000e7500000|  0%| F|  |TAMS 0x00000000e7400000, 0x00000000e7400000| Untracked 
| 117|0x00000000e7500000, 0x00000000e7500000, 0x00000000e7600000|  0%| F|  |TAMS 0x00000000e7500000, 0x00000000e7500000| Untracked 
| 118|0x00000000e7600000, 0x00000000e7600000, 0x00000000e7700000|  0%| F|  |TAMS 0x00000000e7600000, 0x00000000e7600000| Untracked 
| 119|0x00000000e7700000, 0x00000000e7700000, 0x00000000e7800000|  0%| F|  |TAMS 0x00000000e7700000, 0x00000000e7700000| Untracked 
| 120|0x00000000e7800000, 0x00000000e7800000, 0x00000000e7900000|  0%| F|  |TAMS 0x00000000e7800000, 0x00000000e7800000| Untracked 
| 121|0x00000000e7900000, 0x00000000e7900000, 0x00000000e7a00000|  0%| F|  |TAMS 0x00000000e7900000, 0x00000000e7900000| Untracked 
| 122|0x00000000e7a00000, 0x00000000e7a00000, 0x00000000e7b00000|  0%| F|  |TAMS 0x00000000e7a00000, 0x00000000e7a00000| Untracked 
| 123|0x00000000e7b00000, 0x00000000e7b00000, 0x00000000e7c00000|  0%| F|  |TAMS 0x00000000e7b00000, 0x00000000e7b00000| Untracked 
| 124|0x00000000e7c00000, 0x00000000e7c00000, 0x00000000e7d00000|  0%| F|  |TAMS 0x00000000e7c00000, 0x00000000e7c00000| Untracked 
| 125|0x00000000e7d00000, 0x00000000e7d00000, 0x00000000e7e00000|  0%| F|  |TAMS 0x00000000e7d00000, 0x00000000e7d00000| Untracked 
| 126|0x00000000e7e00000, 0x00000000e7e00000, 0x00000000e7f00000|  0%| F|  |TAMS 0x00000000e7e00000, 0x00000000e7e00000| Untracked 
| 127|0x00000000e7f00000, 0x00000000e7f00000, 0x00000000e8000000|  0%| F|  |TAMS 0x00000000e7f00000, 0x00000000e7f00000| Untracked 
| 128|0x00000000e8000000, 0x00000000e8000000, 0x00000000e8100000|  0%| F|  |TAMS 0x00000000e8000000, 0x00000000e8000000| Untracked 
| 129|0x00000000e8100000, 0x00000000e8100000, 0x00000000e8200000|  0%| F|  |TAMS 0x00000000e8100000, 0x00000000e8100000| Untracked 
| 130|0x00000000e8200000, 0x00000000e8200000, 0x00000000e8300000|  0%| F|  |TAMS 0x00000000e8200000, 0x00000000e8200000| Untracked 
| 131|0x00000000e8300000, 0x00000000e8300000, 0x00000000e8400000|  0%| F|  |TAMS 0x00000000e8300000, 0x00000000e8300000| Untracked 
| 132|0x00000000e8400000, 0x00000000e8400000, 0x00000000e8500000|  0%| F|  |TAMS 0x00000000e8400000, 0x00000000e8400000| Untracked 
| 133|0x00000000e8500000, 0x00000000e8500000, 0x00000000e8600000|  0%| F|  |TAMS 0x00000000e8500000, 0x00000000e8500000| Untracked 
| 134|0x00000000e8600000, 0x00000000e8600000, 0x00000000e8700000|  0%| F|  |TAMS 0x00000000e8600000, 0x00000000e8600000| Untracked 
| 135|0x00000000e8700000, 0x00000000e8700000, 0x00000000e8800000|  0%| F|  |TAMS 0x00000000e8700000, 0x00000000e8700000| Untracked 
| 136|0x00000000e8800000, 0x00000000e8800000, 0x00000000e8900000|  0%| F|  |TAMS 0x00000000e8800000, 0x00000000e8800000| Untracked 
| 137|0x00000000e8900000, 0x00000000e8900000, 0x00000000e8a00000|  0%| F|  |TAMS 0x00000000e8900000, 0x00000000e8900000| Untracked 
| 138|0x00000000e8a00000, 0x00000000e8a00000, 0x00000000e8b00000|  0%| F|  |TAMS 0x00000000e8a00000, 0x00000000e8a00000| Untracked 
| 139|0x00000000e8b00000, 0x00000000e8b00000, 0x00000000e8c00000|  0%| F|  |TAMS 0x00000000e8b00000, 0x00000000e8b00000| Untracked 
| 140|0x00000000e8c00000, 0x00000000e8c00000, 0x00000000e8d00000|  0%| F|  |TAMS 0x00000000e8c00000, 0x00000000e8c00000| Untracked 
| 141|0x00000000e8d00000, 0x00000000e8d00000, 0x00000000e8e00000|  0%| F|  |TAMS 0x00000000e8d00000, 0x00000000e8d00000| Untracked 
| 142|0x00000000e8e00000, 0x00000000e8e00000, 0x00000000e8f00000|  0%| F|  |TAMS 0x00000000e8e00000, 0x00000000e8e00000| Untracked 
| 143|0x00000000e8f00000, 0x00000000e8f00000, 0x00000000e9000000|  0%| F|  |TAMS 0x00000000e8f00000, 0x00000000e8f00000| Untracked 
| 144|0x00000000e9000000, 0x00000000e9000000, 0x00000000e9100000|  0%| F|  |TAMS 0x00000000e9000000, 0x00000000e9000000| Untracked 
| 145|0x00000000e9100000, 0x00000000e9100000, 0x00000000e9200000|  0%| F|  |TAMS 0x00000000e9100000, 0x00000000e9100000| Untracked 
| 146|0x00000000e9200000, 0x00000000e9200000, 0x00000000e9300000|  0%| F|  |TAMS 0x00000000e9200000, 0x00000000e9200000| Untracked 
| 147|0x00000000e9300000, 0x00000000e9300000, 0x00000000e9400000|  0%| F|  |TAMS 0x00000000e9300000, 0x00000000e9300000| Untracked 
| 148|0x00000000e9400000, 0x00000000e9400000, 0x00000000e9500000|  0%| F|  |TAMS 0x00000000e9400000, 0x00000000e9400000| Untracked 
| 149|0x00000000e9500000, 0x00000000e9500000, 0x00000000e9600000|  0%| F|  |TAMS 0x00000000e9500000, 0x00000000e9500000| Untracked 
| 150|0x00000000e9600000, 0x00000000e9600000, 0x00000000e9700000|  0%| F|  |TAMS 0x00000000e9600000, 0x00000000e9600000| Untracked 
| 151|0x00000000e9700000, 0x00000000e9700000, 0x00000000e9800000|  0%| F|  |TAMS 0x00000000e9700000, 0x00000000e9700000| Untracked 
| 152|0x00000000e9800000, 0x00000000e9800000, 0x00000000e9900000|  0%| F|  |TAMS 0x00000000e9800000, 0x00000000e9800000| Untracked 
| 153|0x00000000e9900000, 0x00000000e9900000, 0x00000000e9a00000|  0%| F|  |TAMS 0x00000000e9900000, 0x00000000e9900000| Untracked 
| 154|0x00000000e9a00000, 0x00000000e9a00000, 0x00000000e9b00000|  0%| F|  |TAMS 0x00000000e9a00000, 0x00000000e9a00000| Untracked 
| 155|0x00000000e9b00000, 0x00000000e9b00000, 0x00000000e9c00000|  0%| F|  |TAMS 0x00000000e9b00000, 0x00000000e9b00000| Untracked 
| 156|0x00000000e9c00000, 0x00000000e9c00000, 0x00000000e9d00000|  0%| F|  |TAMS 0x00000000e9c00000, 0x00000000e9c00000| Untracked 
| 157|0x00000000e9d00000, 0x00000000e9d00000, 0x00000000e9e00000|  0%| F|  |TAMS 0x00000000e9d00000, 0x00000000e9d00000| Untracked 
| 158|0x00000000e9e00000, 0x00000000e9e00000, 0x00000000e9f00000|  0%| F|  |TAMS 0x00000000e9e00000, 0x00000000e9e00000| Untracked 
| 159|0x00000000e9f00000, 0x00000000e9f00000, 0x00000000ea000000|  0%| F|  |TAMS 0x00000000e9f00000, 0x00000000e9f00000| Untracked 
| 160|0x00000000ea000000, 0x00000000ea000000, 0x00000000ea100000|  0%| F|  |TAMS 0x00000000ea000000, 0x00000000ea000000| Untracked 
| 161|0x00000000ea100000, 0x00000000ea100000, 0x00000000ea200000|  0%| F|  |TAMS 0x00000000ea100000, 0x00000000ea100000| Untracked 
| 162|0x00000000ea200000, 0x00000000ea200000, 0x00000000ea300000|  0%| F|  |TAMS 0x00000000ea200000, 0x00000000ea200000| Untracked 
| 163|0x00000000ea300000, 0x00000000ea300000, 0x00000000ea400000|  0%| F|  |TAMS 0x00000000ea300000, 0x00000000ea300000| Untracked 
| 164|0x00000000ea400000, 0x00000000ea400000, 0x00000000ea500000|  0%| F|  |TAMS 0x00000000ea400000, 0x00000000ea400000| Untracked 
| 165|0x00000000ea500000, 0x00000000ea500000, 0x00000000ea600000|  0%| F|  |TAMS 0x00000000ea500000, 0x00000000ea500000| Untracked 
| 166|0x00000000ea600000, 0x00000000ea600000, 0x00000000ea700000|  0%| F|  |TAMS 0x00000000ea600000, 0x00000000ea600000| Untracked 
| 167|0x00000000ea700000, 0x00000000ea700000, 0x00000000ea800000|  0%| F|  |TAMS 0x00000000ea700000, 0x00000000ea700000| Untracked 
| 168|0x00000000ea800000, 0x00000000ea800000, 0x00000000ea900000|  0%| F|  |TAMS 0x00000000ea800000, 0x00000000ea800000| Untracked 
| 169|0x00000000ea900000, 0x00000000ea900000, 0x00000000eaa00000|  0%| F|  |TAMS 0x00000000ea900000, 0x00000000ea900000| Untracked 
| 170|0x00000000eaa00000, 0x00000000eaa00000, 0x00000000eab00000|  0%| F|  |TAMS 0x00000000eaa00000, 0x00000000eaa00000| Untracked 
| 171|0x00000000eab00000, 0x00000000eab00000, 0x00000000eac00000|  0%| F|  |TAMS 0x00000000eab00000, 0x00000000eab00000| Untracked 
| 172|0x00000000eac00000, 0x00000000eac00000, 0x00000000ead00000|  0%| F|  |TAMS 0x00000000eac00000, 0x00000000eac00000| Untracked 
| 173|0x00000000ead00000, 0x00000000ead00000, 0x00000000eae00000|  0%| F|  |TAMS 0x00000000ead00000, 0x00000000ead00000| Untracked 
| 174|0x00000000eae00000, 0x00000000eae00000, 0x00000000eaf00000|  0%| F|  |TAMS 0x00000000eae00000, 0x00000000eae00000| Untracked 
| 175|0x00000000eaf00000, 0x00000000eaf00000, 0x00000000eb000000|  0%| F|  |TAMS 0x00000000eaf00000, 0x00000000eaf00000| Untracked 
| 176|0x00000000eb000000, 0x00000000eb000000, 0x00000000eb100000|  0%| F|  |TAMS 0x00000000eb000000, 0x00000000eb000000| Untracked 
| 177|0x00000000eb100000, 0x00000000eb100000, 0x00000000eb200000|  0%| F|  |TAMS 0x00000000eb100000, 0x00000000eb100000| Untracked 
| 178|0x00000000eb200000, 0x00000000eb200000, 0x00000000eb300000|  0%| F|  |TAMS 0x00000000eb200000, 0x00000000eb200000| Untracked 
| 179|0x00000000eb300000, 0x00000000eb300000, 0x00000000eb400000|  0%| F|  |TAMS 0x00000000eb300000, 0x00000000eb300000| Untracked 
| 180|0x00000000eb400000, 0x00000000eb400000, 0x00000000eb500000|  0%| F|  |TAMS 0x00000000eb400000, 0x00000000eb400000| Untracked 
| 181|0x00000000eb500000, 0x00000000eb500000, 0x00000000eb600000|  0%| F|  |TAMS 0x00000000eb500000, 0x00000000eb500000| Untracked 
| 182|0x00000000eb600000, 0x00000000eb600000, 0x00000000eb700000|  0%| F|  |TAMS 0x00000000eb600000, 0x00000000eb600000| Untracked 
| 183|0x00000000eb700000, 0x00000000eb700000, 0x00000000eb800000|  0%| F|  |TAMS 0x00000000eb700000, 0x00000000eb700000| Untracked 
| 184|0x00000000eb800000, 0x00000000eb800000, 0x00000000eb900000|  0%| F|  |TAMS 0x00000000eb800000, 0x00000000eb800000| Untracked 
| 185|0x00000000eb900000, 0x00000000eb900000, 0x00000000eba00000|  0%| F|  |TAMS 0x00000000eb900000, 0x00000000eb900000| Untracked 
| 186|0x00000000eba00000, 0x00000000eba00000, 0x00000000ebb00000|  0%| F|  |TAMS 0x00000000eba00000, 0x00000000eba00000| Untracked 
| 187|0x00000000ebb00000, 0x00000000ebb00000, 0x00000000ebc00000|  0%| F|  |TAMS 0x00000000ebb00000, 0x00000000ebb00000| Untracked 
| 188|0x00000000ebc00000, 0x00000000ebc00000, 0x00000000ebd00000|  0%| F|  |TAMS 0x00000000ebc00000, 0x00000000ebc00000| Untracked 
| 189|0x00000000ebd00000, 0x00000000ebd00000, 0x00000000ebe00000|  0%| F|  |TAMS 0x00000000ebd00000, 0x00000000ebd00000| Untracked 
| 190|0x00000000ebe00000, 0x00000000ebe00000, 0x00000000ebf00000|  0%| F|  |TAMS 0x00000000ebe00000, 0x00000000ebe00000| Untracked 
| 191|0x00000000ebf00000, 0x00000000ebf00000, 0x00000000ec000000|  0%| F|  |TAMS 0x00000000ebf00000, 0x00000000ebf00000| Untracked 
| 192|0x00000000ec000000, 0x00000000ec000000, 0x00000000ec100000|  0%| F|  |TAMS 0x00000000ec000000, 0x00000000ec000000| Untracked 
| 193|0x00000000ec100000, 0x00000000ec100000, 0x00000000ec200000|  0%| F|  |TAMS 0x00000000ec100000, 0x00000000ec100000| Untracked 
| 194|0x00000000ec200000, 0x00000000ec200000, 0x00000000ec300000|  0%| F|  |TAMS 0x00000000ec200000, 0x00000000ec200000| Untracked 
| 195|0x00000000ec300000, 0x00000000ec300000, 0x00000000ec400000|  0%| F|  |TAMS 0x00000000ec300000, 0x00000000ec300000| Untracked 
| 196|0x00000000ec400000, 0x00000000ec400000, 0x00000000ec500000|  0%| F|  |TAMS 0x00000000ec400000, 0x00000000ec400000| Untracked 
| 197|0x00000000ec500000, 0x00000000ec500000, 0x00000000ec600000|  0%| F|  |TAMS 0x00000000ec500000, 0x00000000ec500000| Untracked 
| 198|0x00000000ec600000, 0x00000000ec600000, 0x00000000ec700000|  0%| F|  |TAMS 0x00000000ec600000, 0x00000000ec600000| Untracked 
| 199|0x00000000ec700000, 0x00000000ec700000, 0x00000000ec800000|  0%| F|  |TAMS 0x00000000ec700000, 0x00000000ec700000| Untracked 
| 200|0x00000000ec800000, 0x00000000ec800000, 0x00000000ec900000|  0%| F|  |TAMS 0x00000000ec800000, 0x00000000ec800000| Untracked 
| 201|0x00000000ec900000, 0x00000000ec900000, 0x00000000eca00000|  0%| F|  |TAMS 0x00000000ec900000, 0x00000000ec900000| Untracked 
| 202|0x00000000eca00000, 0x00000000eca00000, 0x00000000ecb00000|  0%| F|  |TAMS 0x00000000eca00000, 0x00000000eca00000| Untracked 
| 203|0x00000000ecb00000, 0x00000000ecb00000, 0x00000000ecc00000|  0%| F|  |TAMS 0x00000000ecb00000, 0x00000000ecb00000| Untracked 
| 204|0x00000000ecc00000, 0x00000000ecc00000, 0x00000000ecd00000|  0%| F|  |TAMS 0x00000000ecc00000, 0x00000000ecc00000| Untracked 
| 205|0x00000000ecd00000, 0x00000000ecd00000, 0x00000000ece00000|  0%| F|  |TAMS 0x00000000ecd00000, 0x00000000ecd00000| Untracked 
| 206|0x00000000ece00000, 0x00000000ece00000, 0x00000000ecf00000|  0%| F|  |TAMS 0x00000000ece00000, 0x00000000ece00000| Untracked 
| 207|0x00000000ecf00000, 0x00000000ecf00000, 0x00000000ed000000|  0%| F|  |TAMS 0x00000000ecf00000, 0x00000000ecf00000| Untracked 
| 208|0x00000000ed000000, 0x00000000ed000000, 0x00000000ed100000|  0%| F|  |TAMS 0x00000000ed000000, 0x00000000ed000000| Untracked 
| 209|0x00000000ed100000, 0x00000000ed100000, 0x00000000ed200000|  0%| F|  |TAMS 0x00000000ed100000, 0x00000000ed100000| Untracked 
| 210|0x00000000ed200000, 0x00000000ed200000, 0x00000000ed300000|  0%| F|  |TAMS 0x00000000ed200000, 0x00000000ed200000| Untracked 
| 211|0x00000000ed300000, 0x00000000ed300000, 0x00000000ed400000|  0%| F|  |TAMS 0x00000000ed300000, 0x00000000ed300000| Untracked 
| 212|0x00000000ed400000, 0x00000000ed400000, 0x00000000ed500000|  0%| F|  |TAMS 0x00000000ed400000, 0x00000000ed400000| Untracked 
| 213|0x00000000ed500000, 0x00000000ed500000, 0x00000000ed600000|  0%| F|  |TAMS 0x00000000ed500000, 0x00000000ed500000| Untracked 
| 214|0x00000000ed600000, 0x00000000ed600000, 0x00000000ed700000|  0%| F|  |TAMS 0x00000000ed600000, 0x00000000ed600000| Untracked 
| 215|0x00000000ed700000, 0x00000000ed700000, 0x00000000ed800000|  0%| F|  |TAMS 0x00000000ed700000, 0x00000000ed700000| Untracked 
| 216|0x00000000ed800000, 0x00000000ed800000, 0x00000000ed900000|  0%| F|  |TAMS 0x00000000ed800000, 0x00000000ed800000| Untracked 
| 217|0x00000000ed900000, 0x00000000ed900000, 0x00000000eda00000|  0%| F|  |TAMS 0x00000000ed900000, 0x00000000ed900000| Untracked 
| 218|0x00000000eda00000, 0x00000000eda00000, 0x00000000edb00000|  0%| F|  |TAMS 0x00000000eda00000, 0x00000000eda00000| Untracked 
| 219|0x00000000edb00000, 0x00000000edb00000, 0x00000000edc00000|  0%| F|  |TAMS 0x00000000edb00000, 0x00000000edb00000| Untracked 
| 220|0x00000000edc00000, 0x00000000edc00000, 0x00000000edd00000|  0%| F|  |TAMS 0x00000000edc00000, 0x00000000edc00000| Untracked 
| 221|0x00000000edd00000, 0x00000000edd00000, 0x00000000ede00000|  0%| F|  |TAMS 0x00000000edd00000, 0x00000000edd00000| Untracked 
| 222|0x00000000ede00000, 0x00000000ede00000, 0x00000000edf00000|  0%| F|  |TAMS 0x00000000ede00000, 0x00000000ede00000| Untracked 
| 223|0x00000000edf00000, 0x00000000edf00000, 0x00000000ee000000|  0%| F|  |TAMS 0x00000000edf00000, 0x00000000edf00000| Untracked 
| 224|0x00000000ee000000, 0x00000000ee000000, 0x00000000ee100000|  0%| F|  |TAMS 0x00000000ee000000, 0x00000000ee000000| Untracked 
| 225|0x00000000ee100000, 0x00000000ee100000, 0x00000000ee200000|  0%| F|  |TAMS 0x00000000ee100000, 0x00000000ee100000| Untracked 
| 226|0x00000000ee200000, 0x00000000ee200000, 0x00000000ee300000|  0%| F|  |TAMS 0x00000000ee200000, 0x00000000ee200000| Untracked 
| 227|0x00000000ee300000, 0x00000000ee300000, 0x00000000ee400000|  0%| F|  |TAMS 0x00000000ee300000, 0x00000000ee300000| Untracked 
| 228|0x00000000ee400000, 0x00000000ee481998, 0x00000000ee500000| 50%| E|  |TAMS 0x00000000ee400000, 0x00000000ee400000| Complete 
| 229|0x00000000ee500000, 0x00000000ee600000, 0x00000000ee600000|100%| E|CS|TAMS 0x00000000ee500000, 0x00000000ee500000| Complete 
| 230|0x00000000ee600000, 0x00000000ee700000, 0x00000000ee700000|100%| E|CS|TAMS 0x00000000ee600000, 0x00000000ee600000| Complete 
| 231|0x00000000ee700000, 0x00000000ee800000, 0x00000000ee800000|100%| E|CS|TAMS 0x00000000ee700000, 0x00000000ee700000| Complete 
| 232|0x00000000ee800000, 0x00000000ee900000, 0x00000000ee900000|100%| E|CS|TAMS 0x00000000ee800000, 0x00000000ee800000| Complete 
| 233|0x00000000ee900000, 0x00000000eea00000, 0x00000000eea00000|100%| E|CS|TAMS 0x00000000ee900000, 0x00000000ee900000| Complete 
| 234|0x00000000eea00000, 0x00000000eeb00000, 0x00000000eeb00000|100%| E|CS|TAMS 0x00000000eea00000, 0x00000000eea00000| Complete 
| 235|0x00000000eeb00000, 0x00000000eec00000, 0x00000000eec00000|100%| E|CS|TAMS 0x00000000eeb00000, 0x00000000eeb00000| Complete 
| 236|0x00000000eec00000, 0x00000000eed00000, 0x00000000eed00000|100%| E|CS|TAMS 0x00000000eec00000, 0x00000000eec00000| Complete 
| 237|0x00000000eed00000, 0x00000000eee00000, 0x00000000eee00000|100%| E|CS|TAMS 0x00000000eed00000, 0x00000000eed00000| Complete 
| 238|0x00000000eee00000, 0x00000000eef00000, 0x00000000eef00000|100%| E|CS|TAMS 0x00000000eee00000, 0x00000000eee00000| Complete 
| 239|0x00000000eef00000, 0x00000000ef000000, 0x00000000ef000000|100%| E|CS|TAMS 0x00000000eef00000, 0x00000000eef00000| Complete 
| 240|0x00000000ef000000, 0x00000000ef100000, 0x00000000ef100000|100%| E|CS|TAMS 0x00000000ef000000, 0x00000000ef000000| Complete 
| 241|0x00000000ef100000, 0x00000000ef200000, 0x00000000ef200000|100%| E|CS|TAMS 0x00000000ef100000, 0x00000000ef100000| Complete 
| 242|0x00000000ef200000, 0x00000000ef300000, 0x00000000ef300000|100%| E|CS|TAMS 0x00000000ef200000, 0x00000000ef200000| Complete 
| 243|0x00000000ef300000, 0x00000000ef400000, 0x00000000ef400000|100%| E|CS|TAMS 0x00000000ef300000, 0x00000000ef300000| Complete 
| 244|0x00000000ef400000, 0x00000000ef500000, 0x00000000ef500000|100%| E|CS|TAMS 0x00000000ef400000, 0x00000000ef400000| Complete 
| 245|0x00000000ef500000, 0x00000000ef600000, 0x00000000ef600000|100%| E|CS|TAMS 0x00000000ef500000, 0x00000000ef500000| Complete 
| 246|0x00000000ef600000, 0x00000000ef700000, 0x00000000ef700000|100%| E|CS|TAMS 0x00000000ef600000, 0x00000000ef600000| Complete 
| 247|0x00000000ef700000, 0x00000000ef800000, 0x00000000ef800000|100%| E|CS|TAMS 0x00000000ef700000, 0x00000000ef700000| Complete 
| 248|0x00000000ef800000, 0x00000000ef900000, 0x00000000ef900000|100%| E|CS|TAMS 0x00000000ef800000, 0x00000000ef800000| Complete 
| 249|0x00000000ef900000, 0x00000000efa00000, 0x00000000efa00000|100%| E|CS|TAMS 0x00000000ef900000, 0x00000000ef900000| Complete 
| 250|0x00000000efa00000, 0x00000000efb00000, 0x00000000efb00000|100%| E|CS|TAMS 0x00000000efa00000, 0x00000000efa00000| Complete 
| 251|0x00000000efb00000, 0x00000000efc00000, 0x00000000efc00000|100%| E|CS|TAMS 0x00000000efb00000, 0x00000000efb00000| Complete 
| 252|0x00000000efc00000, 0x00000000efd00000, 0x00000000efd00000|100%| E|CS|TAMS 0x00000000efc00000, 0x00000000efc00000| Complete 
| 253|0x00000000efd00000, 0x00000000efe00000, 0x00000000efe00000|100%| E|CS|TAMS 0x00000000efd00000, 0x00000000efd00000| Complete 
| 254|0x00000000efe00000, 0x00000000eff00000, 0x00000000eff00000|100%| E|CS|TAMS 0x00000000efe00000, 0x00000000efe00000| Complete 
| 255|0x00000000eff00000, 0x00000000f0000000, 0x00000000f0000000|100%| E|CS|TAMS 0x00000000eff00000, 0x00000000eff00000| Complete 

Card table byte_map: [0x0000025538b70000,0x0000025538c70000] _byte_map_base: 0x0000025538470000

Marking Bits (Prev, Next): (CMBitMap*) 0x0000025521418c40, (CMBitMap*) 0x0000025521418c00
 Prev Bits: [0x0000025539570000, 0x0000025539d70000)
 Next Bits: [0x0000025538d70000, 0x0000025539570000)

Polling page: 0x000002551f3d0000

Metaspace:

Usage:
  Non-class:     50.08 MB used.
      Class:      7.99 MB used.
       Both:     58.07 MB used.

Virtual space:
  Non-class space:       64.00 MB reserved,      50.44 MB ( 79%) committed,  1 nodes.
      Class space:      320.00 MB reserved,       8.31 MB (  3%) committed,  1 nodes.
             Both:      384.00 MB reserved,      58.75 MB ( 15%) committed. 

Chunk freelists:
   Non-Class:  13.48 MB
       Class:  7.71 MB
        Both:  21.19 MB

MaxMetaspaceSize: 384.00 MB
CompressedClassSpaceSize: 320.00 MB
Initial GC threshold: 21.00 MB
Current GC threshold: 97.94 MB
CDS: on
MetaspaceReclaimPolicy: balanced
 - commit_granule_bytes: 65536.
 - commit_granule_words: 8192.
 - virtual_space_node_default_size: 8388608.
 - enlarge_chunks_in_place: 1.
 - new_chunks_are_fully_committed: 0.
 - uncommit_free_chunks: 1.
 - use_allocation_guard: 0.
 - handle_deallocations: 1.


Internal statistics:

num_allocs_failed_limit: 9.
num_arena_births: 870.
num_arena_deaths: 0.
num_vsnodes_births: 2.
num_vsnodes_deaths: 0.
num_space_committed: 940.
num_space_uncommitted: 0.
num_chunks_returned_to_freelist: 9.
num_chunks_taken_from_freelist: 3525.
num_chunk_merges: 9.
num_chunk_splits: 2160.
num_chunks_enlarged: 1288.
num_inconsistent_stats: 0.

CodeHeap 'non-profiled nmethods': size=119168Kb used=7255Kb max_used=7255Kb free=111913Kb
 bounds [0x0000025530840000, 0x0000025530f60000, 0x0000025537ca0000]
CodeHeap 'profiled nmethods': size=119104Kb used=24588Kb max_used=24588Kb free=94515Kb
 bounds [0x0000025528ca0000, 0x000002552a4b0000, 0x00000255300f0000]
CodeHeap 'non-nmethods': size=7488Kb used=2904Kb max_used=4118Kb free=4583Kb
 bounds [0x00000255300f0000, 0x0000025530500000, 0x0000025530840000]
 total_blobs=12900 nmethods=12045 adapters=766
 compilation: enabled
              stopped_count=0, restarted_count=0
 full_count=0

Compilation events (20 events):
Event: 41.747 Thread 0x000002553d35bd80 nmethod 13557 0x00000255298a7410 code [0x00000255298a75a0, 0x00000255298a7698]
Event: 41.747 Thread 0x000002553d35bd80 13558       3       java.lang.invoke.DirectMethodHandle$Holder::invokeStatic (20 bytes)
Event: 41.748 Thread 0x000002553d35bd80 nmethod 13558 0x000002552a48be90 code [0x000002552a48c060, 0x000002552a48c5f8]
Event: 41.752 Thread 0x000002555aec56f0 nmethod 13556 0x000002552a48c710 code [0x000002552a48d620, 0x000002552a497928]
Event: 41.755 Thread 0x000002553d35bd80 13559       3       org.gradle.internal.instantiation.generator.DefaultInstantiationScheme::withServices (25 bytes)
Event: 41.755 Thread 0x000002553d35bd80 nmethod 13559 0x000002552a49a710 code [0x000002552a49a8c0, 0x000002552a49aa88]
Event: 41.761 Thread 0x000002553d35bd80 13561       3       org.gradle.internal.typeconversion.TypedNotationConverter::<init> (30 bytes)
Event: 41.761 Thread 0x000002553d35bd80 nmethod 13561 0x000002552a49ab90 code [0x000002552a49ad20, 0x000002552a49aef8]
Event: 41.762 Thread 0x000002553d35bd80 13562       3       org.gradle.api.internal.provider.AbstractMinimalProvider::asSupplier (96 bytes)
Event: 41.762 Thread 0x000002555aec56f0 13563       1       org.gradle.api.internal.provider.ValueSupplier$Present::getWithoutSideEffect (5 bytes)
Event: 41.762 Thread 0x000002555aec56f0 nmethod 13563 0x0000025530f54190 code [0x0000025530f54320, 0x0000025530f543f8]
Event: 41.762 Thread 0x000002553d35bd80 nmethod 13562 0x000002552a49af90 code [0x000002552a49b320, 0x000002552a49ce18]
Event: 41.762 Thread 0x000002553d35bd80 13564       1       org.gradle.groovy.scripts.TextResourceScriptSource::getResource (5 bytes)
Event: 41.762 Thread 0x000002553d35bd80 nmethod 13564 0x0000025530f54490 code [0x0000025530f54620, 0x0000025530f546f8]
Event: 41.763 Thread 0x000002553d35bd80 13565       3       org.gradle.groovy.scripts.DelegatingScriptSource::getClassName (10 bytes)
Event: 41.763 Thread 0x000002555aec56f0 13566       3       org.gradle.groovy.scripts.TextResourceScriptSource::getClassName (20 bytes)
Event: 41.763 Thread 0x000002553d35bd80 nmethod 13565 0x000002552a49d590 code [0x000002552a49d740, 0x000002552a49d908]
Event: 41.763 Thread 0x000002555aec56f0 nmethod 13566 0x000002552a49da10 code [0x000002552a49dbc0, 0x000002552a49dda8]
Event: 41.763 Thread 0x000002555aec56f0 13567       3       org.gradle.internal.classpath.intercept.CallInterceptorResolver$ClosureCallInterceptorResolver::of (21 bytes)
Event: 41.763 Thread 0x000002555aec56f0 nmethod 13567 0x000002552a49de90 code [0x000002552a49e060, 0x000002552a49e498]

GC Heap History (20 events):
Event: 0.294 GC heap before
{Heap before GC invocations=0 (full 0):
 garbage-first heap   total 262144K, used 22528K [0x00000000e0000000, 0x0000000100000000)
  region size 1024K, 23 young (23552K), 0 survivors (0K)
 Metaspace       used 1131K, committed 1280K, reserved 393216K
  class space    used 77K, committed 128K, reserved 327680K
}
Event: 0.297 GC heap after
{Heap after GC invocations=1 (full 0):
 garbage-first heap   total 262144K, used 4686K [0x00000000e0000000, 0x0000000100000000)
  region size 1024K, 3 young (3072K), 3 survivors (3072K)
 Metaspace       used 1131K, committed 1280K, reserved 393216K
  class space    used 77K, committed 128K, reserved 327680K
}
Event: 0.656 GC heap before
{Heap before GC invocations=1 (full 0):
 garbage-first heap   total 262144K, used 39502K [0x00000000e0000000, 0x0000000100000000)
  region size 1024K, 33 young (33792K), 3 survivors (3072K)
 Metaspace       used 4473K, committed 4672K, reserved 393216K
  class space    used 547K, committed 640K, reserved 327680K
}
Event: 0.659 GC heap after
{Heap after GC invocations=2 (full 0):
 garbage-first heap   total 262144K, used 12459K [0x00000000e0000000, 0x0000000100000000)
  region size 1024K, 4 young (4096K), 4 survivors (4096K)
 Metaspace       used 4473K, committed 4672K, reserved 393216K
  class space    used 547K, committed 640K, reserved 327680K
}
Event: 1.196 GC heap before
{Heap before GC invocations=2 (full 0):
 garbage-first heap   total 262144K, used 75947K [0x00000000e0000000, 0x0000000100000000)
  region size 1024K, 64 young (65536K), 4 survivors (4096K)
 Metaspace       used 8070K, committed 8320K, reserved 393216K
  class space    used 1077K, committed 1216K, reserved 327680K
}
Event: 1.200 GC heap after
{Heap after GC invocations=3 (full 0):
 garbage-first heap   total 262144K, used 19579K [0x00000000e0000000, 0x0000000100000000)
  region size 1024K, 8 young (8192K), 8 survivors (8192K)
 Metaspace       used 8070K, committed 8320K, reserved 393216K
  class space    used 1077K, committed 1216K, reserved 327680K
}
Event: 2.967 GC heap before
{Heap before GC invocations=3 (full 0):
 garbage-first heap   total 262144K, used 111739K [0x00000000e0000000, 0x0000000100000000)
  region size 1024K, 99 young (101376K), 8 survivors (8192K)
 Metaspace       used 21142K, committed 21504K, reserved 393216K
  class space    used 3063K, committed 3264K, reserved 327680K
}
Event: 2.973 GC heap after
{Heap after GC invocations=4 (full 0):
 garbage-first heap   total 262144K, used 25251K [0x00000000e0000000, 0x0000000100000000)
  region size 1024K, 14 young (14336K), 14 survivors (14336K)
 Metaspace       used 21142K, committed 21504K, reserved 393216K
  class space    used 3063K, committed 3264K, reserved 327680K
}
Event: 4.607 GC heap before
{Heap before GC invocations=5 (full 0):
 garbage-first heap   total 262144K, used 144035K [0x00000000e0000000, 0x0000000100000000)
  region size 1024K, 127 young (130048K), 14 survivors (14336K)
 Metaspace       used 35571K, committed 35968K, reserved 393216K
  class space    used 4937K, committed 5120K, reserved 327680K
}
Event: 4.614 GC heap after
{Heap after GC invocations=6 (full 0):
 garbage-first heap   total 262144K, used 33759K [0x00000000e0000000, 0x0000000100000000)
  region size 1024K, 19 young (19456K), 19 survivors (19456K)
 Metaspace       used 35571K, committed 35968K, reserved 393216K
  class space    used 4937K, committed 5120K, reserved 327680K
}
Event: 6.707 GC heap before
{Heap before GC invocations=7 (full 0):
 garbage-first heap   total 262144K, used 171999K [0x00000000e0000000, 0x0000000100000000)
  region size 1024K, 153 young (156672K), 19 survivors (19456K)
 Metaspace       used 48454K, committed 48960K, reserved 393216K
  class space    used 6943K, committed 7168K, reserved 327680K
}
Event: 6.714 GC heap after
{Heap after GC invocations=8 (full 0):
 garbage-first heap   total 262144K, used 39431K [0x00000000e0000000, 0x0000000100000000)
  region size 1024K, 15 young (15360K), 15 survivors (15360K)
 Metaspace       used 48454K, committed 48960K, reserved 393216K
  class space    used 6943K, committed 7168K, reserved 327680K
}
Event: 7.972 GC heap before
{Heap before GC invocations=8 (full 0):
 garbage-first heap   total 262144K, used 179719K [0x00000000e0000000, 0x0000000100000000)
  region size 1024K, 153 young (156672K), 15 survivors (15360K)
 Metaspace       used 54435K, committed 55040K, reserved 393216K
  class space    used 7662K, committed 7936K, reserved 327680K
}
Event: 7.978 GC heap after
{Heap after GC invocations=9 (full 0):
 garbage-first heap   total 262144K, used 52336K [0x00000000e0000000, 0x0000000100000000)
  region size 1024K, 19 young (19456K), 19 survivors (19456K)
 Metaspace       used 54435K, committed 55040K, reserved 393216K
  class space    used 7662K, committed 7936K, reserved 327680K
}
Event: 27.006 GC heap before
{Heap before GC invocations=9 (full 0):
 garbage-first heap   total 262144K, used 188528K [0x00000000e0000000, 0x0000000100000000)
  region size 1024K, 153 young (156672K), 19 survivors (19456K)
 Metaspace       used 57973K, committed 58624K, reserved 393216K
  class space    used 8131K, committed 8448K, reserved 327680K
}
Event: 27.013 GC heap after
{Heap after GC invocations=10 (full 0):
 garbage-first heap   total 262144K, used 58545K [0x00000000e0000000, 0x0000000100000000)
  region size 1024K, 10 young (10240K), 10 survivors (10240K)
 Metaspace       used 57973K, committed 58624K, reserved 393216K
  class space    used 8131K, committed 8448K, reserved 327680K
}
Event: 33.322 GC heap before
{Heap before GC invocations=10 (full 0):
 garbage-first heap   total 262144K, used 203953K [0x00000000e0000000, 0x0000000100000000)
  region size 1024K, 152 young (155648K), 10 survivors (10240K)
 Metaspace       used 58862K, committed 59584K, reserved 393216K
  class space    used 8171K, committed 8512K, reserved 327680K
}
Event: 33.326 GC heap after
{Heap after GC invocations=11 (full 0):
 garbage-first heap   total 262144K, used 60712K [0x00000000e0000000, 0x0000000100000000)
  region size 1024K, 12 young (12288K), 12 survivors (12288K)
 Metaspace       used 58862K, committed 59584K, reserved 393216K
  class space    used 8171K, committed 8512K, reserved 327680K
}
Event: 37.336 GC heap before
{Heap before GC invocations=11 (full 0):
 garbage-first heap   total 262144K, used 202024K [0x00000000e0000000, 0x0000000100000000)
  region size 1024K, 152 young (155648K), 12 survivors (12288K)
 Metaspace       used 59392K, committed 60096K, reserved 393216K
  class space    used 8177K, committed 8512K, reserved 327680K
}
Event: 37.340 GC heap after
{Heap after GC invocations=12 (full 0):
 garbage-first heap   total 262144K, used 63467K [0x00000000e0000000, 0x0000000100000000)
  region size 1024K, 11 young (11264K), 11 survivors (11264K)
 Metaspace       used 59392K, committed 60096K, reserved 393216K
  class space    used 8177K, committed 8512K, reserved 327680K
}

Deoptimization events (20 events):
Event: 37.476 Thread 0x000002555d155780 DEOPT PACKING pc=0x0000025529f4aff0 sp=0x000000696ceff020
Event: 37.476 Thread 0x000002555d155780 DEOPT UNPACKING pc=0x0000025530142b43 sp=0x000000696cefe4c0 mode 0
Event: 37.516 Thread 0x000002555c2798a0 DEOPT PACKING pc=0x0000025529f4aff0 sp=0x000000696f0ff030
Event: 37.516 Thread 0x000002555c2798a0 DEOPT UNPACKING pc=0x0000025530142b43 sp=0x000000696f0fe4d0 mode 0
Event: 37.518 Thread 0x000002555b3b5b70 DEOPT PACKING pc=0x0000025529f4aff0 sp=0x000000696fcff180
Event: 37.518 Thread 0x000002555b3b5b70 DEOPT UNPACKING pc=0x0000025530142b43 sp=0x000000696fcfe620 mode 0
Event: 41.368 Thread 0x00000255572af8b0 DEOPT PACKING pc=0x0000025529440c49 sp=0x000000695e8fea60
Event: 41.368 Thread 0x00000255572af8b0 DEOPT UNPACKING pc=0x0000025530142b43 sp=0x000000695e8fdf70 mode 0
Event: 41.736 Thread 0x00000255576cf120 Uncommon trap: trap_request=0xffffff45 fr.pc=0x0000025530a897f8 relative=0x0000000000000078
Event: 41.736 Thread 0x00000255576cf120 Uncommon trap: reason=unstable_if action=reinterpret pc=0x0000025530a897f8 method=java.lang.Integer.stringSize(I)I @ 19 c2
Event: 41.736 Thread 0x00000255576cf120 DEOPT PACKING pc=0x0000025530a897f8 sp=0x000000695dcfe450
Event: 41.736 Thread 0x00000255576cf120 DEOPT UNPACKING pc=0x00000255301423a3 sp=0x000000695dcfe3c8 mode 2
Event: 41.740 Thread 0x0000025558736090 Uncommon trap: trap_request=0xffffff45 fr.pc=0x0000025530f51f9c relative=0x0000000000000d1c
Event: 41.740 Thread 0x0000025558736090 Uncommon trap: reason=unstable_if action=reinterpret pc=0x0000025530f51f9c method=java.io.DataInputStream.readUTF(Ljava/io/DataInput;)Ljava/lang/String; @ 31 c2
Event: 41.740 Thread 0x0000025558736090 DEOPT PACKING pc=0x0000025530f51f9c sp=0x000000695e9fdf70
Event: 41.740 Thread 0x0000025558736090 DEOPT UNPACKING pc=0x00000255301423a3 sp=0x000000695e9fdf00 mode 2
Event: 41.748 Thread 0x0000025558737ef0 Uncommon trap: trap_request=0xffffffc6 fr.pc=0x00000255309bb280 relative=0x00000000000007a0
Event: 41.748 Thread 0x0000025558737ef0 Uncommon trap: reason=bimorphic_or_optimized_type_check action=maybe_recompile pc=0x00000255309bb280 method=java.util.stream.MatchOps$MatchOp.evaluateSequential(Ljava/util/stream/PipelineHelper;Ljava/util/Spliterator;)Ljava/lang/Boolean; @ 14 c2
Event: 41.748 Thread 0x0000025558737ef0 DEOPT PACKING pc=0x00000255309bb280 sp=0x000000695ecfb4a0
Event: 41.748 Thread 0x0000025558737ef0 DEOPT UNPACKING pc=0x00000255301423a3 sp=0x000000695ecfb3d8 mode 2

Classes unloaded (0 events):
No events

Classes redefined (0 events):
No events

Internal exceptions (20 events):
Event: 32.970 Thread 0x0000025558737ef0 Exception <a 'sun/nio/fs/WindowsException'{0x00000000eb606778}> (0x00000000eb606778) 
thrown [s\open\src\hotspot\share\prims\jni.cpp, line 516]
Event: 32.970 Thread 0x0000025558737ef0 Exception <a 'sun/nio/fs/WindowsException'{0x00000000eb607cf8}> (0x00000000eb607cf8) 
thrown [s\open\src\hotspot\share\prims\jni.cpp, line 516]
Event: 32.971 Thread 0x0000025558737ef0 Exception <a 'sun/nio/fs/WindowsException'{0x00000000eb609278}> (0x00000000eb609278) 
thrown [s\open\src\hotspot\share\prims\jni.cpp, line 516]
Event: 32.971 Thread 0x0000025558737ef0 Exception <a 'sun/nio/fs/WindowsException'{0x00000000eb60a7f0}> (0x00000000eb60a7f0) 
thrown [s\open\src\hotspot\share\prims\jni.cpp, line 516]
Event: 33.032 Thread 0x0000025558737ef0 Exception <a 'java/lang/NoClassDefFoundError'{0x00000000eb02f638}: org/jetbrains/kotlin/gradle/plugin/KotlinPluginWrapper> (0x00000000eb02f638) 
thrown [s\open\src\hotspot\share\oops\constantPool.cpp, line 837]
Event: 33.032 Thread 0x0000025558737ef0 Exception <a 'java/lang/NoClassDefFoundError'{0x00000000eb031730}: org/graalvm/buildtools/gradle/NativeImagePlugin> (0x00000000eb031730) 
thrown [s\open\src\hotspot\share\oops\constantPool.cpp, line 837]
Event: 33.032 Thread 0x0000025558737ef0 Exception <a 'java/lang/NoClassDefFoundError'{0x00000000eb033818}: org/cyclonedx/gradle/CycloneDxPlugin> (0x00000000eb033818) 
thrown [s\open\src\hotspot\share\oops\constantPool.cpp, line 837]
Event: 36.536 Thread 0x0000025558737ef0 Implicit null exception at 0x0000025530e3ecff to 0x0000025530e3f408
Event: 36.550 Thread 0x0000025558737ef0 Exception <a 'sun/nio/fs/WindowsException'{0x00000000ecf47470}> (0x00000000ecf47470) 
thrown [s\open\src\hotspot\share\prims\jni.cpp, line 516]
Event: 36.550 Thread 0x0000025558737ef0 Exception <a 'sun/nio/fs/WindowsException'{0x00000000ecf489f0}> (0x00000000ecf489f0) 
thrown [s\open\src\hotspot\share\prims\jni.cpp, line 516]
Event: 36.551 Thread 0x0000025558737ef0 Exception <a 'sun/nio/fs/WindowsException'{0x00000000ecf49f70}> (0x00000000ecf49f70) 
thrown [s\open\src\hotspot\share\prims\jni.cpp, line 516]
Event: 36.551 Thread 0x0000025558737ef0 Exception <a 'sun/nio/fs/WindowsException'{0x00000000ecf4b4e8}> (0x00000000ecf4b4e8) 
thrown [s\open\src\hotspot\share\prims\jni.cpp, line 516]
Event: 36.649 Thread 0x0000025558737ef0 Exception <a 'java/lang/NoClassDefFoundError'{0x00000000ec90bab0}: org/jetbrains/kotlin/gradle/plugin/KotlinPluginWrapper> (0x00000000ec90bab0) 
thrown [s\open\src\hotspot\share\oops\constantPool.cpp, line 837]
Event: 36.649 Thread 0x0000025558737ef0 Exception <a 'java/lang/NoClassDefFoundError'{0x00000000ec90dba8}: org/graalvm/buildtools/gradle/NativeImagePlugin> (0x00000000ec90dba8) 
thrown [s\open\src\hotspot\share\oops\constantPool.cpp, line 837]
Event: 36.649 Thread 0x0000025558737ef0 Exception <a 'java/lang/NoClassDefFoundError'{0x00000000ec90fc90}: org/cyclonedx/gradle/CycloneDxPlugin> (0x00000000ec90fc90) 
thrown [s\open\src\hotspot\share\oops\constantPool.cpp, line 837]
Event: 36.977 Thread 0x0000025558737ef0 Implicit null exception at 0x000002553088f6f2 to 0x000002553088fcd8
Event: 41.762 Thread 0x0000025558737ef0 Exception <a 'sun/nio/fs/WindowsException'{0x00000000ee75d550}> (0x00000000ee75d550) 
thrown [s\open\src\hotspot\share\prims\jni.cpp, line 516]
Event: 41.762 Thread 0x0000025558737ef0 Exception <a 'sun/nio/fs/WindowsException'{0x00000000ee75ead0}> (0x00000000ee75ead0) 
thrown [s\open\src\hotspot\share\prims\jni.cpp, line 516]
Event: 41.762 Thread 0x0000025558737ef0 Exception <a 'sun/nio/fs/WindowsException'{0x00000000ee760050}> (0x00000000ee760050) 
thrown [s\open\src\hotspot\share\prims\jni.cpp, line 516]
Event: 41.762 Thread 0x0000025558737ef0 Exception <a 'sun/nio/fs/WindowsException'{0x00000000ee7615c8}> (0x00000000ee7615c8) 
thrown [s\open\src\hotspot\share\prims\jni.cpp, line 516]

VM Operations (20 events):
Event: 33.204 Executing VM operation: ICBufferFull
Event: 33.204 Executing VM operation: ICBufferFull done
Event: 33.322 Executing VM operation: G1CollectForAllocation
Event: 33.326 Executing VM operation: G1CollectForAllocation done
Event: 33.490 Executing VM operation: ICBufferFull
Event: 33.490 Executing VM operation: ICBufferFull done
Event: 34.501 Executing VM operation: Cleanup
Event: 34.501 Executing VM operation: Cleanup done
Event: 36.515 Executing VM operation: Cleanup
Event: 36.515 Executing VM operation: Cleanup done
Event: 36.913 Executing VM operation: ICBufferFull
Event: 36.913 Executing VM operation: ICBufferFull done
Event: 37.336 Executing VM operation: CollectForMetadataAllocation
Event: 37.340 Executing VM operation: CollectForMetadataAllocation done
Event: 37.352 Executing VM operation: G1Concurrent
Event: 37.357 Executing VM operation: G1Concurrent done
Event: 37.365 Executing VM operation: G1Concurrent
Event: 37.366 Executing VM operation: G1Concurrent done
Event: 38.367 Executing VM operation: Cleanup
Event: 38.367 Executing VM operation: Cleanup done

Events (20 events):
Event: 37.521 Thread 0x00000255576a5330 Thread exited: 0x00000255576a5330
Event: 37.521 Thread 0x000002555d710f80 Thread exited: 0x000002555d710f80
Event: 37.523 Thread 0x000002555cdcc950 Thread exited: 0x000002555cdcc950
Event: 37.528 Thread 0x000002555c16b6e0 Thread exited: 0x000002555c16b6e0
Event: 37.529 Thread 0x000002555c16df60 Thread exited: 0x000002555c16df60
Event: 38.061 Thread 0x000002555aec21d0 Thread exited: 0x000002555aec21d0
Event: 38.061 Thread 0x000002555aec7c20 Thread exited: 0x000002555aec7c20
Event: 38.061 Thread 0x000002555aec5c40 Thread exited: 0x000002555aec5c40
Event: 41.066 Thread 0x000002555aec51a0 Thread exited: 0x000002555aec51a0
Event: 41.574 Thread 0x000002555aec76d0 Thread exited: 0x000002555aec76d0
Event: 41.738 Thread 0x00000255589461f0 Thread added: 0x00000255589461f0
Event: 41.739 Thread 0x0000025558944db0 Thread added: 0x0000025558944db0
Event: 41.742 Thread 0x000002553d8c10c0 Thread added: 0x000002553d8c10c0
Event: 41.743 Thread 0x000002553d8c3940 Thread added: 0x000002553d8c3940
Event: 41.743 Thread 0x000002553d8c2f20 Thread added: 0x000002553d8c2f20
Event: 41.745 Thread 0x000002553d8c06a0 Thread added: 0x000002553d8c06a0
Event: 41.747 Thread 0x000002553da8fc20 Thread added: 0x000002553da8fc20
Event: 41.755 Thread 0x000002553da8d8b0 Thread added: 0x000002553da8d8b0
Event: 41.757 Thread 0x000002553da8ddc0 Thread added: 0x000002553da8ddc0
Event: 41.758 Thread 0x000002553da8d3a0 Thread added: 0x000002553da8d3a0


Dynamic libraries:
0x00007ff610050000 - 0x00007ff610060000 	C:\Program Files\Java\jdk-17\bin\java.exe
0x00007ffb23270000 - 0x00007ffb23487000 	C:\WINDOWS\SYSTEM32\ntdll.dll
0x00007ffb21850000 - 0x00007ffb21914000 	C:\WINDOWS\System32\KERNEL32.DLL
0x00007ffb206f0000 - 0x00007ffb20a9d000 	C:\WINDOWS\System32\KERNELBASE.dll
0x00007ffb20bc0000 - 0x00007ffb20cd1000 	C:\WINDOWS\System32\ucrtbase.dll
0x00007ffb17280000 - 0x00007ffb17299000 	C:\Program Files\Java\jdk-17\bin\jli.dll
0x00007ffb17260000 - 0x00007ffb1727b000 	C:\Program Files\Java\jdk-17\bin\VCRUNTIME140.dll
0x00007ffb21980000 - 0x00007ffb21a32000 	C:\WINDOWS\System32\ADVAPI32.dll
0x00007ffb21540000 - 0x00007ffb215e7000 	C:\WINDOWS\System32\msvcrt.dll
0x00007ffb21a40000 - 0x00007ffb21ae9000 	C:\WINDOWS\System32\sechost.dll
0x00007ffb205a0000 - 0x00007ffb205c8000 	C:\WINDOWS\System32\bcrypt.dll
0x00007ffb21180000 - 0x00007ffb21294000 	C:\WINDOWS\System32\RPCRT4.dll
0x00007ffb22eb0000 - 0x00007ffb2305e000 	C:\WINDOWS\System32\USER32.dll
0x00007ffb20d50000 - 0x00007ffb20d76000 	C:\WINDOWS\System32\win32u.dll
0x00007ffb22c50000 - 0x00007ffb22c79000 	C:\WINDOWS\System32\GDI32.dll
0x00007ffb20aa0000 - 0x00007ffb20bb9000 	C:\WINDOWS\System32\gdi32full.dll
0x00007ffb20650000 - 0x00007ffb206ea000 	C:\WINDOWS\System32\msvcp_win.dll
0x00007ffb05ee0000 - 0x00007ffb06173000 	C:\WINDOWS\WinSxS\amd64_microsoft.windows.common-controls_6595b64144ccf1df_6.0.22621.3672_none_2713b9d173822955\COMCTL32.dll
0x00007ffb14b80000 - 0x00007ffb14b8a000 	C:\WINDOWS\SYSTEM32\VERSION.dll
0x00007ffb21140000 - 0x00007ffb21171000 	C:\WINDOWS\System32\IMM32.DLL
0x00007ffb17250000 - 0x00007ffb1725c000 	C:\Program Files\Java\jdk-17\bin\vcruntime140_1.dll
0x00007ffad1dc0000 - 0x00007ffad1e4e000 	C:\Program Files\Java\jdk-17\bin\msvcp140.dll
0x00007ffab8970000 - 0x00007ffab9550000 	C:\Program Files\Java\jdk-17\bin\server\jvm.dll
0x00007ffb22ea0000 - 0x00007ffb22ea8000 	C:\WINDOWS\System32\PSAPI.DLL
0x00007ffb0f020000 - 0x00007ffb0f029000 	C:\WINDOWS\SYSTEM32\WSOCK32.dll
0x00007ffb10ae0000 - 0x00007ffb10b14000 	C:\WINDOWS\SYSTEM32\WINMM.dll
0x00007ffb210c0000 - 0x00007ffb21131000 	C:\WINDOWS\System32\WS2_32.dll
0x00007ffb1f5e0000 - 0x00007ffb1f5f8000 	C:\WINDOWS\SYSTEM32\kernel.appcore.dll
0x00007ffb0f010000 - 0x00007ffb0f01a000 	C:\Program Files\Java\jdk-17\bin\jimage.dll
0x00007ffb13fb0000 - 0x00007ffb141e2000 	C:\WINDOWS\SYSTEM32\DBGHELP.DLL
0x00007ffb21bd0000 - 0x00007ffb21f58000 	C:\WINDOWS\System32\combase.dll
0x00007ffb21af0000 - 0x00007ffb21bc7000 	C:\WINDOWS\System32\OLEAUT32.dll
0x00007ffb10170000 - 0x00007ffb101a2000 	C:\WINDOWS\SYSTEM32\dbgcore.DLL
0x00007ffb205d0000 - 0x00007ffb2064b000 	C:\WINDOWS\System32\bcryptPrimitives.dll
0x00007ffb0f000000 - 0x00007ffb0f00e000 	C:\Program Files\Java\jdk-17\bin\instrument.dll
0x00007ffb0c990000 - 0x00007ffb0c9b5000 	C:\Program Files\Java\jdk-17\bin\java.dll
0x00007ffad10c0000 - 0x00007ffad1197000 	C:\Program Files\Java\jdk-17\bin\jsvml.dll
0x00007ffb223f0000 - 0x00007ffb22c4f000 	C:\WINDOWS\System32\SHELL32.dll
0x00007ffb1e4b0000 - 0x00007ffb1edac000 	C:\WINDOWS\SYSTEM32\windows.storage.dll
0x00007ffb1e370000 - 0x00007ffb1e4af000 	C:\WINDOWS\SYSTEM32\wintypes.dll
0x00007ffb20fb0000 - 0x00007ffb210a4000 	C:\WINDOWS\System32\SHCORE.dll
0x00007ffb21920000 - 0x00007ffb2197e000 	C:\WINDOWS\System32\shlwapi.dll
0x00007ffb204d0000 - 0x00007ffb204f1000 	C:\WINDOWS\SYSTEM32\profapi.dll
0x00007ffaf2690000 - 0x00007ffaf26a8000 	C:\Program Files\Java\jdk-17\bin\zip.dll
0x00007ffaf23c0000 - 0x00007ffaf23d9000 	C:\Program Files\Java\jdk-17\bin\net.dll
0x00007ffb1b3b0000 - 0x00007ffb1b4e6000 	C:\WINDOWS\SYSTEM32\WINHTTP.dll
0x00007ffb1fae0000 - 0x00007ffb1fb49000 	C:\WINDOWS\system32\mswsock.dll
0x00007ffaf19d0000 - 0x00007ffaf19e6000 	C:\Program Files\Java\jdk-17\bin\nio.dll
0x00007ffb17b10000 - 0x00007ffb17b20000 	C:\Program Files\Java\jdk-17\bin\verify.dll
0x00007ffb172a0000 - 0x00007ffb172c7000 	C:\Users\ICT01-21\.gradle\native\c067742578af261105cb4f569cf0c3c89f3d7b1fecec35dd04571415982c5e48\windows-amd64\native-platform.dll
0x00007ffaed2a0000 - 0x00007ffaed3e4000 	C:\Users\ICT01-21\.gradle\native\100fb08df4bc3b14c8652ba06237920a3bd2aa13389f12d3474272988ae205f9\windows-amd64\native-platform-file-events.dll
0x00007ffb0c980000 - 0x00007ffb0c98a000 	C:\Program Files\Java\jdk-17\bin\management.dll
0x00007ffb04710000 - 0x00007ffb0471b000 	C:\Program Files\Java\jdk-17\bin\management_ext.dll
0x00007ffb1fe30000 - 0x00007ffb1fe4b000 	C:\WINDOWS\SYSTEM32\CRYPTSP.dll
0x00007ffb1f600000 - 0x00007ffb1f635000 	C:\WINDOWS\system32\rsaenh.dll
0x00007ffb1fb80000 - 0x00007ffb1fba8000 	C:\WINDOWS\SYSTEM32\USERENV.dll
0x00007ffb1fe10000 - 0x00007ffb1fe1c000 	C:\WINDOWS\SYSTEM32\CRYPTBASE.dll
0x00007ffb1f080000 - 0x00007ffb1f0ad000 	C:\WINDOWS\SYSTEM32\IPHLPAPI.DLL
0x00007ffb210b0000 - 0x00007ffb210b9000 	C:\WINDOWS\System32\NSI.dll
0x00007ffb1b240000 - 0x00007ffb1b259000 	C:\WINDOWS\SYSTEM32\dhcpcsvc6.DLL
0x00007ffb1b220000 - 0x00007ffb1b23f000 	C:\WINDOWS\SYSTEM32\dhcpcsvc.DLL
0x00007ffb1f0f0000 - 0x00007ffb1f1e8000 	C:\WINDOWS\SYSTEM32\DNSAPI.dll
0x00007ffaff820000 - 0x00007ffaff82e000 	C:\Program Files\Java\jdk-17\bin\sunmscapi.dll
0x00007ffb20d80000 - 0x00007ffb20ee7000 	C:\WINDOWS\System32\CRYPT32.dll
0x00007ffb1ff50000 - 0x00007ffb1ff7e000 	C:\WINDOWS\SYSTEM32\ncrypt.dll
0x00007ffb1ff10000 - 0x00007ffb1ff47000 	C:\WINDOWS\SYSTEM32\NTASN1.dll
0x00007ffb0ff80000 - 0x00007ffb0ff88000 	C:\WINDOWS\system32\wshunix.dll

dbghelp: loaded successfully - version: 4.0.5 - missing functions: none
symbol engine: initialized successfully - sym options: 0x614 - pdb path: .;C:\Program Files\Java\jdk-17\bin;C:\WINDOWS\SYSTEM32;C:\WINDOWS\WinSxS\amd64_microsoft.windows.common-controls_6595b64144ccf1df_6.0.22621.3672_none_2713b9d173822955;C:\Program Files\Java\jdk-17\bin\server;C:\Users\ICT01-21\.gradle\native\c067742578af261105cb4f569cf0c3c89f3d7b1fecec35dd04571415982c5e48\windows-amd64;C:\Users\ICT01-21\.gradle\native\100fb08df4bc3b14c8652ba06237920a3bd2aa13389f12d3474272988ae205f9\windows-amd64

VM Arguments:
jvm_args: --add-opens=java.base/java.util=ALL-UNNAMED --add-opens=java.base/java.lang=ALL-UNNAMED --add-opens=java.base/java.lang.invoke=ALL-UNNAMED --add-opens=java.prefs/java.util.prefs=ALL-UNNAMED --add-exports=jdk.compiler/com.sun.tools.javac.api=ALL-UNNAMED --add-exports=jdk.compiler/com.sun.tools.javac.util=ALL-UNNAMED --add-opens=java.base/java.nio.charset=ALL-UNNAMED --add-opens=java.base/java.net=ALL-UNNAMED --add-opens=java.base/java.util.concurrent.atomic=ALL-UNNAMED -XX:MaxMetaspaceSize=384m -XX:+HeapDumpOnOutOfMemoryError -Xms256m -Xmx512m -Dfile.encoding=UTF-8 -Duser.country=KR -Duser.language=ko -Duser.variant -javaagent:C:\Users\ICT01-21\.gradle\wrapper\dists\gradle-8.10.1-bin\e90i968nv55tch01zkse4avv3\gradle-8.10.1\lib\agents\gradle-instrumentation-agent-8.10.1.jar 
java_command: org.gradle.launcher.daemon.bootstrap.GradleDaemon 8.10.1
java_class_path (initial): C:\Users\ICT01-21\.gradle\wrapper\dists\gradle-8.10.1-bin\e90i968nv55tch01zkse4avv3\gradle-8.10.1\lib\gradle-daemon-main-8.10.1.jar
Launcher Type: SUN_STANDARD

[Global flags]
     intx CICompilerCount                          = 12                                        {product} {ergonomic}
   size_t CompressedClassSpaceSize                 = 335544320                                 {product} {ergonomic}
     uint ConcGCThreads                            = 5                                         {product} {ergonomic}
     uint G1ConcRefinementThreads                  = 18                                        {product} {ergonomic}
   size_t G1HeapRegionSize                         = 1048576                                   {product} {ergonomic}
    uintx GCDrainStackTargetSize                   = 64                                        {product} {ergonomic}
     bool HeapDumpOnOutOfMemoryError               = true                                   {manageable} {command line}
   size_t InitialHeapSize                          = 268435456                                 {product} {command line}
   size_t MarkStackSize                            = 4194304                                   {product} {ergonomic}
   size_t MaxHeapSize                              = 536870912                                 {product} {command line}
   size_t MaxMetaspaceSize                         = 402653184                                 {product} {command line}
   size_t MaxNewSize                               = 321912832                                 {product} {ergonomic}
   size_t MinHeapDeltaBytes                        = 1048576                                   {product} {ergonomic}
   size_t MinHeapSize                              = 268435456                                 {product} {command line}
    uintx NonNMethodCodeHeapSize                   = 7602480                                {pd product} {ergonomic}
    uintx NonProfiledCodeHeapSize                  = 122027880                              {pd product} {ergonomic}
    uintx ProfiledCodeHeapSize                     = 122027880                              {pd product} {ergonomic}
    uintx ReservedCodeCacheSize                    = 251658240                              {pd product} {ergonomic}
     bool SegmentedCodeCache                       = true                                      {product} {ergonomic}
   size_t SoftMaxHeapSize                          = 536870912                              {manageable} {ergonomic}
     bool UseCompressedClassPointers               = true                           {product lp64_product} {ergonomic}
     bool UseCompressedOops                        = true                           {product lp64_product} {ergonomic}
     bool UseG1GC                                  = true                                      {product} {ergonomic}
     bool UseLargePagesIndividualAllocation        = false                                  {pd product} {ergonomic}

Logging:
Log output configuration:
 #0: stdout all=warning uptime,level,tags
 #1: stderr all=off uptime,level,tags

Environment Variables:
JAVA_HOME=C:\Program Files\Java\jdk-17
PATH=C:\WINDOWS\system32;C:\WINDOWS;C:\WINDOWS\System32\Wbem;C:\WINDOWS\System32\WindowsPowerShell\v1.0\;C:\WINDOWS\System32\OpenSSH\;C:\Program Files\MySQL\MySQL Server 8.0\bin;C:\Program Files\Bandizip\;C:\Program Files\nodejs\;C:\Program Files\Apache Software Foundation\Tomcat 9.0\bin;C:\Program Files\Java\jdk-17\bin;C:\Program Files\Docker\Docker\resources\bin;C:\Program Files\Git\cmd;C:\Users\ICT01-21\AppData\Local\Microsoft\WindowsApps;C:\Program Files\JetBrains\IntelliJ IDEA Community Edition 2024.1.1\bin;;C:\Users\ICT01-21\AppData\Local\Programs\Microsoft VS Code\bin;C:\Users\ICT01-21\AppData\Roaming\npm;C:\Program Files\JetBrains\IntelliJ IDEA 2024.2.1\bin;;C:\Users\ICT01-21\AppData\Local\GitHubDesktop\bin
USERNAME=ICT01-21
OS=Windows_NT
PROCESSOR_IDENTIFIER=Intel64 Family 6 Model 183 Stepping 1, GenuineIntel



---------------  S Y S T E M  ---------------

OS:
 Windows 11 , 64 bit Build 22621 (10.0.22621.3672)
OS uptime: 10 days 8:17 hours
Hyper-V role detected

CPU: total 24 (initial active 24) (12 cores per cpu, 2 threads per core) family 6 model 183 stepping 1 microcode 0x10e, cx8, cmov, fxsr, ht, mmx, 3dnowpref, sse, sse2, sse3, ssse3, sse4.1, sse4.2, popcnt, lzcnt, tsc, tscinvbit, avx, avx2, aes, erms, clmul, bmi1, bmi2, adx, sha, fma, vzeroupper, clflush, clflushopt, clwb, hv

Memory: 4k page, system-wide physical 16060M (3958M free)
TotalPageFile size 44309M (AvailPageFile size 3M)
current process WorkingSet (physical memory assigned to process): 421M, peak: 467M
current process commit charge ("private bytes"): 523M, peak: 576M

vm_info: Java HotSpot(TM) 64-Bit Server VM (17.0.11+7-LTS-207) for windows-amd64 JRE (17.0.11+7-LTS-207), built on Mar 11 2024 19:01:50 by "mach5one" with MS VC++ 17.6 (VS2022)

END.
