#
# There is insufficient memory for the Java Runtime Environment to continue.
# Native memory allocation (malloc) failed to allocate 1601456 bytes for Chunk::new
# Possible reasons:
#   The system is out of physical RAM or swap space
#   The process is running with CompressedOops enabled, and the Java Heap may be blocking the growth of the native heap
# Possible solutions:
#   Reduce memory load on the system
#   Increase physical memory or swap space
#   Check if swap backing store is full
#   Decrease Java heap size (-Xmx/-Xms)
#   Decrease number of Java threads
#   Decrease Java thread stack sizes (-Xss)
#   Set larger code cache with -XX:ReservedCodeCacheSize=
#   JVM is running with Unscaled Compressed Oops mode in which the Java heap is
#     placed in the first 4GB address space. The Java Heap base address is the
#     maximum limit for the native heap growth. Please use -XX:HeapBaseMinAddress
#     to set the Java Heap base and to place the Java Heap above 4GB virtual address.
# This output file may be truncated or incomplete.
#
#  Out of Memory Error (arena.cpp:189), pid=2784, tid=8388
#
# JRE version: Java(TM) SE Runtime Environment (17.0.11+7) (build 17.0.11+7-LTS-207)
# Java VM: Java HotSpot(TM) 64-Bit Server VM (17.0.11+7-LTS-207, mixed mode, sharing, tiered, compressed oops, compressed class ptrs, g1 gc, windows-amd64)
# No core dump will be written. Minidumps are not enabled by default on client versions of Windows
#

---------------  S U M M A R Y ------------

Command Line: --add-opens=java.base/java.util=ALL-UNNAMED --add-opens=java.base/java.lang=ALL-UNNAMED --add-opens=java.base/java.lang.invoke=ALL-UNNAMED --add-opens=java.prefs/java.util.prefs=ALL-UNNAMED --add-exports=jdk.compiler/com.sun.tools.javac.api=ALL-UNNAMED --add-exports=jdk.compiler/com.sun.tools.javac.util=ALL-UNNAMED --add-opens=java.base/java.nio.charset=ALL-UNNAMED --add-opens=java.base/java.net=ALL-UNNAMED --add-opens=java.base/java.util.concurrent.atomic=ALL-UNNAMED -XX:MaxMetaspaceSize=384m -XX:+HeapDumpOnOutOfMemoryError -Xms256m -Xmx512m -Dfile.encoding=UTF-8 -Duser.country=KR -Duser.language=ko -Duser.variant -javaagent:C:\Users\ICT01-21\.gradle\wrapper\dists\gradle-8.10.1-bin\e90i968nv55tch01zkse4avv3\gradle-8.10.1\lib\agents\gradle-instrumentation-agent-8.10.1.jar org.gradle.launcher.daemon.bootstrap.GradleDaemon 8.10.1

Host: 13th Gen Intel(R) Core(TM) i7-13700, 24 cores, 15G,  Windows 11 , 64 bit Build 22621 (10.0.22621.3672)
Time: Mon Sep 30 17:00:34 2024  Windows 11 , 64 bit Build 22621 (10.0.22621.3672) elapsed time: 28666.582727 seconds (0d 7h 57m 46s)

---------------  T H R E A D  ---------------

Current thread (0x000001d4794e78f0):  JavaThread "C2 CompilerThread1" daemon [_thread_in_native, id=8388, stack(0x0000001108300000,0x0000001108400000)]


Current CompileTask:
C2:28666582 30256   !   4       java.io.ObjectOutputStream::writeObject0 (620 bytes)

Stack: [0x0000001108300000,0x0000001108400000]
Native frames: (J=compiled Java code, j=interpreted, Vv=VM code, C=native code)
V  [jvm.dll+0x679cca]
V  [jvm.dll+0x7da13d]
V  [jvm.dll+0x7dba83]
V  [jvm.dll+0x7dc0f3]
V  [jvm.dll+0x2449af]
V  [jvm.dll+0xab83b]
V  [jvm.dll+0xabe1c]
V  [jvm.dll+0x36155f]
V  [jvm.dll+0x32bd61]
V  [jvm.dll+0x32b1fa]
V  [jvm.dll+0x2161df]
V  [jvm.dll+0x21560f]
V  [jvm.dll+0x1a2040]
V  [jvm.dll+0x225a2b]
V  [jvm.dll+0x223bcb]
V  [jvm.dll+0x7903ec]
V  [jvm.dll+0x78a85a]
V  [jvm.dll+0x678bb5]
C  [ucrtbase.dll+0x29333]
C  [KERNEL32.DLL+0x1257d]
C  [ntdll.dll+0x5af28]


---------------  P R O C E S S  ---------------

Threads class SMR info:
_java_thread_list=0x000001d47b1f1720, length=70, elements={
0x000001d457a52e10, 0x000001d473904170, 0x000001d473904ff0, 0x000001d4739c51d0,
0x000001d4739c5d90, 0x000001d4739c6950, 0x000001d4739c9320, 0x000001d4739ca830,
0x000001d4739d4c70, 0x000001d4739f7690, 0x000001d4738f15a0, 0x000001d473bff580,
0x000001d47a4eb450, 0x000001d479faa180, 0x000001d479965050, 0x000001d47a641b10,
0x000001d47a642f50, 0x000001d47a6410f0, 0x000001d47b66d440, 0x000001d47b66f2a0,
0x000001d47b66cf30, 0x000001d47b66ca20, 0x000001d47b66f7b0, 0x000001d47b670bf0,
0x000001d47b673470, 0x000001d47b671610, 0x000001d47b66de60, 0x000001d47b66e370,
0x000001d47b66e880, 0x000001d47b671b20, 0x000001d47f514fa0, 0x000001d47f516e00,
0x000001d47b6706e0, 0x000001d47f51c040, 0x000001d47f51e8c0, 0x000001d47f51ac00,
0x000001d47f51edd0, 0x000001d47f51ca60, 0x000001d47f51d990, 0x000001d47c57ddf0,
0x000001d479b60a90, 0x000001d479b614b0, 0x000001d47a643e80, 0x000001d47a6406d0,
0x000001d47a641600, 0x000001d47a642020, 0x000001d47a642530, 0x000001d47e62f0e0,
0x000001d47e62c350, 0x000001d47e62f5f0, 0x000001d47e62fb00, 0x000001d47e630010,
0x000001d47e628ba0, 0x000001d47e630520, 0x000001d47e62cd70, 0x000001d47e62b930,
0x000001d47e62c860, 0x000001d47e62d280, 0x000001d47e62d790, 0x000001d47e6290b0,
0x000001d47e630a30, 0x000001d47e6295c0, 0x000001d47e630f40, 0x000001d47e629ad0,
0x000001d47e631450, 0x000001d47e62b420, 0x000001d47e629fe0, 0x000001d4794e78f0,
0x000001d4794e73a0, 0x000001d4794e6e50
}

Java Threads: ( => current thread )
  0x000001d457a52e10 JavaThread "main" [_thread_blocked, id=1376, stack(0x0000001106b00000,0x0000001106c00000)]
  0x000001d473904170 JavaThread "Reference Handler" daemon [_thread_blocked, id=25796, stack(0x0000001107200000,0x0000001107300000)]
  0x000001d473904ff0 JavaThread "Finalizer" daemon [_thread_blocked, id=19588, stack(0x0000001107300000,0x0000001107400000)]
  0x000001d4739c51d0 JavaThread "Signal Dispatcher" daemon [_thread_blocked, id=26248, stack(0x0000001107400000,0x0000001107500000)]
  0x000001d4739c5d90 JavaThread "Attach Listener" daemon [_thread_blocked, id=9520, stack(0x0000001107500000,0x0000001107600000)]
  0x000001d4739c6950 JavaThread "Service Thread" daemon [_thread_blocked, id=22512, stack(0x0000001107600000,0x0000001107700000)]
  0x000001d4739c9320 JavaThread "Monitor Deflation Thread" daemon [_thread_blocked, id=5984, stack(0x0000001107700000,0x0000001107800000)]
  0x000001d4739ca830 JavaThread "C2 CompilerThread0" daemon [_thread_blocked, id=19072, stack(0x0000001107800000,0x0000001107900000)]
  0x000001d4739d4c70 JavaThread "C1 CompilerThread0" daemon [_thread_blocked, id=2812, stack(0x0000001107900000,0x0000001107a00000)]
  0x000001d4739f7690 JavaThread "Sweeper thread" daemon [_thread_blocked, id=10428, stack(0x0000001107a00000,0x0000001107b00000)]
  0x000001d4738f15a0 JavaThread "Common-Cleaner" daemon [_thread_blocked, id=13580, stack(0x0000001107b00000,0x0000001107c00000)]
  0x000001d473bff580 JavaThread "Notification Thread" daemon [_thread_blocked, id=25324, stack(0x0000001108000000,0x0000001108100000)]
  0x000001d47a4eb450 JavaThread "Daemon health stats" [_thread_blocked, id=5660, stack(0x0000001108600000,0x0000001108700000)]
  0x000001d479faa180 JavaThread "Incoming local TCP Connector on port 57914" [_thread_in_native, id=19168, stack(0x0000001108e00000,0x0000001108f00000)]
  0x000001d479965050 JavaThread "Daemon periodic checks" [_thread_blocked, id=22260, stack(0x0000001108f00000,0x0000001109000000)]
  0x000001d47a641b10 JavaThread "Cache worker for journal cache (C:\Users\ICT01-21\.gradle\caches\journal-1)" [_thread_blocked, id=6636, stack(0x0000001109700000,0x0000001109800000)]
  0x000001d47a642f50 JavaThread "File lock request listener" [_thread_in_native, id=25680, stack(0x0000001108500000,0x0000001108600000)]
  0x000001d47a6410f0 JavaThread "Cache worker for file hash cache (C:\Users\ICT01-21\.gradle\caches\8.10.1\fileHashes)" [_thread_blocked, id=14048, stack(0x0000001109800000,0x0000001109900000)]
  0x000001d47b66d440 JavaThread "File watcher server" daemon [_thread_in_native, id=22780, stack(0x000000110a900000,0x000000110aa00000)]
  0x000001d47b66f2a0 JavaThread "File watcher consumer" daemon [_thread_blocked, id=19676, stack(0x000000110aa00000,0x000000110ab00000)]
  0x000001d47b66cf30 JavaThread "Cache worker for file content cache (C:\Users\ICT01-21\.gradle\caches\8.10.1\fileContent)" [_thread_blocked, id=4728, stack(0x000000110ac00000,0x000000110ad00000)]
  0x000001d47b66ca20 JavaThread "jar transforms" [_thread_blocked, id=20692, stack(0x000000110ae00000,0x000000110af00000)]
  0x000001d47b66f7b0 JavaThread "jar transforms Thread 2" [_thread_blocked, id=10496, stack(0x000000110af00000,0x000000110b000000)]
  0x000001d47b670bf0 JavaThread "jar transforms Thread 3" [_thread_blocked, id=6140, stack(0x000000110b400000,0x000000110b500000)]
  0x000001d47b673470 JavaThread "jar transforms Thread 4" [_thread_blocked, id=16640, stack(0x000000110b500000,0x000000110b600000)]
  0x000001d47b671610 JavaThread "jar transforms Thread 5" [_thread_blocked, id=23188, stack(0x000000110b600000,0x000000110b700000)]
  0x000001d47b66de60 JavaThread "jar transforms Thread 6" [_thread_blocked, id=12540, stack(0x000000110b700000,0x000000110b800000)]
  0x000001d47b66e370 JavaThread "jar transforms Thread 7" [_thread_blocked, id=6152, stack(0x000000110b800000,0x000000110b900000)]
  0x000001d47b66e880 JavaThread "jar transforms Thread 8" [_thread_blocked, id=13512, stack(0x000000110b900000,0x000000110ba00000)]
  0x000001d47b671b20 JavaThread "jar transforms Thread 9" [_thread_blocked, id=17028, stack(0x000000110ba00000,0x000000110bb00000)]
  0x000001d47f514fa0 JavaThread "Memory manager" [_thread_blocked, id=7984, stack(0x000000110f700000,0x000000110f800000)]
  0x000001d47f516e00 JavaThread "jar transforms Thread 10" [_thread_blocked, id=18780, stack(0x000000110b300000,0x000000110b400000)]
  0x000001d47b6706e0 JavaThread "Cache worker for Java compile cache (C:\Users\ICT01-21\.gradle\caches\8.10.1\javaCompile)" [_thread_blocked, id=13020, stack(0x0000001119400000,0x0000001119500000)]
  0x000001d47f51c040 JavaThread "ForkJoinPool.commonPool-worker-206" daemon [_thread_blocked, id=14284, stack(0x000000110d600000,0x000000110d700000)]
  0x000001d47f51e8c0 JavaThread "ForkJoinPool.commonPool-worker-208" daemon [_thread_blocked, id=21208, stack(0x000000110d800000,0x000000110d900000)]
  0x000001d47f51ac00 JavaThread "ForkJoinPool.commonPool-worker-209" daemon [_thread_blocked, id=6456, stack(0x000000110d900000,0x000000110da00000)]
  0x000001d47f51edd0 JavaThread "ForkJoinPool.commonPool-worker-211" daemon [_thread_blocked, id=248, stack(0x000000110db00000,0x000000110dc00000)]
  0x000001d47f51ca60 JavaThread "ForkJoinPool.commonPool-worker-212" daemon [_thread_blocked, id=19024, stack(0x000000110dc00000,0x000000110dd00000)]
  0x000001d47f51d990 JavaThread "ForkJoinPool.commonPool-worker-213" daemon [_thread_blocked, id=10656, stack(0x000000110dd00000,0x000000110de00000)]
  0x000001d47c57ddf0 JavaThread "ForkJoinPool.commonPool-worker-216" daemon [_thread_blocked, id=20360, stack(0x000000110df00000,0x000000110e000000)]
  0x000001d479b60a90 JavaThread "ForkJoinPool.commonPool-worker-218" daemon [_thread_blocked, id=8256, stack(0x000000110e100000,0x000000110e200000)]
  0x000001d479b614b0 JavaThread "ForkJoinPool.commonPool-worker-219" daemon [_thread_blocked, id=3668, stack(0x000000110da00000,0x000000110db00000)]
  0x000001d47a643e80 JavaThread "Daemon Thread 102" [_thread_blocked, id=21432, stack(0x0000001106800000,0x0000001106900000)]
  0x000001d47a6406d0 JavaThread "Handler for socket connection from /127.0.0.1:57914 to /127.0.0.1:60129" [_thread_in_native, id=20224, stack(0x0000001106900000,0x0000001106a00000)]
  0x000001d47a641600 JavaThread "Cancel handler" [_thread_blocked, id=19636, stack(0x0000001106a00000,0x0000001106b00000)]
  0x000001d47a642020 JavaThread "Daemon worker Thread 100" [_thread_blocked, id=1432, stack(0x0000001107c00000,0x0000001107d00000)]
  0x000001d47a642530 JavaThread "Asynchronous log dispatcher for DefaultDaemonConnection: socket connection from /127.0.0.1:57914 to /127.0.0.1:60129" [_thread_blocked, id=15440, stack(0x0000001107d00000,0x0000001107e00000)]
  0x000001d47e62f0e0 JavaThread "Stdin handler" [_thread_blocked, id=16320, stack(0x0000001107e00000,0x0000001107f00000)]
  0x000001d47e62c350 JavaThread "Daemon client event forwarder" [_thread_blocked, id=13364, stack(0x0000001107f00000,0x0000001108000000)]
  0x000001d47e62f5f0 JavaThread "Unconstrained build operations" [_thread_blocked, id=18532, stack(0x0000001109200000,0x0000001109300000)]
  0x000001d47e62fb00 JavaThread "Unconstrained build operations Thread 2" [_thread_blocked, id=25528, stack(0x0000001109300000,0x0000001109400000)]
  0x000001d47e630010 JavaThread "Unconstrained build operations Thread 3" [_thread_blocked, id=14708, stack(0x0000001109400000,0x0000001109500000)]
  0x000001d47e628ba0 JavaThread "Unconstrained build operations Thread 4" [_thread_blocked, id=17968, stack(0x0000001109500000,0x0000001109600000)]
  0x000001d47e630520 JavaThread "Unconstrained build operations Thread 5" [_thread_blocked, id=21668, stack(0x0000001109600000,0x0000001109700000)]
  0x000001d47e62cd70 JavaThread "Unconstrained build operations Thread 6" [_thread_blocked, id=21160, stack(0x0000001109900000,0x0000001109a00000)]
  0x000001d47e62b930 JavaThread "Unconstrained build operations Thread 7" [_thread_blocked, id=7472, stack(0x0000001109a00000,0x0000001109b00000)]
  0x000001d47e62c860 JavaThread "Unconstrained build operations Thread 8" [_thread_blocked, id=19788, stack(0x000000110ab00000,0x000000110ac00000)]
  0x000001d47e62d280 JavaThread "Unconstrained build operations Thread 9" [_thread_blocked, id=20852, stack(0x000000110ad00000,0x000000110ae00000)]
  0x000001d47e62d790 JavaThread "Unconstrained build operations Thread 10" [_thread_blocked, id=5576, stack(0x000000110b000000,0x000000110b100000)]
  0x000001d47e6290b0 JavaThread "Unconstrained build operations Thread 11" [_thread_blocked, id=1360, stack(0x000000110b100000,0x000000110b200000)]
  0x000001d47e630a30 JavaThread "Unconstrained build operations Thread 12" [_thread_blocked, id=21220, stack(0x000000110b200000,0x000000110b300000)]
  0x000001d47e6295c0 JavaThread "Unconstrained build operations Thread 13" [_thread_blocked, id=14116, stack(0x000000110bb00000,0x000000110bc00000)]
  0x000001d47e630f40 JavaThread "Unconstrained build operations Thread 14" [_thread_blocked, id=16964, stack(0x000000110bc00000,0x000000110bd00000)]
  0x000001d47e629ad0 JavaThread "Unconstrained build operations Thread 15" [_thread_blocked, id=8048, stack(0x000000110bd00000,0x000000110be00000)]
  0x000001d47e631450 JavaThread "Unconstrained build operations Thread 16" [_thread_blocked, id=8348, stack(0x000000110be00000,0x000000110bf00000)]
  0x000001d47e62b420 JavaThread "Unconstrained build operations Thread 17" [_thread_blocked, id=11164, stack(0x000000110bf00000,0x000000110c000000)]
  0x000001d47e629fe0 JavaThread "Unconstrained build operations Thread 18" [_thread_blocked, id=13196, stack(0x000000110c000000,0x000000110c100000)]
=>0x000001d4794e78f0 JavaThread "C2 CompilerThread1" daemon [_thread_in_native, id=8388, stack(0x0000001108300000,0x0000001108400000)]
  0x000001d4794e73a0 JavaThread "C1 CompilerThread1" daemon [_thread_blocked, id=18168, stack(0x0000001109000000,0x0000001109100000)]
  0x000001d4794e6e50 JavaThread "C1 CompilerThread2" daemon [_thread_blocked, id=22520, stack(0x0000001109100000,0x0000001109200000)]

Other Threads:
  0x000001d4738ff560 VMThread "VM Thread" [stack: 0x0000001107100000,0x0000001107200000] [id=10860]
  0x000001d457ad5f60 WatcherThread [stack: 0x0000001108100000,0x0000001108200000] [id=22004]
  0x000001d457a867d0 GCTaskThread "GC Thread#0" [stack: 0x0000001106c00000,0x0000001106d00000] [id=13612]
  0x000001d478defce0 GCTaskThread "GC Thread#1" [stack: 0x0000001108700000,0x0000001108800000] [id=14232]
  0x000001d478b1b920 GCTaskThread "GC Thread#2" [stack: 0x0000001108800000,0x0000001108900000] [id=10076]
  0x000001d478b92920 GCTaskThread "GC Thread#3" [stack: 0x0000001108900000,0x0000001108a00000] [id=23204]
  0x000001d478b7e9e0 GCTaskThread "GC Thread#4" [stack: 0x0000001108a00000,0x0000001108b00000] [id=15704]
  0x000001d478b7eca0 GCTaskThread "GC Thread#5" [stack: 0x0000001108b00000,0x0000001108c00000] [id=14500]
  0x000001d478b7f4e0 GCTaskThread "GC Thread#6" [stack: 0x0000001108c00000,0x0000001108d00000] [id=14472]
  0x000001d478b7f7a0 GCTaskThread "GC Thread#7" [stack: 0x0000001108d00000,0x0000001108e00000] [id=14476]
  0x000001d478b7dee0 GCTaskThread "GC Thread#8" [stack: 0x0000001109b00000,0x0000001109c00000] [id=23052]
  0x000001d47aedcfc0 GCTaskThread "GC Thread#9" [stack: 0x0000001109c00000,0x0000001109d00000] [id=13748]
  0x000001d47aede5c0 GCTaskThread "GC Thread#10" [stack: 0x0000001109d00000,0x0000001109e00000] [id=20984]
  0x000001d47aedc780 GCTaskThread "GC Thread#11" [stack: 0x0000001109e00000,0x0000001109f00000] [id=8652]
  0x000001d47aedc200 GCTaskThread "GC Thread#12" [stack: 0x0000001109f00000,0x000000110a000000] [id=25144]
  0x000001d47aedcd00 GCTaskThread "GC Thread#13" [stack: 0x000000110a000000,0x000000110a100000] [id=22480]
  0x000001d47aede300 GCTaskThread "GC Thread#14" [stack: 0x000000110a100000,0x000000110a200000] [id=16564]
  0x000001d47aedf380 GCTaskThread "GC Thread#15" [stack: 0x000000110a200000,0x000000110a300000] [id=10132]
  0x000001d47aedca40 GCTaskThread "GC Thread#16" [stack: 0x000000110a300000,0x000000110a400000] [id=23252]
  0x000001d47aedd540 GCTaskThread "GC Thread#17" [stack: 0x000000110a400000,0x000000110a500000] [id=12400]
  0x000001d457a70a20 ConcurrentGCThread "G1 Main Marker" [stack: 0x0000001106d00000,0x0000001106e00000] [id=9288]
  0x000001d457a8cf10 ConcurrentGCThread "G1 Conc#0" [stack: 0x0000001106e00000,0x0000001106f00000] [id=9996]
  0x000001d47aedd280 ConcurrentGCThread "G1 Conc#1" [stack: 0x000000110a500000,0x000000110a600000] [id=21240]
  0x000001d47aedd800 ConcurrentGCThread "G1 Conc#2" [stack: 0x000000110a600000,0x000000110a700000] [id=20172]
  0x000001d47aedf900 ConcurrentGCThread "G1 Conc#3" [stack: 0x000000110a700000,0x000000110a800000] [id=23424]
  0x000001d47aedf640 ConcurrentGCThread "G1 Conc#4" [stack: 0x000000110a800000,0x000000110a900000] [id=25404]
  0x000001d4737c5b90 ConcurrentGCThread "G1 Refine#0" [stack: 0x0000001106f00000,0x0000001107000000] [id=9372]
  0x000001d4737c65c0 ConcurrentGCThread "G1 Service" [stack: 0x0000001107000000,0x0000001107100000] [id=864]

Threads with active compile tasks:
C2 CompilerThread1  28666600 30256   !   4       java.io.ObjectOutputStream::writeObject0 (620 bytes)

VM state: not at safepoint (normal execution)

VM Mutex/Monitor currently owned by a thread: None

OutOfMemory and StackOverflow Exception counts:
OutOfMemoryError java_heap_errors=1
LinkageErrors=1286

Heap address: 0x00000000e0000000, size: 512 MB, Compressed Oops mode: 32-bit

CDS archive(s) mapped at: [0x000001d400000000-0x000001d400bd0000-0x000001d400bd0000), size 12386304, SharedBaseAddress: 0x000001d400000000, ArchiveRelocationMode: 1.
Compressed class space mapped at: 0x000001d401000000-0x000001d415000000, reserved size: 335544320
Narrow klass base: 0x000001d400000000, Narrow klass shift: 0, Narrow klass range: 0x100000000

GC Precious Log:
 CPUs: 24 total, 24 available
 Memory: 16060M
 Large Page Support: Disabled
 NUMA Support: Disabled
 Compressed Oops: Enabled (32-bit)
 Heap Region Size: 1M
 Heap Min Capacity: 256M
 Heap Initial Capacity: 256M
 Heap Max Capacity: 512M
 Pre-touch: Disabled
 Parallel Workers: 18
 Concurrent Workers: 5
 Concurrent Refinement Workers: 18
 Periodic GC: Disabled

Heap:
 garbage-first heap   total 343040K, used 142571K [0x00000000e0000000, 0x0000000100000000)
  region size 1024K, 58 young (59392K), 9 survivors (9216K)
 Metaspace       used 90927K, committed 92288K, reserved 458752K
  class space    used 11491K, committed 12160K, reserved 327680K

Heap Regions: E=young(eden), S=young(survivor), O=old, HS=humongous(starts), HC=humongous(continues), CS=collection set, F=free, OA=open archive, CA=closed archive, TAMS=top-at-mark-start (previous, next)
|   0|0x00000000e0000000, 0x00000000e0100000, 0x00000000e0100000|100%| O|  |TAMS 0x00000000e0100000, 0x00000000e0000000| Untracked 
|   1|0x00000000e0100000, 0x00000000e0200000, 0x00000000e0200000|100%| O|  |TAMS 0x00000000e0200000, 0x00000000e0100000| Untracked 
|   2|0x00000000e0200000, 0x00000000e0300000, 0x00000000e0300000|100%|HS|  |TAMS 0x00000000e0300000, 0x00000000e0200000| Complete 
|   3|0x00000000e0300000, 0x00000000e0400000, 0x00000000e0400000|100%|HC|  |TAMS 0x00000000e0400000, 0x00000000e0300000| Complete 
|   4|0x00000000e0400000, 0x00000000e0500000, 0x00000000e0500000|100%|HC|  |TAMS 0x00000000e0500000, 0x00000000e0400000| Complete 
|   5|0x00000000e0500000, 0x00000000e0600000, 0x00000000e0600000|100%|HC|  |TAMS 0x00000000e0600000, 0x00000000e0500000| Complete 
|   6|0x00000000e0600000, 0x00000000e0700000, 0x00000000e0700000|100%| O|  |TAMS 0x00000000e0700000, 0x00000000e0600000| Untracked 
|   7|0x00000000e0700000, 0x00000000e0800000, 0x00000000e0800000|100%| O|  |TAMS 0x00000000e0800000, 0x00000000e0700000| Untracked 
|   8|0x00000000e0800000, 0x00000000e0900000, 0x00000000e0900000|100%| O|  |TAMS 0x00000000e0900000, 0x00000000e0800000| Untracked 
|   9|0x00000000e0900000, 0x00000000e0a00000, 0x00000000e0a00000|100%|HS|  |TAMS 0x00000000e0a00000, 0x00000000e0900000| Complete 
|  10|0x00000000e0a00000, 0x00000000e0b00000, 0x00000000e0b00000|100%| O|  |TAMS 0x00000000e0b00000, 0x00000000e0a00000| Untracked 
|  11|0x00000000e0b00000, 0x00000000e0c00000, 0x00000000e0c00000|100%| O|  |TAMS 0x00000000e0c00000, 0x00000000e0b00000| Untracked 
|  12|0x00000000e0c00000, 0x00000000e0d00000, 0x00000000e0d00000|100%| O|  |TAMS 0x00000000e0d00000, 0x00000000e0c00000| Untracked 
|  13|0x00000000e0d00000, 0x00000000e0e00000, 0x00000000e0e00000|100%| O|  |TAMS 0x00000000e0e00000, 0x00000000e0d00000| Untracked 
|  14|0x00000000e0e00000, 0x00000000e0f00000, 0x00000000e0f00000|100%| O|  |TAMS 0x00000000e0f00000, 0x00000000e0e00000| Untracked 
|  15|0x00000000e0f00000, 0x00000000e1000000, 0x00000000e1000000|100%| O|  |TAMS 0x00000000e1000000, 0x00000000e0f00000| Untracked 
|  16|0x00000000e1000000, 0x00000000e1100000, 0x00000000e1100000|100%| O|  |TAMS 0x00000000e1100000, 0x00000000e1000000| Untracked 
|  17|0x00000000e1100000, 0x00000000e1200000, 0x00000000e1200000|100%| O|  |TAMS 0x00000000e1200000, 0x00000000e1100000| Untracked 
|  18|0x00000000e1200000, 0x00000000e1300000, 0x00000000e1300000|100%| O|  |TAMS 0x00000000e1200000, 0x00000000e1200000| Untracked 
|  19|0x00000000e1300000, 0x00000000e1400000, 0x00000000e1400000|100%| O|  |TAMS 0x00000000e1400000, 0x00000000e1300000| Untracked 
|  20|0x00000000e1400000, 0x00000000e1500000, 0x00000000e1500000|100%| O|  |TAMS 0x00000000e1500000, 0x00000000e1400000| Untracked 
|  21|0x00000000e1500000, 0x00000000e1600000, 0x00000000e1600000|100%| O|  |TAMS 0x00000000e1600000, 0x00000000e1500000| Untracked 
|  22|0x00000000e1600000, 0x00000000e1700000, 0x00000000e1700000|100%| O|  |TAMS 0x00000000e1700000, 0x00000000e1600000| Untracked 
|  23|0x00000000e1700000, 0x00000000e1800000, 0x00000000e1800000|100%| O|  |TAMS 0x00000000e1800000, 0x00000000e1700000| Untracked 
|  24|0x00000000e1800000, 0x00000000e1900000, 0x00000000e1900000|100%| O|  |TAMS 0x00000000e1900000, 0x00000000e1800000| Untracked 
|  25|0x00000000e1900000, 0x00000000e1a00000, 0x00000000e1a00000|100%| O|  |TAMS 0x00000000e1a00000, 0x00000000e1900000| Untracked 
|  26|0x00000000e1a00000, 0x00000000e1b00000, 0x00000000e1b00000|100%| O|  |TAMS 0x00000000e1b00000, 0x00000000e1a00000| Untracked 
|  27|0x00000000e1b00000, 0x00000000e1c00000, 0x00000000e1c00000|100%| O|  |TAMS 0x00000000e1c00000, 0x00000000e1b00000| Untracked 
|  28|0x00000000e1c00000, 0x00000000e1d00000, 0x00000000e1d00000|100%| O|  |TAMS 0x00000000e1d00000, 0x00000000e1c00000| Untracked 
|  29|0x00000000e1d00000, 0x00000000e1e00000, 0x00000000e1e00000|100%| O|  |TAMS 0x00000000e1e00000, 0x00000000e1d00000| Untracked 
|  30|0x00000000e1e00000, 0x00000000e1f00000, 0x00000000e1f00000|100%| O|  |TAMS 0x00000000e1f00000, 0x00000000e1e00000| Untracked 
|  31|0x00000000e1f00000, 0x00000000e2000000, 0x00000000e2000000|100%| O|  |TAMS 0x00000000e2000000, 0x00000000e1f00000| Untracked 
|  32|0x00000000e2000000, 0x00000000e2100000, 0x00000000e2100000|100%| O|  |TAMS 0x00000000e2000000, 0x00000000e2000000| Untracked 
|  33|0x00000000e2100000, 0x00000000e2200000, 0x00000000e2200000|100%| O|  |TAMS 0x00000000e2200000, 0x00000000e2100000| Untracked 
|  34|0x00000000e2200000, 0x00000000e2300000, 0x00000000e2300000|100%| O|  |TAMS 0x00000000e2300000, 0x00000000e2200000| Untracked 
|  35|0x00000000e2300000, 0x00000000e2400000, 0x00000000e2400000|100%| O|  |TAMS 0x00000000e2400000, 0x00000000e2300000| Untracked 
|  36|0x00000000e2400000, 0x00000000e2500000, 0x00000000e2500000|100%| O|  |TAMS 0x00000000e2500000, 0x00000000e2400000| Untracked 
|  37|0x00000000e2500000, 0x00000000e2600000, 0x00000000e2600000|100%| O|  |TAMS 0x00000000e2600000, 0x00000000e2500000| Untracked 
|  38|0x00000000e2600000, 0x00000000e2700000, 0x00000000e2700000|100%| O|  |TAMS 0x00000000e2700000, 0x00000000e2600000| Untracked 
|  39|0x00000000e2700000, 0x00000000e2800000, 0x00000000e2800000|100%| O|  |TAMS 0x00000000e2800000, 0x00000000e2700000| Untracked 
|  40|0x00000000e2800000, 0x00000000e2900000, 0x00000000e2900000|100%| O|  |TAMS 0x00000000e2861000, 0x00000000e2800000| Untracked 
|  41|0x00000000e2900000, 0x00000000e2a00000, 0x00000000e2a00000|100%| O|  |TAMS 0x00000000e2900000, 0x00000000e2900000| Untracked 
|  42|0x00000000e2a00000, 0x00000000e2b00000, 0x00000000e2b00000|100%| O|  |TAMS 0x00000000e2a00000, 0x00000000e2a00000| Untracked 
|  43|0x00000000e2b00000, 0x00000000e2c00000, 0x00000000e2c00000|100%| O|  |TAMS 0x00000000e2b00000, 0x00000000e2b00000| Untracked 
|  44|0x00000000e2c00000, 0x00000000e2d00000, 0x00000000e2d00000|100%| O|  |TAMS 0x00000000e2c00000, 0x00000000e2c00000| Untracked 
|  45|0x00000000e2d00000, 0x00000000e2e00000, 0x00000000e2e00000|100%| O|  |TAMS 0x00000000e2d00000, 0x00000000e2d00000| Untracked 
|  46|0x00000000e2e00000, 0x00000000e2f00000, 0x00000000e2f00000|100%| O|  |TAMS 0x00000000e2e00000, 0x00000000e2e00000| Untracked 
|  47|0x00000000e2f00000, 0x00000000e3000000, 0x00000000e3000000|100%| O|  |TAMS 0x00000000e2f00000, 0x00000000e2f00000| Untracked 
|  48|0x00000000e3000000, 0x00000000e3100000, 0x00000000e3100000|100%| O|  |TAMS 0x00000000e3000000, 0x00000000e3000000| Untracked 
|  49|0x00000000e3100000, 0x00000000e3200000, 0x00000000e3200000|100%| O|  |TAMS 0x00000000e3100000, 0x00000000e3100000| Untracked 
|  50|0x00000000e3200000, 0x00000000e3300000, 0x00000000e3300000|100%| O|  |TAMS 0x00000000e3200000, 0x00000000e3200000| Untracked 
|  51|0x00000000e3300000, 0x00000000e3400000, 0x00000000e3400000|100%| O|  |TAMS 0x00000000e3300000, 0x00000000e3300000| Untracked 
|  52|0x00000000e3400000, 0x00000000e3500000, 0x00000000e3500000|100%| O|  |TAMS 0x00000000e3400000, 0x00000000e3400000| Untracked 
|  53|0x00000000e3500000, 0x00000000e3600000, 0x00000000e3600000|100%| O|  |TAMS 0x00000000e3500000, 0x00000000e3500000| Untracked 
|  54|0x00000000e3600000, 0x00000000e3700000, 0x00000000e3700000|100%| O|  |TAMS 0x00000000e3600000, 0x00000000e3600000| Untracked 
|  55|0x00000000e3700000, 0x00000000e3800000, 0x00000000e3800000|100%| O|  |TAMS 0x00000000e3700000, 0x00000000e3700000| Untracked 
|  56|0x00000000e3800000, 0x00000000e3900000, 0x00000000e3900000|100%| O|  |TAMS 0x00000000e3800000, 0x00000000e3800000| Untracked 
|  57|0x00000000e3900000, 0x00000000e3a00000, 0x00000000e3a00000|100%| O|  |TAMS 0x00000000e3900000, 0x00000000e3900000| Untracked 
|  58|0x00000000e3a00000, 0x00000000e3b00000, 0x00000000e3b00000|100%| O|  |TAMS 0x00000000e3a00000, 0x00000000e3a00000| Untracked 
|  59|0x00000000e3b00000, 0x00000000e3c00000, 0x00000000e3c00000|100%| O|  |TAMS 0x00000000e3b00000, 0x00000000e3b00000| Untracked 
|  60|0x00000000e3c00000, 0x00000000e3d00000, 0x00000000e3d00000|100%| O|  |TAMS 0x00000000e3c00000, 0x00000000e3c00000| Untracked 
|  61|0x00000000e3d00000, 0x00000000e3e00000, 0x00000000e3e00000|100%| O|  |TAMS 0x00000000e3d00000, 0x00000000e3d00000| Untracked 
|  62|0x00000000e3e00000, 0x00000000e3f00000, 0x00000000e3f00000|100%| O|  |TAMS 0x00000000e3e00000, 0x00000000e3e00000| Untracked 
|  63|0x00000000e3f00000, 0x00000000e4000000, 0x00000000e4000000|100%| O|  |TAMS 0x00000000e3f00000, 0x00000000e3f00000| Untracked 
|  64|0x00000000e4000000, 0x00000000e4100000, 0x00000000e4100000|100%| O|  |TAMS 0x00000000e4000000, 0x00000000e4000000| Untracked 
|  65|0x00000000e4100000, 0x00000000e4200000, 0x00000000e4200000|100%| O|  |TAMS 0x00000000e4100000, 0x00000000e4100000| Untracked 
|  66|0x00000000e4200000, 0x00000000e4300000, 0x00000000e4300000|100%| O|  |TAMS 0x00000000e4200000, 0x00000000e4200000| Untracked 
|  67|0x00000000e4300000, 0x00000000e4400000, 0x00000000e4400000|100%| O|  |TAMS 0x00000000e4300000, 0x00000000e4300000| Untracked 
|  68|0x00000000e4400000, 0x00000000e4500000, 0x00000000e4500000|100%| O|  |TAMS 0x00000000e4400000, 0x00000000e4400000| Untracked 
|  69|0x00000000e4500000, 0x00000000e4600000, 0x00000000e4600000|100%| O|  |TAMS 0x00000000e4500000, 0x00000000e4500000| Untracked 
|  70|0x00000000e4600000, 0x00000000e4700000, 0x00000000e4700000|100%| O|  |TAMS 0x00000000e4600000, 0x00000000e4600000| Untracked 
|  71|0x00000000e4700000, 0x00000000e4800000, 0x00000000e4800000|100%| O|  |TAMS 0x00000000e4700000, 0x00000000e4700000| Untracked 
|  72|0x00000000e4800000, 0x00000000e4900000, 0x00000000e4900000|100%| O|  |TAMS 0x00000000e4800000, 0x00000000e4800000| Untracked 
|  73|0x00000000e4900000, 0x00000000e4a00000, 0x00000000e4a00000|100%| O|  |TAMS 0x00000000e4900000, 0x00000000e4900000| Untracked 
|  74|0x00000000e4a00000, 0x00000000e4b00000, 0x00000000e4b00000|100%| O|  |TAMS 0x00000000e4a00000, 0x00000000e4a00000| Untracked 
|  75|0x00000000e4b00000, 0x00000000e4c00000, 0x00000000e4c00000|100%| O|  |TAMS 0x00000000e4b00000, 0x00000000e4b00000| Untracked 
|  76|0x00000000e4c00000, 0x00000000e4d00000, 0x00000000e4d00000|100%| O|  |TAMS 0x00000000e4c00000, 0x00000000e4c00000| Untracked 
|  77|0x00000000e4d00000, 0x00000000e4e00000, 0x00000000e4e00000|100%| O|  |TAMS 0x00000000e4d00000, 0x00000000e4d00000| Untracked 
|  78|0x00000000e4e00000, 0x00000000e4f00000, 0x00000000e4f00000|100%| O|  |TAMS 0x00000000e4e00000, 0x00000000e4e00000| Untracked 
|  79|0x00000000e4f00000, 0x00000000e5000000, 0x00000000e5000000|100%| O|  |TAMS 0x00000000e4f00000, 0x00000000e4f00000| Untracked 
|  80|0x00000000e5000000, 0x00000000e5100000, 0x00000000e5100000|100%| O|  |TAMS 0x00000000e5000000, 0x00000000e5000000| Untracked 
|  81|0x00000000e5100000, 0x00000000e5200000, 0x00000000e5200000|100%| O|  |TAMS 0x00000000e5100000, 0x00000000e5100000| Untracked 
|  82|0x00000000e5200000, 0x00000000e5300000, 0x00000000e5300000|100%| O|  |TAMS 0x00000000e5200000, 0x00000000e5200000| Untracked 
|  83|0x00000000e5300000, 0x00000000e53bf000, 0x00000000e5400000| 74%| O|  |TAMS 0x00000000e5300000, 0x00000000e5300000| Untracked 
|  84|0x00000000e5400000, 0x00000000e5400000, 0x00000000e5500000|  0%| F|  |TAMS 0x00000000e5400000, 0x00000000e5400000| Untracked 
|  85|0x00000000e5500000, 0x00000000e5500000, 0x00000000e5600000|  0%| F|  |TAMS 0x00000000e5500000, 0x00000000e5500000| Untracked 
|  86|0x00000000e5600000, 0x00000000e5600000, 0x00000000e5700000|  0%| F|  |TAMS 0x00000000e5600000, 0x00000000e5600000| Untracked 
|  87|0x00000000e5700000, 0x00000000e5700000, 0x00000000e5800000|  0%| F|  |TAMS 0x00000000e5700000, 0x00000000e5700000| Untracked 
|  88|0x00000000e5800000, 0x00000000e5800000, 0x00000000e5900000|  0%| F|  |TAMS 0x00000000e5800000, 0x00000000e5800000| Untracked 
|  89|0x00000000e5900000, 0x00000000e5900000, 0x00000000e5a00000|  0%| F|  |TAMS 0x00000000e5900000, 0x00000000e5900000| Untracked 
|  90|0x00000000e5a00000, 0x00000000e5a00000, 0x00000000e5b00000|  0%| F|  |TAMS 0x00000000e5a00000, 0x00000000e5a00000| Untracked 
|  91|0x00000000e5b00000, 0x00000000e5b00000, 0x00000000e5c00000|  0%| F|  |TAMS 0x00000000e5b00000, 0x00000000e5b00000| Untracked 
|  92|0x00000000e5c00000, 0x00000000e5c00000, 0x00000000e5d00000|  0%| F|  |TAMS 0x00000000e5c00000, 0x00000000e5c00000| Untracked 
|  93|0x00000000e5d00000, 0x00000000e5d00000, 0x00000000e5e00000|  0%| F|  |TAMS 0x00000000e5d00000, 0x00000000e5d00000| Untracked 
|  94|0x00000000e5e00000, 0x00000000e5e00000, 0x00000000e5f00000|  0%| F|  |TAMS 0x00000000e5e00000, 0x00000000e5e00000| Untracked 
|  95|0x00000000e5f00000, 0x00000000e5f00000, 0x00000000e6000000|  0%| F|  |TAMS 0x00000000e5f00000, 0x00000000e5f00000| Untracked 
|  96|0x00000000e6000000, 0x00000000e6000000, 0x00000000e6100000|  0%| F|  |TAMS 0x00000000e6000000, 0x00000000e6000000| Untracked 
|  97|0x00000000e6100000, 0x00000000e6100000, 0x00000000e6200000|  0%| F|  |TAMS 0x00000000e6100000, 0x00000000e6100000| Untracked 
|  98|0x00000000e6200000, 0x00000000e6200000, 0x00000000e6300000|  0%| F|  |TAMS 0x00000000e6200000, 0x00000000e6200000| Untracked 
|  99|0x00000000e6300000, 0x00000000e6300000, 0x00000000e6400000|  0%| F|  |TAMS 0x00000000e6300000, 0x00000000e6300000| Untracked 
| 100|0x00000000e6400000, 0x00000000e6400000, 0x00000000e6500000|  0%| F|  |TAMS 0x00000000e6400000, 0x00000000e6400000| Untracked 
| 101|0x00000000e6500000, 0x00000000e6500000, 0x00000000e6600000|  0%| F|  |TAMS 0x00000000e6500000, 0x00000000e6500000| Untracked 
| 102|0x00000000e6600000, 0x00000000e6600000, 0x00000000e6700000|  0%| F|  |TAMS 0x00000000e6600000, 0x00000000e6600000| Untracked 
| 103|0x00000000e6700000, 0x00000000e6700000, 0x00000000e6800000|  0%| F|  |TAMS 0x00000000e6700000, 0x00000000e6700000| Untracked 
| 104|0x00000000e6800000, 0x00000000e6800000, 0x00000000e6900000|  0%| F|  |TAMS 0x00000000e6800000, 0x00000000e6800000| Untracked 
| 105|0x00000000e6900000, 0x00000000e6900000, 0x00000000e6a00000|  0%| F|  |TAMS 0x00000000e6900000, 0x00000000e6900000| Untracked 
| 106|0x00000000e6a00000, 0x00000000e6a00000, 0x00000000e6b00000|  0%| F|  |TAMS 0x00000000e6a00000, 0x00000000e6a00000| Untracked 
| 107|0x00000000e6b00000, 0x00000000e6b00000, 0x00000000e6c00000|  0%| F|  |TAMS 0x00000000e6b00000, 0x00000000e6b00000| Untracked 
| 108|0x00000000e6c00000, 0x00000000e6c00000, 0x00000000e6d00000|  0%| F|  |TAMS 0x00000000e6c00000, 0x00000000e6c00000| Untracked 
| 109|0x00000000e6d00000, 0x00000000e6d00000, 0x00000000e6e00000|  0%| F|  |TAMS 0x00000000e6d00000, 0x00000000e6d00000| Untracked 
| 110|0x00000000e6e00000, 0x00000000e6e00000, 0x00000000e6f00000|  0%| F|  |TAMS 0x00000000e6e00000, 0x00000000e6e00000| Untracked 
| 111|0x00000000e6f00000, 0x00000000e6f00000, 0x00000000e7000000|  0%| F|  |TAMS 0x00000000e6f00000, 0x00000000e6f00000| Untracked 
| 112|0x00000000e7000000, 0x00000000e7000000, 0x00000000e7100000|  0%| F|  |TAMS 0x00000000e7000000, 0x00000000e7000000| Untracked 
| 113|0x00000000e7100000, 0x00000000e7100000, 0x00000000e7200000|  0%| F|  |TAMS 0x00000000e7100000, 0x00000000e7100000| Untracked 
| 114|0x00000000e7200000, 0x00000000e7200000, 0x00000000e7300000|  0%| F|  |TAMS 0x00000000e7200000, 0x00000000e7200000| Untracked 
| 115|0x00000000e7300000, 0x00000000e7300000, 0x00000000e7400000|  0%| F|  |TAMS 0x00000000e7300000, 0x00000000e7300000| Untracked 
| 116|0x00000000e7400000, 0x00000000e7400000, 0x00000000e7500000|  0%| F|  |TAMS 0x00000000e7400000, 0x00000000e7400000| Untracked 
| 117|0x00000000e7500000, 0x00000000e7500000, 0x00000000e7600000|  0%| F|  |TAMS 0x00000000e7500000, 0x00000000e7500000| Untracked 
| 118|0x00000000e7600000, 0x00000000e7600000, 0x00000000e7700000|  0%| F|  |TAMS 0x00000000e7600000, 0x00000000e7600000| Untracked 
| 119|0x00000000e7700000, 0x00000000e7700000, 0x00000000e7800000|  0%| F|  |TAMS 0x00000000e7700000, 0x00000000e7700000| Untracked 
| 120|0x00000000e7800000, 0x00000000e7800000, 0x00000000e7900000|  0%| F|  |TAMS 0x00000000e7800000, 0x00000000e7800000| Untracked 
| 121|0x00000000e7900000, 0x00000000e7900000, 0x00000000e7a00000|  0%| F|  |TAMS 0x00000000e7900000, 0x00000000e7900000| Untracked 
| 122|0x00000000e7a00000, 0x00000000e7a00000, 0x00000000e7b00000|  0%| F|  |TAMS 0x00000000e7a00000, 0x00000000e7a00000| Untracked 
| 123|0x00000000e7b00000, 0x00000000e7b00000, 0x00000000e7c00000|  0%| F|  |TAMS 0x00000000e7b00000, 0x00000000e7b00000| Untracked 
| 124|0x00000000e7c00000, 0x00000000e7c00000, 0x00000000e7d00000|  0%| F|  |TAMS 0x00000000e7c00000, 0x00000000e7c00000| Untracked 
| 125|0x00000000e7d00000, 0x00000000e7d00000, 0x00000000e7e00000|  0%| F|  |TAMS 0x00000000e7d00000, 0x00000000e7d00000| Untracked 
| 126|0x00000000e7e00000, 0x00000000e7e00000, 0x00000000e7f00000|  0%| F|  |TAMS 0x00000000e7e00000, 0x00000000e7e00000| Untracked 
| 127|0x00000000e7f00000, 0x00000000e7f00000, 0x00000000e8000000|  0%| F|  |TAMS 0x00000000e7f00000, 0x00000000e7f00000| Untracked 
| 128|0x00000000e8000000, 0x00000000e8000000, 0x00000000e8100000|  0%| F|  |TAMS 0x00000000e8000000, 0x00000000e8000000| Untracked 
| 129|0x00000000e8100000, 0x00000000e8100000, 0x00000000e8200000|  0%| F|  |TAMS 0x00000000e8100000, 0x00000000e8100000| Untracked 
| 130|0x00000000e8200000, 0x00000000e8200000, 0x00000000e8300000|  0%| F|  |TAMS 0x00000000e8200000, 0x00000000e8200000| Untracked 
| 131|0x00000000e8300000, 0x00000000e8300000, 0x00000000e8400000|  0%| F|  |TAMS 0x00000000e8300000, 0x00000000e8300000| Untracked 
| 132|0x00000000e8400000, 0x00000000e8400000, 0x00000000e8500000|  0%| F|  |TAMS 0x00000000e8400000, 0x00000000e8400000| Untracked 
| 133|0x00000000e8500000, 0x00000000e8500000, 0x00000000e8600000|  0%| F|  |TAMS 0x00000000e8500000, 0x00000000e8500000| Untracked 
| 134|0x00000000e8600000, 0x00000000e867bd70, 0x00000000e8700000| 48%| S|CS|TAMS 0x00000000e8600000, 0x00000000e8600000| Complete 
| 135|0x00000000e8700000, 0x00000000e8800000, 0x00000000e8800000|100%| S|CS|TAMS 0x00000000e8700000, 0x00000000e8700000| Complete 
| 136|0x00000000e8800000, 0x00000000e8900000, 0x00000000e8900000|100%| S|CS|TAMS 0x00000000e8800000, 0x00000000e8800000| Complete 
| 137|0x00000000e8900000, 0x00000000e8a00000, 0x00000000e8a00000|100%| S|CS|TAMS 0x00000000e8900000, 0x00000000e8900000| Complete 
| 138|0x00000000e8a00000, 0x00000000e8a00000, 0x00000000e8b00000|  0%| F|  |TAMS 0x00000000e8a00000, 0x00000000e8a00000| Untracked 
| 139|0x00000000e8b00000, 0x00000000e8b00000, 0x00000000e8c00000|  0%| F|  |TAMS 0x00000000e8b00000, 0x00000000e8b00000| Untracked 
| 140|0x00000000e8c00000, 0x00000000e8c00000, 0x00000000e8d00000|  0%| F|  |TAMS 0x00000000e8c00000, 0x00000000e8c00000| Untracked 
| 141|0x00000000e8d00000, 0x00000000e8e00000, 0x00000000e8e00000|100%| S|CS|TAMS 0x00000000e8d00000, 0x00000000e8d00000| Complete 
| 142|0x00000000e8e00000, 0x00000000e8f00000, 0x00000000e8f00000|100%| S|CS|TAMS 0x00000000e8e00000, 0x00000000e8e00000| Complete 
| 143|0x00000000e8f00000, 0x00000000e9000000, 0x00000000e9000000|100%| S|CS|TAMS 0x00000000e8f00000, 0x00000000e8f00000| Complete 
| 144|0x00000000e9000000, 0x00000000e9100000, 0x00000000e9100000|100%| S|CS|TAMS 0x00000000e9000000, 0x00000000e9000000| Complete 
| 145|0x00000000e9100000, 0x00000000e9200000, 0x00000000e9200000|100%| S|CS|TAMS 0x00000000e9100000, 0x00000000e9100000| Complete 
| 146|0x00000000e9200000, 0x00000000e9200000, 0x00000000e9300000|  0%| F|  |TAMS 0x00000000e9200000, 0x00000000e9200000| Untracked 
| 147|0x00000000e9300000, 0x00000000e9300000, 0x00000000e9400000|  0%| F|  |TAMS 0x00000000e9300000, 0x00000000e9300000| Untracked 
| 148|0x00000000e9400000, 0x00000000e9400000, 0x00000000e9500000|  0%| F|  |TAMS 0x00000000e9400000, 0x00000000e9400000| Untracked 
| 149|0x00000000e9500000, 0x00000000e9500000, 0x00000000e9600000|  0%| F|  |TAMS 0x00000000e9500000, 0x00000000e9500000| Untracked 
| 150|0x00000000e9600000, 0x00000000e9600000, 0x00000000e9700000|  0%| F|  |TAMS 0x00000000e9600000, 0x00000000e9600000| Untracked 
| 151|0x00000000e9700000, 0x00000000e9700000, 0x00000000e9800000|  0%| F|  |TAMS 0x00000000e9700000, 0x00000000e9700000| Untracked 
| 152|0x00000000e9800000, 0x00000000e9800000, 0x00000000e9900000|  0%| F|  |TAMS 0x00000000e9800000, 0x00000000e9800000| Untracked 
| 153|0x00000000e9900000, 0x00000000e9900000, 0x00000000e9a00000|  0%| F|  |TAMS 0x00000000e9900000, 0x00000000e9900000| Untracked 
| 154|0x00000000e9a00000, 0x00000000e9a00000, 0x00000000e9b00000|  0%| F|  |TAMS 0x00000000e9a00000, 0x00000000e9a00000| Untracked 
| 155|0x00000000e9b00000, 0x00000000e9b00000, 0x00000000e9c00000|  0%| F|  |TAMS 0x00000000e9b00000, 0x00000000e9b00000| Untracked 
| 156|0x00000000e9c00000, 0x00000000e9c00000, 0x00000000e9d00000|  0%| F|  |TAMS 0x00000000e9c00000, 0x00000000e9c00000| Untracked 
| 157|0x00000000e9d00000, 0x00000000e9d00000, 0x00000000e9e00000|  0%| F|  |TAMS 0x00000000e9d00000, 0x00000000e9d00000| Untracked 
| 158|0x00000000e9e00000, 0x00000000e9e00000, 0x00000000e9f00000|  0%| F|  |TAMS 0x00000000e9e00000, 0x00000000e9e00000| Untracked 
| 159|0x00000000e9f00000, 0x00000000e9f00000, 0x00000000ea000000|  0%| F|  |TAMS 0x00000000e9f00000, 0x00000000e9f00000| Untracked 
| 160|0x00000000ea000000, 0x00000000ea000000, 0x00000000ea100000|  0%| F|  |TAMS 0x00000000ea000000, 0x00000000ea000000| Untracked 
| 161|0x00000000ea100000, 0x00000000ea100000, 0x00000000ea200000|  0%| F|  |TAMS 0x00000000ea100000, 0x00000000ea100000| Untracked 
| 162|0x00000000ea200000, 0x00000000ea200000, 0x00000000ea300000|  0%| F|  |TAMS 0x00000000ea200000, 0x00000000ea200000| Untracked 
| 163|0x00000000ea300000, 0x00000000ea300000, 0x00000000ea400000|  0%| F|  |TAMS 0x00000000ea300000, 0x00000000ea300000| Untracked 
| 164|0x00000000ea400000, 0x00000000ea400000, 0x00000000ea500000|  0%| F|  |TAMS 0x00000000ea400000, 0x00000000ea400000| Untracked 
| 165|0x00000000ea500000, 0x00000000ea500000, 0x00000000ea600000|  0%| F|  |TAMS 0x00000000ea500000, 0x00000000ea500000| Untracked 
| 166|0x00000000ea600000, 0x00000000ea600000, 0x00000000ea700000|  0%| F|  |TAMS 0x00000000ea600000, 0x00000000ea600000| Untracked 
| 167|0x00000000ea700000, 0x00000000ea700000, 0x00000000ea800000|  0%| F|  |TAMS 0x00000000ea700000, 0x00000000ea700000| Untracked 
| 168|0x00000000ea800000, 0x00000000ea800000, 0x00000000ea900000|  0%| F|  |TAMS 0x00000000ea800000, 0x00000000ea800000| Untracked 
| 169|0x00000000ea900000, 0x00000000ea900000, 0x00000000eaa00000|  0%| F|  |TAMS 0x00000000ea900000, 0x00000000ea900000| Untracked 
| 170|0x00000000eaa00000, 0x00000000eaa00000, 0x00000000eab00000|  0%| F|  |TAMS 0x00000000eaa00000, 0x00000000eaa00000| Untracked 
| 171|0x00000000eab00000, 0x00000000eab00000, 0x00000000eac00000|  0%| F|  |TAMS 0x00000000eab00000, 0x00000000eab00000| Untracked 
| 172|0x00000000eac00000, 0x00000000eac00000, 0x00000000ead00000|  0%| F|  |TAMS 0x00000000eac00000, 0x00000000eac00000| Untracked 
| 173|0x00000000ead00000, 0x00000000ead00000, 0x00000000eae00000|  0%| F|  |TAMS 0x00000000ead00000, 0x00000000ead00000| Untracked 
| 174|0x00000000eae00000, 0x00000000eae00000, 0x00000000eaf00000|  0%| F|  |TAMS 0x00000000eae00000, 0x00000000eae00000| Untracked 
| 175|0x00000000eaf00000, 0x00000000eaf00000, 0x00000000eb000000|  0%| F|  |TAMS 0x00000000eaf00000, 0x00000000eaf00000| Untracked 
| 176|0x00000000eb000000, 0x00000000eb000000, 0x00000000eb100000|  0%| F|  |TAMS 0x00000000eb000000, 0x00000000eb000000| Untracked 
| 177|0x00000000eb100000, 0x00000000eb100000, 0x00000000eb200000|  0%| F|  |TAMS 0x00000000eb100000, 0x00000000eb100000| Untracked 
| 178|0x00000000eb200000, 0x00000000eb200000, 0x00000000eb300000|  0%| F|  |TAMS 0x00000000eb200000, 0x00000000eb200000| Untracked 
| 179|0x00000000eb300000, 0x00000000eb300000, 0x00000000eb400000|  0%| F|  |TAMS 0x00000000eb300000, 0x00000000eb300000| Untracked 
| 180|0x00000000eb400000, 0x00000000eb400000, 0x00000000eb500000|  0%| F|  |TAMS 0x00000000eb400000, 0x00000000eb400000| Untracked 
| 181|0x00000000eb500000, 0x00000000eb500000, 0x00000000eb600000|  0%| F|  |TAMS 0x00000000eb500000, 0x00000000eb500000| Untracked 
| 182|0x00000000eb600000, 0x00000000eb600000, 0x00000000eb700000|  0%| F|  |TAMS 0x00000000eb600000, 0x00000000eb600000| Untracked 
| 183|0x00000000eb700000, 0x00000000eb700000, 0x00000000eb800000|  0%| F|  |TAMS 0x00000000eb700000, 0x00000000eb700000| Untracked 
| 184|0x00000000eb800000, 0x00000000eb800000, 0x00000000eb900000|  0%| F|  |TAMS 0x00000000eb800000, 0x00000000eb800000| Untracked 
| 185|0x00000000eb900000, 0x00000000eb900000, 0x00000000eba00000|  0%| F|  |TAMS 0x00000000eb900000, 0x00000000eb900000| Untracked 
| 186|0x00000000eba00000, 0x00000000eba00000, 0x00000000ebb00000|  0%| F|  |TAMS 0x00000000eba00000, 0x00000000eba00000| Untracked 
| 187|0x00000000ebb00000, 0x00000000ebb00000, 0x00000000ebc00000|  0%| F|  |TAMS 0x00000000ebb00000, 0x00000000ebb00000| Untracked 
| 188|0x00000000ebc00000, 0x00000000ebc00000, 0x00000000ebd00000|  0%| F|  |TAMS 0x00000000ebc00000, 0x00000000ebc00000| Untracked 
| 189|0x00000000ebd00000, 0x00000000ebd00000, 0x00000000ebe00000|  0%| F|  |TAMS 0x00000000ebd00000, 0x00000000ebd00000| Untracked 
| 190|0x00000000ebe00000, 0x00000000ebe00000, 0x00000000ebf00000|  0%| F|  |TAMS 0x00000000ebe00000, 0x00000000ebe00000| Untracked 
| 191|0x00000000ebf00000, 0x00000000ebf00000, 0x00000000ec000000|  0%| F|  |TAMS 0x00000000ebf00000, 0x00000000ebf00000| Untracked 
| 192|0x00000000ec000000, 0x00000000ec000000, 0x00000000ec100000|  0%| F|  |TAMS 0x00000000ec000000, 0x00000000ec000000| Untracked 
| 193|0x00000000ec100000, 0x00000000ec100000, 0x00000000ec200000|  0%| F|  |TAMS 0x00000000ec100000, 0x00000000ec100000| Untracked 
| 194|0x00000000ec200000, 0x00000000ec200000, 0x00000000ec300000|  0%| F|  |TAMS 0x00000000ec200000, 0x00000000ec200000| Untracked 
| 195|0x00000000ec300000, 0x00000000ec300000, 0x00000000ec400000|  0%| F|  |TAMS 0x00000000ec300000, 0x00000000ec300000| Untracked 
| 196|0x00000000ec400000, 0x00000000ec400000, 0x00000000ec500000|  0%| F|  |TAMS 0x00000000ec400000, 0x00000000ec400000| Untracked 
| 197|0x00000000ec500000, 0x00000000ec500000, 0x00000000ec600000|  0%| F|  |TAMS 0x00000000ec500000, 0x00000000ec500000| Untracked 
| 198|0x00000000ec600000, 0x00000000ec600000, 0x00000000ec700000|  0%| F|  |TAMS 0x00000000ec600000, 0x00000000ec600000| Untracked 
| 199|0x00000000ec700000, 0x00000000ec700000, 0x00000000ec800000|  0%| F|  |TAMS 0x00000000ec700000, 0x00000000ec700000| Untracked 
| 200|0x00000000ec800000, 0x00000000ec800000, 0x00000000ec900000|  0%| F|  |TAMS 0x00000000ec800000, 0x00000000ec800000| Untracked 
| 201|0x00000000ec900000, 0x00000000ec900000, 0x00000000eca00000|  0%| F|  |TAMS 0x00000000ec900000, 0x00000000ec900000| Untracked 
| 202|0x00000000eca00000, 0x00000000eca00000, 0x00000000ecb00000|  0%| F|  |TAMS 0x00000000eca00000, 0x00000000eca00000| Untracked 
| 203|0x00000000ecb00000, 0x00000000ecb00000, 0x00000000ecc00000|  0%| F|  |TAMS 0x00000000ecb00000, 0x00000000ecb00000| Untracked 
| 204|0x00000000ecc00000, 0x00000000ecc00000, 0x00000000ecd00000|  0%| F|  |TAMS 0x00000000ecc00000, 0x00000000ecc00000| Untracked 
| 205|0x00000000ecd00000, 0x00000000ecd00000, 0x00000000ece00000|  0%| F|  |TAMS 0x00000000ecd00000, 0x00000000ecd00000| Untracked 
| 206|0x00000000ece00000, 0x00000000ece00000, 0x00000000ecf00000|  0%| F|  |TAMS 0x00000000ece00000, 0x00000000ece00000| Untracked 
| 207|0x00000000ecf00000, 0x00000000ecf00000, 0x00000000ed000000|  0%| F|  |TAMS 0x00000000ecf00000, 0x00000000ecf00000| Untracked 
| 208|0x00000000ed000000, 0x00000000ed000000, 0x00000000ed100000|  0%| F|  |TAMS 0x00000000ed000000, 0x00000000ed000000| Untracked 
| 209|0x00000000ed100000, 0x00000000ed100000, 0x00000000ed200000|  0%| F|  |TAMS 0x00000000ed100000, 0x00000000ed100000| Untracked 
| 210|0x00000000ed200000, 0x00000000ed200000, 0x00000000ed300000|  0%| F|  |TAMS 0x00000000ed200000, 0x00000000ed200000| Untracked 
| 211|0x00000000ed300000, 0x00000000ed300000, 0x00000000ed400000|  0%| F|  |TAMS 0x00000000ed300000, 0x00000000ed300000| Untracked 
| 212|0x00000000ed400000, 0x00000000ed400000, 0x00000000ed500000|  0%| F|  |TAMS 0x00000000ed400000, 0x00000000ed400000| Untracked 
| 213|0x00000000ed500000, 0x00000000ed500000, 0x00000000ed600000|  0%| F|  |TAMS 0x00000000ed500000, 0x00000000ed500000| Untracked 
| 214|0x00000000ed600000, 0x00000000ed600000, 0x00000000ed700000|  0%| F|  |TAMS 0x00000000ed600000, 0x00000000ed600000| Untracked 
| 215|0x00000000ed700000, 0x00000000ed700000, 0x00000000ed800000|  0%| F|  |TAMS 0x00000000ed700000, 0x00000000ed700000| Untracked 
| 216|0x00000000ed800000, 0x00000000ed800000, 0x00000000ed900000|  0%| F|  |TAMS 0x00000000ed800000, 0x00000000ed800000| Untracked 
| 217|0x00000000ed900000, 0x00000000ed900000, 0x00000000eda00000|  0%| F|  |TAMS 0x00000000ed900000, 0x00000000ed900000| Untracked 
| 218|0x00000000eda00000, 0x00000000eda00000, 0x00000000edb00000|  0%| F|  |TAMS 0x00000000eda00000, 0x00000000eda00000| Untracked 
| 219|0x00000000edb00000, 0x00000000edb00000, 0x00000000edc00000|  0%| F|  |TAMS 0x00000000edb00000, 0x00000000edb00000| Untracked 
| 220|0x00000000edc00000, 0x00000000edc00000, 0x00000000edd00000|  0%| F|  |TAMS 0x00000000edc00000, 0x00000000edc00000| Untracked 
| 221|0x00000000edd00000, 0x00000000edd00000, 0x00000000ede00000|  0%| F|  |TAMS 0x00000000edd00000, 0x00000000edd00000| Untracked 
| 222|0x00000000ede00000, 0x00000000ede00000, 0x00000000edf00000|  0%| F|  |TAMS 0x00000000ede00000, 0x00000000ede00000| Untracked 
| 223|0x00000000edf00000, 0x00000000edf00000, 0x00000000ee000000|  0%| F|  |TAMS 0x00000000edf00000, 0x00000000edf00000| Untracked 
| 224|0x00000000ee000000, 0x00000000ee000000, 0x00000000ee100000|  0%| F|  |TAMS 0x00000000ee000000, 0x00000000ee000000| Untracked 
| 225|0x00000000ee100000, 0x00000000ee100000, 0x00000000ee200000|  0%| F|  |TAMS 0x00000000ee100000, 0x00000000ee100000| Untracked 
| 226|0x00000000ee200000, 0x00000000ee200000, 0x00000000ee300000|  0%| F|  |TAMS 0x00000000ee200000, 0x00000000ee200000| Untracked 
| 227|0x00000000ee300000, 0x00000000ee300000, 0x00000000ee400000|  0%| F|  |TAMS 0x00000000ee300000, 0x00000000ee300000| Untracked 
| 228|0x00000000ee400000, 0x00000000ee400000, 0x00000000ee500000|  0%| F|  |TAMS 0x00000000ee400000, 0x00000000ee400000| Untracked 
| 229|0x00000000ee500000, 0x00000000ee500000, 0x00000000ee600000|  0%| F|  |TAMS 0x00000000ee500000, 0x00000000ee500000| Untracked 
| 230|0x00000000ee600000, 0x00000000ee600000, 0x00000000ee700000|  0%| F|  |TAMS 0x00000000ee600000, 0x00000000ee600000| Untracked 
| 231|0x00000000ee700000, 0x00000000ee700000, 0x00000000ee800000|  0%| F|  |TAMS 0x00000000ee700000, 0x00000000ee700000| Untracked 
| 232|0x00000000ee800000, 0x00000000ee800000, 0x00000000ee900000|  0%| F|  |TAMS 0x00000000ee800000, 0x00000000ee800000| Untracked 
| 233|0x00000000ee900000, 0x00000000ee900000, 0x00000000eea00000|  0%| F|  |TAMS 0x00000000ee900000, 0x00000000ee900000| Untracked 
| 234|0x00000000eea00000, 0x00000000eea00000, 0x00000000eeb00000|  0%| F|  |TAMS 0x00000000eea00000, 0x00000000eea00000| Untracked 
| 235|0x00000000eeb00000, 0x00000000eeb00000, 0x00000000eec00000|  0%| F|  |TAMS 0x00000000eeb00000, 0x00000000eeb00000| Untracked 
| 236|0x00000000eec00000, 0x00000000eec00000, 0x00000000eed00000|  0%| F|  |TAMS 0x00000000eec00000, 0x00000000eec00000| Untracked 
| 237|0x00000000eed00000, 0x00000000eed00000, 0x00000000eee00000|  0%| F|  |TAMS 0x00000000eed00000, 0x00000000eed00000| Untracked 
| 238|0x00000000eee00000, 0x00000000eee00000, 0x00000000eef00000|  0%| F|  |TAMS 0x00000000eee00000, 0x00000000eee00000| Untracked 
| 239|0x00000000eef00000, 0x00000000eef00000, 0x00000000ef000000|  0%| F|  |TAMS 0x00000000eef00000, 0x00000000eef00000| Untracked 
| 240|0x00000000ef000000, 0x00000000ef000000, 0x00000000ef100000|  0%| F|  |TAMS 0x00000000ef000000, 0x00000000ef000000| Untracked 
| 241|0x00000000ef100000, 0x00000000ef100000, 0x00000000ef200000|  0%| F|  |TAMS 0x00000000ef100000, 0x00000000ef100000| Untracked 
| 242|0x00000000ef200000, 0x00000000ef200000, 0x00000000ef300000|  0%| F|  |TAMS 0x00000000ef200000, 0x00000000ef200000| Untracked 
| 243|0x00000000ef300000, 0x00000000ef300000, 0x00000000ef400000|  0%| F|  |TAMS 0x00000000ef300000, 0x00000000ef300000| Untracked 
| 244|0x00000000ef400000, 0x00000000ef400000, 0x00000000ef500000|  0%| F|  |TAMS 0x00000000ef400000, 0x00000000ef400000| Untracked 
| 245|0x00000000ef500000, 0x00000000ef500000, 0x00000000ef600000|  0%| F|  |TAMS 0x00000000ef500000, 0x00000000ef500000| Untracked 
| 246|0x00000000ef600000, 0x00000000ef600000, 0x00000000ef700000|  0%| F|  |TAMS 0x00000000ef600000, 0x00000000ef600000| Untracked 
| 247|0x00000000ef700000, 0x00000000ef700000, 0x00000000ef800000|  0%| F|  |TAMS 0x00000000ef700000, 0x00000000ef700000| Untracked 
| 248|0x00000000ef800000, 0x00000000ef800000, 0x00000000ef900000|  0%| F|  |TAMS 0x00000000ef800000, 0x00000000ef800000| Untracked 
| 249|0x00000000ef900000, 0x00000000ef900000, 0x00000000efa00000|  0%| F|  |TAMS 0x00000000ef900000, 0x00000000ef900000| Untracked 
| 250|0x00000000efa00000, 0x00000000efa00000, 0x00000000efb00000|  0%| F|  |TAMS 0x00000000efa00000, 0x00000000efa00000| Untracked 
| 251|0x00000000efb00000, 0x00000000efb00000, 0x00000000efc00000|  0%| F|  |TAMS 0x00000000efb00000, 0x00000000efb00000| Untracked 
| 252|0x00000000efc00000, 0x00000000efc00000, 0x00000000efd00000|  0%| F|  |TAMS 0x00000000efc00000, 0x00000000efc00000| Untracked 
| 253|0x00000000efd00000, 0x00000000efd00000, 0x00000000efe00000|  0%| F|  |TAMS 0x00000000efd00000, 0x00000000efd00000| Untracked 
| 254|0x00000000efe00000, 0x00000000efe00000, 0x00000000eff00000|  0%| F|  |TAMS 0x00000000efe00000, 0x00000000efe00000| Untracked 
| 255|0x00000000eff00000, 0x00000000eff00000, 0x00000000f0000000|  0%| F|  |TAMS 0x00000000eff00000, 0x00000000eff00000| Untracked 
| 256|0x00000000f0000000, 0x00000000f0000000, 0x00000000f0100000|  0%| F|  |TAMS 0x00000000f0000000, 0x00000000f0000000| Untracked 
| 257|0x00000000f0100000, 0x00000000f0100000, 0x00000000f0200000|  0%| F|  |TAMS 0x00000000f0100000, 0x00000000f0100000| Untracked 
| 258|0x00000000f0200000, 0x00000000f0200000, 0x00000000f0300000|  0%| F|  |TAMS 0x00000000f0200000, 0x00000000f0200000| Untracked 
| 259|0x00000000f0300000, 0x00000000f0300000, 0x00000000f0400000|  0%| F|  |TAMS 0x00000000f0300000, 0x00000000f0300000| Untracked 
| 260|0x00000000f0400000, 0x00000000f0400000, 0x00000000f0500000|  0%| F|  |TAMS 0x00000000f0400000, 0x00000000f0400000| Untracked 
| 261|0x00000000f0500000, 0x00000000f0500000, 0x00000000f0600000|  0%| F|  |TAMS 0x00000000f0500000, 0x00000000f0500000| Untracked 
| 262|0x00000000f0600000, 0x00000000f0600000, 0x00000000f0700000|  0%| F|  |TAMS 0x00000000f0600000, 0x00000000f0600000| Untracked 
| 263|0x00000000f0700000, 0x00000000f0700000, 0x00000000f0800000|  0%| F|  |TAMS 0x00000000f0700000, 0x00000000f0700000| Untracked 
| 264|0x00000000f0800000, 0x00000000f0800000, 0x00000000f0900000|  0%| F|  |TAMS 0x00000000f0800000, 0x00000000f0800000| Untracked 
| 265|0x00000000f0900000, 0x00000000f0900000, 0x00000000f0a00000|  0%| F|  |TAMS 0x00000000f0900000, 0x00000000f0900000| Untracked 
| 266|0x00000000f0a00000, 0x00000000f0a00000, 0x00000000f0b00000|  0%| F|  |TAMS 0x00000000f0a00000, 0x00000000f0a00000| Untracked 
| 267|0x00000000f0b00000, 0x00000000f0b00000, 0x00000000f0c00000|  0%| F|  |TAMS 0x00000000f0b00000, 0x00000000f0b00000| Untracked 
| 268|0x00000000f0c00000, 0x00000000f0c00000, 0x00000000f0d00000|  0%| F|  |TAMS 0x00000000f0c00000, 0x00000000f0c00000| Untracked 
| 269|0x00000000f0d00000, 0x00000000f0d00000, 0x00000000f0e00000|  0%| F|  |TAMS 0x00000000f0d00000, 0x00000000f0d00000| Untracked 
| 270|0x00000000f0e00000, 0x00000000f0e00000, 0x00000000f0f00000|  0%| F|  |TAMS 0x00000000f0e00000, 0x00000000f0e00000| Untracked 
| 271|0x00000000f0f00000, 0x00000000f0f00000, 0x00000000f1000000|  0%| F|  |TAMS 0x00000000f0f00000, 0x00000000f0f00000| Untracked 
| 272|0x00000000f1000000, 0x00000000f1000000, 0x00000000f1100000|  0%| F|  |TAMS 0x00000000f1000000, 0x00000000f1000000| Untracked 
| 273|0x00000000f1100000, 0x00000000f1100000, 0x00000000f1200000|  0%| F|  |TAMS 0x00000000f1100000, 0x00000000f1100000| Untracked 
| 274|0x00000000f1200000, 0x00000000f1200000, 0x00000000f1300000|  0%| F|  |TAMS 0x00000000f1200000, 0x00000000f1200000| Untracked 
| 275|0x00000000f1300000, 0x00000000f1300000, 0x00000000f1400000|  0%| F|  |TAMS 0x00000000f1300000, 0x00000000f1300000| Untracked 
| 276|0x00000000f1400000, 0x00000000f1400000, 0x00000000f1500000|  0%| F|  |TAMS 0x00000000f1400000, 0x00000000f1400000| Untracked 
| 277|0x00000000f1500000, 0x00000000f1500000, 0x00000000f1600000|  0%| F|  |TAMS 0x00000000f1500000, 0x00000000f1500000| Untracked 
| 278|0x00000000f1600000, 0x00000000f1600000, 0x00000000f1700000|  0%| F|  |TAMS 0x00000000f1600000, 0x00000000f1600000| Untracked 
| 279|0x00000000f1700000, 0x00000000f1700000, 0x00000000f1800000|  0%| F|  |TAMS 0x00000000f1700000, 0x00000000f1700000| Untracked 
| 280|0x00000000f1800000, 0x00000000f1800000, 0x00000000f1900000|  0%| F|  |TAMS 0x00000000f1800000, 0x00000000f1800000| Untracked 
| 281|0x00000000f1900000, 0x00000000f1900000, 0x00000000f1a00000|  0%| F|  |TAMS 0x00000000f1900000, 0x00000000f1900000| Untracked 
| 282|0x00000000f1a00000, 0x00000000f1a00000, 0x00000000f1b00000|  0%| F|  |TAMS 0x00000000f1a00000, 0x00000000f1a00000| Untracked 
| 283|0x00000000f1b00000, 0x00000000f1b00000, 0x00000000f1c00000|  0%| F|  |TAMS 0x00000000f1b00000, 0x00000000f1b00000| Untracked 
| 284|0x00000000f1c00000, 0x00000000f1c00000, 0x00000000f1d00000|  0%| F|  |TAMS 0x00000000f1c00000, 0x00000000f1c00000| Untracked 
| 285|0x00000000f1d00000, 0x00000000f1d00000, 0x00000000f1e00000|  0%| F|  |TAMS 0x00000000f1d00000, 0x00000000f1d00000| Untracked 
| 286|0x00000000f1e00000, 0x00000000f1edfe28, 0x00000000f1f00000| 87%| E|  |TAMS 0x00000000f1e00000, 0x00000000f1e00000| Complete 
| 287|0x00000000f1f00000, 0x00000000f2000000, 0x00000000f2000000|100%| E|CS|TAMS 0x00000000f1f00000, 0x00000000f1f00000| Complete 
| 288|0x00000000f2000000, 0x00000000f2100000, 0x00000000f2100000|100%| E|CS|TAMS 0x00000000f2000000, 0x00000000f2000000| Complete 
| 289|0x00000000f2100000, 0x00000000f2200000, 0x00000000f2200000|100%| E|CS|TAMS 0x00000000f2100000, 0x00000000f2100000| Complete 
| 290|0x00000000f2200000, 0x00000000f2300000, 0x00000000f2300000|100%| E|CS|TAMS 0x00000000f2200000, 0x00000000f2200000| Complete 
| 291|0x00000000f2300000, 0x00000000f2400000, 0x00000000f2400000|100%| E|CS|TAMS 0x00000000f2300000, 0x00000000f2300000| Complete 
| 292|0x00000000f2400000, 0x00000000f2500000, 0x00000000f2500000|100%| E|CS|TAMS 0x00000000f2400000, 0x00000000f2400000| Complete 
| 293|0x00000000f2500000, 0x00000000f2600000, 0x00000000f2600000|100%| E|CS|TAMS 0x00000000f2500000, 0x00000000f2500000| Complete 
| 294|0x00000000f2600000, 0x00000000f2700000, 0x00000000f2700000|100%| E|CS|TAMS 0x00000000f2600000, 0x00000000f2600000| Complete 
| 295|0x00000000f2700000, 0x00000000f2800000, 0x00000000f2800000|100%| E|CS|TAMS 0x00000000f2700000, 0x00000000f2700000| Complete 
| 296|0x00000000f2800000, 0x00000000f2900000, 0x00000000f2900000|100%| E|CS|TAMS 0x00000000f2800000, 0x00000000f2800000| Complete 
| 297|0x00000000f2900000, 0x00000000f2a00000, 0x00000000f2a00000|100%| E|  |TAMS 0x00000000f2900000, 0x00000000f2900000| Complete 
| 298|0x00000000f2a00000, 0x00000000f2b00000, 0x00000000f2b00000|100%| E|CS|TAMS 0x00000000f2a00000, 0x00000000f2a00000| Complete 
| 299|0x00000000f2b00000, 0x00000000f2c00000, 0x00000000f2c00000|100%| E|CS|TAMS 0x00000000f2b00000, 0x00000000f2b00000| Complete 
| 300|0x00000000f2c00000, 0x00000000f2d00000, 0x00000000f2d00000|100%| E|CS|TAMS 0x00000000f2c00000, 0x00000000f2c00000| Complete 
| 301|0x00000000f2d00000, 0x00000000f2e00000, 0x00000000f2e00000|100%| E|CS|TAMS 0x00000000f2d00000, 0x00000000f2d00000| Complete 
| 302|0x00000000f2e00000, 0x00000000f2f00000, 0x00000000f2f00000|100%| E|CS|TAMS 0x00000000f2e00000, 0x00000000f2e00000| Complete 
| 303|0x00000000f2f00000, 0x00000000f3000000, 0x00000000f3000000|100%| E|CS|TAMS 0x00000000f2f00000, 0x00000000f2f00000| Complete 
| 304|0x00000000f3000000, 0x00000000f3100000, 0x00000000f3100000|100%| E|CS|TAMS 0x00000000f3000000, 0x00000000f3000000| Complete 
| 305|0x00000000f3100000, 0x00000000f3200000, 0x00000000f3200000|100%| E|CS|TAMS 0x00000000f3100000, 0x00000000f3100000| Complete 
| 306|0x00000000f3200000, 0x00000000f3300000, 0x00000000f3300000|100%| E|CS|TAMS 0x00000000f3200000, 0x00000000f3200000| Complete 
| 307|0x00000000f3300000, 0x00000000f3400000, 0x00000000f3400000|100%| E|CS|TAMS 0x00000000f3300000, 0x00000000f3300000| Complete 
| 308|0x00000000f3400000, 0x00000000f3500000, 0x00000000f3500000|100%| E|CS|TAMS 0x00000000f3400000, 0x00000000f3400000| Complete 
| 309|0x00000000f3500000, 0x00000000f3600000, 0x00000000f3600000|100%| E|CS|TAMS 0x00000000f3500000, 0x00000000f3500000| Complete 
| 310|0x00000000f3600000, 0x00000000f3700000, 0x00000000f3700000|100%| E|CS|TAMS 0x00000000f3600000, 0x00000000f3600000| Complete 
| 311|0x00000000f3700000, 0x00000000f3800000, 0x00000000f3800000|100%| E|CS|TAMS 0x00000000f3700000, 0x00000000f3700000| Complete 
| 312|0x00000000f3800000, 0x00000000f3900000, 0x00000000f3900000|100%| E|CS|TAMS 0x00000000f3800000, 0x00000000f3800000| Complete 
| 313|0x00000000f3900000, 0x00000000f3a00000, 0x00000000f3a00000|100%| E|CS|TAMS 0x00000000f3900000, 0x00000000f3900000| Complete 
| 314|0x00000000f3a00000, 0x00000000f3b00000, 0x00000000f3b00000|100%| E|CS|TAMS 0x00000000f3a00000, 0x00000000f3a00000| Complete 
| 315|0x00000000f3b00000, 0x00000000f3c00000, 0x00000000f3c00000|100%| E|CS|TAMS 0x00000000f3b00000, 0x00000000f3b00000| Complete 
| 316|0x00000000f3c00000, 0x00000000f3d00000, 0x00000000f3d00000|100%| E|CS|TAMS 0x00000000f3c00000, 0x00000000f3c00000| Complete 
| 317|0x00000000f3d00000, 0x00000000f3e00000, 0x00000000f3e00000|100%| E|CS|TAMS 0x00000000f3d00000, 0x00000000f3d00000| Complete 
| 318|0x00000000f3e00000, 0x00000000f3f00000, 0x00000000f3f00000|100%| E|CS|TAMS 0x00000000f3e00000, 0x00000000f3e00000| Complete 
| 319|0x00000000f3f00000, 0x00000000f4000000, 0x00000000f4000000|100%| E|CS|TAMS 0x00000000f3f00000, 0x00000000f3f00000| Complete 
| 320|0x00000000f4000000, 0x00000000f4100000, 0x00000000f4100000|100%| E|CS|TAMS 0x00000000f4000000, 0x00000000f4000000| Complete 
| 321|0x00000000f4100000, 0x00000000f4200000, 0x00000000f4200000|100%| E|CS|TAMS 0x00000000f4100000, 0x00000000f4100000| Complete 
| 322|0x00000000f4200000, 0x00000000f4300000, 0x00000000f4300000|100%| E|CS|TAMS 0x00000000f4200000, 0x00000000f4200000| Complete 
| 323|0x00000000f4300000, 0x00000000f4400000, 0x00000000f4400000|100%| E|CS|TAMS 0x00000000f4300000, 0x00000000f4300000| Complete 
| 324|0x00000000f4400000, 0x00000000f4500000, 0x00000000f4500000|100%| E|CS|TAMS 0x00000000f4400000, 0x00000000f4400000| Complete 
| 325|0x00000000f4500000, 0x00000000f4600000, 0x00000000f4600000|100%| E|CS|TAMS 0x00000000f4500000, 0x00000000f4500000| Complete 
| 326|0x00000000f4600000, 0x00000000f4700000, 0x00000000f4700000|100%| E|CS|TAMS 0x00000000f4600000, 0x00000000f4600000| Complete 
| 327|0x00000000f4700000, 0x00000000f4800000, 0x00000000f4800000|100%| E|CS|TAMS 0x00000000f4700000, 0x00000000f4700000| Complete 
| 328|0x00000000f4800000, 0x00000000f4900000, 0x00000000f4900000|100%| E|CS|TAMS 0x00000000f4800000, 0x00000000f4800000| Complete 
| 329|0x00000000f4900000, 0x00000000f4a00000, 0x00000000f4a00000|100%| E|CS|TAMS 0x00000000f4900000, 0x00000000f4900000| Complete 
| 330|0x00000000f4a00000, 0x00000000f4b00000, 0x00000000f4b00000|100%| E|CS|TAMS 0x00000000f4a00000, 0x00000000f4a00000| Complete 
| 331|0x00000000f4b00000, 0x00000000f4c00000, 0x00000000f4c00000|100%| E|CS|TAMS 0x00000000f4b00000, 0x00000000f4b00000| Complete 
| 332|0x00000000f4c00000, 0x00000000f4d00000, 0x00000000f4d00000|100%| E|CS|TAMS 0x00000000f4c00000, 0x00000000f4c00000| Complete 
| 333|0x00000000f4d00000, 0x00000000f4e00000, 0x00000000f4e00000|100%| E|CS|TAMS 0x00000000f4d00000, 0x00000000f4d00000| Complete 
| 334|0x00000000f4e00000, 0x00000000f4f00000, 0x00000000f4f00000|100%| E|CS|TAMS 0x00000000f4e00000, 0x00000000f4e00000| Complete 

Card table byte_map: [0x000001d46f1e0000,0x000001d46f2e0000] _byte_map_base: 0x000001d46eae0000

Marking Bits (Prev, Next): (CMBitMap*) 0x000001d457a87e40, (CMBitMap*) 0x000001d457a87e00
 Prev Bits: [0x000001d46fbe0000, 0x000001d4703e0000)
 Next Bits: [0x000001d46f3e0000, 0x000001d46fbe0000)

Polling page: 0x000001d455980000

Metaspace:

Usage:
  Non-class:     77.57 MB used.
      Class:     11.22 MB used.
       Both:     88.80 MB used.

Virtual space:
  Non-class space:      128.00 MB reserved,      78.25 MB ( 61%) committed,  2 nodes.
      Class space:      320.00 MB reserved,      11.88 MB (  4%) committed,  1 nodes.
             Both:      448.00 MB reserved,      90.12 MB ( 20%) committed. 

Chunk freelists:
   Non-Class:  1.49 MB
       Class:  4.02 MB
        Both:  5.51 MB

MaxMetaspaceSize: 384.00 MB
CompressedClassSpaceSize: 320.00 MB
Initial GC threshold: 21.00 MB
Current GC threshold: 99.06 MB
CDS: on
MetaspaceReclaimPolicy: balanced
 - commit_granule_bytes: 65536.
 - commit_granule_words: 8192.
 - virtual_space_node_default_size: 8388608.
 - enlarge_chunks_in_place: 1.
 - new_chunks_are_fully_committed: 0.
 - uncommit_free_chunks: 1.
 - use_allocation_guard: 0.
 - handle_deallocations: 1.


Internal statistics:

num_allocs_failed_limit: 12.
num_arena_births: 2272.
num_arena_deaths: 0.
num_vsnodes_births: 3.
num_vsnodes_deaths: 0.
num_space_committed: 1442.
num_space_uncommitted: 0.
num_chunks_returned_to_freelist: 12.
num_chunks_taken_from_freelist: 6620.
num_chunk_merges: 12.
num_chunk_splits: 3890.
num_chunks_enlarged: 1969.
num_inconsistent_stats: 0.

CodeHeap 'non-profiled nmethods': size=119168Kb used=29472Kb max_used=29473Kb free=89695Kb
 bounds [0x000001d466eb0000, 0x000001d468b80000, 0x000001d46e310000]
CodeHeap 'profiled nmethods': size=119104Kb used=42733Kb max_used=42735Kb free=76370Kb
 bounds [0x000001d45f310000, 0x000001d461ce0000, 0x000001d466760000]
CodeHeap 'non-nmethods': size=7488Kb used=3539Kb max_used=4160Kb free=3948Kb
 bounds [0x000001d466760000, 0x000001d466b80000, 0x000001d466eb0000]
 total_blobs=25162 nmethods=24224 adapters=847
 compilation: enabled
              stopped_count=0, restarted_count=0
 full_count=0

Compilation events (20 events):
Event: 28666.541 Thread 0x000001d4794e6e50 30266       3       java.io.ObjectStreamClass::getPrimFieldValues (10 bytes)
Event: 28666.542 Thread 0x000001d4794e73a0 nmethod 30264 0x000001d461ccea90 code [0x000001d461ccec40, 0x000001d461ccef88]
Event: 28666.542 Thread 0x000001d4794e6e50 nmethod 30266 0x000001d45fdd0e10 code [0x000001d45fdd0fc0, 0x000001d45fdd1108]
Event: 28666.543 Thread 0x000001d4739ca830 nmethod 30253 0x000001d46895f390 code [0x000001d46895f560, 0x000001d46895fd18]
Event: 28666.543 Thread 0x000001d4739ca830 30263       4       java.lang.String::equals (56 bytes)
Event: 28666.543 Thread 0x000001d4739d4c70 30279       1       java.io.ObjectStreamField::getOffset (5 bytes)
Event: 28666.543 Thread 0x000001d4739d4c70 nmethod 30279 0x000001d46895f090 code [0x000001d46895f220, 0x000001d46895f2f8]
Event: 28666.543 Thread 0x000001d4739d4c70 30280   !   3       org.gradle.internal.serialize.ExceptionReplacingObjectOutputStream$1::transform (15 bytes)
Event: 28666.543 Thread 0x000001d4794e6e50 30281       3       org.gradle.internal.serialize.ExceptionReplacingObjectOutputStream::doReplaceObject (25 bytes)
Event: 28666.543 Thread 0x000001d4739ca830 nmethod 30263 0x000001d46895ec90 code [0x000001d46895ee00, 0x000001d46895efd8]
Event: 28666.543 Thread 0x000001d4739ca830 30257       4       java.io.ObjectOutputStream$BlockDataOutputStream::drain (45 bytes)
Event: 28666.543 Thread 0x000001d4739d4c70 nmethod 30280 0x000001d461ccf090 code [0x000001d461ccf2a0, 0x000001d461ccfa58]
Event: 28666.543 Thread 0x000001d4794e6e50 nmethod 30281 0x000001d461ccfd10 code [0x000001d461ccfee0, 0x000001d461cd04e8]
Event: 28666.550 Thread 0x000001d4739ca830 nmethod 30257 0x000001d46895d990 code [0x000001d46895db80, 0x000001d46895e5d8]
Event: 28666.550 Thread 0x000001d4739ca830 30278       4       java.lang.StringLatin1::equals (36 bytes)
Event: 28666.552 Thread 0x000001d4739ca830 nmethod 30278 0x000001d46895d590 code [0x000001d46895d700, 0x000001d46895d8b8]
Event: 28666.552 Thread 0x000001d4739ca830 30265       4       java.io.ObjectStreamClass::requireInitialized (19 bytes)
Event: 28666.552 Thread 0x000001d4739ca830 nmethod 30265 0x000001d46895d290 code [0x000001d46895d400, 0x000001d46895d498]
Event: 28666.552 Thread 0x000001d4739ca830 30272       4       java.io.ObjectOutputStream$ReplaceTable::lookup (24 bytes)
Event: 28666.553 Thread 0x000001d4739ca830 nmethod 30272 0x000001d46895cc10 code [0x000001d46895cda0, 0x000001d46895d008]

GC Heap History (20 events):
Event: 28236.599 GC heap before
{Heap before GC invocations=231 (full 0):
 garbage-first heap   total 343040K, used 289273K [0x00000000e0000000, 0x0000000100000000)
  region size 1024K, 200 young (204800K), 1 survivors (1024K)
 Metaspace       used 90715K, committed 92096K, reserved 458752K
  class space    used 11455K, committed 12160K, reserved 327680K
}
Event: 28236.601 GC heap after
{Heap after GC invocations=232 (full 0):
 garbage-first heap   total 343040K, used 89543K [0x00000000e0000000, 0x0000000100000000)
  region size 1024K, 4 young (4096K), 4 survivors (4096K)
 Metaspace       used 90715K, committed 92096K, reserved 458752K
  class space    used 11455K, committed 12160K, reserved 327680K
}
Event: 28237.650 GC heap before
{Heap before GC invocations=232 (full 0):
 garbage-first heap   total 343040K, used 290247K [0x00000000e0000000, 0x0000000100000000)
  region size 1024K, 201 young (205824K), 4 survivors (4096K)
 Metaspace       used 90715K, committed 92096K, reserved 458752K
  class space    used 11455K, committed 12160K, reserved 327680K
}
Event: 28237.653 GC heap after
{Heap after GC invocations=233 (full 0):
 garbage-first heap   total 343040K, used 93784K [0x00000000e0000000, 0x0000000100000000)
  region size 1024K, 9 young (9216K), 9 survivors (9216K)
 Metaspace       used 90715K, committed 92096K, reserved 458752K
  class space    used 11455K, committed 12160K, reserved 327680K
}
Event: 28260.869 GC heap before
{Heap before GC invocations=233 (full 0):
 garbage-first heap   total 343040K, used 286296K [0x00000000e0000000, 0x0000000100000000)
  region size 1024K, 198 young (202752K), 9 survivors (9216K)
 Metaspace       used 90715K, committed 92096K, reserved 458752K
  class space    used 11455K, committed 12160K, reserved 327680K
}
Event: 28260.872 GC heap after
{Heap after GC invocations=234 (full 0):
 garbage-first heap   total 343040K, used 93997K [0x00000000e0000000, 0x0000000100000000)
  region size 1024K, 9 young (9216K), 9 survivors (9216K)
 Metaspace       used 90715K, committed 92096K, reserved 458752K
  class space    used 11455K, committed 12160K, reserved 327680K
}
Event: 28270.445 GC heap before
{Heap before GC invocations=234 (full 0):
 garbage-first heap   total 343040K, used 286509K [0x00000000e0000000, 0x0000000100000000)
  region size 1024K, 197 young (201728K), 9 survivors (9216K)
 Metaspace       used 90715K, committed 92096K, reserved 458752K
  class space    used 11455K, committed 12160K, reserved 327680K
}
Event: 28270.447 GC heap after
{Heap after GC invocations=235 (full 0):
 garbage-first heap   total 343040K, used 90704K [0x00000000e0000000, 0x0000000100000000)
  region size 1024K, 5 young (5120K), 5 survivors (5120K)
 Metaspace       used 90715K, committed 92096K, reserved 458752K
  class space    used 11455K, committed 12160K, reserved 327680K
}
Event: 28366.431 GC heap before
{Heap before GC invocations=235 (full 0):
 garbage-first heap   total 343040K, used 288336K [0x00000000e0000000, 0x0000000100000000)
  region size 1024K, 199 young (203776K), 5 survivors (5120K)
 Metaspace       used 90715K, committed 92096K, reserved 458752K
  class space    used 11455K, committed 12160K, reserved 327680K
}
Event: 28366.433 GC heap after
{Heap after GC invocations=236 (full 0):
 garbage-first heap   total 343040K, used 88078K [0x00000000e0000000, 0x0000000100000000)
  region size 1024K, 3 young (3072K), 3 survivors (3072K)
 Metaspace       used 90715K, committed 92096K, reserved 458752K
  class space    used 11455K, committed 12160K, reserved 327680K
}
Event: 28370.781 GC heap before
{Heap before GC invocations=236 (full 0):
 garbage-first heap   total 343040K, used 290830K [0x00000000e0000000, 0x0000000100000000)
  region size 1024K, 201 young (205824K), 3 survivors (3072K)
 Metaspace       used 90718K, committed 92096K, reserved 458752K
  class space    used 11455K, committed 12160K, reserved 327680K
}
Event: 28370.784 GC heap after
{Heap after GC invocations=237 (full 0):
 garbage-first heap   total 343040K, used 96225K [0x00000000e0000000, 0x0000000100000000)
  region size 1024K, 11 young (11264K), 11 survivors (11264K)
 Metaspace       used 90718K, committed 92096K, reserved 458752K
  class space    used 11455K, committed 12160K, reserved 327680K
}
Event: 28393.396 GC heap before
{Heap before GC invocations=237 (full 0):
 garbage-first heap   total 343040K, used 286689K [0x00000000e0000000, 0x0000000100000000)
  region size 1024K, 197 young (201728K), 11 survivors (11264K)
 Metaspace       used 90718K, committed 92096K, reserved 458752K
  class space    used 11455K, committed 12160K, reserved 327680K
}
Event: 28393.399 GC heap after
{Heap after GC invocations=238 (full 0):
 garbage-first heap   total 343040K, used 92832K [0x00000000e0000000, 0x0000000100000000)
  region size 1024K, 7 young (7168K), 7 survivors (7168K)
 Metaspace       used 90718K, committed 92096K, reserved 458752K
  class space    used 11455K, committed 12160K, reserved 327680K
}
Event: 28505.184 GC heap before
{Heap before GC invocations=238 (full 0):
 garbage-first heap   total 343040K, used 286368K [0x00000000e0000000, 0x0000000100000000)
  region size 1024K, 197 young (201728K), 7 survivors (7168K)
 Metaspace       used 90718K, committed 92096K, reserved 458752K
  class space    used 11455K, committed 12160K, reserved 327680K
}
Event: 28505.187 GC heap after
{Heap after GC invocations=239 (full 0):
 garbage-first heap   total 343040K, used 90810K [0x00000000e0000000, 0x0000000100000000)
  region size 1024K, 5 young (5120K), 5 survivors (5120K)
 Metaspace       used 90718K, committed 92096K, reserved 458752K
  class space    used 11455K, committed 12160K, reserved 327680K
}
Event: 28507.726 GC heap before
{Heap before GC invocations=239 (full 0):
 garbage-first heap   total 343040K, used 288442K [0x00000000e0000000, 0x0000000100000000)
  region size 1024K, 199 young (203776K), 5 survivors (5120K)
 Metaspace       used 90718K, committed 92096K, reserved 458752K
  class space    used 11455K, committed 12160K, reserved 327680K
}
Event: 28507.730 GC heap after
{Heap after GC invocations=240 (full 0):
 garbage-first heap   total 343040K, used 93235K [0x00000000e0000000, 0x0000000100000000)
  region size 1024K, 8 young (8192K), 8 survivors (8192K)
 Metaspace       used 90718K, committed 92096K, reserved 458752K
  class space    used 11455K, committed 12160K, reserved 327680K
}
Event: 28590.129 GC heap before
{Heap before GC invocations=240 (full 0):
 garbage-first heap   total 343040K, used 285747K [0x00000000e0000000, 0x0000000100000000)
  region size 1024K, 197 young (201728K), 8 survivors (8192K)
 Metaspace       used 90720K, committed 92096K, reserved 458752K
  class space    used 11455K, committed 12160K, reserved 327680K
}
Event: 28590.133 GC heap after
{Heap after GC invocations=241 (full 0):
 garbage-first heap   total 343040K, used 94443K [0x00000000e0000000, 0x0000000100000000)
  region size 1024K, 9 young (9216K), 9 survivors (9216K)
 Metaspace       used 90720K, committed 92096K, reserved 458752K
  class space    used 11455K, committed 12160K, reserved 327680K
}

Deoptimization events (20 events):
Event: 28666.538 Thread 0x000001d47a642020 Uncommon trap: trap_request=0xffffffde fr.pc=0x000001d466ebd2a4 relative=0x00000000000001a4
Event: 28666.538 Thread 0x000001d47a642020 Uncommon trap: reason=class_check action=maybe_recompile pc=0x000001d466ebd2a4 method=java.lang.String.equals(Ljava/lang/Object;)Z @ 8 c2
Event: 28666.538 Thread 0x000001d47a642020 DEOPT PACKING pc=0x000001d466ebd2a4 sp=0x0000001107cfc710
Event: 28666.538 Thread 0x000001d47a642020 DEOPT UNPACKING pc=0x000001d4667b23a3 sp=0x0000001107cfc6b8 mode 2
Event: 28666.538 Thread 0x000001d47a642020 Uncommon trap: trap_request=0xffffffde fr.pc=0x000001d466ebd2a4 relative=0x00000000000001a4
Event: 28666.538 Thread 0x000001d47a642020 Uncommon trap: reason=class_check action=maybe_recompile pc=0x000001d466ebd2a4 method=java.lang.String.equals(Ljava/lang/Object;)Z @ 8 c2
Event: 28666.538 Thread 0x000001d47a642020 DEOPT PACKING pc=0x000001d466ebd2a4 sp=0x0000001107cfc710
Event: 28666.538 Thread 0x000001d47a642020 DEOPT UNPACKING pc=0x000001d4667b23a3 sp=0x0000001107cfc6b8 mode 2
Event: 28666.538 Thread 0x000001d47a642020 Uncommon trap: trap_request=0xffffffde fr.pc=0x000001d466ebd2a4 relative=0x00000000000001a4
Event: 28666.538 Thread 0x000001d47a642020 Uncommon trap: reason=class_check action=maybe_recompile pc=0x000001d466ebd2a4 method=java.lang.String.equals(Ljava/lang/Object;)Z @ 8 c2
Event: 28666.538 Thread 0x000001d47a642020 DEOPT PACKING pc=0x000001d466ebd2a4 sp=0x0000001107cfc710
Event: 28666.538 Thread 0x000001d47a642020 DEOPT UNPACKING pc=0x000001d4667b23a3 sp=0x0000001107cfc6b8 mode 2
Event: 28666.538 Thread 0x000001d47a642020 Uncommon trap: trap_request=0xffffffde fr.pc=0x000001d466ebd2a4 relative=0x00000000000001a4
Event: 28666.538 Thread 0x000001d47a642020 Uncommon trap: reason=class_check action=maybe_recompile pc=0x000001d466ebd2a4 method=java.lang.String.equals(Ljava/lang/Object;)Z @ 8 c2
Event: 28666.538 Thread 0x000001d47a642020 DEOPT PACKING pc=0x000001d466ebd2a4 sp=0x0000001107cfc710
Event: 28666.538 Thread 0x000001d47a642020 DEOPT UNPACKING pc=0x000001d4667b23a3 sp=0x0000001107cfc6b8 mode 2
Event: 28666.543 Thread 0x000001d47a642020 Uncommon trap: trap_request=0xffffffde fr.pc=0x000001d46895fa88 relative=0x0000000000000528
Event: 28666.543 Thread 0x000001d47a642020 Uncommon trap: reason=class_check action=maybe_recompile pc=0x000001d46895fa88 method=java.io.ObjectOutputStream$BlockDataOutputStream.writeBlockHeader(I)V @ 33 c2
Event: 28666.543 Thread 0x000001d47a642020 DEOPT PACKING pc=0x000001d46895fa88 sp=0x0000001107cfcde0
Event: 28666.543 Thread 0x000001d47a642020 DEOPT UNPACKING pc=0x000001d4667b23a3 sp=0x0000001107cfccf0 mode 2

Classes unloaded (0 events):
No events

Classes redefined (0 events):
No events

Internal exceptions (20 events):
Event: 28587.272 Thread 0x000001d47f15af10 Exception <a 'sun/nio/fs/WindowsException'{0x00000000f450ef50}> (0x00000000f450ef50) 
thrown [s\open\src\hotspot\share\prims\jni.cpp, line 516]
Event: 28587.272 Thread 0x000001d47f15af10 Exception <a 'sun/nio/fs/WindowsException'{0x00000000f45103d0}> (0x00000000f45103d0) 
thrown [s\open\src\hotspot\share\prims\jni.cpp, line 516]
Event: 28587.272 Thread 0x000001d47f15af10 Exception <a 'sun/nio/fs/WindowsException'{0x00000000f4511850}> (0x00000000f4511850) 
thrown [s\open\src\hotspot\share\prims\jni.cpp, line 516]
Event: 28587.272 Thread 0x000001d47f15af10 Exception <a 'sun/nio/fs/WindowsException'{0x00000000f4513008}> (0x00000000f4513008) 
thrown [s\open\src\hotspot\share\prims\jni.cpp, line 516]
Event: 28587.289 Thread 0x000001d47f15af10 Exception <a 'java/lang/NoClassDefFoundError'{0x00000000f408ec78}: org/jetbrains/kotlin/gradle/plugin/KotlinPluginWrapper> (0x00000000f408ec78) 
thrown [s\open\src\hotspot\share\oops\constantPool.cpp, line 837]
Event: 28587.289 Thread 0x000001d47f15af10 Exception <a 'java/lang/NoClassDefFoundError'{0x00000000f4090d70}: org/graalvm/buildtools/gradle/NativeImagePlugin> (0x00000000f4090d70) 
thrown [s\open\src\hotspot\share\oops\constantPool.cpp, line 837]
Event: 28587.289 Thread 0x000001d47f15af10 Exception <a 'java/lang/NoClassDefFoundError'{0x00000000f40930c8}: org/cyclonedx/gradle/CycloneDxPlugin> (0x00000000f40930c8) 
thrown [s\open\src\hotspot\share\oops\constantPool.cpp, line 837]
Event: 28589.987 Thread 0x000001d47f15af10 Exception <a 'sun/nio/fs/WindowsException'{0x00000000ed7d2968}> (0x00000000ed7d2968) 
thrown [s\open\src\hotspot\share\prims\jni.cpp, line 516]
Event: 28589.987 Thread 0x000001d47f15af10 Exception <a 'sun/nio/fs/WindowsException'{0x00000000ed7d3de8}> (0x00000000ed7d3de8) 
thrown [s\open\src\hotspot\share\prims\jni.cpp, line 516]
Event: 28589.988 Thread 0x000001d47f15af10 Exception <a 'sun/nio/fs/WindowsException'{0x00000000ed7d5268}> (0x00000000ed7d5268) 
thrown [s\open\src\hotspot\share\prims\jni.cpp, line 516]
Event: 28589.988 Thread 0x000001d47f15af10 Exception <a 'sun/nio/fs/WindowsException'{0x00000000ed7d69a8}> (0x00000000ed7d69a8) 
thrown [s\open\src\hotspot\share\prims\jni.cpp, line 516]
Event: 28590.007 Thread 0x000001d47f15af10 Exception <a 'java/lang/NoClassDefFoundError'{0x00000000ed169450}: org/jetbrains/kotlin/gradle/plugin/KotlinPluginWrapper> (0x00000000ed169450) 
thrown [s\open\src\hotspot\share\oops\constantPool.cpp, line 837]
Event: 28590.007 Thread 0x000001d47f15af10 Exception <a 'java/lang/NoClassDefFoundError'{0x00000000ed16b548}: org/graalvm/buildtools/gradle/NativeImagePlugin> (0x00000000ed16b548) 
thrown [s\open\src\hotspot\share\oops\constantPool.cpp, line 837]
Event: 28590.007 Thread 0x000001d47f15af10 Exception <a 'java/lang/NoClassDefFoundError'{0x00000000ed16d878}: org/cyclonedx/gradle/CycloneDxPlugin> (0x00000000ed16d878) 
thrown [s\open\src\hotspot\share\oops\constantPool.cpp, line 837]
Event: 28666.457 Thread 0x000001d47a642020 Exception <a 'sun/nio/fs/WindowsException'{0x00000000f239a350}> (0x00000000f239a350) 
thrown [s\open\src\hotspot\share\prims\jni.cpp, line 516]
Event: 28666.457 Thread 0x000001d47a642020 Exception <a 'sun/nio/fs/WindowsException'{0x00000000f239b7d0}> (0x00000000f239b7d0) 
thrown [s\open\src\hotspot\share\prims\jni.cpp, line 516]
Event: 28666.458 Thread 0x000001d47a642020 Exception <a 'sun/nio/fs/WindowsException'{0x00000000f23a2de0}> (0x00000000f23a2de0) 
thrown [s\open\src\hotspot\share\prims\jni.cpp, line 516]
Event: 28666.458 Thread 0x000001d47a642020 Exception <a 'sun/nio/fs/WindowsException'{0x00000000f23a4258}> (0x00000000f23a4258) 
thrown [s\open\src\hotspot\share\prims\jni.cpp, line 516]
Event: 28666.469 Thread 0x000001d47a642020 Exception <a 'java/lang/OutOfMemoryError'{0x00000000f2017ca8}: unable to create native thread: possibly out of memory or process/resource limits reached> (0x00000000f2017ca8) 
thrown [s\open\src\hotspot\share\prims\jvm.cpp, line 2923]
Event: 28666.518 Thread 0x000001d47a642020 Exception <a 'java/lang/NoSuchMethodError'{0x00000000f1f50e78}: 'void java.lang.invoke.DirectMethodHandle$Holder.invokeStatic(java.lang.Object, int, java.lang.Object)'> (0x00000000f1f50e78) 
thrown [s\open\src\hotspot\share\interpreter\linkResolver.cpp, line 759]

VM Operations (20 events):
Event: 28590.129 Executing VM operation: G1CollectForAllocation
Event: 28590.133 Executing VM operation: G1CollectForAllocation done
Event: 28595.439 Executing VM operation: HandshakeAllThreads
Event: 28595.439 Executing VM operation: HandshakeAllThreads done
Event: 28655.617 Executing VM operation: HandshakeAllThreads
Event: 28655.617 Executing VM operation: HandshakeAllThreads done
Event: 28666.497 Executing VM operation: HandshakeAllThreads
Event: 28666.497 Executing VM operation: HandshakeAllThreads done
Event: 28666.497 Executing VM operation: Cleanup
Event: 28666.497 Executing VM operation: Cleanup done
Event: 28666.499 Executing VM operation: HandshakeAllThreads
Event: 28666.499 Executing VM operation: HandshakeAllThreads done
Event: 28666.503 Executing VM operation: HandshakeAllThreads
Event: 28666.504 Executing VM operation: HandshakeAllThreads done
Event: 28666.504 Executing VM operation: HandshakeAllThreads
Event: 28666.504 Executing VM operation: HandshakeAllThreads done
Event: 28666.526 Executing VM operation: HandshakeAllThreads
Event: 28666.526 Executing VM operation: HandshakeAllThreads done
Event: 28666.535 Executing VM operation: HandshakeAllThreads
Event: 28666.535 Executing VM operation: HandshakeAllThreads done

Events (20 events):
Event: 28666.514 loading class java/util/logging/LogRecord done
Event: 28666.521 Thread 0x000001d47e62af10 Thread exited: 0x000001d47e62af10
Event: 28666.522 Thread 0x000001d47e62e1b0 Thread exited: 0x000001d47e62e1b0
Event: 28666.522 Thread 0x000001d47e62aa00 Thread exited: 0x000001d47e62aa00
Event: 28666.523 Thread 0x000001d47e62e1b0 Thread added: 0x000001d47e62e1b0
Event: 28666.523 Thread 0x000001d47e62e1b0 Thread exited: 0x000001d47e62e1b0
Event: 28666.527 Thread 0x000001d4739f7690 flushing nmethod 0x000001d46895c710
Event: 28666.528 loading class java/lang/Throwable$PrintStreamOrWriter
Event: 28666.528 loading class java/lang/Throwable$PrintStreamOrWriter done
Event: 28666.536 loading class java/lang/Short$ShortCache
Event: 28666.536 loading class java/lang/Short$ShortCache done
Event: 28666.539 loading class java/util/Collections$EmptyListIterator
Event: 28666.539 loading class java/util/Collections$EmptyListIterator done
Event: 28666.539 Thread 0x000001d4794e78f0 Thread added: 0x000001d4794e78f0
Event: 28666.539 Thread 0x000001d4794e73a0 Thread added: 0x000001d4794e73a0
Event: 28666.540 Thread 0x000001d4794e6e50 Thread added: 0x000001d4794e6e50
Event: 28666.542 Thread 0x000001d4739f7690 flushing nmethod 0x000001d45fdd0e10
Event: 28666.544 Thread 0x000001d47e62dca0 Thread exited: 0x000001d47e62dca0
Event: 28666.544 Thread 0x000001d47e62be40 Thread exited: 0x000001d47e62be40
Event: 28666.558 Thread 0x000001d4739f7690 flushing nmethod 0x000001d4613f3710


Dynamic libraries:
0x00007ff610050000 - 0x00007ff610060000 	C:\Program Files\Java\jdk-17\bin\java.exe
0x00007ffb23270000 - 0x00007ffb23487000 	C:\WINDOWS\SYSTEM32\ntdll.dll
0x00007ffb21850000 - 0x00007ffb21914000 	C:\WINDOWS\System32\KERNEL32.DLL
0x00007ffb206f0000 - 0x00007ffb20a9d000 	C:\WINDOWS\System32\KERNELBASE.dll
0x00007ffb20bc0000 - 0x00007ffb20cd1000 	C:\WINDOWS\System32\ucrtbase.dll
0x00007ffb17280000 - 0x00007ffb17299000 	C:\Program Files\Java\jdk-17\bin\jli.dll
0x00007ffb21980000 - 0x00007ffb21a32000 	C:\WINDOWS\System32\ADVAPI32.dll
0x00007ffb21540000 - 0x00007ffb215e7000 	C:\WINDOWS\System32\msvcrt.dll
0x00007ffb17260000 - 0x00007ffb1727b000 	C:\Program Files\Java\jdk-17\bin\VCRUNTIME140.dll
0x00007ffb21a40000 - 0x00007ffb21ae9000 	C:\WINDOWS\System32\sechost.dll
0x00007ffb205a0000 - 0x00007ffb205c8000 	C:\WINDOWS\System32\bcrypt.dll
0x00007ffb21180000 - 0x00007ffb21294000 	C:\WINDOWS\System32\RPCRT4.dll
0x00007ffb22eb0000 - 0x00007ffb2305e000 	C:\WINDOWS\System32\USER32.dll
0x00007ffb20d50000 - 0x00007ffb20d76000 	C:\WINDOWS\System32\win32u.dll
0x00007ffb22c50000 - 0x00007ffb22c79000 	C:\WINDOWS\System32\GDI32.dll
0x00007ffb20aa0000 - 0x00007ffb20bb9000 	C:\WINDOWS\System32\gdi32full.dll
0x00007ffb20650000 - 0x00007ffb206ea000 	C:\WINDOWS\System32\msvcp_win.dll
0x00007ffb05ee0000 - 0x00007ffb06173000 	C:\WINDOWS\WinSxS\amd64_microsoft.windows.common-controls_6595b64144ccf1df_6.0.22621.3672_none_2713b9d173822955\COMCTL32.dll
0x00007ffb14b80000 - 0x00007ffb14b8a000 	C:\WINDOWS\SYSTEM32\VERSION.dll
0x00007ffb21140000 - 0x00007ffb21171000 	C:\WINDOWS\System32\IMM32.DLL
0x00007ffb17250000 - 0x00007ffb1725c000 	C:\Program Files\Java\jdk-17\bin\vcruntime140_1.dll
0x00007ffad1dc0000 - 0x00007ffad1e4e000 	C:\Program Files\Java\jdk-17\bin\msvcp140.dll
0x00007ffab8970000 - 0x00007ffab9550000 	C:\Program Files\Java\jdk-17\bin\server\jvm.dll
0x00007ffb22ea0000 - 0x00007ffb22ea8000 	C:\WINDOWS\System32\PSAPI.DLL
0x00007ffb0f020000 - 0x00007ffb0f029000 	C:\WINDOWS\SYSTEM32\WSOCK32.dll
0x00007ffb210c0000 - 0x00007ffb21131000 	C:\WINDOWS\System32\WS2_32.dll
0x00007ffb10ae0000 - 0x00007ffb10b14000 	C:\WINDOWS\SYSTEM32\WINMM.dll
0x00007ffb1f5e0000 - 0x00007ffb1f5f8000 	C:\WINDOWS\SYSTEM32\kernel.appcore.dll
0x00007ffb0f010000 - 0x00007ffb0f01a000 	C:\Program Files\Java\jdk-17\bin\jimage.dll
0x00007ffb13fb0000 - 0x00007ffb141e2000 	C:\WINDOWS\SYSTEM32\DBGHELP.DLL
0x00007ffb21bd0000 - 0x00007ffb21f58000 	C:\WINDOWS\System32\combase.dll
0x00007ffb21af0000 - 0x00007ffb21bc7000 	C:\WINDOWS\System32\OLEAUT32.dll
0x00007ffb10170000 - 0x00007ffb101a2000 	C:\WINDOWS\SYSTEM32\dbgcore.DLL
0x00007ffb205d0000 - 0x00007ffb2064b000 	C:\WINDOWS\System32\bcryptPrimitives.dll
0x00007ffb0f000000 - 0x00007ffb0f00e000 	C:\Program Files\Java\jdk-17\bin\instrument.dll
0x00007ffb0c990000 - 0x00007ffb0c9b5000 	C:\Program Files\Java\jdk-17\bin\java.dll
0x00007ffad10c0000 - 0x00007ffad1197000 	C:\Program Files\Java\jdk-17\bin\jsvml.dll
0x00007ffb223f0000 - 0x00007ffb22c4f000 	C:\WINDOWS\System32\SHELL32.dll
0x00007ffb1e4b0000 - 0x00007ffb1edac000 	C:\WINDOWS\SYSTEM32\windows.storage.dll
0x00007ffb1e370000 - 0x00007ffb1e4af000 	C:\WINDOWS\SYSTEM32\wintypes.dll
0x00007ffb20fb0000 - 0x00007ffb210a4000 	C:\WINDOWS\System32\SHCORE.dll
0x00007ffb21920000 - 0x00007ffb2197e000 	C:\WINDOWS\System32\shlwapi.dll
0x00007ffb204d0000 - 0x00007ffb204f1000 	C:\WINDOWS\SYSTEM32\profapi.dll
0x00007ffaf2690000 - 0x00007ffaf26a8000 	C:\Program Files\Java\jdk-17\bin\zip.dll
0x00007ffaf23c0000 - 0x00007ffaf23d9000 	C:\Program Files\Java\jdk-17\bin\net.dll
0x00007ffb1b3b0000 - 0x00007ffb1b4e6000 	C:\WINDOWS\SYSTEM32\WINHTTP.dll
0x00007ffb1fae0000 - 0x00007ffb1fb49000 	C:\WINDOWS\system32\mswsock.dll
0x00007ffaf19d0000 - 0x00007ffaf19e6000 	C:\Program Files\Java\jdk-17\bin\nio.dll
0x00007ffb0eff0000 - 0x00007ffb0f000000 	C:\Program Files\Java\jdk-17\bin\verify.dll
0x00007ffb172a0000 - 0x00007ffb172c7000 	C:\Users\ICT01-21\.gradle\native\c067742578af261105cb4f569cf0c3c89f3d7b1fecec35dd04571415982c5e48\windows-amd64\native-platform.dll
0x00007ffacf930000 - 0x00007ffacfa74000 	C:\Users\ICT01-21\.gradle\native\100fb08df4bc3b14c8652ba06237920a3bd2aa13389f12d3474272988ae205f9\windows-amd64\native-platform-file-events.dll
0x00007ffb0c980000 - 0x00007ffb0c98a000 	C:\Program Files\Java\jdk-17\bin\management.dll
0x00007ffb04710000 - 0x00007ffb0471b000 	C:\Program Files\Java\jdk-17\bin\management_ext.dll
0x00007ffb1fe30000 - 0x00007ffb1fe4b000 	C:\WINDOWS\SYSTEM32\CRYPTSP.dll
0x00007ffb1f600000 - 0x00007ffb1f635000 	C:\WINDOWS\system32\rsaenh.dll
0x00007ffb1fb80000 - 0x00007ffb1fba8000 	C:\WINDOWS\SYSTEM32\USERENV.dll
0x00007ffb1fe10000 - 0x00007ffb1fe1c000 	C:\WINDOWS\SYSTEM32\CRYPTBASE.dll
0x00007ffb1f080000 - 0x00007ffb1f0ad000 	C:\WINDOWS\SYSTEM32\IPHLPAPI.DLL
0x00007ffb210b0000 - 0x00007ffb210b9000 	C:\WINDOWS\System32\NSI.dll
0x00007ffb1b240000 - 0x00007ffb1b259000 	C:\WINDOWS\SYSTEM32\dhcpcsvc6.DLL
0x00007ffb1b220000 - 0x00007ffb1b23f000 	C:\WINDOWS\SYSTEM32\dhcpcsvc.DLL
0x00007ffb1f0f0000 - 0x00007ffb1f1e8000 	C:\WINDOWS\SYSTEM32\DNSAPI.dll
0x00007ffaff820000 - 0x00007ffaff82e000 	C:\Program Files\Java\jdk-17\bin\sunmscapi.dll
0x00007ffb20d80000 - 0x00007ffb20ee7000 	C:\WINDOWS\System32\CRYPT32.dll
0x00007ffb1ff50000 - 0x00007ffb1ff7e000 	C:\WINDOWS\SYSTEM32\ncrypt.dll
0x00007ffb1ff10000 - 0x00007ffb1ff47000 	C:\WINDOWS\SYSTEM32\NTASN1.dll
0x00007ffb0ff80000 - 0x00007ffb0ff88000 	C:\WINDOWS\system32\wshunix.dll
0x00007ffb19b60000 - 0x00007ffb19b6a000 	C:\Windows\System32\rasadhlp.dll
0x00007ffb1aad0000 - 0x00007ffb1ab53000 	C:\WINDOWS\System32\fwpuclnt.dll

dbghelp: loaded successfully - version: 4.0.5 - missing functions: none
symbol engine: initialized successfully - sym options: 0x614 - pdb path: .;C:\Program Files\Java\jdk-17\bin;C:\WINDOWS\SYSTEM32;C:\WINDOWS\WinSxS\amd64_microsoft.windows.common-controls_6595b64144ccf1df_6.0.22621.3672_none_2713b9d173822955;C:\Program Files\Java\jdk-17\bin\server;C:\Users\ICT01-21\.gradle\native\c067742578af261105cb4f569cf0c3c89f3d7b1fecec35dd04571415982c5e48\windows-amd64;C:\Users\ICT01-21\.gradle\native\100fb08df4bc3b14c8652ba06237920a3bd2aa13389f12d3474272988ae205f9\windows-amd64

VM Arguments:
jvm_args: --add-opens=java.base/java.util=ALL-UNNAMED --add-opens=java.base/java.lang=ALL-UNNAMED --add-opens=java.base/java.lang.invoke=ALL-UNNAMED --add-opens=java.prefs/java.util.prefs=ALL-UNNAMED --add-exports=jdk.compiler/com.sun.tools.javac.api=ALL-UNNAMED --add-exports=jdk.compiler/com.sun.tools.javac.util=ALL-UNNAMED --add-opens=java.base/java.nio.charset=ALL-UNNAMED --add-opens=java.base/java.net=ALL-UNNAMED --add-opens=java.base/java.util.concurrent.atomic=ALL-UNNAMED -XX:MaxMetaspaceSize=384m -XX:+HeapDumpOnOutOfMemoryError -Xms256m -Xmx512m -Dfile.encoding=UTF-8 -Duser.country=KR -Duser.language=ko -Duser.variant -javaagent:C:\Users\ICT01-21\.gradle\wrapper\dists\gradle-8.10.1-bin\e90i968nv55tch01zkse4avv3\gradle-8.10.1\lib\agents\gradle-instrumentation-agent-8.10.1.jar 
java_command: org.gradle.launcher.daemon.bootstrap.GradleDaemon 8.10.1
java_class_path (initial): C:\Users\ICT01-21\.gradle\wrapper\dists\gradle-8.10.1-bin\e90i968nv55tch01zkse4avv3\gradle-8.10.1\lib\gradle-daemon-main-8.10.1.jar
Launcher Type: SUN_STANDARD

[Global flags]
     intx CICompilerCount                          = 12                                        {product} {ergonomic}
   size_t CompressedClassSpaceSize                 = 335544320                                 {product} {ergonomic}
     uint ConcGCThreads                            = 5                                         {product} {ergonomic}
     uint G1ConcRefinementThreads                  = 18                                        {product} {ergonomic}
   size_t G1HeapRegionSize                         = 1048576                                   {product} {ergonomic}
    uintx GCDrainStackTargetSize                   = 64                                        {product} {ergonomic}
     bool HeapDumpOnOutOfMemoryError               = true                                   {manageable} {command line}
   size_t InitialHeapSize                          = 268435456                                 {product} {command line}
   size_t MarkStackSize                            = 4194304                                   {product} {ergonomic}
   size_t MaxHeapSize                              = 536870912                                 {product} {command line}
   size_t MaxMetaspaceSize                         = 402653184                                 {product} {command line}
   size_t MaxNewSize                               = 321912832                                 {product} {ergonomic}
   size_t MinHeapDeltaBytes                        = 1048576                                   {product} {ergonomic}
   size_t MinHeapSize                              = 268435456                                 {product} {command line}
    uintx NonNMethodCodeHeapSize                   = 7602480                                {pd product} {ergonomic}
    uintx NonProfiledCodeHeapSize                  = 122027880                              {pd product} {ergonomic}
    uintx ProfiledCodeHeapSize                     = 122027880                              {pd product} {ergonomic}
    uintx ReservedCodeCacheSize                    = 251658240                              {pd product} {ergonomic}
     bool SegmentedCodeCache                       = true                                      {product} {ergonomic}
   size_t SoftMaxHeapSize                          = 536870912                              {manageable} {ergonomic}
     bool UseCompressedClassPointers               = true                           {product lp64_product} {ergonomic}
     bool UseCompressedOops                        = true                           {product lp64_product} {ergonomic}
     bool UseG1GC                                  = true                                      {product} {ergonomic}
     bool UseLargePagesIndividualAllocation        = false                                  {pd product} {ergonomic}

Logging:
Log output configuration:
 #0: stdout all=warning uptime,level,tags
 #1: stderr all=off uptime,level,tags

Environment Variables:
JAVA_HOME=C:\Program Files\Java\jdk-17
PATH=C:\WINDOWS\system32;C:\WINDOWS;C:\WINDOWS\System32\Wbem;C:\WINDOWS\System32\WindowsPowerShell\v1.0\;C:\WINDOWS\System32\OpenSSH\;C:\Program Files\MySQL\MySQL Server 8.0\bin;C:\Program Files\Bandizip\;C:\Program Files\nodejs\;C:\Program Files\Apache Software Foundation\Tomcat 9.0\bin;C:\Program Files\Java\jdk-17\bin;C:\Program Files\Docker\Docker\resources\bin;C:\Program Files\Git\cmd;C:\Users\ICT01-21\AppData\Local\Microsoft\WindowsApps;C:\Program Files\JetBrains\IntelliJ IDEA Community Edition 2024.1.1\bin;;C:\Users\ICT01-21\AppData\Local\Programs\Microsoft VS Code\bin;C:\Users\ICT01-21\AppData\Roaming\npm;C:\Program Files\JetBrains\IntelliJ IDEA 2024.2.1\bin;;C:\Users\ICT01-21\AppData\Local\GitHubDesktop\bin
USERNAME=ICT01-21
OS=Windows_NT
PROCESSOR_IDENTIFIER=Intel64 Family 6 Model 183 Stepping 1, GenuineIntel



---------------  S Y S T E M  ---------------

OS:
 Windows 11 , 64 bit Build 22621 (10.0.22621.3672)
OS uptime: 10 days 8:17 hours
Hyper-V role detected

CPU: total 24 (initial active 24) (12 cores per cpu, 2 threads per core) family 6 model 183 stepping 1 microcode 0x10e, cx8, cmov, fxsr, ht, mmx, 3dnowpref, sse, sse2, sse3, ssse3, sse4.1, sse4.2, popcnt, lzcnt, tsc, tscinvbit, avx, avx2, aes, erms, clmul, bmi1, bmi2, adx, sha, fma, vzeroupper, clflush, clflushopt, clwb, hv

Memory: 4k page, system-wide physical 16060M (2279M free)
TotalPageFile size 44309M (AvailPageFile size 0M)
current process WorkingSet (physical memory assigned to process): 496M, peak: 667M
current process commit charge ("private bytes"): 746M, peak: 761M

vm_info: Java HotSpot(TM) 64-Bit Server VM (17.0.11+7-LTS-207) for windows-amd64 JRE (17.0.11+7-LTS-207), built on Mar 11 2024 19:01:50 by "mach5one" with MS VC++ 17.6 (VS2022)

END.
